2022-06-15 10:19:32.168 | INFO     | __main__:<module>:16 - 
 权重矩阵：df_weight
课程目标达成情况评价报告    报告   程序运行     答辩  教师评价  学生自评
考核方式                                        
课程目标1         0.32    0.0   0.32  0.16   0.2
课程目标2         0.32  0.192  0.128  0.16   0.2
课程目标3         0.32    0.0   0.32  0.16   0.2
课程目标4         0.32    0.0   0.32  0.16   0.2
2022-06-15 10:19:32.340 | INFO     | src.get_info:operate_sheet:107 - 
 最终达成度：achieve
          课程目标1  课程目标2  课程目标3  课程目标4
20152516  1.000  0.747  0.715  0.672
20152878  0.800  0.530  0.936  0.824
20162503  1.000  0.936  1.000  1.000
20162504  0.936  0.805  1.000  0.728
20162505  0.800  1.000  1.000  0.776
20162506  0.600  0.779  0.904  1.000
20162507  0.936  0.760  0.979  0.920
20162508  1.000  0.832  0.915  0.984
20162509  1.000  0.610  0.979  0.968
20162511  0.936  0.819  1.000  1.000
20162512  1.000  0.664  0.979  1.000
20162513  1.000  0.851  0.957  0.632
20162514  0.936  0.805  0.979  1.000
20162515  0.936  0.936  0.800  0.832
20162516  0.800  0.524  0.957  0.872
20162517  1.000  0.734  0.861  1.000
20162518  0.800  0.826  0.861  0.936
20162519  0.936  0.670  0.957  0.984
20162520  0.936  0.968  0.904  0.920
20162522  0.800  0.632  0.904  1.000
20162523  1.000  0.747  1.000  0.872
20162524  1.000  0.781  0.957  0.848
20162526  0.800  0.683  1.000  1.000
20162527  1.000  0.728  1.000  1.000
20162528  0.936  0.741  1.000  1.000
20162529  0.800  0.813  1.000  0.920
20162530  0.936  0.851  1.000  1.000
20162531  1.000  0.851  1.000  1.000
20162532  0.800  0.781  1.000  0.984
20162533  1.000  0.709  0.957  1.000
20162534  1.000  0.760  0.904  0.984
20162536  0.936  0.968  0.957  0.984
20162538  0.936  0.858  0.904  0.920
20162539  0.936  0.981  0.957  1.000
20162540  0.800  0.910  0.776  0.952
20162541  0.936  0.838  0.957  0.832
20162542  1.000  0.838  0.861  0.800
20162543  1.000  0.655  1.000  1.000
20162544  0.800  0.811  0.979  0.864
平均值       0.917  0.788  0.943  0.923
2022-06-15 10:19:32.340 | INFO     | src.get_info:operate_sheet:108 - 
 统计数据：static_final_data
考核方式         课程目标1  课程目标2  课程目标3  课程目标4
单项目标超过平均值人数     28   20.0   26.0   23.0
单项目标达成人数        38   31.0   39.0   37.0
单项目标未达成人数        1    8.0    0.0    2.0
所有目标超过平均值人数      7    NaN    NaN    NaN
所有目标均达成人数       28    NaN    NaN    NaN
所有目标均未达成人数       0    NaN    NaN    NaN
2022-06-15 10:19:32.340 | INFO     | src.get_info:operate_sheet:109 - 
 统计数据：static_data_single_odd
考核方式          课程目标1   课程目标2    课程目标3   课程目标4
单项目标超过平均值人数  71.79%  51.28%   66.67%  58.97%
单项目标达成人数     97.44%  79.49%  100.00%  94.87%
单项目标未达成人数     2.56%  20.51%    0.00%   5.13%
2022-06-15 10:19:32.340 | INFO     | src.get_info:operate_sheet:110 - 
 统计数据：static_data_all_odd
所有目标超过平均值人数    17.95%
所有目标均达成人数      71.79%
所有目标均未达成人数      0.00%
dtype: object
