2022-06-13 11:44:40.544 | INFO     | __main__:<module>:15 - 
 权重矩阵：df_weight
课程目标达成情况评价报告    作业    报告  教师评价  学生自评
考核方式                                
课程目标1         0.64   0.0  0.16   0.2
课程目标2         0.64   0.0  0.16   0.2
课程目标3         0.64   0.0  0.16   0.2
课程目标4         0.64   0.0  0.16   0.2
课程目标5          0.0  0.64  0.16   0.2
2022-06-13 11:46:14.235 | INFO     | __main__:<module>:15 - 
 权重矩阵：df_weight
课程目标达成情况评价报告    作业    报告  教师评价  学生自评
考核方式                                
课程目标1         0.64   0.0  0.16   0.2
课程目标2         0.64   0.0  0.16   0.2
课程目标3         0.64   0.0  0.16   0.2
课程目标4         0.64   0.0  0.16   0.2
课程目标5          0.0  0.64  0.16   0.2
2022-06-13 11:46:45.716 | INFO     | __main__:<module>:15 - 
 权重矩阵：df_weight
课程目标达成情况评价报告    作业    报告  教师评价  学生自评
考核方式                                
课程目标1         0.64   0.0  0.16   0.2
课程目标2         0.64   0.0  0.16   0.2
课程目标3         0.64   0.0  0.16   0.2
课程目标4         0.64   0.0  0.16   0.2
课程目标5          0.0  0.64  0.16   0.2
2022-06-13 11:47:03.094 | INFO     | __main__:<module>:15 - 
 权重矩阵：df_weight
课程目标达成情况评价报告    作业    报告  教师评价  学生自评
考核方式                                
课程目标1         0.64   0.0  0.16   0.2
课程目标2         0.64   0.0  0.16   0.2
课程目标3         0.64   0.0  0.16   0.2
课程目标4         0.64   0.0  0.16   0.2
课程目标5          0.0  0.64  0.16   0.2
2022-06-13 11:47:29.886 | INFO     | __main__:<module>:15 - 
 权重矩阵：df_weight
课程目标达成情况评价报告    作业    报告  教师评价  学生自评
考核方式                                
课程目标1         0.64   0.0  0.16   0.2
课程目标2         0.64   0.0  0.16   0.2
课程目标3         0.64   0.0  0.16   0.2
课程目标4         0.64   0.0  0.16   0.2
课程目标5          0.0  0.64  0.16   0.2
2022-06-13 11:47:52.356 | INFO     | __main__:<module>:15 - 
 权重矩阵：df_weight
课程目标达成情况评价报告    作业    报告  教师评价  学生自评
考核方式                                
课程目标1         0.64   0.0  0.16   0.2
课程目标2         0.64   0.0  0.16   0.2
课程目标3         0.64   0.0  0.16   0.2
课程目标4         0.64   0.0  0.16   0.2
课程目标5          0.0  0.64  0.16   0.2
2022-06-13 11:49:23.614 | INFO     | __main__:<module>:15 - 
 权重矩阵：df_weight
课程目标达成情况评价报告    作业    报告  教师评价  学生自评
考核方式                                
课程目标1         0.64   0.0  0.16   0.2
课程目标2         0.64   0.0  0.16   0.2
课程目标3         0.64   0.0  0.16   0.2
课程目标4         0.64   0.0  0.16   0.2
课程目标5          0.0  0.64  0.16   0.2
2022-06-13 11:50:10.015 | INFO     | __main__:<module>:15 - 
 权重矩阵：df_weight
课程目标达成情况评价报告    作业    报告  教师评价  学生自评
考核方式                                
课程目标1         0.64   0.0  0.16   0.2
课程目标2         0.64   0.0  0.16   0.2
课程目标3         0.64   0.0  0.16   0.2
课程目标4         0.64   0.0  0.16   0.2
课程目标5          0.0  0.64  0.16   0.2
2022-06-13 11:50:36.438 | INFO     | __main__:<module>:15 - 
 权重矩阵：df_weight
课程目标达成情况评价报告    作业    报告  教师评价  学生自评
考核方式                                
课程目标1         0.64   0.0  0.16   0.2
课程目标2         0.64   0.0  0.16   0.2
课程目标3         0.64   0.0  0.16   0.2
课程目标4         0.64   0.0  0.16   0.2
课程目标5          0.0  0.64  0.16   0.2
2022-06-13 11:50:50.093 | INFO     | __main__:<module>:15 - 
 权重矩阵：df_weight
课程目标达成情况评价报告    作业    报告  教师评价  学生自评
考核方式                                
课程目标1         0.64   0.0  0.16   0.2
课程目标2         0.64   0.0  0.16   0.2
课程目标3         0.64   0.0  0.16   0.2
课程目标4         0.64   0.0  0.16   0.2
课程目标5          0.0  0.64  0.16   0.2
2022-06-13 11:51:10.751 | INFO     | __main__:<module>:15 - 
 权重矩阵：df_weight
课程目标达成情况评价报告    作业    报告  教师评价  学生自评
考核方式                                
课程目标1         0.64   0.0  0.16   0.2
课程目标2         0.64   0.0  0.16   0.2
课程目标3         0.64   0.0  0.16   0.2
课程目标4         0.64   0.0  0.16   0.2
课程目标5          0.0  0.64  0.16   0.2
2022-06-13 11:51:21.901 | INFO     | __main__:<module>:15 - 
 权重矩阵：df_weight
课程目标达成情况评价报告    作业    报告  教师评价  学生自评
考核方式                                
课程目标1         0.64   0.0  0.16   0.2
课程目标2         0.64   0.0  0.16   0.2
课程目标3         0.64   0.0  0.16   0.2
课程目标4         0.64   0.0  0.16   0.2
课程目标5          0.0  0.64  0.16   0.2
2022-06-13 11:51:33.745 | INFO     | __main__:<module>:15 - 
 权重矩阵：df_weight
课程目标达成情况评价报告    作业    报告  教师评价  学生自评
考核方式                                
课程目标1         0.64   0.0  0.16   0.2
课程目标2         0.64   0.0  0.16   0.2
课程目标3         0.64   0.0  0.16   0.2
课程目标4         0.64   0.0  0.16   0.2
课程目标5          0.0  0.64  0.16   0.2
2022-06-13 11:51:47.070 | INFO     | __main__:<module>:15 - 
 权重矩阵：df_weight
课程目标达成情况评价报告    作业    报告  教师评价  学生自评
考核方式                                
课程目标1         0.64   0.0  0.16   0.2
课程目标2         0.64   0.0  0.16   0.2
课程目标3         0.64   0.0  0.16   0.2
课程目标4         0.64   0.0  0.16   0.2
课程目标5          0.0  0.64  0.16   0.2
2022-06-13 11:52:04.764 | INFO     | __main__:<module>:15 - 
 权重矩阵：df_weight
课程目标达成情况评价报告    作业    报告  教师评价  学生自评
考核方式                                
课程目标1         0.64   0.0  0.16   0.2
课程目标2         0.64   0.0  0.16   0.2
课程目标3         0.64   0.0  0.16   0.2
课程目标4         0.64   0.0  0.16   0.2
课程目标5          0.0  0.64  0.16   0.2
2022-06-13 11:52:19.290 | INFO     | __main__:<module>:15 - 
 权重矩阵：df_weight
课程目标达成情况评价报告    作业    报告  教师评价  学生自评
考核方式                                
课程目标1         0.64   0.0  0.16   0.2
课程目标2         0.64   0.0  0.16   0.2
课程目标3         0.64   0.0  0.16   0.2
课程目标4         0.64   0.0  0.16   0.2
课程目标5          0.0  0.64  0.16   0.2
2022-06-13 11:52:49.208 | INFO     | __main__:<module>:15 - 
 权重矩阵：df_weight
课程目标达成情况评价报告    作业    报告  教师评价  学生自评
考核方式                                
课程目标1         0.64   0.0  0.16   0.2
课程目标2         0.64   0.0  0.16   0.2
课程目标3         0.64   0.0  0.16   0.2
课程目标4         0.64   0.0  0.16   0.2
课程目标5          0.0  0.64  0.16   0.2
2022-06-13 11:53:06.263 | INFO     | __main__:<module>:15 - 
 权重矩阵：df_weight
课程目标达成情况评价报告    作业    报告  教师评价  学生自评
考核方式                                
课程目标1         0.64   0.0  0.16   0.2
课程目标2         0.64   0.0  0.16   0.2
课程目标3         0.64   0.0  0.16   0.2
课程目标4         0.64   0.0  0.16   0.2
课程目标5          0.0  0.64  0.16   0.2
2022-06-13 11:53:28.028 | INFO     | __main__:<module>:15 - 
 权重矩阵：df_weight
课程目标达成情况评价报告    作业    报告  教师评价  学生自评
考核方式                                
课程目标1         0.64   0.0  0.16   0.2
课程目标2         0.64   0.0  0.16   0.2
课程目标3         0.64   0.0  0.16   0.2
课程目标4         0.64   0.0  0.16   0.2
课程目标5          0.0  0.64  0.16   0.2
2022-06-13 11:53:41.592 | INFO     | __main__:<module>:15 - 
 权重矩阵：df_weight
课程目标达成情况评价报告    作业    报告  教师评价  学生自评
考核方式                                
课程目标1         0.64   0.0  0.16   0.2
课程目标2         0.64   0.0  0.16   0.2
课程目标3         0.64   0.0  0.16   0.2
课程目标4         0.64   0.0  0.16   0.2
课程目标5          0.0  0.64  0.16   0.2
2022-06-13 11:53:51.401 | INFO     | __main__:<module>:15 - 
 权重矩阵：df_weight
课程目标达成情况评价报告    作业    报告  教师评价  学生自评
考核方式                                
课程目标1         0.64   0.0  0.16   0.2
课程目标2         0.64   0.0  0.16   0.2
课程目标3         0.64   0.0  0.16   0.2
课程目标4         0.64   0.0  0.16   0.2
课程目标5          0.0  0.64  0.16   0.2
2022-06-13 11:54:33.875 | INFO     | __main__:<module>:15 - 
 权重矩阵：df_weight
课程目标达成情况评价报告    作业    报告  教师评价  学生自评
考核方式                                
课程目标1         0.64   0.0  0.16   0.2
课程目标2         0.64   0.0  0.16   0.2
课程目标3         0.64   0.0  0.16   0.2
课程目标4         0.64   0.0  0.16   0.2
课程目标5          0.0  0.64  0.16   0.2
2022-06-13 11:55:15.087 | INFO     | __main__:<module>:15 - 
 权重矩阵：df_weight
课程目标达成情况评价报告    作业    报告  教师评价  学生自评
考核方式                                
课程目标1         0.64   0.0  0.16   0.2
课程目标2         0.64   0.0  0.16   0.2
课程目标3         0.64   0.0  0.16   0.2
课程目标4         0.64   0.0  0.16   0.2
课程目标5          0.0  0.64  0.16   0.2
2022-06-13 11:55:48.036 | INFO     | __main__:<module>:15 - 
 权重矩阵：df_weight
课程目标达成情况评价报告    作业    报告  教师评价  学生自评
考核方式                                
课程目标1         0.64   0.0  0.16   0.2
课程目标2         0.64   0.0  0.16   0.2
课程目标3         0.64   0.0  0.16   0.2
课程目标4         0.64   0.0  0.16   0.2
课程目标5          0.0  0.64  0.16   0.2
2022-06-13 11:56:12.819 | INFO     | __main__:<module>:15 - 
 权重矩阵：df_weight
课程目标达成情况评价报告    作业    报告  教师评价  学生自评
考核方式                                
课程目标1         0.64   0.0  0.16   0.2
课程目标2         0.64   0.0  0.16   0.2
课程目标3         0.64   0.0  0.16   0.2
课程目标4         0.64   0.0  0.16   0.2
课程目标5          0.0  0.64  0.16   0.2
2022-06-13 11:57:07.185 | INFO     | __main__:<module>:15 - 
 权重矩阵：df_weight
课程目标达成情况评价报告    作业    报告  教师评价  学生自评
考核方式                                
课程目标1         0.64   0.0  0.16   0.2
课程目标2         0.64   0.0  0.16   0.2
课程目标3         0.64   0.0  0.16   0.2
课程目标4         0.64   0.0  0.16   0.2
课程目标5          0.0  0.64  0.16   0.2
2022-06-13 11:57:52.567 | INFO     | __main__:<module>:15 - 
 权重矩阵：df_weight
课程目标达成情况评价报告    作业    报告  教师评价  学生自评
考核方式                                
课程目标1         0.64   0.0  0.16   0.2
课程目标2         0.64   0.0  0.16   0.2
课程目标3         0.64   0.0  0.16   0.2
课程目标4         0.64   0.0  0.16   0.2
课程目标5          0.0  0.64  0.16   0.2
2022-06-13 11:58:14.758 | INFO     | __main__:<module>:15 - 
 权重矩阵：df_weight
课程目标达成情况评价报告    作业    报告  教师评价  学生自评
考核方式                                
课程目标1         0.64   0.0  0.16   0.2
课程目标2         0.64   0.0  0.16   0.2
课程目标3         0.64   0.0  0.16   0.2
课程目标4         0.64   0.0  0.16   0.2
课程目标5          0.0  0.64  0.16   0.2
2022-06-13 13:09:09.948 | INFO     | __main__:<module>:15 - 
 权重矩阵：df_weight
课程目标达成情况评价报告    作业    报告  教师评价  学生自评
考核方式                                
课程目标1         0.64   0.0  0.16   0.2
课程目标2         0.64   0.0  0.16   0.2
课程目标3         0.64   0.0  0.16   0.2
课程目标4         0.64   0.0  0.16   0.2
课程目标5          0.0  0.64  0.16   0.2
2022-06-13 13:10:13.789 | INFO     | __main__:<module>:15 - 
 权重矩阵：df_weight
课程目标达成情况评价报告    作业    报告  教师评价  学生自评
考核方式                                
课程目标1         0.64   0.0  0.16   0.2
课程目标2         0.64   0.0  0.16   0.2
课程目标3         0.64   0.0  0.16   0.2
课程目标4         0.64   0.0  0.16   0.2
课程目标5          0.0  0.64  0.16   0.2
2022-06-13 13:11:02.717 | INFO     | __main__:<module>:15 - 
 权重矩阵：df_weight
课程目标达成情况评价报告    作业    报告  教师评价  学生自评
考核方式                                
课程目标1         0.64   0.0  0.16   0.2
课程目标2         0.64   0.0  0.16   0.2
课程目标3         0.64   0.0  0.16   0.2
课程目标4         0.64   0.0  0.16   0.2
课程目标5          0.0  0.64  0.16   0.2
2022-06-13 16:46:46.789 | INFO     | __main__:<module>:15 - 
 权重矩阵：df_weight
课程目标达成情况评价报告    作业    报告  教师评价  学生自评
考核方式                                
课程目标1         0.64   0.0  0.16   0.2
课程目标2         0.64   0.0  0.16   0.2
课程目标3         0.64   0.0  0.16   0.2
课程目标4         0.64   0.0  0.16   0.2
课程目标5          0.0  0.64  0.16   0.2
