2022-06-19 20:37:20.571 | INFO     | __main__:<module>:16 - 
 权重矩阵：df_weight
课程目标达成情况评价报告     作业     实验     期中     期末  教师评价  学生自评
考核方式                                                
课程目标1         0.128  0.064  0.256  0.192  0.16   0.2
课程目标2         0.128  0.064  0.256  0.192  0.16   0.2
课程目标3          0.32    0.0    0.0   0.32  0.16   0.2
2022-06-19 20:37:20.743 | ERROR    | src.check_data:check_target_num:65 - 期中页帧权重设置和参数设置冲突，程序终止
2022-06-19 20:40:12.466 | INFO     | __main__:<module>:16 - 
 权重矩阵：df_weight
课程目标达成情况评价报告     作业     实验     期中     期末  教师评价  学生自评
考核方式                                                
课程目标1         0.128  0.064  0.256  0.192  0.16   0.2
课程目标2         0.128  0.064  0.256  0.192  0.16   0.2
课程目标3          0.32    0.0  0.128  0.192  0.16   0.2
2022-06-19 20:40:12.794 | INFO     | src.get_info:operate_sheet:106 - 
 最终达成度：achieve
          课程目标1  课程目标2  课程目标3
20150701  0.738  0.899  0.717
20152540  0.702  0.859  0.710
20162521  0.686  0.824  0.489
20162537  0.718  0.811  0.664
20162563  0.700  0.884  0.625
20172657  0.684  0.860  0.696
20172658  0.738  0.862  0.630
20172659  0.726  0.848  0.629
20172661  0.649  0.829  0.519
20172662  0.675  0.834  0.697
20172663  0.653  0.872  0.664
20172664  0.670  0.884  0.662
20172665  0.668  0.791  0.645
20172666  0.645  0.805  0.663
20172667  0.686  0.825  0.629
20172668  0.830  0.877  0.718
20172669  0.823  0.857  0.613
20172670  0.694  0.833  0.636
20172671  0.724  0.874  0.750
20172672  0.687  0.843  0.686
20172673  0.665  0.840  0.779
20172674  0.700  0.870  0.571
20172675  0.688  0.845  0.569
20172676  0.757  0.872  0.652
20172677  0.674  0.848  0.643
20172678  0.730  0.821  0.686
20172679  0.758  0.865  0.606
20172680  0.707  0.918  0.904
20172681  0.737  0.870  0.733
20172682  0.725  0.863  0.705
20172683  0.745  0.900  0.810
20172684  0.726  0.905  0.626
20172685  0.743  0.896  0.793
20172686  0.713  0.884  0.742
20172687  0.701  0.868  0.725
20172688  0.636  0.865  0.541
20172689  0.659  0.789  0.753
20172690  0.687  0.901  0.733
20172691  0.649  0.797  0.698
20172692  0.446  0.861  0.652
20172693  0.692  0.694  0.654
20172694  0.775  0.695  0.666
20172695  0.674  0.705  0.675
20172696  0.739  0.711  0.662
20172697  0.688  0.712  0.669
20162548  0.633  0.838  0.598
20162573  0.455  0.806  0.726
20172698  0.631  0.883  0.729
20172699  0.629  0.890  0.564
20172700  0.649  0.858  0.728
20172701  0.676  0.856  0.814
20172702  0.670  0.869  0.843
20172703  0.630  0.901  0.709
20172704  0.500  0.719  0.584
20172705  0.648  0.835  0.834
20172706  0.635  0.878  0.713
20172707  0.651  0.876  0.806
20172708  0.654  0.896  0.730
20172709  0.440  0.870  0.700
20172710  0.631  0.869  0.686
20172711  0.628  0.887  0.662
20172712  0.640  0.877  0.764
20172713  0.442  0.689  0.665
20172714  0.600  0.829  0.638
20172716  0.648  0.883  0.773
20172717  0.639  0.833  0.811
20172719  0.512  0.618  0.653
20172720  0.545  0.702  0.666
20172721  0.499  0.704  0.532
20172722  0.621  0.874  0.706
20172723  0.597  0.835  0.601
20172724  0.686  0.855  0.659
20172725  0.675  0.773  0.762
20172726  0.736  0.761  0.754
20172727  0.684  0.847  0.786
20172728  0.641  0.874  0.802
20172729  0.649  0.746  0.724
20172730  0.663  0.881  0.834
20172731  0.664  0.892  0.776
20172732  0.612  0.881  0.688
20172733  0.611  0.862  0.903
20172734  0.667  0.858  0.787
20172735  0.633  0.662  0.739
20172736  0.650  0.734  0.586
20172737  0.663  0.871  0.699
20172738  0.692  0.704  0.836
20172739  0.688  0.869  0.658
平均值       0.662  0.832  0.696
2022-06-19 20:40:12.809 | INFO     | src.get_info:operate_sheet:107 - 
 统计数据：static_final_data
考核方式         课程目标1  课程目标2  课程目标3
单项目标超过平均值人数     50   60.0   44.0
单项目标达成人数        24   82.0   40.0
单项目标未达成人数       63    5.0   47.0
所有目标超过平均值人数     22    NaN    NaN
所有目标均达成人数       12    NaN    NaN
所有目标均未达成人数       3    NaN    NaN
2022-06-19 20:40:12.809 | INFO     | src.get_info:operate_sheet:108 - 
 统计数据：static_data_single_odd
考核方式           课程目标1    课程目标2    课程目标3
单项目标超过平均值人数  57.471%  68.966%  50.575%
单项目标达成人数     27.586%  94.253%  45.977%
单项目标未达成人数    72.414%   5.747%  54.023%
2022-06-19 20:40:12.809 | INFO     | src.get_info:operate_sheet:109 - 
 统计数据：static_data_all_odd
所有目标超过平均值人数    25.287%
所有目标均达成人数      13.793%
所有目标均未达成人数      3.448%
dtype: object
2022-06-19 20:48:41.285 | INFO     | __main__:<module>:16 - 
 权重矩阵：df_weight
课程目标达成情况评价报告     作业     实验     期中     期末  教师评价  学生自评
考核方式                                                
课程目标1         0.128  0.064  0.256  0.192  0.16   0.2
课程目标2         0.128  0.064  0.256  0.192  0.16   0.2
课程目标3          0.32    0.0  0.128  0.192  0.16   0.2
2022-06-19 20:48:41.620 | INFO     | src.get_info:operate_sheet:106 - 
 最终达成度：achieve
          课程目标1  课程目标2  课程目标3
20150701  0.738  0.899  0.717
20152540  0.702  0.859  0.710
20162521  0.686  0.824  0.489
20162537  0.718  0.811  0.664
20162563  0.700  0.884  0.625
20172657  0.684  0.860  0.696
20172658  0.738  0.862  0.630
20172659  0.726  0.848  0.629
20172661  0.649  0.829  0.519
20172662  0.675  0.834  0.697
20172663  0.653  0.872  0.664
20172664  0.670  0.884  0.662
20172665  0.668  0.791  0.645
20172666  0.645  0.805  0.663
20172667  0.686  0.825  0.629
20172668  0.830  0.877  0.718
20172669  0.823  0.857  0.613
20172670  0.694  0.833  0.636
20172671  0.724  0.874  0.750
20172672  0.687  0.843  0.686
20172673  0.665  0.840  0.779
20172674  0.700  0.870  0.571
20172675  0.688  0.845  0.569
20172676  0.757  0.872  0.652
20172677  0.674  0.848  0.643
20172678  0.730  0.821  0.686
20172679  0.758  0.865  0.606
20172680  0.707  0.918  0.904
20172681  0.737  0.870  0.733
20172682  0.725  0.863  0.705
20172683  0.745  0.900  0.810
20172684  0.726  0.905  0.626
20172685  0.743  0.896  0.793
20172686  0.713  0.884  0.742
20172687  0.701  0.868  0.725
20172688  0.636  0.865  0.541
20172689  0.659  0.789  0.753
20172690  0.687  0.901  0.733
20172691  0.649  0.797  0.698
20172692  0.446  0.861  0.652
20172693  0.692  0.694  0.654
20172694  0.775  0.695  0.666
20172695  0.674  0.705  0.675
20172696  0.739  0.711  0.662
20172697  0.688  0.712  0.669
20162548  0.633  0.838  0.598
20162573  0.455  0.806  0.726
20172698  0.631  0.883  0.729
20172699  0.629  0.890  0.564
20172700  0.649  0.858  0.728
20172701  0.676  0.856  0.814
20172702  0.670  0.869  0.843
20172703  0.630  0.901  0.709
20172704  0.648  0.878  0.743
20172705  0.648  0.835  0.834
20172706  0.635  0.878  0.713
20172707  0.651  0.876  0.806
20172708  0.654  0.896  0.730
20172709  0.440  0.870  0.700
20172710  0.631  0.869  0.686
20172711  0.628  0.887  0.662
20172712  0.640  0.877  0.764
20172713  0.442  0.689  0.665
20172714  0.600  0.829  0.638
20172716  0.648  0.883  0.773
20172717  0.639  0.833  0.811
20172719  0.512  0.618  0.653
20172720  0.545  0.702  0.666
20172721  0.647  0.863  0.691
20172722  0.621  0.874  0.706
20172723  0.597  0.835  0.601
20172724  0.686  0.855  0.659
20172725  0.675  0.773  0.762
20172726  0.736  0.761  0.754
20172727  0.684  0.847  0.786
20172728  0.641  0.874  0.802
20172729  0.649  0.746  0.724
20172730  0.663  0.881  0.834
20172731  0.664  0.892  0.776
20172732  0.612  0.881  0.688
20172733  0.611  0.862  0.903
20172734  0.667  0.858  0.787
20172735  0.633  0.662  0.739
20172736  0.650  0.734  0.586
20172737  0.663  0.871  0.699
20172738  0.692  0.704  0.836
20172739  0.688  0.869  0.658
平均值       0.666  0.836  0.699
2022-06-19 20:48:41.620 | INFO     | src.get_info:operate_sheet:107 - 
 统计数据：static_final_data
考核方式         课程目标1  课程目标2  课程目标3
单项目标超过平均值人数     46   57.0   42.0
单项目标达成人数        24   82.0   41.0
单项目标未达成人数       63    5.0   46.0
所有目标超过平均值人数     16    NaN    NaN
所有目标均达成人数       12    NaN    NaN
所有目标均未达成人数       3    NaN    NaN
2022-06-19 20:48:41.636 | INFO     | src.get_info:operate_sheet:108 - 
 统计数据：static_data_single_odd
考核方式           课程目标1    课程目标2    课程目标3
单项目标超过平均值人数  52.874%  65.517%  48.276%
单项目标达成人数     27.586%  94.253%  47.126%
单项目标未达成人数    72.414%   5.747%  52.874%
2022-06-19 20:48:41.636 | INFO     | src.get_info:operate_sheet:109 - 
 统计数据：static_data_all_odd
所有目标超过平均值人数    18.391%
所有目标均达成人数      13.793%
所有目标均未达成人数      3.448%
dtype: object
2022-06-19 21:02:18.612 | INFO     | __main__:<module>:16 - 
 权重矩阵：df_weight
课程目标达成情况评价报告     作业     实验     期中     期末  教师评价  学生自评
考核方式                                                
课程目标1         0.128  0.064  0.256  0.192  0.16   0.2
课程目标2         0.128  0.064  0.256  0.192  0.16   0.2
课程目标3          0.32    0.0  0.128  0.192  0.16   0.2
2022-06-19 21:02:18.940 | INFO     | src.get_info:operate_sheet:106 - 
 最终达成度：achieve
          课程目标1  课程目标2  课程目标3
20150701  0.738  0.899  0.717
20152540  0.702  0.859  0.710
20162521  0.686  0.824  0.489
20162537  0.718  0.811  0.664
20162563  0.700  0.884  0.625
20172657  0.684  0.860  0.696
20172658  0.738  0.862  0.630
20172659  0.726  0.848  0.629
20172661  0.649  0.829  0.519
20172662  0.675  0.834  0.697
20172663  0.653  0.872  0.664
20172664  0.670  0.884  0.662
20172665  0.668  0.791  0.645
20172666  0.645  0.805  0.663
20172667  0.686  0.825  0.629
20172668  0.830  0.877  0.718
20172669  0.823  0.857  0.613
20172670  0.694  0.833  0.636
20172671  0.724  0.874  0.750
20172672  0.687  0.843  0.686
20172673  0.665  0.840  0.779
20172674  0.700  0.870  0.571
20172675  0.688  0.845  0.569
20172676  0.757  0.872  0.652
20172677  0.674  0.848  0.643
20172678  0.730  0.821  0.686
20172679  0.758  0.865  0.606
20172680  0.707  0.918  0.904
20172681  0.737  0.870  0.733
20172682  0.725  0.863  0.705
20172683  0.745  0.900  0.810
20172684  0.726  0.905  0.626
20172685  0.743  0.896  0.793
20172686  0.713  0.884  0.742
20172687  0.701  0.868  0.725
20172688  0.636  0.865  0.541
20172689  0.659  0.789  0.753
20172690  0.687  0.901  0.733
20172691  0.649  0.797  0.698
20172692  0.446  0.861  0.652
20172693  0.692  0.694  0.654
20172694  0.775  0.695  0.666
20172695  0.674  0.705  0.675
20172696  0.739  0.711  0.662
20172697  0.688  0.712  0.669
20162548  0.633  0.838  0.598
20162573  0.455  0.806  0.726
20172698  0.631  0.883  0.729
20172699  0.629  0.890  0.564
20172700  0.649  0.858  0.728
20172701  0.676  0.856  0.814
20172702  0.670  0.869  0.843
20172703  0.630  0.901  0.709
20172704  0.648  0.878  0.743
20172705  0.648  0.835  0.834
20172706  0.635  0.878  0.713
20172707  0.651  0.876  0.806
20172708  0.654  0.896  0.730
20172709  0.440  0.870  0.700
20172710  0.631  0.869  0.686
20172711  0.628  0.887  0.662
20172712  0.640  0.877  0.764
20172713  0.442  0.689  0.665
20172714  0.600  0.829  0.638
20172716  0.648  0.883  0.773
20172717  0.639  0.833  0.811
20172719  0.512  0.618  0.653
20172720  0.545  0.702  0.666
20172721  0.647  0.863  0.691
20172722  0.621  0.874  0.706
20172723  0.597  0.835  0.601
20172724  0.686  0.855  0.659
20172725  0.675  0.773  0.762
20172726  0.736  0.761  0.754
20172727  0.684  0.847  0.786
20172728  0.641  0.874  0.802
20172729  0.649  0.746  0.724
20172730  0.663  0.881  0.834
20172731  0.664  0.892  0.776
20172732  0.612  0.881  0.688
20172733  0.611  0.862  0.903
20172734  0.667  0.858  0.787
20172735  0.633  0.662  0.739
20172736  0.650  0.734  0.586
20172737  0.663  0.871  0.699
20172738  0.692  0.704  0.836
20172739  0.688  0.869  0.658
平均值       0.666  0.836  0.699
2022-06-19 21:02:18.956 | INFO     | src.get_info:operate_sheet:107 - 
 统计数据：static_final_data
考核方式         课程目标1  课程目标2  课程目标3
单项目标超过平均值人数     46   57.0   42.0
单项目标达成人数        24   82.0   41.0
单项目标未达成人数       63    5.0   46.0
所有目标超过平均值人数     16    NaN    NaN
所有目标均达成人数       12    NaN    NaN
所有目标均未达成人数       3    NaN    NaN
2022-06-19 21:02:18.956 | INFO     | src.get_info:operate_sheet:108 - 
 统计数据：static_data_single_odd
考核方式           课程目标1    课程目标2    课程目标3
单项目标超过平均值人数  52.874%  65.517%  48.276%
单项目标达成人数     27.586%  94.253%  47.126%
单项目标未达成人数    72.414%   5.747%  52.874%
2022-06-19 21:02:18.956 | INFO     | src.get_info:operate_sheet:109 - 
 统计数据：static_data_all_odd
所有目标超过平均值人数    18.391%
所有目标均达成人数      13.793%
所有目标均未达成人数      3.448%
dtype: object
