2022-06-19 16:01:39.672 | INFO     | __main__:<module>:16 - 
 权重矩阵：df_weight
课程目标达成情况评价报告     作业     实验     期中     期末  教师评价  学生自评
考核方式                                                
课程目标1         0.128  0.064  0.256  0.192  0.16   0.2
课程目标2         0.128  0.064  0.256  0.192  0.16   0.2
课程目标3          0.32    0.0    0.0   0.32  0.16   0.2
2022-06-19 16:01:39.921 | INFO     | src.get_info:operate_sheet:106 - 
 最终达成度：achieve
          课程目标1  课程目标2  课程目标3
20152516  0.822  0.687  0.791
20162503  0.802  0.681  0.884
20162504  0.854  0.701  0.869
20162505  0.870  0.781  0.963
20162506  0.815  0.675  0.883
20162507  0.885  0.669  0.870
20162508  0.836  0.748  0.906
20162509  0.811  0.587  0.943
20162511  0.817  0.692  0.924
20162512  0.803  0.694  0.957
20162513  0.839  0.771  0.928
20162514  0.802  0.741  0.858
20162515  0.743  0.707  0.879
20162516  0.851  0.739  0.861
20162517  0.877  0.706  0.960
20162518  0.826  0.728  0.920
20162519  0.795  0.749  0.841
20162520  0.915  0.620  0.964
20162522  0.779  0.748  0.859
20162523  0.852  0.740  0.962
20162524  0.844  0.774  0.920
20162526  0.855  0.660  0.906
20162527  0.802  0.696  0.833
20162528  0.836  0.706  0.952
20162529  0.856  0.757  0.895
20162530  0.788  0.710  0.941
20162531  0.789  0.677  0.918
20162532  0.836  0.804  0.921
20162533  0.878  0.863  0.886
20162534  0.786  0.703  0.853
20162536  0.778  0.731  0.932
20162538  0.894  0.864  0.933
20162539  0.850  0.753  0.901
20162540  0.841  0.792  0.904
20162541  0.774  0.775  0.924
20162542  0.869  0.699  0.901
20162543  0.844  0.757  0.848
20162544  0.814  0.759  0.754
平均值       0.830  0.727  0.899
2022-06-19 16:01:39.921 | INFO     | src.get_info:operate_sheet:107 - 
 统计数据：static_final_data
考核方式         课程目标1  课程目标2  课程目标3
单项目标超过平均值人数     20   20.0   22.0
单项目标达成人数        38   26.0   38.0
单项目标未达成人数        0   12.0    0.0
所有目标超过平均值人数      9    NaN    NaN
所有目标均达成人数       26    NaN    NaN
所有目标均未达成人数       0    NaN    NaN
2022-06-19 16:01:39.937 | INFO     | src.get_info:operate_sheet:108 - 
 统计数据：static_data_single_odd
考核方式            课程目标1    课程目标2     课程目标3
单项目标超过平均值人数   52.632%  52.632%   57.895%
单项目标达成人数     100.000%  68.421%  100.000%
单项目标未达成人数      0.000%  31.579%    0.000%
2022-06-19 16:01:39.937 | INFO     | src.get_info:operate_sheet:109 - 
 统计数据：static_data_all_odd
所有目标超过平均值人数    23.684%
所有目标均达成人数      68.421%
所有目标均未达成人数      0.000%
dtype: object
2022-06-19 16:06:19.548 | INFO     | __main__:<module>:16 - 
 权重矩阵：df_weight
课程目标达成情况评价报告     作业     实验     期中     期末  教师评价  学生自评
考核方式                                                
课程目标1         0.128  0.064  0.256  0.192  0.16   0.2
课程目标2         0.128  0.064  0.256  0.192  0.16   0.2
课程目标3          0.32    0.0    0.0   0.32  0.16   0.2
2022-06-19 16:06:19.798 | INFO     | src.get_info:operate_sheet:106 - 
 最终达成度：achieve
          课程目标1  课程目标2  课程目标3
20152516  0.822  0.687  0.791
20162503  0.802  0.681  0.884
20162504  0.854  0.701  0.869
20162505  0.870  0.781  0.963
20162506  0.815  0.675  0.883
20162507  0.885  0.669  0.870
20162508  0.836  0.748  0.906
20162509  0.811  0.587  0.943
20162511  0.817  0.692  0.924
20162512  0.803  0.694  0.957
20162513  0.839  0.771  0.928
20162514  0.802  0.741  0.858
20162515  0.743  0.707  0.879
20162516  0.851  0.739  0.861
20162517  0.877  0.706  0.960
20162518  0.826  0.728  0.920
20162519  0.795  0.749  0.841
20162520  0.915  0.620  0.964
20162522  0.779  0.748  0.859
20162523  0.852  0.740  0.962
20162524  0.844  0.774  0.920
20162526  0.855  0.660  0.906
20162527  0.802  0.696  0.833
20162528  0.836  0.706  0.952
20162529  0.856  0.757  0.895
20162530  0.788  0.710  0.941
20162531  0.789  0.677  0.918
20162532  0.836  0.804  0.921
20162533  0.878  0.863  0.886
20162534  0.786  0.703  0.853
20162536  0.778  0.731  0.932
20162538  0.894  0.864  0.933
20162539  0.850  0.753  0.901
20162540  0.841  0.792  0.904
20162541  0.774  0.775  0.924
20162542  0.869  0.699  0.901
20162543  0.844  0.757  0.848
20162544  0.814  0.759  0.754
平均值       0.830  0.727  0.899
2022-06-19 16:06:19.814 | INFO     | src.get_info:operate_sheet:107 - 
 统计数据：static_final_data
考核方式         课程目标1  课程目标2  课程目标3
单项目标超过平均值人数     20   20.0   22.0
单项目标达成人数        38   26.0   38.0
单项目标未达成人数        0   12.0    0.0
所有目标超过平均值人数      9    NaN    NaN
所有目标均达成人数       26    NaN    NaN
所有目标均未达成人数       0    NaN    NaN
2022-06-19 16:06:19.814 | INFO     | src.get_info:operate_sheet:108 - 
 统计数据：static_data_single_odd
考核方式            课程目标1    课程目标2     课程目标3
单项目标超过平均值人数   52.632%  52.632%   57.895%
单项目标达成人数     100.000%  68.421%  100.000%
单项目标未达成人数      0.000%  31.579%    0.000%
2022-06-19 16:06:19.814 | INFO     | src.get_info:operate_sheet:109 - 
 统计数据：static_data_all_odd
所有目标超过平均值人数    23.684%
所有目标均达成人数      68.421%
所有目标均未达成人数      0.000%
dtype: object
