2022-06-18 08:36:41.307 | INFO     | __main__:<module>:16 - 
 权重矩阵：df_weight
课程目标达成情况评价报告     测试     实验    答辩  教师评价  学生自评
考核方式                                        
课程目标1         0.256  0.064  0.32  0.16   0.2
课程目标2         0.256  0.064  0.32  0.16   0.2
课程目标3          0.32    0.0  0.32  0.16   0.2
2022-06-18 08:36:41.487 | ERROR    | src.check_data:check_target_num:64 - 实验页帧权重设置和参数设置冲突，程序终止
2022-06-18 08:38:39.911 | INFO     | __main__:<module>:16 - 
 权重矩阵：df_weight
课程目标达成情况评价报告     测试     实验    答辩  教师评价  学生自评
考核方式                                        
课程目标1         0.256  0.064  0.32  0.16   0.2
课程目标2         0.256  0.064  0.32  0.16   0.2
课程目标3          0.32    0.0  0.32  0.16   0.2
2022-06-18 08:38:40.097 | ERROR    | src.check_data:check_target_num:64 - 实验页帧权重设置和参数设置冲突，程序终止
2022-06-18 08:38:53.889 | INFO     | __main__:<module>:16 - 
 权重矩阵：df_weight
课程目标达成情况评价报告     测试     实验    答辩  教师评价  学生自评
考核方式                                        
课程目标1         0.256  0.064  0.32  0.16   0.2
课程目标2         0.256  0.064  0.32  0.16   0.2
课程目标3          0.32    0.0  0.32  0.16   0.2
2022-06-18 08:38:54.054 | ERROR    | src.check_data:check_target_num:64 - 实验页帧权重设置和参数设置冲突，程序终止
2022-06-18 08:39:14.095 | INFO     | __main__:<module>:16 - 
 权重矩阵：df_weight
课程目标达成情况评价报告     测试     实验    答辩  教师评价  学生自评
考核方式                                        
课程目标1         0.256  0.064  0.32  0.16   0.2
课程目标2         0.256  0.064  0.32  0.16   0.2
课程目标3          0.32    0.0  0.32  0.16   0.2
2022-06-18 08:39:14.252 | ERROR    | src.check_data:check_target_num:64 - 实验页帧权重设置和参数设置冲突，程序终止
2022-06-18 08:40:01.505 | INFO     | __main__:<module>:16 - 
 权重矩阵：df_weight
课程目标达成情况评价报告     测试     实验    答辩  教师评价  学生自评
考核方式                                        
课程目标1         0.256  0.064  0.32  0.16   0.2
课程目标2         0.256  0.064  0.32  0.16   0.2
课程目标3          0.32    0.0  0.32  0.16   0.2
2022-06-18 08:40:01.785 | ERROR    | src.check_data:check_target_num:64 - 实验页帧权重设置和参数设置冲突，程序终止
2022-06-18 08:43:00.164 | INFO     | __main__:<module>:16 - 
 权重矩阵：df_weight
课程目标达成情况评价报告     测试     实验    答辩  教师评价  学生自评
考核方式                                        
课程目标1         0.256  0.064  0.32  0.16   0.2
课程目标2         0.256  0.064  0.32  0.16   0.2
课程目标3          0.32    0.0  0.32  0.16   0.2
2022-06-18 08:43:00.314 | ERROR    | src.check_data:check_target_num:66 - 实验页帧权重设置和参数设置冲突，程序终止
2022-06-18 08:44:51.833 | INFO     | __main__:<module>:16 - 
 权重矩阵：df_weight
课程目标达成情况评价报告     测试     实验    答辩  教师评价  学生自评
考核方式                                        
课程目标1         0.256  0.064  0.32  0.16   0.2
课程目标2         0.256  0.064  0.32  0.16   0.2
课程目标3          0.32    0.0  0.32  0.16   0.2
2022-06-18 08:44:52.016 | ERROR    | src.function:operate_object_sheet:134 - "None of [Int64Index([3, 3], dtype='int64')] are in the [columns]"
Traceback (most recent call last):

  File "E:/python/2021.9.17/pandas_excel/src/main.py", line 18, in <module>
    final_target_achieve, new_path, student_id, k, object_all_out = get_info.operate_sheet(df_test_weight, file, df_index_values, df_weight, data_weight)
                                                                    │        │             │               │     │                │          └ 考核成绩法    0.64
                                                                    │        │             │               │     │                │            教师评价     0.16
                                                                    │        │             │               │     │                │            学生自评      0.2
                                                                    │        │             │               │     │                │            Name: 权重值, dtype: object
                                                                    │        │             │               │     │                └ 课程目标达成情况评价报告     测试     实验    答辩  教师评价  学生自评
                                                                    │        │             │               │     │                  考核方式                                        
                                                                    │        │             │               │     │                  课程目标1         0.256  0.064  0.32  0...
                                                                    │        │             │               │     └ ['教师评价', '学生自评']
                                                                    │        │             │               └ '..\\data\\6_软件构造-课程目标达成情况评价报告-18级软工-刘钢(1).xls'
                                                                    │        │             └ 考核方式         课程目标1 课程目标2 课程目标3
                                                                    │        │               课程目标达成情况评价报告                  
                                                                    │        │               测试             0.4   0.4   0.5
                                                                    │        │               实验             0.1   0.1     0
                                                                    │        │               答...
                                                                    │        └ <function operate_sheet at 0x000001C129D93AF0>
                                                                    └ <module 'src.get_info' from 'E:\\python\\2021.9.17\\pandas_excel\\src\\get_info.py'>

  File "E:\python\2021.9.17\pandas_excel\src\get_info.py", line 92, in operate_sheet
    object_all_params, object_all_scores = function.read_object_sheet(df_test_weight, sheet_name, student_id, k, df_param, df_score, sheet)
                                           │        │                 │               │           │           │  │         │         └ '..\\data\\6_软件构造-课程目标达成情况评价报告-18级软工-刘钢(1).xls'
                                           │        │                 │               │           │           │  │         └                 1      2      3      4
                                           │        │                 │               │           │           │  │           学生学号                                  
                                           │        │                 │               │           │           │  │           20162268.0     95   94.0   96.0   94.0
                                           │        │                 │               │           │           │  │           20162535...
                                           │        │                 │               │           │           │  └          1      2      3      4
                                           │        │                 │               │           │           │    题号                             
                                           │        │                 │               │           │           │    小题分数   100  100.0  100.0  100.0
                                           │        │                 │               │           │           │    课程目标1    1    0.0    1.0    0...
                                           │        │                 │               │           │           └ 0
                                           │        │                 │               │           └ [20162268, 20162535, 20181812, 20181824, 20182892, 20182893, 20182894, 20182895, 20182896, 20182898, 20182899, 20182900, 2018...
                                           │        │                 │               └ '测试'
                                           │        │                 └ 考核方式         课程目标1 课程目标2 课程目标3
                                           │        │                   课程目标达成情况评价报告                  
                                           │        │                   测试             0.4   0.4   0.5
                                           │        │                   实验             0.1   0.1     0
                                           │        │                   答...
                                           │        └ <function read_object_sheet at 0x000001C129D92E50>
                                           └ <module 'src.function' from 'E:\\python\\2021.9.17\\pandas_excel\\src\\function.py'>

  File "E:\python\2021.9.17\pandas_excel\src\function.py", line 189, in read_object_sheet
    object_all_param, object_all_scores = operate_object_sheet(object_evaluation, df_test_weight, student_id, k, df_param, df_score)
                                          │                    │                  │               │           │  │         └                 1      2      3      4
                                          │                    │                  │               │           │  │           学生学号                                  
                                          │                    │                  │               │           │  │           20162268.0     95   94.0   96.0   94.0
                                          │                    │                  │               │           │  │           20162535...
                                          │                    │                  │               │           │  └          1      2      3      4
                                          │                    │                  │               │           │    题号                             
                                          │                    │                  │               │           │    小题分数   100  100.0  100.0  100.0
                                          │                    │                  │               │           │    课程目标1    1    0.0    1.0    0...
                                          │                    │                  │               │           └ 0
                                          │                    │                  │               └ [20162268, 20162535, 20181812, 20181824, 20182892, 20182893, 20182894, 20182895, 20182896, 20182898, 20182899, 20182900, 2018...
                                          │                    │                  └ 考核方式         课程目标1 课程目标2 课程目标3
                                          │                    │                    课程目标达成情况评价报告                  
                                          │                    │                    测试             0.4   0.4   0.5
                                          │                    │                    实验             0.1   0.1     0
                                          │                    │                    答...
                                          │                    └ [       Unnamed: 1 Unnamed: 2     测试1  Unnamed: 4      测试2  Unnamed: 6
                                          │                      参数设置                                                  ...
                                          └ <function operate_object_sheet at 0x000001C129D92A60>

> File "E:\python\2021.9.17\pandas_excel\src\function.py", line 128, in operate_object_sheet
    check_data.check_target_num(object_parameter, df_test_weight, df_test_weight.index.values[k], df_target_check.loc[i], sheet_name[i])
    │          │                │                 │               │              │            │   │               │   │   │          └ 1
    │          │                │                 │               │              │            │   │               │   │   └ Index(['测试', '实验', '答辩'], dtype='object', name='课程目标达成情况评价报告')
    │          │                │                 │               │              │            │   │               │   └ 1
    │          │                │                 │               │              │            │   │               └ <property object at 0x000001C126FFCE50>
    │          │                │                 │               │              │            │   └ 考核方式 课程目标1 课程目标2 课程目标3
    │          │                │                 │               │              │            │     0      0.4   0.4   0.5
    │          │                │                 │               │              │            │     1      0.1   0.1     0
    │          │                │                 │               │              │            │     2      0.5   0.5   0.5
    │          │                │                 │               │              │            └ 1
    │          │                │                 │               │              └ <pandas._libs.properties.AxisProperty object at 0x000001C1273879D0>
    │          │                │                 │               └ 考核方式         课程目标1 课程目标2 课程目标3
    │          │                │                 │                 课程目标达成情况评价报告                  
    │          │                │                 │                 测试             0.4   0.4   0.5
    │          │                │                 │                 实验             0.1   0.1     0
    │          │                │                 │                 答...
    │          │                │                 └ 考核方式         课程目标1 课程目标2 课程目标3
    │          │                │                   课程目标达成情况评价报告                  
    │          │                │                   测试             0.4   0.4   0.5
    │          │                │                   实验             0.1   0.1     0
    │          │                │                   答...
    │          │                └         1     2
    │          │                  题号             
    │          │                  小题分数   50  50.0
    │          │                  课程目标1   1   0.0
    │          │                  课程目标2   0   1.0
    │          │                  课程目标3   0   0.0
    │          └ <function check_target_num at 0x000001C12765A5E0>
    └ <module 'src.check_data' from 'E:\\python\\2021.9.17\\pandas_excel\\src\\check_data.py'>

  File "E:\python\2021.9.17\pandas_excel\src\check_data.py", line 58, in check_target_num
    obj_num = object_parameter[object_parameter.count(axis=0)]
              │                │                └ <function DataFrame.count at 0x000001C12739BF70>
              │                └        1    2
              │                  题号           
              │                  课程目标1  1  0.0
              │                  课程目标2  0  1.0
              │                  课程目标3  0  0.0
              └        1    2
                题号           
                课程目标1  1  0.0
                课程目标2  0  1.0
                课程目标3  0  0.0

  File "D:\anaconda3-5.3.0\envs\py38\lib\site-packages\pandas\core\frame.py", line 3030, in __getitem__
    indexer = self.loc._get_listlike_indexer(key, axis=1, raise_missing=True)[1]
              │    │                         └ 1    3
              │    │                           2    3
              │    │                           dtype: int64
              │    └ <property object at 0x000001C126FFCE50>
              └        1    2
                题号           
                课程目标1  1  0.0
                课程目标2  0  1.0
                课程目标3  0  0.0

  File "D:\anaconda3-5.3.0\envs\py38\lib\site-packages\pandas\core\indexing.py", line 1266, in _get_listlike_indexer
    self._validate_read_indexer(keyarr, indexer, axis, raise_missing=raise_missing)
    │    │                      │       │        │                   └ True
    │    │                      │       │        └ 1
    │    │                      │       └ array([-1, -1], dtype=int64)
    │    │                      └ Int64Index([3, 3], dtype='int64')
    │    └ <function _LocIndexer._validate_read_indexer at 0x000001C127004AF0>
    └ <pandas.core.indexing._LocIndexer object at 0x000001C129EC8B80>

  File "D:\anaconda3-5.3.0\envs\py38\lib\site-packages\pandas\core\indexing.py", line 1308, in _validate_read_indexer
    raise KeyError(f"None of [{key}] are in the [{axis_name}]")

KeyError: "None of [Int64Index([3, 3], dtype='int64')] are in the [columns]"
2022-06-18 08:45:06.189 | INFO     | __main__:<module>:16 - 
 权重矩阵：df_weight
课程目标达成情况评价报告     测试     实验    答辩  教师评价  学生自评
考核方式                                        
课程目标1         0.256  0.064  0.32  0.16   0.2
课程目标2         0.256  0.064  0.32  0.16   0.2
课程目标3          0.32    0.0  0.32  0.16   0.2
2022-06-18 08:45:06.362 | ERROR    | src.check_data:check_target_num:68 - 实验页帧权重设置和参数设置冲突，程序终止
2022-06-18 08:45:28.793 | INFO     | __main__:<module>:16 - 
 权重矩阵：df_weight
课程目标达成情况评价报告     测试     实验    答辩  教师评价  学生自评
考核方式                                        
课程目标1         0.256  0.064  0.32  0.16   0.2
课程目标2         0.256  0.064  0.32  0.16   0.2
课程目标3          0.32    0.0  0.32  0.16   0.2
2022-06-18 08:45:28.962 | ERROR    | src.check_data:check_target_num:68 - 测试页帧权重设置和参数设置冲突，程序终止
2022-06-18 08:46:26.004 | INFO     | __main__:<module>:16 - 
 权重矩阵：df_weight
课程目标达成情况评价报告     测试     实验    答辩  教师评价  学生自评
考核方式                                        
课程目标1         0.256  0.064  0.32  0.16   0.2
课程目标2         0.256  0.064  0.32  0.16   0.2
课程目标3          0.32    0.0  0.32  0.16   0.2
2022-06-18 08:46:26.146 | ERROR    | src.check_data:check_target_num:68 - 实验页帧权重设置和参数设置冲突，程序终止
2022-06-18 08:46:42.491 | INFO     | __main__:<module>:16 - 
 权重矩阵：df_weight
课程目标达成情况评价报告     测试     实验    答辩  教师评价  学生自评
考核方式                                        
课程目标1         0.256  0.064  0.32  0.16   0.2
课程目标2         0.256  0.064  0.32  0.16   0.2
课程目标3          0.32    0.0  0.32  0.16   0.2
2022-06-18 08:46:42.936 | INFO     | src.get_info:operate_sheet:105 - 
 最终达成度：achieve
          课程目标1  课程目标2  课程目标3
20162268  0.618  0.574  0.433
20162535  0.494  0.758  0.696
20181812  0.720  0.849  0.786
20181824  0.817  0.940  0.898
20182892  0.785  0.695  0.545
20182893  0.370  0.780  0.781
20182894  0.606  0.590  0.505
20182895  0.875  0.855  0.842
20182896  0.788  0.864  0.835
20182898  0.583  0.863  0.856
20182899  0.423  0.760  0.677
20182900  0.496  0.674  0.698
20182901  0.787  0.767  0.715
20182902  0.647  0.864  0.831
20182903  0.720  0.679  0.543
20182904  0.640  0.494  0.294
20182905  0.823  0.791  0.635
20182906  0.696  0.865  0.912
20182907  0.488  0.638  0.626
20182908  0.634  0.525  0.472
20182909  0.806  0.792  0.728
20182910  0.505  0.691  0.556
20182911  0.903  0.754  0.749
20182912  0.424  0.673  0.511
20182913  0.496  0.719  0.539
20182914  0.498  0.741  0.582
20182915  0.883  0.926  0.858
20182916  0.381  0.777  0.717
20182917  0.778  0.508  0.302
20182918  0.823  0.927  0.858
20182919  0.801  0.902  0.875
20182920  0.386  0.766  0.722
20182921  0.697  0.773  0.856
20182922  0.572  0.668  0.513
20182923  0.888  0.959  0.955
20182924  0.585  0.677  0.582
20182925  0.782  0.367  0.304
20182926  0.608  0.595  0.492
20182927  0.604  0.766  0.715
20182928  0.803  0.894  0.912
20182929  0.783  0.794  0.712
20181979  0.782  0.500  0.270
20182875  0.903  0.951  0.968
20182930  0.780  0.800  0.813
20182931  0.951  0.963  0.955
20182932  0.626  0.413  0.252
20182933  0.873  0.359  0.020
20182934  0.628  0.413  0.295
20182935  0.880  0.876  0.858
20182936  0.713  0.476  0.327
20182937  0.642  0.713  0.774
20182938  0.502  0.590  0.268
20182939  0.397  0.854  0.672
20182940  0.649  0.844  0.786
20182941  0.876  0.875  0.864
20182942  0.790  0.688  0.532
20182943  0.805  0.648  0.518
20182944  0.631  0.494  0.323
20182945  0.601  0.829  0.810
20182946  0.879  0.884  0.875
20182947  0.718  0.544  0.305
20182948  0.626  0.592  0.498
20182949  0.939  0.855  0.792
20182950  0.604  0.861  0.842
20182951  0.615  0.889  0.955
20182952  0.656  0.595  0.530
20182953  0.647  0.722  0.556
20182954  0.829  0.633  0.514
20182955  0.896  0.849  0.792
20182956  0.603  0.253  0.020
20182958  0.779  0.817  0.838
20182959  0.599  0.503  0.340
20182960  0.896  0.872  0.838
20182961  0.579  0.777  0.728
20182962  0.889  0.807  0.818
20182963  0.903  0.962  0.955
20182964  0.659  0.517  0.479
20182965  0.579  0.731  0.575
20182966  0.625  0.569  0.439
20182967  0.881  0.484  0.295
20182968  0.608  0.569  0.524
平均值       0.692  0.717  0.635
2022-06-18 08:46:42.939 | INFO     | src.get_info:operate_sheet:106 - 
 统计数据：static_final_data
考核方式         课程目标1  课程目标2  课程目标3
单项目标超过平均值人数     40   46.0   44.0
单项目标达成人数        38   47.0   39.0
单项目标未达成人数       43   34.0   42.0
所有目标超过平均值人数     28    NaN    NaN
所有目标均达成人数       25    NaN    NaN
所有目标均未达成人数      22    NaN    NaN
2022-06-18 08:46:42.939 | INFO     | src.get_info:operate_sheet:107 - 
 统计数据：static_data_single_odd
考核方式           课程目标1    课程目标2    课程目标3
单项目标超过平均值人数  49.383%  56.790%  54.321%
单项目标达成人数     46.914%  58.025%  48.148%
单项目标未达成人数    53.086%  41.975%  51.852%
2022-06-18 08:46:42.939 | INFO     | src.get_info:operate_sheet:108 - 
 统计数据：static_data_all_odd
所有目标超过平均值人数    34.568%
所有目标均达成人数      30.864%
所有目标均未达成人数     27.160%
dtype: object
2022-06-18 08:52:29.788 | INFO     | __main__:<module>:16 - 
 权重矩阵：df_weight
课程目标达成情况评价报告     测试     实验    答辩  教师评价  学生自评
考核方式                                        
课程目标1         0.256  0.064  0.32  0.16   0.2
课程目标2         0.256  0.064  0.32  0.16   0.2
课程目标3          0.32    0.0  0.32  0.16   0.2
2022-06-18 08:52:30.172 | INFO     | src.get_info:operate_sheet:105 - 
 最终达成度：achieve
          课程目标1  课程目标2  课程目标3
20162268  0.618  0.574  0.433
20162535  0.494  0.758  0.696
20181812  0.720  0.849  0.786
20181824  0.817  0.940  0.898
20182892  0.785  0.695  0.545
20182893  0.370  0.780  0.781
20182894  0.606  0.590  0.505
20182895  0.875  0.855  0.842
20182896  0.788  0.864  0.835
20182898  0.583  0.863  0.856
20182899  0.423  0.760  0.677
20182900  0.496  0.674  0.698
20182901  0.787  0.767  0.715
20182902  0.647  0.864  0.831
20182903  0.720  0.679  0.543
20182904  0.640  0.494  0.294
20182905  0.823  0.791  0.635
20182906  0.696  0.865  0.912
20182907  0.488  0.638  0.626
20182908  0.634  0.525  0.472
20182909  0.806  0.792  0.728
20182910  0.505  0.691  0.556
20182911  0.903  0.754  0.749
20182912  0.424  0.673  0.511
20182913  0.496  0.719  0.539
20182914  0.498  0.741  0.582
20182915  0.883  0.926  0.858
20182916  0.381  0.777  0.717
20182917  0.778  0.508  0.302
20182918  0.823  0.927  0.858
20182919  0.801  0.902  0.875
20182920  0.386  0.766  0.722
20182921  0.697  0.773  0.856
20182922  0.572  0.668  0.513
20182923  0.888  0.959  0.955
20182924  0.585  0.677  0.582
20182925  0.782  0.367  0.304
20182926  0.608  0.595  0.492
20182927  0.604  0.766  0.715
20182928  0.803  0.894  0.912
20182929  0.783  0.794  0.712
20181979  0.782  0.500  0.270
20182875  0.903  0.951  0.968
20182930  0.780  0.800  0.813
20182931  0.951  0.963  0.955
20182932  0.626  0.413  0.252
20182933  0.873  0.359  0.020
20182934  0.628  0.413  0.295
20182935  0.880  0.876  0.858
20182936  0.713  0.476  0.327
20182937  0.642  0.713  0.774
20182938  0.502  0.590  0.268
20182939  0.397  0.854  0.672
20182940  0.649  0.844  0.786
20182941  0.876  0.875  0.864
20182942  0.790  0.688  0.532
20182943  0.805  0.648  0.518
20182944  0.631  0.494  0.323
20182945  0.601  0.829  0.810
20182946  0.879  0.884  0.875
20182947  0.718  0.544  0.305
20182948  0.626  0.592  0.498
20182949  0.939  0.855  0.792
20182950  0.604  0.861  0.842
20182951  0.615  0.889  0.955
20182952  0.656  0.595  0.530
20182953  0.647  0.722  0.556
20182954  0.829  0.633  0.514
20182955  0.896  0.849  0.792
20182956  0.603  0.253  0.020
20182958  0.779  0.817  0.838
20182959  0.599  0.503  0.340
20182960  0.896  0.872  0.838
20182961  0.579  0.777  0.728
20182962  0.889  0.807  0.818
20182963  0.903  0.962  0.955
20182964  0.659  0.517  0.479
20182965  0.579  0.731  0.575
20182966  0.625  0.569  0.439
20182967  0.881  0.484  0.295
20182968  0.608  0.569  0.524
平均值       0.692  0.717  0.635
2022-06-18 08:52:30.190 | INFO     | src.get_info:operate_sheet:106 - 
 统计数据：static_final_data
考核方式         课程目标1  课程目标2  课程目标3
单项目标超过平均值人数     40   46.0   44.0
单项目标达成人数        38   47.0   39.0
单项目标未达成人数       43   34.0   42.0
所有目标超过平均值人数     28    NaN    NaN
所有目标均达成人数       25    NaN    NaN
所有目标均未达成人数      22    NaN    NaN
2022-06-18 08:52:30.191 | INFO     | src.get_info:operate_sheet:107 - 
 统计数据：static_data_single_odd
考核方式           课程目标1    课程目标2    课程目标3
单项目标超过平均值人数  49.383%  56.790%  54.321%
单项目标达成人数     46.914%  58.025%  48.148%
单项目标未达成人数    53.086%  41.975%  51.852%
2022-06-18 08:52:30.191 | INFO     | src.get_info:operate_sheet:108 - 
 统计数据：static_data_all_odd
所有目标超过平均值人数    34.568%
所有目标均达成人数      30.864%
所有目标均未达成人数     27.160%
dtype: object
2022-06-18 08:53:38.344 | INFO     | __main__:<module>:16 - 
 权重矩阵：df_weight
课程目标达成情况评价报告     测试     实验    答辩  教师评价  学生自评
考核方式                                        
课程目标1         0.256  0.064  0.32  0.16   0.2
课程目标2         0.256  0.064  0.32  0.16   0.2
课程目标3          0.32    0.0  0.32  0.16   0.2
2022-06-18 08:53:38.738 | INFO     | src.get_info:operate_sheet:105 - 
 最终达成度：achieve
          课程目标1  课程目标2  课程目标3
20162268  0.618  0.574  0.433
20162535  0.494  0.758  0.696
20181812  0.720  0.849  0.786
20181824  0.817  0.940  0.898
20182892  0.785  0.695  0.545
20182893  0.370  0.780  0.781
20182894  0.606  0.590  0.505
20182895  0.875  0.855  0.842
20182896  0.788  0.864  0.835
20182898  0.583  0.863  0.856
20182899  0.423  0.760  0.677
20182900  0.496  0.674  0.698
20182901  0.787  0.767  0.715
20182902  0.647  0.864  0.831
20182903  0.720  0.679  0.543
20182904  0.640  0.494  0.294
20182905  0.823  0.791  0.635
20182906  0.696  0.865  0.912
20182907  0.488  0.638  0.626
20182908  0.634  0.525  0.472
20182909  0.806  0.792  0.728
20182910  0.505  0.691  0.556
20182911  0.903  0.754  0.749
20182912  0.424  0.673  0.511
20182913  0.496  0.719  0.539
20182914  0.498  0.741  0.582
20182915  0.883  0.926  0.858
20182916  0.381  0.777  0.717
20182917  0.778  0.508  0.302
20182918  0.823  0.927  0.858
20182919  0.801  0.902  0.875
20182920  0.386  0.766  0.722
20182921  0.697  0.773  0.856
20182922  0.572  0.668  0.513
20182923  0.888  0.959  0.955
20182924  0.585  0.677  0.582
20182925  0.782  0.367  0.304
20182926  0.608  0.595  0.492
20182927  0.604  0.766  0.715
20182928  0.803  0.894  0.912
20182929  0.783  0.794  0.712
20181979  0.782  0.500  0.270
20182875  0.903  0.951  0.968
20182930  0.780  0.800  0.813
20182931  0.951  0.963  0.955
20182932  0.626  0.413  0.252
20182933  0.873  0.359  0.020
20182934  0.628  0.413  0.295
20182935  0.880  0.876  0.858
20182936  0.713  0.476  0.327
20182937  0.642  0.713  0.774
20182938  0.502  0.590  0.268
20182939  0.397  0.854  0.672
20182940  0.649  0.844  0.786
20182941  0.876  0.875  0.864
20182942  0.790  0.688  0.532
20182943  0.805  0.648  0.518
20182944  0.631  0.494  0.323
20182945  0.601  0.829  0.810
20182946  0.879  0.884  0.875
20182947  0.718  0.544  0.305
20182948  0.626  0.592  0.498
20182949  0.939  0.855  0.792
20182950  0.604  0.861  0.842
20182951  0.615  0.889  0.955
20182952  0.656  0.595  0.530
20182953  0.647  0.722  0.556
20182954  0.829  0.633  0.514
20182955  0.896  0.849  0.792
20182956  0.603  0.253  0.020
20182958  0.779  0.817  0.838
20182959  0.599  0.503  0.340
20182960  0.896  0.872  0.838
20182961  0.579  0.777  0.728
20182962  0.889  0.807  0.818
20182963  0.903  0.962  0.955
20182964  0.659  0.517  0.479
20182965  0.579  0.731  0.575
20182966  0.625  0.569  0.439
20182967  0.881  0.484  0.295
20182968  0.608  0.569  0.524
平均值       0.692  0.717  0.635
2022-06-18 08:53:38.738 | INFO     | src.get_info:operate_sheet:106 - 
 统计数据：static_final_data
考核方式         课程目标1  课程目标2  课程目标3
单项目标超过平均值人数     40   46.0   44.0
单项目标达成人数        38   47.0   39.0
单项目标未达成人数       43   34.0   42.0
所有目标超过平均值人数     28    NaN    NaN
所有目标均达成人数       25    NaN    NaN
所有目标均未达成人数      22    NaN    NaN
2022-06-18 08:53:38.738 | INFO     | src.get_info:operate_sheet:107 - 
 统计数据：static_data_single_odd
考核方式           课程目标1    课程目标2    课程目标3
单项目标超过平均值人数  49.383%  56.790%  54.321%
单项目标达成人数     46.914%  58.025%  48.148%
单项目标未达成人数    53.086%  41.975%  51.852%
2022-06-18 08:53:38.738 | INFO     | src.get_info:operate_sheet:108 - 
 统计数据：static_data_all_odd
所有目标超过平均值人数    34.568%
所有目标均达成人数      30.864%
所有目标均未达成人数     27.160%
dtype: object
2022-06-18 08:54:37.137 | INFO     | __main__:<module>:16 - 
 权重矩阵：df_weight
课程目标达成情况评价报告     测试     实验    答辩  教师评价  学生自评
考核方式                                        
课程目标1         0.256  0.064  0.32  0.16   0.2
课程目标2         0.256  0.064  0.32  0.16   0.2
课程目标3          0.32    0.0  0.32  0.16   0.2
2022-06-18 08:54:37.510 | INFO     | src.get_info:operate_sheet:105 - 
 最终达成度：achieve
          课程目标1  课程目标2  课程目标3
20162268  0.618  0.574  0.433
20162535  0.494  0.758  0.696
20181812  0.720  0.849  0.786
20181824  0.817  0.940  0.898
20182892  0.785  0.695  0.545
20182893  0.370  0.780  0.781
20182894  0.606  0.590  0.505
20182895  0.875  0.855  0.842
20182896  0.788  0.864  0.835
20182898  0.583  0.863  0.856
20182899  0.423  0.760  0.677
20182900  0.496  0.674  0.698
20182901  0.787  0.767  0.715
20182902  0.647  0.864  0.831
20182903  0.720  0.679  0.543
20182904  0.640  0.494  0.294
20182905  0.823  0.791  0.635
20182906  0.696  0.865  0.912
20182907  0.488  0.638  0.626
20182908  0.634  0.525  0.472
20182909  0.806  0.792  0.728
20182910  0.505  0.691  0.556
20182911  0.903  0.754  0.749
20182912  0.424  0.673  0.511
20182913  0.496  0.719  0.539
20182914  0.498  0.741  0.582
20182915  0.883  0.926  0.858
20182916  0.381  0.777  0.717
20182917  0.778  0.508  0.302
20182918  0.823  0.927  0.858
20182919  0.801  0.902  0.875
20182920  0.386  0.766  0.722
20182921  0.697  0.773  0.856
20182922  0.572  0.668  0.513
20182923  0.888  0.959  0.955
20182924  0.585  0.677  0.582
20182925  0.782  0.367  0.304
20182926  0.608  0.595  0.492
20182927  0.604  0.766  0.715
20182928  0.803  0.894  0.912
20182929  0.783  0.794  0.712
20181979  0.782  0.500  0.270
20182875  0.903  0.951  0.968
20182930  0.780  0.800  0.813
20182931  0.951  0.963  0.955
20182932  0.626  0.413  0.252
20182933  0.873  0.359  0.020
20182934  0.628  0.413  0.295
20182935  0.880  0.876  0.858
20182936  0.713  0.476  0.327
20182937  0.642  0.713  0.774
20182938  0.502  0.590  0.268
20182939  0.397  0.854  0.672
20182940  0.649  0.844  0.786
20182941  0.876  0.875  0.864
20182942  0.790  0.688  0.532
20182943  0.805  0.648  0.518
20182944  0.631  0.494  0.323
20182945  0.601  0.829  0.810
20182946  0.879  0.884  0.875
20182947  0.718  0.544  0.305
20182948  0.626  0.592  0.498
20182949  0.939  0.855  0.792
20182950  0.604  0.861  0.842
20182951  0.615  0.889  0.955
20182952  0.656  0.595  0.530
20182953  0.647  0.722  0.556
20182954  0.829  0.633  0.514
20182955  0.896  0.849  0.792
20182956  0.603  0.253  0.020
20182958  0.779  0.817  0.838
20182959  0.599  0.503  0.340
20182960  0.896  0.872  0.838
20182961  0.579  0.777  0.728
20182962  0.889  0.807  0.818
20182963  0.903  0.962  0.955
20182964  0.659  0.517  0.479
20182965  0.579  0.731  0.575
20182966  0.625  0.569  0.439
20182967  0.881  0.484  0.295
20182968  0.608  0.569  0.524
平均值       0.692  0.717  0.635
2022-06-18 08:54:37.527 | INFO     | src.get_info:operate_sheet:106 - 
 统计数据：static_final_data
考核方式         课程目标1  课程目标2  课程目标3
单项目标超过平均值人数     40   46.0   44.0
单项目标达成人数        38   47.0   39.0
单项目标未达成人数       43   34.0   42.0
所有目标超过平均值人数     28    NaN    NaN
所有目标均达成人数       25    NaN    NaN
所有目标均未达成人数      22    NaN    NaN
2022-06-18 08:54:37.527 | INFO     | src.get_info:operate_sheet:107 - 
 统计数据：static_data_single_odd
考核方式           课程目标1    课程目标2    课程目标3
单项目标超过平均值人数  49.383%  56.790%  54.321%
单项目标达成人数     46.914%  58.025%  48.148%
单项目标未达成人数    53.086%  41.975%  51.852%
2022-06-18 08:54:37.527 | INFO     | src.get_info:operate_sheet:108 - 
 统计数据：static_data_all_odd
所有目标超过平均值人数    34.568%
所有目标均达成人数      30.864%
所有目标均未达成人数     27.160%
dtype: object
2022-06-18 08:55:21.843 | INFO     | __main__:<module>:16 - 
 权重矩阵：df_weight
课程目标达成情况评价报告     测试     实验    答辩  教师评价  学生自评
考核方式                                        
课程目标1         0.256  0.064  0.32  0.16   0.2
课程目标2         0.256  0.064  0.32  0.16   0.2
课程目标3          0.32    0.0  0.32  0.16   0.2
2022-06-18 08:55:22.221 | INFO     | src.get_info:operate_sheet:105 - 
 最终达成度：achieve
          课程目标1  课程目标2  课程目标3
20162268  0.618  0.574  0.433
20162535  0.494  0.758  0.696
20181812  0.720  0.849  0.786
20181824  0.817  0.940  0.898
20182892  0.785  0.695  0.545
20182893  0.370  0.780  0.781
20182894  0.606  0.590  0.505
20182895  0.875  0.855  0.842
20182896  0.788  0.864  0.835
20182898  0.583  0.863  0.856
20182899  0.423  0.760  0.677
20182900  0.496  0.674  0.698
20182901  0.787  0.767  0.715
20182902  0.647  0.864  0.831
20182903  0.720  0.679  0.543
20182904  0.640  0.494  0.294
20182905  0.823  0.791  0.635
20182906  0.696  0.865  0.912
20182907  0.488  0.638  0.626
20182908  0.634  0.525  0.472
20182909  0.806  0.792  0.728
20182910  0.505  0.691  0.556
20182911  0.903  0.754  0.749
20182912  0.424  0.673  0.511
20182913  0.496  0.719  0.539
20182914  0.498  0.741  0.582
20182915  0.883  0.926  0.858
20182916  0.381  0.777  0.717
20182917  0.778  0.508  0.302
20182918  0.823  0.927  0.858
20182919  0.801  0.902  0.875
20182920  0.386  0.766  0.722
20182921  0.697  0.773  0.856
20182922  0.572  0.668  0.513
20182923  0.888  0.959  0.955
20182924  0.585  0.677  0.582
20182925  0.782  0.367  0.304
20182926  0.608  0.595  0.492
20182927  0.604  0.766  0.715
20182928  0.803  0.894  0.912
20182929  0.783  0.794  0.712
20181979  0.782  0.500  0.270
20182875  0.903  0.951  0.968
20182930  0.780  0.800  0.813
20182931  0.951  0.963  0.955
20182932  0.626  0.413  0.252
20182933  0.873  0.359  0.020
20182934  0.628  0.413  0.295
20182935  0.880  0.876  0.858
20182936  0.713  0.476  0.327
20182937  0.642  0.713  0.774
20182938  0.502  0.590  0.268
20182939  0.397  0.854  0.672
20182940  0.649  0.844  0.786
20182941  0.876  0.875  0.864
20182942  0.790  0.688  0.532
20182943  0.805  0.648  0.518
20182944  0.631  0.494  0.323
20182945  0.601  0.829  0.810
20182946  0.879  0.884  0.875
20182947  0.718  0.544  0.305
20182948  0.626  0.592  0.498
20182949  0.939  0.855  0.792
20182950  0.604  0.861  0.842
20182951  0.615  0.889  0.955
20182952  0.656  0.595  0.530
20182953  0.647  0.722  0.556
20182954  0.829  0.633  0.514
20182955  0.896  0.849  0.792
20182956  0.603  0.253  0.020
20182958  0.779  0.817  0.838
20182959  0.599  0.503  0.340
20182960  0.896  0.872  0.838
20182961  0.579  0.777  0.728
20182962  0.889  0.807  0.818
20182963  0.903  0.962  0.955
20182964  0.659  0.517  0.479
20182965  0.579  0.731  0.575
20182966  0.625  0.569  0.439
20182967  0.881  0.484  0.295
20182968  0.608  0.569  0.524
平均值       0.692  0.717  0.635
2022-06-18 08:55:22.221 | INFO     | src.get_info:operate_sheet:106 - 
 统计数据：static_final_data
考核方式         课程目标1  课程目标2  课程目标3
单项目标超过平均值人数     40   46.0   44.0
单项目标达成人数        38   47.0   39.0
单项目标未达成人数       43   34.0   42.0
所有目标超过平均值人数     28    NaN    NaN
所有目标均达成人数       25    NaN    NaN
所有目标均未达成人数      22    NaN    NaN
2022-06-18 08:55:22.231 | INFO     | src.get_info:operate_sheet:107 - 
 统计数据：static_data_single_odd
考核方式           课程目标1    课程目标2    课程目标3
单项目标超过平均值人数  49.383%  56.790%  54.321%
单项目标达成人数     46.914%  58.025%  48.148%
单项目标未达成人数    53.086%  41.975%  51.852%
2022-06-18 08:55:22.233 | INFO     | src.get_info:operate_sheet:108 - 
 统计数据：static_data_all_odd
所有目标超过平均值人数    34.568%
所有目标均达成人数      30.864%
所有目标均未达成人数     27.160%
dtype: object
2022-06-18 08:55:43.571 | INFO     | __main__:<module>:16 - 
 权重矩阵：df_weight
课程目标达成情况评价报告     测试     实验    答辩  教师评价  学生自评
考核方式                                        
课程目标1         0.256  0.064  0.32  0.16   0.2
课程目标2         0.256  0.064  0.32  0.16   0.2
课程目标3          0.32    0.0  0.32  0.16   0.2
2022-06-18 08:55:43.952 | INFO     | src.get_info:operate_sheet:105 - 
 最终达成度：achieve
          课程目标1  课程目标2  课程目标3
20162268  0.618  0.574  0.433
20162535  0.494  0.758  0.696
20181812  0.720  0.849  0.786
20181824  0.817  0.940  0.898
20182892  0.785  0.695  0.545
20182893  0.370  0.780  0.781
20182894  0.606  0.590  0.505
20182895  0.875  0.855  0.842
20182896  0.788  0.864  0.835
20182898  0.583  0.863  0.856
20182899  0.423  0.760  0.677
20182900  0.496  0.674  0.698
20182901  0.787  0.767  0.715
20182902  0.647  0.864  0.831
20182903  0.720  0.679  0.543
20182904  0.640  0.494  0.294
20182905  0.823  0.791  0.635
20182906  0.696  0.865  0.912
20182907  0.488  0.638  0.626
20182908  0.634  0.525  0.472
20182909  0.806  0.792  0.728
20182910  0.505  0.691  0.556
20182911  0.903  0.754  0.749
20182912  0.424  0.673  0.511
20182913  0.496  0.719  0.539
20182914  0.498  0.741  0.582
20182915  0.883  0.926  0.858
20182916  0.381  0.777  0.717
20182917  0.778  0.508  0.302
20182918  0.823  0.927  0.858
20182919  0.801  0.902  0.875
20182920  0.386  0.766  0.722
20182921  0.697  0.773  0.856
20182922  0.572  0.668  0.513
20182923  0.888  0.959  0.955
20182924  0.585  0.677  0.582
20182925  0.782  0.367  0.304
20182926  0.608  0.595  0.492
20182927  0.604  0.766  0.715
20182928  0.803  0.894  0.912
20182929  0.783  0.794  0.712
20181979  0.782  0.500  0.270
20182875  0.903  0.951  0.968
20182930  0.780  0.800  0.813
20182931  0.951  0.963  0.955
20182932  0.626  0.413  0.252
20182933  0.873  0.359  0.020
20182934  0.628  0.413  0.295
20182935  0.880  0.876  0.858
20182936  0.713  0.476  0.327
20182937  0.642  0.713  0.774
20182938  0.502  0.590  0.268
20182939  0.397  0.854  0.672
20182940  0.649  0.844  0.786
20182941  0.876  0.875  0.864
20182942  0.790  0.688  0.532
20182943  0.805  0.648  0.518
20182944  0.631  0.494  0.323
20182945  0.601  0.829  0.810
20182946  0.879  0.884  0.875
20182947  0.718  0.544  0.305
20182948  0.626  0.592  0.498
20182949  0.939  0.855  0.792
20182950  0.604  0.861  0.842
20182951  0.615  0.889  0.955
20182952  0.656  0.595  0.530
20182953  0.647  0.722  0.556
20182954  0.829  0.633  0.514
20182955  0.896  0.849  0.792
20182956  0.603  0.253  0.020
20182958  0.779  0.817  0.838
20182959  0.599  0.503  0.340
20182960  0.896  0.872  0.838
20182961  0.579  0.777  0.728
20182962  0.889  0.807  0.818
20182963  0.903  0.962  0.955
20182964  0.659  0.517  0.479
20182965  0.579  0.731  0.575
20182966  0.625  0.569  0.439
20182967  0.881  0.484  0.295
20182968  0.608  0.569  0.524
平均值       0.692  0.717  0.635
2022-06-18 08:55:43.952 | INFO     | src.get_info:operate_sheet:106 - 
 统计数据：static_final_data
考核方式         课程目标1  课程目标2  课程目标3
单项目标超过平均值人数     40   46.0   44.0
单项目标达成人数        38   47.0   39.0
单项目标未达成人数       43   34.0   42.0
所有目标超过平均值人数     28    NaN    NaN
所有目标均达成人数       25    NaN    NaN
所有目标均未达成人数      22    NaN    NaN
2022-06-18 08:55:43.952 | INFO     | src.get_info:operate_sheet:107 - 
 统计数据：static_data_single_odd
考核方式           课程目标1    课程目标2    课程目标3
单项目标超过平均值人数  49.383%  56.790%  54.321%
单项目标达成人数     46.914%  58.025%  48.148%
单项目标未达成人数    53.086%  41.975%  51.852%
2022-06-18 08:55:43.952 | INFO     | src.get_info:operate_sheet:108 - 
 统计数据：static_data_all_odd
所有目标超过平均值人数    34.568%
所有目标均达成人数      30.864%
所有目标均未达成人数     27.160%
dtype: object
2022-06-18 08:56:33.324 | INFO     | __main__:<module>:16 - 
 权重矩阵：df_weight
课程目标达成情况评价报告     测试     实验    答辩  教师评价  学生自评
考核方式                                        
课程目标1         0.256  0.064  0.32  0.16   0.2
课程目标2         0.256  0.064  0.32  0.16   0.2
课程目标3          0.32    0.0  0.32  0.16   0.2
2022-06-18 08:56:33.720 | INFO     | src.get_info:operate_sheet:105 - 
 最终达成度：achieve
          课程目标1  课程目标2  课程目标3
20162268  0.618  0.574  0.433
20162535  0.494  0.758  0.696
20181812  0.720  0.849  0.786
20181824  0.817  0.940  0.898
20182892  0.785  0.695  0.545
20182893  0.370  0.780  0.781
20182894  0.606  0.590  0.505
20182895  0.875  0.855  0.842
20182896  0.788  0.864  0.835
20182898  0.583  0.863  0.856
20182899  0.423  0.760  0.677
20182900  0.496  0.674  0.698
20182901  0.787  0.767  0.715
20182902  0.647  0.864  0.831
20182903  0.720  0.679  0.543
20182904  0.640  0.494  0.294
20182905  0.823  0.791  0.635
20182906  0.696  0.865  0.912
20182907  0.488  0.638  0.626
20182908  0.634  0.525  0.472
20182909  0.806  0.792  0.728
20182910  0.505  0.691  0.556
20182911  0.903  0.754  0.749
20182912  0.424  0.673  0.511
20182913  0.496  0.719  0.539
20182914  0.498  0.741  0.582
20182915  0.883  0.926  0.858
20182916  0.381  0.777  0.717
20182917  0.778  0.508  0.302
20182918  0.823  0.927  0.858
20182919  0.801  0.902  0.875
20182920  0.386  0.766  0.722
20182921  0.697  0.773  0.856
20182922  0.572  0.668  0.513
20182923  0.888  0.959  0.955
20182924  0.585  0.677  0.582
20182925  0.782  0.367  0.304
20182926  0.608  0.595  0.492
20182927  0.604  0.766  0.715
20182928  0.803  0.894  0.912
20182929  0.783  0.794  0.712
20181979  0.782  0.500  0.270
20182875  0.903  0.951  0.968
20182930  0.780  0.800  0.813
20182931  0.951  0.963  0.955
20182932  0.626  0.413  0.252
20182933  0.873  0.359  0.020
20182934  0.628  0.413  0.295
20182935  0.880  0.876  0.858
20182936  0.713  0.476  0.327
20182937  0.642  0.713  0.774
20182938  0.502  0.590  0.268
20182939  0.397  0.854  0.672
20182940  0.649  0.844  0.786
20182941  0.876  0.875  0.864
20182942  0.790  0.688  0.532
20182943  0.805  0.648  0.518
20182944  0.631  0.494  0.323
20182945  0.601  0.829  0.810
20182946  0.879  0.884  0.875
20182947  0.718  0.544  0.305
20182948  0.626  0.592  0.498
20182949  0.939  0.855  0.792
20182950  0.604  0.861  0.842
20182951  0.615  0.889  0.955
20182952  0.656  0.595  0.530
20182953  0.647  0.722  0.556
20182954  0.829  0.633  0.514
20182955  0.896  0.849  0.792
20182956  0.603  0.253  0.020
20182958  0.779  0.817  0.838
20182959  0.599  0.503  0.340
20182960  0.896  0.872  0.838
20182961  0.579  0.777  0.728
20182962  0.889  0.807  0.818
20182963  0.903  0.962  0.955
20182964  0.659  0.517  0.479
20182965  0.579  0.731  0.575
20182966  0.625  0.569  0.439
20182967  0.881  0.484  0.295
20182968  0.608  0.569  0.524
平均值       0.692  0.717  0.635
2022-06-18 08:56:33.736 | INFO     | src.get_info:operate_sheet:106 - 
 统计数据：static_final_data
考核方式         课程目标1  课程目标2  课程目标3
单项目标超过平均值人数     40   46.0   44.0
单项目标达成人数        38   47.0   39.0
单项目标未达成人数       43   34.0   42.0
所有目标超过平均值人数     28    NaN    NaN
所有目标均达成人数       25    NaN    NaN
所有目标均未达成人数      22    NaN    NaN
2022-06-18 08:56:33.736 | INFO     | src.get_info:operate_sheet:107 - 
 统计数据：static_data_single_odd
考核方式           课程目标1    课程目标2    课程目标3
单项目标超过平均值人数  49.383%  56.790%  54.321%
单项目标达成人数     46.914%  58.025%  48.148%
单项目标未达成人数    53.086%  41.975%  51.852%
2022-06-18 08:56:33.736 | INFO     | src.get_info:operate_sheet:108 - 
 统计数据：static_data_all_odd
所有目标超过平均值人数    34.568%
所有目标均达成人数      30.864%
所有目标均未达成人数     27.160%
dtype: object
2022-06-18 09:03:14.423 | INFO     | __main__:<module>:16 - 
 权重矩阵：df_weight
课程目标达成情况评价报告     测试     实验    答辩  教师评价  学生自评
考核方式                                        
课程目标1         0.256  0.064  0.32  0.16   0.2
课程目标2         0.256  0.064  0.32  0.16   0.2
课程目标3          0.32    0.0  0.32  0.16   0.2
2022-06-18 09:03:14.797 | INFO     | src.get_info:operate_sheet:105 - 
 最终达成度：achieve
          课程目标1  课程目标2  课程目标3
20162268  0.618  0.574  0.433
20162535  0.494  0.758  0.696
20181812  0.720  0.849  0.786
20181824  0.817  0.940  0.898
20182892  0.785  0.695  0.545
20182893  0.370  0.780  0.781
20182894  0.606  0.590  0.505
20182895  0.875  0.855  0.842
20182896  0.788  0.864  0.835
20182898  0.583  0.863  0.856
20182899  0.423  0.760  0.677
20182900  0.496  0.674  0.698
20182901  0.787  0.767  0.715
20182902  0.647  0.864  0.831
20182903  0.720  0.679  0.543
20182904  0.640  0.494  0.294
20182905  0.823  0.791  0.635
20182906  0.696  0.865  0.912
20182907  0.488  0.638  0.626
20182908  0.634  0.525  0.472
20182909  0.806  0.792  0.728
20182910  0.505  0.691  0.556
20182911  0.903  0.754  0.749
20182912  0.424  0.673  0.511
20182913  0.496  0.719  0.539
20182914  0.498  0.741  0.582
20182915  0.883  0.926  0.858
20182916  0.381  0.777  0.717
20182917  0.778  0.508  0.302
20182918  0.823  0.927  0.858
20182919  0.801  0.902  0.875
20182920  0.386  0.766  0.722
20182921  0.697  0.773  0.856
20182922  0.572  0.668  0.513
20182923  0.888  0.959  0.955
20182924  0.585  0.677  0.582
20182925  0.782  0.367  0.304
20182926  0.608  0.595  0.492
20182927  0.604  0.766  0.715
20182928  0.803  0.894  0.912
20182929  0.783  0.794  0.712
20181979  0.782  0.500  0.270
20182875  0.903  0.951  0.968
20182930  0.780  0.800  0.813
20182931  0.951  0.963  0.955
20182932  0.626  0.413  0.252
20182933  0.873  0.359  0.020
20182934  0.628  0.413  0.295
20182935  0.880  0.876  0.858
20182936  0.713  0.476  0.327
20182937  0.642  0.713  0.774
20182938  0.502  0.590  0.268
20182939  0.397  0.854  0.672
20182940  0.649  0.844  0.786
20182941  0.876  0.875  0.864
20182942  0.790  0.688  0.532
20182943  0.805  0.648  0.518
20182944  0.631  0.494  0.323
20182945  0.601  0.829  0.810
20182946  0.879  0.884  0.875
20182947  0.718  0.544  0.305
20182948  0.626  0.592  0.498
20182949  0.939  0.855  0.792
20182950  0.604  0.861  0.842
20182951  0.615  0.889  0.955
20182952  0.656  0.595  0.530
20182953  0.647  0.722  0.556
20182954  0.829  0.633  0.514
20182955  0.896  0.849  0.792
20182956  0.603  0.253  0.020
20182958  0.779  0.817  0.838
20182959  0.599  0.503  0.340
20182960  0.896  0.872  0.838
20182961  0.579  0.777  0.728
20182962  0.889  0.807  0.818
20182963  0.903  0.962  0.955
20182964  0.659  0.517  0.479
20182965  0.579  0.731  0.575
20182966  0.625  0.569  0.439
20182967  0.881  0.484  0.295
20182968  0.608  0.569  0.524
平均值       0.692  0.717  0.635
2022-06-18 09:03:14.798 | INFO     | src.get_info:operate_sheet:106 - 
 统计数据：static_final_data
考核方式         课程目标1  课程目标2  课程目标3
单项目标超过平均值人数     40   46.0   44.0
单项目标达成人数        38   47.0   39.0
单项目标未达成人数       43   34.0   42.0
所有目标超过平均值人数     28    NaN    NaN
所有目标均达成人数       25    NaN    NaN
所有目标均未达成人数      22    NaN    NaN
2022-06-18 09:03:14.798 | INFO     | src.get_info:operate_sheet:107 - 
 统计数据：static_data_single_odd
考核方式           课程目标1    课程目标2    课程目标3
单项目标超过平均值人数  49.383%  56.790%  54.321%
单项目标达成人数     46.914%  58.025%  48.148%
单项目标未达成人数    53.086%  41.975%  51.852%
2022-06-18 09:03:14.798 | INFO     | src.get_info:operate_sheet:108 - 
 统计数据：static_data_all_odd
所有目标超过平均值人数    34.568%
所有目标均达成人数      30.864%
所有目标均未达成人数     27.160%
dtype: object
2022-06-19 10:12:17.849 | INFO     | __main__:<module>:16 - 
 权重矩阵：df_weight
课程目标达成情况评价报告     测试     实验    答辩  教师评价  学生自评
考核方式                                        
课程目标1         0.256  0.064  0.32  0.16   0.2
课程目标2         0.256  0.064  0.32  0.16   0.2
课程目标3          0.32    0.0  0.32  0.16   0.2
2022-06-19 10:12:18.115 | INFO     | src.get_info:operate_sheet:105 - 
 最终达成度：achieve
          课程目标1  课程目标2  课程目标3
20162268  0.618  0.574  0.433
20162535  0.494  0.758  0.696
20181812  0.720  0.849  0.786
20181824  0.817  0.940  0.898
20182892  0.785  0.695  0.545
20182893  0.370  0.780  0.781
20182894  0.606  0.590  0.505
20182895  0.875  0.855  0.842
20182896  0.788  0.864  0.835
20182898  0.583  0.863  0.856
20182899  0.423  0.760  0.677
20182900  0.496  0.674  0.698
20182901  0.787  0.767  0.715
20182902  0.647  0.864  0.831
20182903  0.720  0.679  0.543
20182904  0.640  0.494  0.294
20182905  0.823  0.791  0.635
20182906  0.696  0.865  0.912
20182907  0.488  0.638  0.626
20182908  0.634  0.525  0.472
20182909  0.806  0.792  0.728
20182910  0.505  0.691  0.556
20182911  0.903  0.754  0.749
20182912  0.424  0.673  0.511
20182913  0.496  0.719  0.539
20182914  0.498  0.741  0.582
20182915  0.883  0.926  0.858
20182916  0.381  0.777  0.717
20182917  0.778  0.508  0.302
20182918  0.823  0.927  0.858
20182919  0.801  0.902  0.875
20182920  0.386  0.766  0.722
20182921  0.697  0.773  0.856
20182922  0.572  0.668  0.513
20182923  0.888  0.959  0.955
20182924  0.585  0.677  0.582
20182925  0.782  0.367  0.304
20182926  0.608  0.595  0.492
20182927  0.604  0.766  0.715
20182928  0.803  0.894  0.912
20182929  0.783  0.794  0.712
20181979  0.782  0.500  0.270
20182875  0.903  0.951  0.968
20182930  0.780  0.800  0.813
20182931  0.951  0.963  0.955
20182932  0.626  0.413  0.252
20182933  0.873  0.359  0.020
20182934  0.628  0.413  0.295
20182935  0.880  0.876  0.858
20182936  0.713  0.476  0.327
20182937  0.642  0.713  0.774
20182938  0.502  0.590  0.268
20182939  0.397  0.854  0.672
20182940  0.649  0.844  0.786
20182941  0.876  0.875  0.864
20182942  0.790  0.688  0.532
20182943  0.805  0.648  0.518
20182944  0.631  0.494  0.323
20182945  0.601  0.829  0.810
20182946  0.879  0.884  0.875
20182947  0.718  0.544  0.305
20182948  0.626  0.592  0.498
20182949  0.939  0.855  0.792
20182950  0.604  0.861  0.842
20182951  0.615  0.889  0.955
20182952  0.656  0.595  0.530
20182953  0.647  0.722  0.556
20182954  0.829  0.633  0.514
20182955  0.896  0.849  0.792
20182956  0.603  0.253  0.020
20182958  0.779  0.817  0.838
20182959  0.599  0.503  0.340
20182960  0.896  0.872  0.838
20182961  0.579  0.777  0.728
20182962  0.889  0.807  0.818
20182963  0.903  0.962  0.955
20182964  0.659  0.517  0.479
20182965  0.579  0.731  0.575
20182966  0.625  0.569  0.439
20182967  0.881  0.484  0.295
20182968  0.608  0.569  0.524
平均值       0.692  0.717  0.635
2022-06-19 10:12:18.130 | INFO     | src.get_info:operate_sheet:106 - 
 统计数据：static_final_data
考核方式         课程目标1  课程目标2  课程目标3
单项目标超过平均值人数     40   46.0   44.0
单项目标达成人数        38   47.0   39.0
单项目标未达成人数       43   34.0   42.0
所有目标超过平均值人数     28    NaN    NaN
所有目标均达成人数       25    NaN    NaN
所有目标均未达成人数      22    NaN    NaN
2022-06-19 10:12:18.130 | INFO     | src.get_info:operate_sheet:107 - 
 统计数据：static_data_single_odd
考核方式           课程目标1    课程目标2    课程目标3
单项目标超过平均值人数  49.383%  56.790%  54.321%
单项目标达成人数     46.914%  58.025%  48.148%
单项目标未达成人数    53.086%  41.975%  51.852%
2022-06-19 10:12:18.130 | INFO     | src.get_info:operate_sheet:108 - 
 统计数据：static_data_all_odd
所有目标超过平均值人数    34.568%
所有目标均达成人数      30.864%
所有目标均未达成人数     27.160%
dtype: object
2022-06-19 15:14:44.952 | INFO     | __main__:<module>:16 - 
 权重矩阵：df_weight
课程目标达成情况评价报告     测试     实验    答辩  教师评价  学生自评
考核方式                                        
课程目标1         0.256  0.064  0.32  0.16   0.2
课程目标2         0.256  0.064  0.32  0.16   0.2
课程目标3          0.32    0.0  0.32  0.16   0.2
