2022-05-23 19:39:09.788 | INFO     | __main__:<module>:15 - 
 权重矩阵：df_weight
课程目标达成情况评价报告  随堂测验    作业    实验    考试  达成度 （教师评价法）  达成度 （学生自评法）
考核方式                                                          
课程目标1         0.06  0.12   0.0  0.42          0.2          0.2
课程目标2         0.06   0.0  0.18  0.36          0.2          0.2
课程目标3         0.06  0.18   0.0  0.36          0.2          0.2
课程目标4         0.06  0.12  0.12   0.3          0.2          0.2
2022-05-23 19:39:10.054 | DEBUG    | src.check_data:check_target_num:59 - 课程目标个数不一致，程序终止
2022-05-23 19:39:10.054 | ERROR    | src.check_data:check_target_num:61 - 作业页帧缺少索引:{'课程目标2'}
2022-05-23 19:39:31.815 | INFO     | __main__:<module>:15 - 
 权重矩阵：df_weight
课程目标达成情况评价报告  随堂测验    作业    实验    考试  达成度 （教师评价法）  达成度 （学生自评法）
考核方式                                                          
课程目标1         0.06  0.12   0.0  0.42          0.2          0.2
课程目标2         0.06   0.0  0.18  0.36          0.2          0.2
课程目标3         0.06  0.18   0.0  0.36          0.2          0.2
课程目标4         0.06  0.12  0.12   0.3          0.2          0.2
2022-05-23 19:39:32.081 | DEBUG    | src.check_data:check_target_num:59 - 课程目标个数不一致，程序终止
2022-05-23 19:39:32.081 | ERROR    | src.check_data:check_target_num:61 - 作业页帧缺少索引:{'课程目标2'}
2022-05-24 16:59:15.603 | INFO     | __main__:<module>:15 - 
 权重矩阵：df_weight
课程目标达成情况评价报告  随堂测验    作业    实验    考试  达成度 （教师评价法）  达成度 （学生自评法）
考核方式                                                          
课程目标1         0.06  0.12   0.0  0.42          0.2          0.2
课程目标2         0.06   0.0  0.18  0.36          0.2          0.2
课程目标3         0.06  0.18   0.0  0.36          0.2          0.2
课程目标4         0.06  0.12  0.12   0.3          0.2          0.2
2022-05-24 16:59:16.045 | INFO     | src.get_info:operate_sheet:103 - 
 最终达成度：achieve
          课程目标1  课程目标2  课程目标3  课程目标4
66652645  0.634  0.920  0.628  0.771
66666664  0.725  0.636  0.864  0.861
66662208  0.543  0.663  0.492  0.604
66662209  0.750  0.951  0.636  0.805
66662210  0.743  0.845  0.804  0.815
...         ...    ...    ...    ...
66662332  0.836  0.871  0.648  0.604
66662333  0.730  0.709  0.564  0.618
66662334  0.752  0.846  0.600  0.656
66662335  0.828  0.821  0.592  0.701
平均值       0.752  0.800  0.658  0.697

[139 rows x 4 columns]
2022-05-24 16:59:16.061 | INFO     | src.get_info:operate_sheet:104 - 
 统计数据：static_final_data
考核方式         课程目标1  课程目标2  课程目标3  课程目标4
单项目标超过平均值人数     70   80.0   59.0   66.0
单项目标达成人数       105  114.0   45.0   65.0
单项目标未达成人数       33   24.0   93.0   73.0
所有目标超过平均值人数     27    NaN    NaN    NaN
所有目标均达成人数       30    NaN    NaN    NaN
所有目标均未达成人数      11    NaN    NaN    NaN
2022-05-24 16:59:16.061 | INFO     | src.get_info:operate_sheet:105 - 
 统计数据：static_data_single_odd
考核方式          课程目标1   课程目标2   课程目标3   课程目标4
单项目标超过平均值人数  50.72%  57.97%  42.75%  47.83%
单项目标达成人数     76.09%  82.61%  32.61%  47.10%
单项目标未达成人数    23.91%  17.39%  67.39%  52.90%
2022-05-24 16:59:16.061 | INFO     | src.get_info:operate_sheet:106 - 
 统计数据：static_data_all_odd
所有目标超过平均值人数    19.57%
所有目标均达成人数      21.74%
所有目标均未达成人数      7.97%
dtype: object
2022-05-25 17:29:48.027 | INFO     | __main__:<module>:15 - 
 权重矩阵：df_weight
课程目标达成情况评价报告  随堂测验    作业    实验    考试  达成度 （教师评价法）  达成度 （学生自评法）
考核方式                                                          
课程目标1         0.06  0.12   0.0  0.42          0.2          0.2
课程目标2         0.06   0.0  0.18  0.36          0.2          0.2
课程目标3         0.06  0.18   0.0  0.36          0.2          0.2
课程目标4         0.06  0.12  0.12   0.3          0.2          0.2
2022-05-25 17:29:48.480 | INFO     | src.get_info:operate_sheet:103 - 
 最终达成度：achieve
          课程目标1  课程目标2  课程目标3  课程目标4
66652645  0.634  0.920  0.628  0.771
66666664  0.725  0.636  0.864  0.861
66662208  0.543  0.663  0.492  0.604
66662209  0.750  0.951  0.636  0.805
66662210  0.743  0.845  0.804  0.815
...         ...    ...    ...    ...
66662332  0.836  0.871  0.648  0.604
66662333  0.730  0.709  0.564  0.618
66662334  0.752  0.846  0.600  0.656
66662335  0.828  0.821  0.592  0.701
平均值       0.752  0.800  0.658  0.697

[139 rows x 4 columns]
2022-05-25 17:29:48.480 | INFO     | src.get_info:operate_sheet:104 - 
 统计数据：static_final_data
考核方式         课程目标1  课程目标2  课程目标3  课程目标4
单项目标超过平均值人数     70   80.0   59.0   66.0
单项目标达成人数       105  114.0   45.0   65.0
单项目标未达成人数       33   24.0   93.0   73.0
所有目标超过平均值人数     27    NaN    NaN    NaN
所有目标均达成人数       30    NaN    NaN    NaN
所有目标均未达成人数      11    NaN    NaN    NaN
2022-05-25 17:29:48.480 | INFO     | src.get_info:operate_sheet:105 - 
 统计数据：static_data_single_odd
考核方式          课程目标1   课程目标2   课程目标3   课程目标4
单项目标超过平均值人数  50.72%  57.97%  42.75%  47.83%
单项目标达成人数     76.09%  82.61%  32.61%  47.10%
单项目标未达成人数    23.91%  17.39%  67.39%  52.90%
2022-05-25 17:29:48.496 | INFO     | src.get_info:operate_sheet:106 - 
 统计数据：static_data_all_odd
所有目标超过平均值人数    19.57%
所有目标均达成人数      21.74%
所有目标均未达成人数      7.97%
dtype: object
2022-05-25 17:30:38.403 | INFO     | __main__:<module>:15 - 
 权重矩阵：df_weight
课程目标达成情况评价报告  随堂测验    作业    实验    考试  达成度 （教师评价法）  达成度 （学生自评法）
考核方式                                                          
课程目标1         0.06  0.12   0.0  0.42          0.2          0.2
课程目标2         0.06   0.0  0.18  0.36          0.2          0.2
课程目标3         0.06  0.18   0.0  0.36          0.2          0.2
课程目标4         0.06  0.12  0.12   0.3          0.2          0.2
2022-05-25 17:30:38.852 | INFO     | src.get_info:operate_sheet:103 - 
 最终达成度：achieve
          课程目标1  课程目标2  课程目标3  课程目标4
66652645  0.634  0.920  0.628  0.771
66666664  0.725  0.636  0.864  0.861
66662208  0.543  0.663  0.492  0.604
66662209  0.750  0.951  0.636  0.805
66662210  0.743  0.845  0.804  0.815
...         ...    ...    ...    ...
66662332  0.836  0.871  0.648  0.604
66662333  0.730  0.709  0.564  0.618
66662334  0.752  0.846  0.600  0.656
66662335  0.828  0.821  0.592  0.701
平均值       0.752  0.800  0.658  0.697

[139 rows x 4 columns]
2022-05-25 17:30:38.868 | INFO     | src.get_info:operate_sheet:104 - 
 统计数据：static_final_data
考核方式         课程目标1  课程目标2  课程目标3  课程目标4
单项目标超过平均值人数     70   80.0   59.0   66.0
单项目标达成人数       105  114.0   45.0   65.0
单项目标未达成人数       33   24.0   93.0   73.0
所有目标超过平均值人数     27    NaN    NaN    NaN
所有目标均达成人数       30    NaN    NaN    NaN
所有目标均未达成人数      11    NaN    NaN    NaN
2022-05-25 17:30:38.868 | INFO     | src.get_info:operate_sheet:105 - 
 统计数据：static_data_single_odd
考核方式          课程目标1   课程目标2   课程目标3   课程目标4
单项目标超过平均值人数  50.72%  57.97%  42.75%  47.83%
单项目标达成人数     76.09%  82.61%  32.61%  47.10%
单项目标未达成人数    23.91%  17.39%  67.39%  52.90%
2022-05-25 17:30:38.868 | INFO     | src.get_info:operate_sheet:106 - 
 统计数据：static_data_all_odd
所有目标超过平均值人数    19.57%
所有目标均达成人数      21.74%
所有目标均未达成人数      7.97%
dtype: object
2022-05-25 17:59:57.649 | INFO     | __main__:<module>:15 - 
 权重矩阵：df_weight
课程目标达成情况评价报告  随堂测验    作业    实验    考试  达成度 （教师评价法）  达成度 （学生自评法）
考核方式                                                          
课程目标1         0.06  0.12   0.0  0.42          0.2          0.2
课程目标2         0.06   0.0  0.18  0.36          0.2          0.2
课程目标3         0.06  0.18   0.0  0.36          0.2          0.2
课程目标4         0.06  0.12  0.12   0.3          0.2          0.2
2022-05-25 17:59:58.087 | INFO     | src.get_info:operate_sheet:103 - 
 最终达成度：achieve
          课程目标1  课程目标2  课程目标3  课程目标4
66652645  0.634  0.920  0.628  0.771
66666664  0.725  0.636  0.864  0.861
66662208  0.543  0.663  0.492  0.604
66662209  0.750  0.951  0.636  0.805
66662210  0.743  0.845  0.804  0.815
...         ...    ...    ...    ...
66662332  0.836  0.871  0.648  0.604
66662333  0.730  0.709  0.564  0.618
66662334  0.752  0.846  0.600  0.656
66662335  0.828  0.821  0.592  0.701
平均值       0.752  0.800  0.658  0.697

[139 rows x 4 columns]
2022-05-25 17:59:58.087 | INFO     | src.get_info:operate_sheet:104 - 
 统计数据：static_final_data
考核方式         课程目标1  课程目标2  课程目标3  课程目标4
单项目标超过平均值人数     70   80.0   59.0   66.0
单项目标达成人数       105  114.0   45.0   65.0
单项目标未达成人数       33   24.0   93.0   73.0
所有目标超过平均值人数     27    NaN    NaN    NaN
所有目标均达成人数       30    NaN    NaN    NaN
所有目标均未达成人数      11    NaN    NaN    NaN
2022-05-25 17:59:58.102 | INFO     | src.get_info:operate_sheet:105 - 
 统计数据：static_data_single_odd
考核方式          课程目标1   课程目标2   课程目标3   课程目标4
单项目标超过平均值人数  50.72%  57.97%  42.75%  47.83%
单项目标达成人数     76.09%  82.61%  32.61%  47.10%
单项目标未达成人数    23.91%  17.39%  67.39%  52.90%
2022-05-25 17:59:58.102 | INFO     | src.get_info:operate_sheet:106 - 
 统计数据：static_data_all_odd
所有目标超过平均值人数    19.57%
所有目标均达成人数      21.74%
所有目标均未达成人数      7.97%
dtype: object
