2022-06-15 10:30:34.708 | INFO     | __main__:<module>:16 - 
 权重矩阵：df_weight
课程目标达成情况评价报告    报告   程序运行     答辩  教师评价  学生自评
考核方式                                        
课程目标1         0.32    0.0   0.32  0.16   0.2
课程目标2         0.32  0.192  0.128  0.16   0.2
课程目标3         0.32    0.0   0.32  0.16   0.2
课程目标4         0.32    0.0   0.32  0.16   0.2
2022-06-15 10:30:34.943 | INFO     | src.get_info:operate_sheet:107 - 
 最终达成度：achieve
          课程目标1  课程目标2  课程目标3  课程目标4
20150701  0.800  0.813  0.821  0.600
20152540  0.696  0.819  0.757  0.648
20162521  0.800  0.910  0.979  0.664
20162525  1.000  0.987  0.915  0.984
20162537  0.936  0.917  0.936  0.680
20162563  1.000  0.858  0.819  0.412
20172657  1.000  0.787  0.819  0.568
20172658  0.936  0.826  0.979  0.600
20172659  0.936  0.968  0.979  0.920
20172661  0.936  0.813  0.872  0.536
20172662  0.800  0.819  0.717  0.504
20172663  0.936  0.930  0.800  0.632
20172664  1.000  0.813  1.000  0.616
20172665  0.936  0.651  0.819  0.632
20172666  0.600  0.851  0.979  0.444
20172667  1.000  0.904  0.979  0.688
20172668  0.936  0.794  0.936  0.428
20172669  1.000  0.930  0.936  0.984
20172670  0.800  0.974  0.979  0.680
20172671  1.000  0.949  0.979  0.920
20172672  0.936  0.949  0.861  0.984
20172673  0.936  0.813  0.936  0.800
20172674  0.936  0.715  0.757  0.508
20172675  0.936  0.768  0.757  0.680
20172676  0.936  0.930  0.904  0.520
20172677  1.000  0.800  1.000  0.752
20172678  0.936  0.917  0.936  0.728
20172679  0.800  0.974  0.957  0.736
20172680  0.936  0.974  1.000  0.584
20172681  1.000  0.936  0.915  0.648
20172682  0.936  0.936  1.000  0.504
20172683  0.800  0.690  0.800  0.584
20172684  0.936  0.800  0.936  0.832
20172685  1.000  0.845  0.675  0.460
20172686  0.696  0.858  0.800  0.664
20172687  0.936  0.930  0.979  0.488
20172688  0.936  0.974  0.915  0.680
20172689  0.936  0.787  0.800  0.632
20172690  0.696  0.690  0.779  0.968
20172691  0.936  0.878  0.979  0.584
20172693  0.800  0.955  0.957  1.048
20172694  0.936  0.891  0.936  1.112
20172695  0.936  0.955  0.915  1.112
20172696  0.800  0.878  0.936  0.632
20172697  0.800  0.838  0.936  0.864
20162548  0.800  0.794  0.675  0.960
20162573  0.600  0.747  0.800  0.824
20172698  0.936  0.904  0.800  0.784
20172699  0.600  0.722  0.821  0.784
20172700  0.936  0.832  0.800  0.968
20172701  1.000  0.974  0.957  0.568
20172702  0.936  0.962  0.915  0.952
20172703  0.936  0.870  0.861  0.444
20172704  0.936  0.968  0.979  0.984
20172705  1.000  0.762  0.779  0.520
20172706  0.936  0.794  0.675  0.752
20172707  0.600  0.819  0.736  0.944
20172708  1.000  0.987  0.936  0.968
20172709  0.936  0.904  0.979  0.640
20172710  0.936  0.891  1.000  0.984
20172711  0.936  0.936  0.957  0.632
20172712  0.800  0.813  1.000  0.252
20172713  0.936  0.936  0.957  0.632
20172714  0.936  0.690  0.872  0.696
20172716  0.936  0.806  1.000  0.680
20172717  0.800  0.955  0.861  1.112
20172719  0.800  0.773  0.675  0.460
20172720  0.936  0.974  0.904  0.632
20172721  1.000  0.800  0.936  0.800
20172722  0.936  0.800  1.000  0.864
20172723  1.000  0.826  1.000  0.736
20172724  0.936  0.826  0.979  0.720
20172725  1.000  0.930  0.904  0.632
20172726  0.936  0.987  0.936  0.984
20172727  0.936  0.885  0.979  0.680
20172728  0.800  0.930  1.000  0.584
20172729  0.800  0.878  0.915  0.680
20172730  0.936  0.994  0.979  0.936
20172731  0.936  0.826  0.936  0.784
20172732  1.000  0.838  0.979  0.688
20172733  0.936  0.800  0.957  0.768
20172734  1.000  0.930  0.979  0.920
20172735  1.000  0.910  0.861  0.736
20172736  0.800  0.838  0.736  0.552
20172737  0.800  0.885  0.936  0.776
20172738  0.696  0.762  0.843  0.616
20172739  0.936  0.858  0.800  0.848
平均值       0.897  0.866  0.896  0.721
2022-06-15 10:30:34.943 | INFO     | src.get_info:operate_sheet:108 - 
 统计数据：static_final_data
考核方式         课程目标1  课程目标2  课程目标3  课程目标4
单项目标超过平均值人数     62   44.0   55.0   38.0
单项目标达成人数        79   83.0   83.0   39.0
单项目标未达成人数        8    4.0    4.0   48.0
所有目标超过平均值人数     14    NaN    NaN    NaN
所有目标均达成人数       33    NaN    NaN    NaN
所有目标均未达成人数       0    NaN    NaN    NaN
2022-06-15 10:30:34.943 | INFO     | src.get_info:operate_sheet:109 - 
 统计数据：static_data_single_odd
考核方式          课程目标1   课程目标2   课程目标3   课程目标4
单项目标超过平均值人数  71.26%  50.57%  63.22%  43.68%
单项目标达成人数     90.80%  95.40%  95.40%  44.83%
单项目标未达成人数     9.20%   4.60%   4.60%  55.17%
2022-06-15 10:30:34.943 | INFO     | src.get_info:operate_sheet:110 - 
 统计数据：static_data_all_odd
所有目标超过平均值人数    16.09%
所有目标均达成人数      37.93%
所有目标均未达成人数      0.00%
dtype: object
2022-06-15 11:10:20.086 | INFO     | __main__:<module>:16 - 
 权重矩阵：df_weight
课程目标达成情况评价报告    报告   程序运行     答辩  教师评价  学生自评
考核方式                                        
课程目标1         0.32    0.0   0.32  0.16   0.2
课程目标2         0.32  0.192  0.128  0.16   0.2
课程目标3         0.32    0.0   0.32  0.16   0.2
课程目标4         0.32    0.0   0.32  0.16   0.2
2022-06-15 11:10:20.305 | INFO     | src.get_info:operate_sheet:107 - 
 最终达成度：achieve
          课程目标1  课程目标2  课程目标3  课程目标4
20150701  0.800  0.813  0.821  0.600
20152540  0.696  0.819  0.757  0.648
20162521  0.800  0.910  0.979  0.664
20162525  1.000  0.987  0.915  0.984
20162537  0.936  0.917  0.936  0.680
20162563  1.000  0.858  0.819  0.412
20172657  1.000  0.787  0.819  0.568
20172658  0.936  0.826  0.979  0.600
20172659  0.936  0.968  0.979  0.920
20172661  0.936  0.813  0.872  0.536
20172662  0.800  0.819  0.717  0.504
20172663  0.936  0.930  0.800  0.632
20172664  1.000  0.813  1.000  0.616
20172665  0.936  0.651  0.819  0.632
20172666  0.600  0.851  0.979  0.444
20172667  1.000  0.904  0.979  0.688
20172668  0.936  0.794  0.936  0.428
20172669  1.000  0.930  0.936  0.984
20172670  0.800  0.974  0.979  0.680
20172671  1.000  0.949  0.979  0.920
20172672  0.936  0.949  0.861  0.984
20172673  0.936  0.813  0.936  0.800
20172674  0.936  0.715  0.757  0.508
20172675  0.936  0.768  0.757  0.680
20172676  0.936  0.930  0.904  0.520
20172677  1.000  0.800  1.000  0.752
20172678  0.936  0.917  0.936  0.728
20172679  0.800  0.974  0.957  0.736
20172680  0.936  0.974  1.000  0.584
20172681  1.000  0.936  0.915  0.648
20172682  0.936  0.936  1.000  0.504
20172683  0.800  0.690  0.800  0.584
20172684  0.936  0.800  0.936  0.832
20172685  1.000  0.845  0.675  0.460
20172686  0.696  0.858  0.800  0.664
20172687  0.936  0.930  0.979  0.488
20172688  0.936  0.974  0.915  0.680
20172689  0.936  0.787  0.800  0.632
20172690  0.696  0.690  0.779  0.968
20172691  0.936  0.878  0.979  0.584
20172693  0.800  0.955  0.957  1.048
20172694  0.936  0.891  0.936  1.112
20172695  0.936  0.955  0.915  1.112
20172696  0.800  0.878  0.936  0.632
20172697  0.800  0.838  0.936  0.864
20162548  0.800  0.794  0.675  0.960
20162573  0.600  0.747  0.800  0.824
20172698  0.936  0.904  0.800  0.784
20172699  0.600  0.722  0.821  0.784
20172700  0.936  0.832  0.800  0.968
20172701  1.000  0.974  0.957  0.568
20172702  0.936  0.962  0.915  0.952
20172703  0.936  0.870  0.861  0.444
20172704  0.936  0.968  0.979  0.984
20172705  1.000  0.762  0.779  0.520
20172706  0.936  0.794  0.675  0.752
20172707  0.600  0.819  0.736  0.944
20172708  1.000  0.987  0.936  0.968
20172709  0.936  0.904  0.979  0.640
20172710  0.936  0.891  1.000  0.984
20172711  0.936  0.936  0.957  0.632
20172712  0.800  0.813  1.000  0.252
20172713  0.936  0.936  0.957  0.632
20172714  0.936  0.690  0.872  0.696
20172716  0.936  0.806  1.000  0.680
20172717  0.800  0.955  0.861  1.112
20172719  0.800  0.773  0.675  0.460
20172720  0.936  0.974  0.904  0.632
20172721  1.000  0.800  0.936  0.800
20172722  0.936  0.800  1.000  0.864
20172723  1.000  0.826  1.000  0.736
20172724  0.936  0.826  0.979  0.720
20172725  1.000  0.930  0.904  0.632
20172726  0.936  0.987  0.936  0.984
20172727  0.936  0.885  0.979  0.680
20172728  0.800  0.930  1.000  0.584
20172729  0.800  0.878  0.915  0.680
20172730  0.936  0.994  0.979  0.936
20172731  0.936  0.826  0.936  0.784
20172732  1.000  0.838  0.979  0.688
20172733  0.936  0.800  0.957  0.768
20172734  1.000  0.930  0.979  0.920
20172735  1.000  0.910  0.861  0.736
20172736  0.800  0.838  0.736  0.552
20172737  0.800  0.885  0.936  0.776
20172738  0.696  0.762  0.843  0.616
20172739  0.936  0.858  0.800  0.848
平均值       0.897  0.866  0.896  0.721
2022-06-15 11:10:20.320 | INFO     | src.get_info:operate_sheet:108 - 
 统计数据：static_final_data
考核方式         课程目标1  课程目标2  课程目标3  课程目标4
单项目标超过平均值人数     62   44.0   55.0   38.0
单项目标达成人数        79   83.0   83.0   39.0
单项目标未达成人数        8    4.0    4.0   48.0
所有目标超过平均值人数     14    NaN    NaN    NaN
所有目标均达成人数       33    NaN    NaN    NaN
所有目标均未达成人数       0    NaN    NaN    NaN
2022-06-15 11:10:20.320 | INFO     | src.get_info:operate_sheet:109 - 
 统计数据：static_data_single_odd
考核方式          课程目标1   课程目标2   课程目标3   课程目标4
单项目标超过平均值人数  71.26%  50.57%  63.22%  43.68%
单项目标达成人数     90.80%  95.40%  95.40%  44.83%
单项目标未达成人数     9.20%   4.60%   4.60%  55.17%
2022-06-15 11:10:20.320 | INFO     | src.get_info:operate_sheet:110 - 
 统计数据：static_data_all_odd
所有目标超过平均值人数    16.09%
所有目标均达成人数      37.93%
所有目标均未达成人数      0.00%
dtype: object
