2022-06-13 10:29:21.697 | INFO     | __main__:<module>:15 - 
 权重矩阵：df_weight
课程目标达成情况评价报告    作业    报告  教师评价  学生自评
考核方式                                
课程目标1         0.64  0.00  0.16   0.2
课程目标2         0.64  0.00  0.16   0.2
课程目标3         0.64  0.00  0.16   0.2
课程目标4         0.64  0.00  0.16   0.2
课程目标5         0.00  0.64  0.16   0.2
2022-06-13 10:29:21.875 | INFO     | src.get_info:operate_sheet:107 - 
 最终达成度：achieve
          课程目标1  课程目标2  课程目标3  课程目标4  课程目标5
20152516  1.000  0.821  0.768  0.786  0.319
20162503  1.000  0.861  0.848  0.643  0.495
20162504  0.581  1.000  1.000  0.897  0.636
20162505  1.000  0.861  0.848  0.572  0.572
20162506  0.581  0.893  0.928  0.897  0.628
20162507  0.705  0.861  0.848  0.786  0.485
20162508  0.581  0.968  0.920  0.897  0.600
20162509  0.705  0.893  0.928  0.786  0.581
20162511  0.876  0.821  0.768  0.897  0.781
20162512  0.876  0.861  0.848  0.897  0.696
20162513  1.000  0.821  0.768  0.643  0.319
20162514  1.000  0.821  0.768  0.786  0.428
20162515  0.876  0.787  0.856  0.643  0.485
20162516  0.876  0.861  0.848  0.643  0.428
20162517  1.000  0.861  0.848  0.786  0.705
20162518  0.705  0.893  0.928  0.643  0.504
20162519  1.000  0.787  0.856  0.643  0.319
20162520  0.876  0.861  0.848  0.786  0.628
20162522  0.876  0.861  0.848  0.643  0.572
20162523  0.876  0.893  0.928  0.786  0.781
20162524  1.000  0.755  0.776  0.786  0.328
20162526  1.000  0.755  0.776  0.643  0.504
20162527  0.876  0.861  0.848  0.786  0.495
20162528  1.000  0.755  0.776  0.786  0.495
20162529  0.876  0.861  0.848  0.897  0.705
20162530  1.000  0.755  0.776  0.786  0.581
20162531  0.876  0.968  0.920  0.786  0.600
20162532  1.000  0.893  0.928  0.786  0.645
20162533  0.705  0.893  0.928  0.897  0.705
20162534  0.876  0.928  0.840  0.786  0.581
20162536  1.000  0.893  0.928  0.643  0.828
20162538  0.876  0.968  0.920  0.643  0.319
20162539  0.876  0.893  0.928  0.572  0.319
20162540  0.705  0.856  0.760  0.897  0.485
20162541  1.000  0.821  0.768  0.786  0.705
20162542  0.876  0.755  0.776  0.786  0.485
20162543  0.705  1.000  1.000  0.786  0.781
20162544  0.876  0.968  0.920  0.643  0.428
20162525  1.000  0.861  0.848  0.786  0.705
20162521  0.705  0.893  0.928  0.643  0.504
20162537  0.876  0.968  0.920  0.643  0.428
20162535  0.705  0.893  0.928  0.643  0.495
20162545  0.876  0.787  0.856  0.643  0.485
20162546  1.000  0.861  0.848  0.786  0.828
20162547  1.000  0.787  0.856  0.786  0.636
20162549  0.705  0.893  0.928  0.786  0.628
20162550  0.876  0.861  0.848  0.786  0.581
20162551  1.000  0.861  0.848  0.786  0.800
20162552  0.705  0.893  0.928  0.897  0.781
20162553  1.000  0.715  0.696  0.786  0.591
20162554  0.876  0.861  0.848  0.786  0.645
20162555  0.705  0.893  0.928  0.643  0.619
20162556  0.876  0.861  0.848  0.786  0.495
20162557  0.876  0.928  0.840  0.786  0.319
20162558  0.876  0.893  0.928  0.786  0.485
20162559  1.000  0.861  0.848  0.572  0.319
20162560  1.000  0.893  0.928  0.643  0.609
20162561  0.876  0.928  0.840  0.786  0.428
20162562  0.876  0.928  0.840  0.786  0.428
20162564  0.876  0.821  0.768  0.897  0.319
20162566  1.000  0.755  0.776  0.643  0.319
20162567  0.705  0.928  0.840  0.897  0.581
20162568  0.705  0.893  0.928  0.786  0.328
20162569  0.876  0.928  0.840  0.897  0.828
20162570  1.000  0.755  0.776  0.786  0.581
20162571  0.876  0.928  0.840  0.897  0.572
20162572  0.705  0.893  0.928  0.786  0.309
20162574  1.000  0.755  0.776  0.643  0.328
20162575  1.000  0.755  0.776  0.786  0.495
20162576  1.000  0.715  0.696  0.786  0.485
20162577  0.705  0.893  0.928  0.786  0.628
20162578  0.876  0.928  0.840  0.897  0.600
20162579  1.000  0.755  0.776  0.643  0.485
20162580  1.000  0.755  0.776  0.786  0.495
20162581  1.000  0.755  0.776  0.786  0.428
20162582  0.876  0.928  0.840  0.897  0.828
20162583  0.705  0.928  0.840  0.897  0.609
20162584  0.705  0.893  0.928  0.786  0.705
20162585  0.705  1.000  1.000  0.643  0.581
20162548  0.876  0.821  0.768  0.897  0.955
20162573  1.000  0.755  0.776  0.643  0.336
20162563  0.876  0.861  0.848  0.786  0.581
平均值       0.873  0.861  0.853  0.763  0.550
2022-06-13 10:29:21.882 | INFO     | src.get_info:operate_sheet:108 - 
 统计数据：static_final_data
考核方式         课程目标1  课程目标2  课程目标3  课程目标4  课程目标5
单项目标超过平均值人数     61   55.0   31.0   57.0   43.0
单项目标达成人数        79   82.0   80.0   57.0   16.0
单项目标未达成人数        3    0.0    2.0   25.0   66.0
所有目标超过平均值人数      3    NaN    NaN    NaN    NaN
所有目标均达成人数       15    NaN    NaN    NaN    NaN
所有目标均未达成人数       0    NaN    NaN    NaN    NaN
2022-06-13 10:29:21.884 | INFO     | src.get_info:operate_sheet:109 - 
 统计数据：static_data_single_odd
考核方式          课程目标1    课程目标2   课程目标3   课程目标4   课程目标5
单项目标超过平均值人数  74.39%   67.07%  37.80%  69.51%  52.44%
单项目标达成人数     96.34%  100.00%  97.56%  69.51%  19.51%
单项目标未达成人数     3.66%    0.00%   2.44%  30.49%  80.49%
2022-06-13 10:29:21.885 | INFO     | src.get_info:operate_sheet:110 - 
 统计数据：static_data_all_odd
所有目标超过平均值人数     3.66%
所有目标均达成人数      18.29%
所有目标均未达成人数      0.00%
dtype: object
2022-06-13 10:31:35.593 | INFO     | __main__:<module>:15 - 
 权重矩阵：df_weight
课程目标达成情况评价报告    作业    报告  教师评价  学生自评
考核方式                                
课程目标1         0.64  0.00  0.16   0.2
课程目标2         0.64  0.00  0.16   0.2
课程目标3         0.64  0.00  0.16   0.2
课程目标4         0.64  0.00  0.16   0.2
课程目标5         0.00  0.64  0.16   0.2
2022-06-13 10:31:35.770 | INFO     | src.get_info:operate_sheet:107 - 
 最终达成度：achieve
          课程目标1  课程目标2  课程目标3  课程目标4  课程目标5
20152516  1.000  0.821  0.768  0.786  0.319
20162503  1.000  0.861  0.848  0.643  0.495
20162504  0.581  1.000  1.000  0.897  0.636
20162505  1.000  0.861  0.848  0.572  0.572
20162506  0.581  0.893  0.928  0.897  0.628
20162507  0.705  0.861  0.848  0.786  0.485
20162508  0.581  0.968  0.920  0.897  0.600
20162509  0.705  0.893  0.928  0.786  0.581
20162511  0.876  0.821  0.768  0.897  0.781
20162512  0.876  0.861  0.848  0.897  0.696
20162513  1.000  0.821  0.768  0.643  0.319
20162514  1.000  0.821  0.768  0.786  0.428
20162515  0.876  0.787  0.856  0.643  0.485
20162516  0.876  0.861  0.848  0.643  0.428
20162517  1.000  0.861  0.848  0.786  0.705
20162518  0.705  0.893  0.928  0.643  0.504
20162519  1.000  0.787  0.856  0.643  0.319
20162520  0.876  0.861  0.848  0.786  0.628
20162522  0.876  0.861  0.848  0.643  0.572
20162523  0.876  0.893  0.928  0.786  0.781
20162524  1.000  0.755  0.776  0.786  0.328
20162526  1.000  0.755  0.776  0.643  0.504
20162527  0.876  0.861  0.848  0.786  0.495
20162528  1.000  0.755  0.776  0.786  0.495
20162529  0.876  0.861  0.848  0.897  0.705
20162530  1.000  0.755  0.776  0.786  0.581
20162531  0.876  0.968  0.920  0.786  0.600
20162532  1.000  0.893  0.928  0.786  0.645
20162533  0.705  0.893  0.928  0.897  0.705
20162534  0.876  0.928  0.840  0.786  0.581
20162536  1.000  0.893  0.928  0.643  0.828
20162538  0.876  0.968  0.920  0.643  0.319
20162539  0.876  0.893  0.928  0.572  0.319
20162540  0.705  0.856  0.760  0.897  0.485
20162541  1.000  0.821  0.768  0.786  0.705
20162542  0.876  0.755  0.776  0.786  0.485
20162543  0.705  1.000  1.000  0.786  0.781
20162544  0.876  0.968  0.920  0.643  0.428
20162525  1.000  0.861  0.848  0.786  0.705
20162521  0.705  0.893  0.928  0.643  0.504
20162537  0.876  0.968  0.920  0.643  0.428
20162535  0.705  0.893  0.928  0.643  0.495
20162545  0.876  0.787  0.856  0.643  0.485
20162546  1.000  0.861  0.848  0.786  0.828
20162547  1.000  0.787  0.856  0.786  0.636
20162549  0.705  0.893  0.928  0.786  0.628
20162550  0.876  0.861  0.848  0.786  0.581
20162551  1.000  0.861  0.848  0.786  0.800
20162552  0.705  0.893  0.928  0.897  0.781
20162553  1.000  0.715  0.696  0.786  0.591
20162554  0.876  0.861  0.848  0.786  0.645
20162555  0.705  0.893  0.928  0.643  0.619
20162556  0.876  0.861  0.848  0.786  0.495
20162557  0.876  0.928  0.840  0.786  0.319
20162558  0.876  0.893  0.928  0.786  0.485
20162559  1.000  0.861  0.848  0.572  0.319
20162560  1.000  0.893  0.928  0.643  0.609
20162561  0.876  0.928  0.840  0.786  0.428
20162562  0.876  0.928  0.840  0.786  0.428
20162564  0.876  0.821  0.768  0.897  0.319
20162566  1.000  0.755  0.776  0.643  0.319
20162567  0.705  0.928  0.840  0.897  0.581
20162568  0.705  0.893  0.928  0.786  0.328
20162569  0.876  0.928  0.840  0.897  0.828
20162570  1.000  0.755  0.776  0.786  0.581
20162571  0.876  0.928  0.840  0.897  0.572
20162572  0.705  0.893  0.928  0.786  0.309
20162574  1.000  0.755  0.776  0.643  0.328
20162575  1.000  0.755  0.776  0.786  0.495
20162576  1.000  0.715  0.696  0.786  0.485
20162577  0.705  0.893  0.928  0.786  0.628
20162578  0.876  0.928  0.840  0.897  0.600
20162579  1.000  0.755  0.776  0.643  0.485
20162580  1.000  0.755  0.776  0.786  0.495
20162581  1.000  0.755  0.776  0.786  0.428
20162582  0.876  0.928  0.840  0.897  0.828
20162583  0.705  0.928  0.840  0.897  0.609
20162584  0.705  0.893  0.928  0.786  0.705
20162585  0.705  1.000  1.000  0.643  0.581
20162548  0.876  0.821  0.768  0.897  0.955
20162573  1.000  0.755  0.776  0.643  0.336
20162563  0.876  0.861  0.848  0.786  0.581
平均值       0.873  0.861  0.853  0.763  0.550
2022-06-13 10:31:35.777 | INFO     | src.get_info:operate_sheet:108 - 
 统计数据：static_final_data
考核方式         课程目标1  课程目标2  课程目标3  课程目标4  课程目标5
单项目标超过平均值人数     61   55.0   31.0   57.0   43.0
单项目标达成人数        79   82.0   80.0   57.0   16.0
单项目标未达成人数        3    0.0    2.0   25.0   66.0
所有目标超过平均值人数      3    NaN    NaN    NaN    NaN
所有目标均达成人数       15    NaN    NaN    NaN    NaN
所有目标均未达成人数       0    NaN    NaN    NaN    NaN
2022-06-13 10:31:35.779 | INFO     | src.get_info:operate_sheet:109 - 
 统计数据：static_data_single_odd
考核方式          课程目标1    课程目标2   课程目标3   课程目标4   课程目标5
单项目标超过平均值人数  74.39%   67.07%  37.80%  69.51%  52.44%
单项目标达成人数     96.34%  100.00%  97.56%  69.51%  19.51%
单项目标未达成人数     3.66%    0.00%   2.44%  30.49%  80.49%
2022-06-13 10:31:35.780 | INFO     | src.get_info:operate_sheet:110 - 
 统计数据：static_data_all_odd
所有目标超过平均值人数     3.66%
所有目标均达成人数      18.29%
所有目标均未达成人数      0.00%
dtype: object
2022-06-13 10:32:38.962 | INFO     | __main__:<module>:15 - 
 权重矩阵：df_weight
课程目标达成情况评价报告    作业    报告  教师评价  学生自评
考核方式                                
课程目标1         0.64  0.00  0.16   0.2
课程目标2         0.64  0.00  0.16   0.2
课程目标3         0.64  0.00  0.16   0.2
课程目标4         0.64  0.00  0.16   0.2
课程目标5         0.00  0.64  0.16   0.2
2022-06-13 10:32:39.142 | INFO     | src.get_info:operate_sheet:107 - 
 最终达成度：achieve
          课程目标1  课程目标2  课程目标3  课程目标4  课程目标5
20152516  1.000  0.821  0.768  0.786  0.319
20162503  1.000  0.861  0.848  0.643  0.495
20162504  0.581  1.000  1.000  0.897  0.636
20162505  1.000  0.861  0.848  0.572  0.572
20162506  0.581  0.893  0.928  0.897  0.628
20162507  0.705  0.861  0.848  0.786  0.485
20162508  0.581  0.968  0.920  0.897  0.600
20162509  0.705  0.893  0.928  0.786  0.581
20162511  0.876  0.821  0.768  0.897  0.781
20162512  0.876  0.861  0.848  0.897  0.696
20162513  1.000  0.821  0.768  0.643  0.319
20162514  1.000  0.821  0.768  0.786  0.428
20162515  0.876  0.787  0.856  0.643  0.485
20162516  0.876  0.861  0.848  0.643  0.428
20162517  1.000  0.861  0.848  0.786  0.705
20162518  0.705  0.893  0.928  0.643  0.504
20162519  1.000  0.787  0.856  0.643  0.319
20162520  0.876  0.861  0.848  0.786  0.628
20162522  0.876  0.861  0.848  0.643  0.572
20162523  0.876  0.893  0.928  0.786  0.781
20162524  1.000  0.755  0.776  0.786  0.328
20162526  1.000  0.755  0.776  0.643  0.504
20162527  0.876  0.861  0.848  0.786  0.495
20162528  1.000  0.755  0.776  0.786  0.495
20162529  0.876  0.861  0.848  0.897  0.705
20162530  1.000  0.755  0.776  0.786  0.581
20162531  0.876  0.968  0.920  0.786  0.600
20162532  1.000  0.893  0.928  0.786  0.645
20162533  0.705  0.893  0.928  0.897  0.705
20162534  0.876  0.928  0.840  0.786  0.581
20162536  1.000  0.893  0.928  0.643  0.828
20162538  0.876  0.968  0.920  0.643  0.319
20162539  0.876  0.893  0.928  0.572  0.319
20162540  0.705  0.856  0.760  0.897  0.485
20162541  1.000  0.821  0.768  0.786  0.705
20162542  0.876  0.755  0.776  0.786  0.485
20162543  0.705  1.000  1.000  0.786  0.781
20162544  0.876  0.968  0.920  0.643  0.428
20162525  1.000  0.861  0.848  0.786  0.705
20162521  0.705  0.893  0.928  0.643  0.504
20162537  0.876  0.968  0.920  0.643  0.428
20162535  0.705  0.893  0.928  0.643  0.495
20162545  0.876  0.787  0.856  0.643  0.485
20162546  1.000  0.861  0.848  0.786  0.828
20162547  1.000  0.787  0.856  0.786  0.636
20162549  0.705  0.893  0.928  0.786  0.628
20162550  0.876  0.861  0.848  0.786  0.581
20162551  1.000  0.861  0.848  0.786  0.800
20162552  0.705  0.893  0.928  0.897  0.781
20162553  1.000  0.715  0.696  0.786  0.591
20162554  0.876  0.861  0.848  0.786  0.645
20162555  0.705  0.893  0.928  0.643  0.619
20162556  0.876  0.861  0.848  0.786  0.495
20162557  0.876  0.928  0.840  0.786  0.319
20162558  0.876  0.893  0.928  0.786  0.485
20162559  1.000  0.861  0.848  0.572  0.319
20162560  1.000  0.893  0.928  0.643  0.609
20162561  0.876  0.928  0.840  0.786  0.428
20162562  0.876  0.928  0.840  0.786  0.428
20162564  0.876  0.821  0.768  0.897  0.319
20162566  1.000  0.755  0.776  0.643  0.319
20162567  0.705  0.928  0.840  0.897  0.581
20162568  0.705  0.893  0.928  0.786  0.328
20162569  0.876  0.928  0.840  0.897  0.828
20162570  1.000  0.755  0.776  0.786  0.581
20162571  0.876  0.928  0.840  0.897  0.572
20162572  0.705  0.893  0.928  0.786  0.309
20162574  1.000  0.755  0.776  0.643  0.328
20162575  1.000  0.755  0.776  0.786  0.495
20162576  1.000  0.715  0.696  0.786  0.485
20162577  0.705  0.893  0.928  0.786  0.628
20162578  0.876  0.928  0.840  0.897  0.600
20162579  1.000  0.755  0.776  0.643  0.485
20162580  1.000  0.755  0.776  0.786  0.495
20162581  1.000  0.755  0.776  0.786  0.428
20162582  0.876  0.928  0.840  0.897  0.828
20162583  0.705  0.928  0.840  0.897  0.609
20162584  0.705  0.893  0.928  0.786  0.705
20162585  0.705  1.000  1.000  0.643  0.581
20162548  0.876  0.821  0.768  0.897  0.955
20162573  1.000  0.755  0.776  0.643  0.336
20162563  0.876  0.861  0.848  0.786  0.581
平均值       0.873  0.861  0.853  0.763  0.550
2022-06-13 10:32:39.149 | INFO     | src.get_info:operate_sheet:108 - 
 统计数据：static_final_data
考核方式         课程目标1  课程目标2  课程目标3  课程目标4  课程目标5
单项目标超过平均值人数     61   55.0   31.0   57.0   43.0
单项目标达成人数        79   82.0   80.0   57.0   16.0
单项目标未达成人数        3    0.0    2.0   25.0   66.0
所有目标超过平均值人数      3    NaN    NaN    NaN    NaN
所有目标均达成人数       15    NaN    NaN    NaN    NaN
所有目标均未达成人数       0    NaN    NaN    NaN    NaN
2022-06-13 10:32:39.151 | INFO     | src.get_info:operate_sheet:109 - 
 统计数据：static_data_single_odd
考核方式          课程目标1    课程目标2   课程目标3   课程目标4   课程目标5
单项目标超过平均值人数  74.39%   67.07%  37.80%  69.51%  52.44%
单项目标达成人数     96.34%  100.00%  97.56%  69.51%  19.51%
单项目标未达成人数     3.66%    0.00%   2.44%  30.49%  80.49%
2022-06-13 10:32:39.152 | INFO     | src.get_info:operate_sheet:110 - 
 统计数据：static_data_all_odd
所有目标超过平均值人数     3.66%
所有目标均达成人数      18.29%
所有目标均未达成人数      0.00%
dtype: object
2022-06-13 10:33:03.059 | INFO     | __main__:<module>:15 - 
 权重矩阵：df_weight
课程目标达成情况评价报告    作业    报告  教师评价  学生自评
考核方式                                
课程目标1         0.64  0.00  0.16   0.2
课程目标2         0.64  0.00  0.16   0.2
课程目标3         0.64  0.00  0.16   0.2
课程目标4         0.64  0.00  0.16   0.2
课程目标5         0.00  0.64  0.16   0.2
2022-06-13 10:33:03.237 | INFO     | src.get_info:operate_sheet:107 - 
 最终达成度：achieve
          课程目标1  课程目标2  课程目标3  课程目标4  课程目标5
20152516  1.000  0.821  0.768  0.786  0.319
20162503  1.000  0.861  0.848  0.643  0.495
20162504  0.581  1.000  1.000  0.897  0.636
20162505  1.000  0.861  0.848  0.572  0.572
20162506  0.581  0.893  0.928  0.897  0.628
20162507  0.705  0.861  0.848  0.786  0.485
20162508  0.581  0.968  0.920  0.897  0.600
20162509  0.705  0.893  0.928  0.786  0.581
20162511  0.876  0.821  0.768  0.897  0.781
20162512  0.876  0.861  0.848  0.897  0.696
20162513  1.000  0.821  0.768  0.643  0.319
20162514  1.000  0.821  0.768  0.786  0.428
20162515  0.876  0.787  0.856  0.643  0.485
20162516  0.876  0.861  0.848  0.643  0.428
20162517  1.000  0.861  0.848  0.786  0.705
20162518  0.705  0.893  0.928  0.643  0.504
20162519  1.000  0.787  0.856  0.643  0.319
20162520  0.876  0.861  0.848  0.786  0.628
20162522  0.876  0.861  0.848  0.643  0.572
20162523  0.876  0.893  0.928  0.786  0.781
20162524  1.000  0.755  0.776  0.786  0.328
20162526  1.000  0.755  0.776  0.643  0.504
20162527  0.876  0.861  0.848  0.786  0.495
20162528  1.000  0.755  0.776  0.786  0.495
20162529  0.876  0.861  0.848  0.897  0.705
20162530  1.000  0.755  0.776  0.786  0.581
20162531  0.876  0.968  0.920  0.786  0.600
20162532  1.000  0.893  0.928  0.786  0.645
20162533  0.705  0.893  0.928  0.897  0.705
20162534  0.876  0.928  0.840  0.786  0.581
20162536  1.000  0.893  0.928  0.643  0.828
20162538  0.876  0.968  0.920  0.643  0.319
20162539  0.876  0.893  0.928  0.572  0.319
20162540  0.705  0.856  0.760  0.897  0.485
20162541  1.000  0.821  0.768  0.786  0.705
20162542  0.876  0.755  0.776  0.786  0.485
20162543  0.705  1.000  1.000  0.786  0.781
20162544  0.876  0.968  0.920  0.643  0.428
20162525  1.000  0.861  0.848  0.786  0.705
20162521  0.705  0.893  0.928  0.643  0.504
20162537  0.876  0.968  0.920  0.643  0.428
20162535  0.705  0.893  0.928  0.643  0.495
20162545  0.876  0.787  0.856  0.643  0.485
20162546  1.000  0.861  0.848  0.786  0.828
20162547  1.000  0.787  0.856  0.786  0.636
20162549  0.705  0.893  0.928  0.786  0.628
20162550  0.876  0.861  0.848  0.786  0.581
20162551  1.000  0.861  0.848  0.786  0.800
20162552  0.705  0.893  0.928  0.897  0.781
20162553  1.000  0.715  0.696  0.786  0.591
20162554  0.876  0.861  0.848  0.786  0.645
20162555  0.705  0.893  0.928  0.643  0.619
20162556  0.876  0.861  0.848  0.786  0.495
20162557  0.876  0.928  0.840  0.786  0.319
20162558  0.876  0.893  0.928  0.786  0.485
20162559  1.000  0.861  0.848  0.572  0.319
20162560  1.000  0.893  0.928  0.643  0.609
20162561  0.876  0.928  0.840  0.786  0.428
20162562  0.876  0.928  0.840  0.786  0.428
20162564  0.876  0.821  0.768  0.897  0.319
20162566  1.000  0.755  0.776  0.643  0.319
20162567  0.705  0.928  0.840  0.897  0.581
20162568  0.705  0.893  0.928  0.786  0.328
20162569  0.876  0.928  0.840  0.897  0.828
20162570  1.000  0.755  0.776  0.786  0.581
20162571  0.876  0.928  0.840  0.897  0.572
20162572  0.705  0.893  0.928  0.786  0.309
20162574  1.000  0.755  0.776  0.643  0.328
20162575  1.000  0.755  0.776  0.786  0.495
20162576  1.000  0.715  0.696  0.786  0.485
20162577  0.705  0.893  0.928  0.786  0.628
20162578  0.876  0.928  0.840  0.897  0.600
20162579  1.000  0.755  0.776  0.643  0.485
20162580  1.000  0.755  0.776  0.786  0.495
20162581  1.000  0.755  0.776  0.786  0.428
20162582  0.876  0.928  0.840  0.897  0.828
20162583  0.705  0.928  0.840  0.897  0.609
20162584  0.705  0.893  0.928  0.786  0.705
20162585  0.705  1.000  1.000  0.643  0.581
20162548  0.876  0.821  0.768  0.897  0.955
20162573  1.000  0.755  0.776  0.643  0.336
20162563  0.876  0.861  0.848  0.786  0.581
平均值       0.873  0.861  0.853  0.763  0.550
2022-06-13 10:33:03.244 | INFO     | src.get_info:operate_sheet:108 - 
 统计数据：static_final_data
考核方式         课程目标1  课程目标2  课程目标3  课程目标4  课程目标5
单项目标超过平均值人数     61   55.0   31.0   57.0   43.0
单项目标达成人数        79   82.0   80.0   57.0   16.0
单项目标未达成人数        3    0.0    2.0   25.0   66.0
所有目标超过平均值人数      3    NaN    NaN    NaN    NaN
所有目标均达成人数       15    NaN    NaN    NaN    NaN
所有目标均未达成人数       0    NaN    NaN    NaN    NaN
2022-06-13 10:33:03.246 | INFO     | src.get_info:operate_sheet:109 - 
 统计数据：static_data_single_odd
考核方式          课程目标1    课程目标2   课程目标3   课程目标4   课程目标5
单项目标超过平均值人数  74.39%   67.07%  37.80%  69.51%  52.44%
单项目标达成人数     96.34%  100.00%  97.56%  69.51%  19.51%
单项目标未达成人数     3.66%    0.00%   2.44%  30.49%  80.49%
2022-06-13 10:33:03.247 | INFO     | src.get_info:operate_sheet:110 - 
 统计数据：static_data_all_odd
所有目标超过平均值人数     3.66%
所有目标均达成人数      18.29%
所有目标均未达成人数      0.00%
dtype: object
2022-06-13 10:33:58.410 | INFO     | __main__:<module>:15 - 
 权重矩阵：df_weight
课程目标达成情况评价报告    作业    报告  教师评价  学生自评
考核方式                                
课程目标1         0.64  0.00  0.16   0.2
课程目标2         0.64  0.00  0.16   0.2
课程目标3         0.64  0.00  0.16   0.2
课程目标4         0.64  0.00  0.16   0.2
课程目标5         0.00  0.64  0.16   0.2
2022-06-13 10:33:58.586 | INFO     | src.get_info:operate_sheet:107 - 
 最终达成度：achieve
          课程目标1  课程目标2  课程目标3  课程目标4  课程目标5
20152516  1.000  0.821  0.768  0.786  0.319
20162503  1.000  0.861  0.848  0.643  0.495
20162504  0.581  1.000  1.000  0.897  0.636
20162505  1.000  0.861  0.848  0.572  0.572
20162506  0.581  0.893  0.928  0.897  0.628
20162507  0.705  0.861  0.848  0.786  0.485
20162508  0.581  0.968  0.920  0.897  0.600
20162509  0.705  0.893  0.928  0.786  0.581
20162511  0.876  0.821  0.768  0.897  0.781
20162512  0.876  0.861  0.848  0.897  0.696
20162513  1.000  0.821  0.768  0.643  0.319
20162514  1.000  0.821  0.768  0.786  0.428
20162515  0.876  0.787  0.856  0.643  0.485
20162516  0.876  0.861  0.848  0.643  0.428
20162517  1.000  0.861  0.848  0.786  0.705
20162518  0.705  0.893  0.928  0.643  0.504
20162519  1.000  0.787  0.856  0.643  0.319
20162520  0.876  0.861  0.848  0.786  0.628
20162522  0.876  0.861  0.848  0.643  0.572
20162523  0.876  0.893  0.928  0.786  0.781
20162524  1.000  0.755  0.776  0.786  0.328
20162526  1.000  0.755  0.776  0.643  0.504
20162527  0.876  0.861  0.848  0.786  0.495
20162528  1.000  0.755  0.776  0.786  0.495
20162529  0.876  0.861  0.848  0.897  0.705
20162530  1.000  0.755  0.776  0.786  0.581
20162531  0.876  0.968  0.920  0.786  0.600
20162532  1.000  0.893  0.928  0.786  0.645
20162533  0.705  0.893  0.928  0.897  0.705
20162534  0.876  0.928  0.840  0.786  0.581
20162536  1.000  0.893  0.928  0.643  0.828
20162538  0.876  0.968  0.920  0.643  0.319
20162539  0.876  0.893  0.928  0.572  0.319
20162540  0.705  0.856  0.760  0.897  0.485
20162541  1.000  0.821  0.768  0.786  0.705
20162542  0.876  0.755  0.776  0.786  0.485
20162543  0.705  1.000  1.000  0.786  0.781
20162544  0.876  0.968  0.920  0.643  0.428
20162525  1.000  0.861  0.848  0.786  0.705
20162521  0.705  0.893  0.928  0.643  0.504
20162537  0.876  0.968  0.920  0.643  0.428
20162535  0.705  0.893  0.928  0.643  0.495
20162545  0.876  0.787  0.856  0.643  0.485
20162546  1.000  0.861  0.848  0.786  0.828
20162547  1.000  0.787  0.856  0.786  0.636
20162549  0.705  0.893  0.928  0.786  0.628
20162550  0.876  0.861  0.848  0.786  0.581
20162551  1.000  0.861  0.848  0.786  0.800
20162552  0.705  0.893  0.928  0.897  0.781
20162553  1.000  0.715  0.696  0.786  0.591
20162554  0.876  0.861  0.848  0.786  0.645
20162555  0.705  0.893  0.928  0.643  0.619
20162556  0.876  0.861  0.848  0.786  0.495
20162557  0.876  0.928  0.840  0.786  0.319
20162558  0.876  0.893  0.928  0.786  0.485
20162559  1.000  0.861  0.848  0.572  0.319
20162560  1.000  0.893  0.928  0.643  0.609
20162561  0.876  0.928  0.840  0.786  0.428
20162562  0.876  0.928  0.840  0.786  0.428
20162564  0.876  0.821  0.768  0.897  0.319
20162566  1.000  0.755  0.776  0.643  0.319
20162567  0.705  0.928  0.840  0.897  0.581
20162568  0.705  0.893  0.928  0.786  0.328
20162569  0.876  0.928  0.840  0.897  0.828
20162570  1.000  0.755  0.776  0.786  0.581
20162571  0.876  0.928  0.840  0.897  0.572
20162572  0.705  0.893  0.928  0.786  0.309
20162574  1.000  0.755  0.776  0.643  0.328
20162575  1.000  0.755  0.776  0.786  0.495
20162576  1.000  0.715  0.696  0.786  0.485
20162577  0.705  0.893  0.928  0.786  0.628
20162578  0.876  0.928  0.840  0.897  0.600
20162579  1.000  0.755  0.776  0.643  0.485
20162580  1.000  0.755  0.776  0.786  0.495
20162581  1.000  0.755  0.776  0.786  0.428
20162582  0.876  0.928  0.840  0.897  0.828
20162583  0.705  0.928  0.840  0.897  0.609
20162584  0.705  0.893  0.928  0.786  0.705
20162585  0.705  1.000  1.000  0.643  0.581
20162548  0.876  0.821  0.768  0.897  0.955
20162573  1.000  0.755  0.776  0.643  0.336
20162563  0.876  0.861  0.848  0.786  0.581
平均值       0.873  0.861  0.853  0.763  0.550
2022-06-13 10:33:58.594 | INFO     | src.get_info:operate_sheet:108 - 
 统计数据：static_final_data
考核方式         课程目标1  课程目标2  课程目标3  课程目标4  课程目标5
单项目标超过平均值人数     61   55.0   31.0   57.0   43.0
单项目标达成人数        79   82.0   80.0   57.0   16.0
单项目标未达成人数        3    0.0    2.0   25.0   66.0
所有目标超过平均值人数      3    NaN    NaN    NaN    NaN
所有目标均达成人数       15    NaN    NaN    NaN    NaN
所有目标均未达成人数       0    NaN    NaN    NaN    NaN
2022-06-13 10:33:58.595 | INFO     | src.get_info:operate_sheet:109 - 
 统计数据：static_data_single_odd
考核方式          课程目标1    课程目标2   课程目标3   课程目标4   课程目标5
单项目标超过平均值人数  74.39%   67.07%  37.80%  69.51%  52.44%
单项目标达成人数     96.34%  100.00%  97.56%  69.51%  19.51%
单项目标未达成人数     3.66%    0.00%   2.44%  30.49%  80.49%
2022-06-13 10:33:58.597 | INFO     | src.get_info:operate_sheet:110 - 
 统计数据：static_data_all_odd
所有目标超过平均值人数     3.66%
所有目标均达成人数      18.29%
所有目标均未达成人数      0.00%
dtype: object
2022-06-13 10:55:31.540 | INFO     | __main__:<module>:15 - 
 权重矩阵：df_weight
课程目标达成情况评价报告    作业    报告  教师评价  学生自评
考核方式                                
课程目标1         0.64   0.0  0.16   0.2
课程目标2         0.64   0.0  0.16   0.2
课程目标3         0.64   0.0  0.16   0.2
课程目标4         0.64   0.0  0.16   0.2
课程目标5          0.0  0.64  0.16   0.2
2022-06-13 10:55:31.716 | INFO     | src.get_info:operate_sheet:108 - 
 最终达成度：achieve
          课程目标1  课程目标2  课程目标3  课程目标4  课程目标5
20152516  1.000  0.821  0.768  0.786  0.319
20162503  1.000  0.861  0.848  0.643  0.495
20162504  0.581  1.000  1.000  0.897  0.636
20162505  1.000  0.861  0.848  0.572  0.572
20162506  0.581  0.893  0.928  0.897  0.628
20162507  0.705  0.861  0.848  0.786  0.485
20162508  0.581  0.968  0.920  0.897  0.600
20162509  0.705  0.893  0.928  0.786  0.581
20162511  0.876  0.821  0.768  0.897  0.781
20162512  0.876  0.861  0.848  0.897  0.696
20162513  1.000  0.821  0.768  0.643  0.319
20162514  1.000  0.821  0.768  0.786  0.428
20162515  0.876  0.787  0.856  0.643  0.485
20162516  0.876  0.861  0.848  0.643  0.428
20162517  1.000  0.861  0.848  0.786  0.705
20162518  0.705  0.893  0.928  0.643  0.504
20162519  1.000  0.787  0.856  0.643  0.319
20162520  0.876  0.861  0.848  0.786  0.628
20162522  0.876  0.861  0.848  0.643  0.572
20162523  0.876  0.893  0.928  0.786  0.781
20162524  1.000  0.755  0.776  0.786  0.328
20162526  1.000  0.755  0.776  0.643  0.504
20162527  0.876  0.861  0.848  0.786  0.495
20162528  1.000  0.755  0.776  0.786  0.495
20162529  0.876  0.861  0.848  0.897  0.705
20162530  1.000  0.755  0.776  0.786  0.581
20162531  0.876  0.968  0.920  0.786  0.600
20162532  1.000  0.893  0.928  0.786  0.645
20162533  0.705  0.893  0.928  0.897  0.705
20162534  0.876  0.928  0.840  0.786  0.581
20162536  1.000  0.893  0.928  0.643  0.828
20162538  0.876  0.968  0.920  0.643  0.319
20162539  0.876  0.893  0.928  0.572  0.319
20162540  0.705  0.856  0.760  0.897  0.485
20162541  1.000  0.821  0.768  0.786  0.705
20162542  0.876  0.755  0.776  0.786  0.485
20162543  0.705  1.000  1.000  0.786  0.781
20162544  0.876  0.968  0.920  0.643  0.428
20162525  1.000  0.861  0.848  0.786  0.705
20162521  0.705  0.893  0.928  0.643  0.504
20162537  0.876  0.968  0.920  0.643  0.428
20162535  0.705  0.893  0.928  0.643  0.495
20162545  0.876  0.787  0.856  0.643  0.485
20162546  1.000  0.861  0.848  0.786  0.828
20162547  1.000  0.787  0.856  0.786  0.636
20162549  0.705  0.893  0.928  0.786  0.628
20162550  0.876  0.861  0.848  0.786  0.581
20162551  1.000  0.861  0.848  0.786  0.800
20162552  0.705  0.893  0.928  0.897  0.781
20162553  1.000  0.715  0.696  0.786  0.591
20162554  0.876  0.861  0.848  0.786  0.645
20162555  0.705  0.893  0.928  0.643  0.619
20162556  0.876  0.861  0.848  0.786  0.495
20162557  0.876  0.928  0.840  0.786  0.319
20162558  0.876  0.893  0.928  0.786  0.485
20162559  1.000  0.861  0.848  0.572  0.319
20162560  1.000  0.893  0.928  0.643  0.609
20162561  0.876  0.928  0.840  0.786  0.428
20162562  0.876  0.928  0.840  0.786  0.428
20162564  0.876  0.821  0.768  0.897  0.319
20162566  1.000  0.755  0.776  0.643  0.319
20162567  0.705  0.928  0.840  0.897  0.581
20162568  0.705  0.893  0.928  0.786  0.328
20162569  0.876  0.928  0.840  0.897  0.828
20162570  1.000  0.755  0.776  0.786  0.581
20162571  0.876  0.928  0.840  0.897  0.572
20162572  0.705  0.893  0.928  0.786  0.309
20162574  1.000  0.755  0.776  0.643  0.328
20162575  1.000  0.755  0.776  0.786  0.495
20162576  1.000  0.715  0.696  0.786  0.485
20162577  0.705  0.893  0.928  0.786  0.628
20162578  0.876  0.928  0.840  0.897  0.600
20162579  1.000  0.755  0.776  0.643  0.485
20162580  1.000  0.755  0.776  0.786  0.495
20162581  1.000  0.755  0.776  0.786  0.428
20162582  0.876  0.928  0.840  0.897  0.828
20162583  0.705  0.928  0.840  0.897  0.609
20162584  0.705  0.893  0.928  0.786  0.705
20162585  0.705  1.000  1.000  0.643  0.581
20162548  0.876  0.821  0.768  0.897  0.955
20162573  1.000  0.755  0.776  0.643  0.336
20162563  0.876  0.861  0.848  0.786  0.581
平均值       0.873  0.861  0.853  0.763  0.550
2022-06-13 10:55:31.724 | INFO     | src.get_info:operate_sheet:109 - 
 统计数据：static_final_data
考核方式         课程目标1  课程目标2  课程目标3  课程目标4  课程目标5
单项目标超过平均值人数     61   55.0   31.0   57.0   43.0
单项目标达成人数        79   82.0   80.0   57.0   16.0
单项目标未达成人数        3    0.0    2.0   25.0   66.0
所有目标超过平均值人数      3    NaN    NaN    NaN    NaN
所有目标均达成人数       15    NaN    NaN    NaN    NaN
所有目标均未达成人数       0    NaN    NaN    NaN    NaN
2022-06-13 10:55:31.725 | INFO     | src.get_info:operate_sheet:110 - 
 统计数据：static_data_single_odd
考核方式          课程目标1    课程目标2   课程目标3   课程目标4   课程目标5
单项目标超过平均值人数  74.39%   67.07%  37.80%  69.51%  52.44%
单项目标达成人数     96.34%  100.00%  97.56%  69.51%  19.51%
单项目标未达成人数     3.66%    0.00%   2.44%  30.49%  80.49%
2022-06-13 10:55:31.727 | INFO     | src.get_info:operate_sheet:111 - 
 统计数据：static_data_all_odd
所有目标超过平均值人数     3.66%
所有目标均达成人数      18.29%
所有目标均未达成人数      0.00%
dtype: object
2022-06-13 11:41:18.872 | INFO     | __main__:<module>:15 - 
 权重矩阵：df_weight
课程目标达成情况评价报告    作业    报告  教师评价  学生自评
考核方式                                
课程目标1         0.64   0.0  0.16   0.2
课程目标2         0.64   0.0  0.16   0.2
课程目标3         0.64   0.0  0.16   0.2
课程目标4         0.64   0.0  0.16   0.2
课程目标5          0.0  0.64  0.16   0.2
2022-06-13 11:41:19.051 | INFO     | src.get_info:operate_sheet:107 - 
 最终达成度：achieve
          课程目标1  课程目标2  课程目标3  课程目标4  课程目标5
20152516  1.000  0.821  0.768  0.786  0.319
20162503  1.000  0.861  0.848  0.643  0.495
20162504  0.581  1.000  1.000  0.897  0.636
20162505  1.000  0.861  0.848  0.572  0.572
20162506  0.581  0.893  0.928  0.897  0.628
20162507  0.705  0.861  0.848  0.786  0.485
20162508  0.581  0.968  0.920  0.897  0.600
20162509  0.705  0.893  0.928  0.786  0.581
20162511  0.876  0.821  0.768  0.897  0.781
20162512  0.876  0.861  0.848  0.897  0.696
20162513  1.000  0.821  0.768  0.643  0.319
20162514  1.000  0.821  0.768  0.786  0.428
20162515  0.876  0.787  0.856  0.643  0.485
20162516  0.876  0.861  0.848  0.643  0.428
20162517  1.000  0.861  0.848  0.786  0.705
20162518  0.705  0.893  0.928  0.643  0.504
20162519  1.000  0.787  0.856  0.643  0.319
20162520  0.876  0.861  0.848  0.786  0.628
20162522  0.876  0.861  0.848  0.643  0.572
20162523  0.876  0.893  0.928  0.786  0.781
20162524  1.000  0.755  0.776  0.786  0.328
20162526  1.000  0.755  0.776  0.643  0.504
20162527  0.876  0.861  0.848  0.786  0.495
20162528  1.000  0.755  0.776  0.786  0.495
20162529  0.876  0.861  0.848  0.897  0.705
20162530  1.000  0.755  0.776  0.786  0.581
20162531  0.876  0.968  0.920  0.786  0.600
20162532  1.000  0.893  0.928  0.786  0.645
20162533  0.705  0.893  0.928  0.897  0.705
20162534  0.876  0.928  0.840  0.786  0.581
20162536  1.000  0.893  0.928  0.643  0.828
20162538  0.876  0.968  0.920  0.643  0.319
20162539  0.876  0.893  0.928  0.572  0.319
20162540  0.705  0.856  0.760  0.897  0.485
20162541  1.000  0.821  0.768  0.786  0.705
20162542  0.876  0.755  0.776  0.786  0.485
20162543  0.705  1.000  1.000  0.786  0.781
20162544  0.876  0.968  0.920  0.643  0.428
20162525  1.000  0.861  0.848  0.786  0.705
20162521  0.705  0.893  0.928  0.643  0.504
20162537  0.876  0.968  0.920  0.643  0.428
20162535  0.705  0.893  0.928  0.643  0.495
20162545  0.876  0.787  0.856  0.643  0.485
20162546  1.000  0.861  0.848  0.786  0.828
20162547  1.000  0.787  0.856  0.786  0.636
20162549  0.705  0.893  0.928  0.786  0.628
20162550  0.876  0.861  0.848  0.786  0.581
20162551  1.000  0.861  0.848  0.786  0.800
20162552  0.705  0.893  0.928  0.897  0.781
20162553  1.000  0.715  0.696  0.786  0.591
20162554  0.876  0.861  0.848  0.786  0.645
20162555  0.705  0.893  0.928  0.643  0.619
20162556  0.876  0.861  0.848  0.786  0.495
20162557  0.876  0.928  0.840  0.786  0.319
20162558  0.876  0.893  0.928  0.786  0.485
20162559  1.000  0.861  0.848  0.572  0.319
20162560  1.000  0.893  0.928  0.643  0.609
20162561  0.876  0.928  0.840  0.786  0.428
20162562  0.876  0.928  0.840  0.786  0.428
20162564  0.876  0.821  0.768  0.897  0.319
20162566  1.000  0.755  0.776  0.643  0.319
20162567  0.705  0.928  0.840  0.897  0.581
20162568  0.705  0.893  0.928  0.786  0.328
20162569  0.876  0.928  0.840  0.897  0.828
20162570  1.000  0.755  0.776  0.786  0.581
20162571  0.876  0.928  0.840  0.897  0.572
20162572  0.705  0.893  0.928  0.786  0.309
20162574  1.000  0.755  0.776  0.643  0.328
20162575  1.000  0.755  0.776  0.786  0.495
20162576  1.000  0.715  0.696  0.786  0.485
20162577  0.705  0.893  0.928  0.786  0.628
20162578  0.876  0.928  0.840  0.897  0.600
20162579  1.000  0.755  0.776  0.643  0.485
20162580  1.000  0.755  0.776  0.786  0.495
20162581  1.000  0.755  0.776  0.786  0.428
20162582  0.876  0.928  0.840  0.897  0.828
20162583  0.705  0.928  0.840  0.897  0.609
20162584  0.705  0.893  0.928  0.786  0.705
20162585  0.705  1.000  1.000  0.643  0.581
20162548  0.876  0.821  0.768  0.897  0.955
20162573  1.000  0.755  0.776  0.643  0.336
20162563  0.876  0.861  0.848  0.786  0.581
平均值       0.873  0.861  0.853  0.763  0.550
2022-06-13 11:41:19.058 | INFO     | src.get_info:operate_sheet:108 - 
 统计数据：static_final_data
考核方式         课程目标1  课程目标2  课程目标3  课程目标4  课程目标5
单项目标超过平均值人数     61   55.0   31.0   57.0   43.0
单项目标达成人数        79   82.0   80.0   57.0   16.0
单项目标未达成人数        3    0.0    2.0   25.0   66.0
所有目标超过平均值人数      3    NaN    NaN    NaN    NaN
所有目标均达成人数       15    NaN    NaN    NaN    NaN
所有目标均未达成人数       0    NaN    NaN    NaN    NaN
2022-06-13 11:41:19.060 | INFO     | src.get_info:operate_sheet:109 - 
 统计数据：static_data_single_odd
考核方式          课程目标1    课程目标2   课程目标3   课程目标4   课程目标5
单项目标超过平均值人数  74.39%   67.07%  37.80%  69.51%  52.44%
单项目标达成人数     96.34%  100.00%  97.56%  69.51%  19.51%
单项目标未达成人数     3.66%    0.00%   2.44%  30.49%  80.49%
2022-06-13 11:41:19.061 | INFO     | src.get_info:operate_sheet:110 - 
 统计数据：static_data_all_odd
所有目标超过平均值人数     3.66%
所有目标均达成人数      18.29%
所有目标均未达成人数      0.00%
dtype: object
2022-06-13 11:41:31.428 | INFO     | __main__:<module>:15 - 
 权重矩阵：df_weight
课程目标达成情况评价报告    作业    报告  教师评价  学生自评
考核方式                                
课程目标1         0.64   0.0  0.16   0.2
课程目标2         0.64   0.0  0.16   0.2
课程目标3         0.64   0.0  0.16   0.2
课程目标4         0.64   0.0  0.16   0.2
课程目标5          0.0  0.64  0.16   0.2
2022-06-13 11:41:31.607 | INFO     | src.get_info:operate_sheet:107 - 
 最终达成度：achieve
          课程目标1  课程目标2  课程目标3  课程目标4  课程目标5
20152516  1.000  0.821  0.768  0.786  0.319
20162503  1.000  0.861  0.848  0.643  0.495
20162504  0.581  1.000  1.000  0.897  0.636
20162505  1.000  0.861  0.848  0.572  0.572
20162506  0.581  0.893  0.928  0.897  0.628
20162507  0.705  0.861  0.848  0.786  0.485
20162508  0.581  0.968  0.920  0.897  0.600
20162509  0.705  0.893  0.928  0.786  0.581
20162511  0.876  0.821  0.768  0.897  0.781
20162512  0.876  0.861  0.848  0.897  0.696
20162513  1.000  0.821  0.768  0.643  0.319
20162514  1.000  0.821  0.768  0.786  0.428
20162515  0.876  0.787  0.856  0.643  0.485
20162516  0.876  0.861  0.848  0.643  0.428
20162517  1.000  0.861  0.848  0.786  0.705
20162518  0.705  0.893  0.928  0.643  0.504
20162519  1.000  0.787  0.856  0.643  0.319
20162520  0.876  0.861  0.848  0.786  0.628
20162522  0.876  0.861  0.848  0.643  0.572
20162523  0.876  0.893  0.928  0.786  0.781
20162524  1.000  0.755  0.776  0.786  0.328
20162526  1.000  0.755  0.776  0.643  0.504
20162527  0.876  0.861  0.848  0.786  0.495
20162528  1.000  0.755  0.776  0.786  0.495
20162529  0.876  0.861  0.848  0.897  0.705
20162530  1.000  0.755  0.776  0.786  0.581
20162531  0.876  0.968  0.920  0.786  0.600
20162532  1.000  0.893  0.928  0.786  0.645
20162533  0.705  0.893  0.928  0.897  0.705
20162534  0.876  0.928  0.840  0.786  0.581
20162536  1.000  0.893  0.928  0.643  0.828
20162538  0.876  0.968  0.920  0.643  0.319
20162539  0.876  0.893  0.928  0.572  0.319
20162540  0.705  0.856  0.760  0.897  0.485
20162541  1.000  0.821  0.768  0.786  0.705
20162542  0.876  0.755  0.776  0.786  0.485
20162543  0.705  1.000  1.000  0.786  0.781
20162544  0.876  0.968  0.920  0.643  0.428
20162525  1.000  0.861  0.848  0.786  0.705
20162521  0.705  0.893  0.928  0.643  0.504
20162537  0.876  0.968  0.920  0.643  0.428
20162535  0.705  0.893  0.928  0.643  0.495
20162545  0.876  0.787  0.856  0.643  0.485
20162546  1.000  0.861  0.848  0.786  0.828
20162547  1.000  0.787  0.856  0.786  0.636
20162549  0.705  0.893  0.928  0.786  0.628
20162550  0.876  0.861  0.848  0.786  0.581
20162551  1.000  0.861  0.848  0.786  0.800
20162552  0.705  0.893  0.928  0.897  0.781
20162553  1.000  0.715  0.696  0.786  0.591
20162554  0.876  0.861  0.848  0.786  0.645
20162555  0.705  0.893  0.928  0.643  0.619
20162556  0.876  0.861  0.848  0.786  0.495
20162557  0.876  0.928  0.840  0.786  0.319
20162558  0.876  0.893  0.928  0.786  0.485
20162559  1.000  0.861  0.848  0.572  0.319
20162560  1.000  0.893  0.928  0.643  0.609
20162561  0.876  0.928  0.840  0.786  0.428
20162562  0.876  0.928  0.840  0.786  0.428
20162564  0.876  0.821  0.768  0.897  0.319
20162566  1.000  0.755  0.776  0.643  0.319
20162567  0.705  0.928  0.840  0.897  0.581
20162568  0.705  0.893  0.928  0.786  0.328
20162569  0.876  0.928  0.840  0.897  0.828
20162570  1.000  0.755  0.776  0.786  0.581
20162571  0.876  0.928  0.840  0.897  0.572
20162572  0.705  0.893  0.928  0.786  0.309
20162574  1.000  0.755  0.776  0.643  0.328
20162575  1.000  0.755  0.776  0.786  0.495
20162576  1.000  0.715  0.696  0.786  0.485
20162577  0.705  0.893  0.928  0.786  0.628
20162578  0.876  0.928  0.840  0.897  0.600
20162579  1.000  0.755  0.776  0.643  0.485
20162580  1.000  0.755  0.776  0.786  0.495
20162581  1.000  0.755  0.776  0.786  0.428
20162582  0.876  0.928  0.840  0.897  0.828
20162583  0.705  0.928  0.840  0.897  0.609
20162584  0.705  0.893  0.928  0.786  0.705
20162585  0.705  1.000  1.000  0.643  0.581
20162548  0.876  0.821  0.768  0.897  0.955
20162573  1.000  0.755  0.776  0.643  0.336
20162563  0.876  0.861  0.848  0.786  0.581
平均值       0.873  0.861  0.853  0.763  0.550
2022-06-13 11:41:31.615 | INFO     | src.get_info:operate_sheet:108 - 
 统计数据：static_final_data
考核方式         课程目标1  课程目标2  课程目标3  课程目标4  课程目标5
单项目标超过平均值人数     61   55.0   31.0   57.0   43.0
单项目标达成人数        79   82.0   80.0   57.0   16.0
单项目标未达成人数        3    0.0    2.0   25.0   66.0
所有目标超过平均值人数      3    NaN    NaN    NaN    NaN
所有目标均达成人数       15    NaN    NaN    NaN    NaN
所有目标均未达成人数       0    NaN    NaN    NaN    NaN
2022-06-13 11:41:31.616 | INFO     | src.get_info:operate_sheet:109 - 
 统计数据：static_data_single_odd
考核方式          课程目标1    课程目标2   课程目标3   课程目标4   课程目标5
单项目标超过平均值人数  74.39%   67.07%  37.80%  69.51%  52.44%
单项目标达成人数     96.34%  100.00%  97.56%  69.51%  19.51%
单项目标未达成人数     3.66%    0.00%   2.44%  30.49%  80.49%
2022-06-13 11:41:31.618 | INFO     | src.get_info:operate_sheet:110 - 
 统计数据：static_data_all_odd
所有目标超过平均值人数     3.66%
所有目标均达成人数      18.29%
所有目标均未达成人数      0.00%
dtype: object
2022-06-13 11:41:51.997 | INFO     | __main__:<module>:15 - 
 权重矩阵：df_weight
课程目标达成情况评价报告    作业    报告  教师评价  学生自评
考核方式                                
课程目标1         0.64   0.0  0.16   0.2
课程目标2         0.64   0.0  0.16   0.2
课程目标3         0.64   0.0  0.16   0.2
课程目标4         0.64   0.0  0.16   0.2
课程目标5          0.0  0.64  0.16   0.2
2022-06-13 11:41:52.177 | INFO     | src.get_info:operate_sheet:107 - 
 最终达成度：achieve
          课程目标1  课程目标2  课程目标3  课程目标4  课程目标5
20152516  1.000  0.821  0.768  0.786  0.319
20162503  1.000  0.861  0.848  0.643  0.495
20162504  0.581  1.000  1.000  0.897  0.636
20162505  1.000  0.861  0.848  0.572  0.572
20162506  0.581  0.893  0.928  0.897  0.628
20162507  0.705  0.861  0.848  0.786  0.485
20162508  0.581  0.968  0.920  0.897  0.600
20162509  0.705  0.893  0.928  0.786  0.581
20162511  0.876  0.821  0.768  0.897  0.781
20162512  0.876  0.861  0.848  0.897  0.696
20162513  1.000  0.821  0.768  0.643  0.319
20162514  1.000  0.821  0.768  0.786  0.428
20162515  0.876  0.787  0.856  0.643  0.485
20162516  0.876  0.861  0.848  0.643  0.428
20162517  1.000  0.861  0.848  0.786  0.705
20162518  0.705  0.893  0.928  0.643  0.504
20162519  1.000  0.787  0.856  0.643  0.319
20162520  0.876  0.861  0.848  0.786  0.628
20162522  0.876  0.861  0.848  0.643  0.572
20162523  0.876  0.893  0.928  0.786  0.781
20162524  1.000  0.755  0.776  0.786  0.328
20162526  1.000  0.755  0.776  0.643  0.504
20162527  0.876  0.861  0.848  0.786  0.495
20162528  1.000  0.755  0.776  0.786  0.495
20162529  0.876  0.861  0.848  0.897  0.705
20162530  1.000  0.755  0.776  0.786  0.581
20162531  0.876  0.968  0.920  0.786  0.600
20162532  1.000  0.893  0.928  0.786  0.645
20162533  0.705  0.893  0.928  0.897  0.705
20162534  0.876  0.928  0.840  0.786  0.581
20162536  1.000  0.893  0.928  0.643  0.828
20162538  0.876  0.968  0.920  0.643  0.319
20162539  0.876  0.893  0.928  0.572  0.319
20162540  0.705  0.856  0.760  0.897  0.485
20162541  1.000  0.821  0.768  0.786  0.705
20162542  0.876  0.755  0.776  0.786  0.485
20162543  0.705  1.000  1.000  0.786  0.781
20162544  0.876  0.968  0.920  0.643  0.428
20162525  1.000  0.861  0.848  0.786  0.705
20162521  0.705  0.893  0.928  0.643  0.504
20162537  0.876  0.968  0.920  0.643  0.428
20162535  0.705  0.893  0.928  0.643  0.495
20162545  0.876  0.787  0.856  0.643  0.485
20162546  1.000  0.861  0.848  0.786  0.828
20162547  1.000  0.787  0.856  0.786  0.636
20162549  0.705  0.893  0.928  0.786  0.628
20162550  0.876  0.861  0.848  0.786  0.581
20162551  1.000  0.861  0.848  0.786  0.800
20162552  0.705  0.893  0.928  0.897  0.781
20162553  1.000  0.715  0.696  0.786  0.591
20162554  0.876  0.861  0.848  0.786  0.645
20162555  0.705  0.893  0.928  0.643  0.619
20162556  0.876  0.861  0.848  0.786  0.495
20162557  0.876  0.928  0.840  0.786  0.319
20162558  0.876  0.893  0.928  0.786  0.485
20162559  1.000  0.861  0.848  0.572  0.319
20162560  1.000  0.893  0.928  0.643  0.609
20162561  0.876  0.928  0.840  0.786  0.428
20162562  0.876  0.928  0.840  0.786  0.428
20162564  0.876  0.821  0.768  0.897  0.319
20162566  1.000  0.755  0.776  0.643  0.319
20162567  0.705  0.928  0.840  0.897  0.581
20162568  0.705  0.893  0.928  0.786  0.328
20162569  0.876  0.928  0.840  0.897  0.828
20162570  1.000  0.755  0.776  0.786  0.581
20162571  0.876  0.928  0.840  0.897  0.572
20162572  0.705  0.893  0.928  0.786  0.309
20162574  1.000  0.755  0.776  0.643  0.328
20162575  1.000  0.755  0.776  0.786  0.495
20162576  1.000  0.715  0.696  0.786  0.485
20162577  0.705  0.893  0.928  0.786  0.628
20162578  0.876  0.928  0.840  0.897  0.600
20162579  1.000  0.755  0.776  0.643  0.485
20162580  1.000  0.755  0.776  0.786  0.495
20162581  1.000  0.755  0.776  0.786  0.428
20162582  0.876  0.928  0.840  0.897  0.828
20162583  0.705  0.928  0.840  0.897  0.609
20162584  0.705  0.893  0.928  0.786  0.705
20162585  0.705  1.000  1.000  0.643  0.581
20162548  0.876  0.821  0.768  0.897  0.955
20162573  1.000  0.755  0.776  0.643  0.336
20162563  0.876  0.861  0.848  0.786  0.581
平均值       0.873  0.861  0.853  0.763  0.550
2022-06-13 11:41:52.184 | INFO     | src.get_info:operate_sheet:108 - 
 统计数据：static_final_data
考核方式         课程目标1  课程目标2  课程目标3  课程目标4  课程目标5
单项目标超过平均值人数     61   55.0   31.0   57.0   43.0
单项目标达成人数        79   82.0   80.0   57.0   16.0
单项目标未达成人数        3    0.0    2.0   25.0   66.0
所有目标超过平均值人数      3    NaN    NaN    NaN    NaN
所有目标均达成人数       15    NaN    NaN    NaN    NaN
所有目标均未达成人数       0    NaN    NaN    NaN    NaN
2022-06-13 11:41:52.186 | INFO     | src.get_info:operate_sheet:109 - 
 统计数据：static_data_single_odd
考核方式          课程目标1    课程目标2   课程目标3   课程目标4   课程目标5
单项目标超过平均值人数  74.39%   67.07%  37.80%  69.51%  52.44%
单项目标达成人数     96.34%  100.00%  97.56%  69.51%  19.51%
单项目标未达成人数     3.66%    0.00%   2.44%  30.49%  80.49%
2022-06-13 11:41:52.187 | INFO     | src.get_info:operate_sheet:110 - 
 统计数据：static_data_all_odd
所有目标超过平均值人数     3.66%
所有目标均达成人数      18.29%
所有目标均未达成人数      0.00%
dtype: object
2022-06-13 16:47:00.182 | INFO     | __main__:<module>:15 - 
 权重矩阵：df_weight
课程目标达成情况评价报告    作业    报告  教师评价  学生自评
考核方式                                
课程目标1         0.64   0.0  0.16   0.2
课程目标2         0.64   0.0  0.16   0.2
课程目标3         0.64   0.0  0.16   0.2
课程目标4         0.64   0.0  0.16   0.2
课程目标5          0.0  0.64  0.16   0.2
2022-06-13 16:47:00.475 | INFO     | src.get_info:operate_sheet:108 - 
 最终达成度：achieve
          课程目标1  课程目标2  课程目标3  课程目标4  课程目标5
20152516  1.000  0.821  0.768  0.786  0.319
20162503  1.000  0.861  0.848  0.643  0.495
20162504  0.581  1.000  1.000  0.897  0.636
20162505  1.000  0.861  0.848  0.572  0.572
20162506  0.581  0.893  0.928  0.897  0.628
20162507  0.705  0.861  0.848  0.786  0.485
20162508  0.581  0.968  0.920  0.897  0.600
20162509  0.705  0.893  0.928  0.786  0.581
20162511  0.876  0.821  0.768  0.897  0.781
20162512  0.876  0.861  0.848  0.897  0.696
20162513  1.000  0.821  0.768  0.643  0.319
20162514  1.000  0.821  0.768  0.786  0.428
20162515  0.876  0.787  0.856  0.643  0.485
20162516  0.876  0.861  0.848  0.643  0.428
20162517  1.000  0.861  0.848  0.786  0.705
20162518  0.705  0.893  0.928  0.643  0.504
20162519  1.000  0.787  0.856  0.643  0.319
20162520  0.876  0.861  0.848  0.786  0.628
20162522  0.876  0.861  0.848  0.643  0.572
20162523  0.876  0.893  0.928  0.786  0.781
20162524  1.000  0.755  0.776  0.786  0.328
20162526  1.000  0.755  0.776  0.643  0.504
20162527  0.876  0.861  0.848  0.786  0.495
20162528  1.000  0.755  0.776  0.786  0.495
20162529  0.876  0.861  0.848  0.897  0.705
20162530  1.000  0.755  0.776  0.786  0.581
20162531  0.876  0.968  0.920  0.786  0.600
20162532  1.000  0.893  0.928  0.786  0.645
20162533  0.705  0.893  0.928  0.897  0.705
20162534  0.876  0.928  0.840  0.786  0.581
20162536  1.000  0.893  0.928  0.643  0.828
20162538  0.876  0.968  0.920  0.643  0.319
20162539  0.876  0.893  0.928  0.572  0.319
20162540  0.705  0.856  0.760  0.897  0.485
20162541  1.000  0.821  0.768  0.786  0.705
20162542  0.876  0.755  0.776  0.786  0.485
20162543  0.705  1.000  1.000  0.786  0.781
20162544  0.876  0.968  0.920  0.643  0.428
20162525  1.000  0.861  0.848  0.786  0.705
20162521  0.705  0.893  0.928  0.643  0.504
20162537  0.876  0.968  0.920  0.643  0.428
20162535  0.705  0.893  0.928  0.643  0.495
20162545  0.876  0.787  0.856  0.643  0.485
20162546  1.000  0.861  0.848  0.786  0.828
20162547  1.000  0.787  0.856  0.786  0.636
20162549  0.705  0.893  0.928  0.786  0.628
20162550  0.876  0.861  0.848  0.786  0.581
20162551  1.000  0.861  0.848  0.786  0.800
20162552  0.705  0.893  0.928  0.897  0.781
20162553  1.000  0.715  0.696  0.786  0.591
20162554  0.876  0.861  0.848  0.786  0.645
20162555  0.705  0.893  0.928  0.643  0.619
20162556  0.876  0.861  0.848  0.786  0.495
20162557  0.876  0.928  0.840  0.786  0.319
20162558  0.876  0.893  0.928  0.786  0.485
20162559  1.000  0.861  0.848  0.572  0.319
20162560  1.000  0.893  0.928  0.643  0.609
20162561  0.876  0.928  0.840  0.786  0.428
20162562  0.876  0.928  0.840  0.786  0.428
20162564  0.876  0.821  0.768  0.897  0.319
20162566  1.000  0.755  0.776  0.643  0.319
20162567  0.705  0.928  0.840  0.897  0.581
20162568  0.705  0.893  0.928  0.786  0.328
20162569  0.876  0.928  0.840  0.897  0.828
20162570  1.000  0.755  0.776  0.786  0.581
20162571  0.876  0.928  0.840  0.897  0.572
20162572  0.705  0.893  0.928  0.786  0.309
20162574  1.000  0.755  0.776  0.643  0.328
20162575  1.000  0.755  0.776  0.786  0.495
20162576  1.000  0.715  0.696  0.786  0.485
20162577  0.705  0.893  0.928  0.786  0.628
20162578  0.876  0.928  0.840  0.897  0.600
20162579  1.000  0.755  0.776  0.643  0.485
20162580  1.000  0.755  0.776  0.786  0.495
20162581  1.000  0.755  0.776  0.786  0.428
20162582  0.876  0.928  0.840  0.897  0.828
20162583  0.705  0.928  0.840  0.897  0.609
20162584  0.705  0.893  0.928  0.786  0.705
20162585  0.705  1.000  1.000  0.643  0.581
20162548  0.876  0.821  0.768  0.897  0.955
20162573  1.000  0.755  0.776  0.643  0.336
20162563  0.876  0.861  0.848  0.786  0.581
平均值       0.873  0.861  0.853  0.763  0.550
2022-06-13 16:47:00.488 | INFO     | src.get_info:operate_sheet:109 - 
 统计数据：static_final_data
考核方式         课程目标1  课程目标2  课程目标3  课程目标4  课程目标5
单项目标超过平均值人数     61   55.0   31.0   57.0   43.0
单项目标达成人数        79   82.0   80.0   57.0   16.0
单项目标未达成人数        3    0.0    2.0   25.0   66.0
所有目标超过平均值人数      3    NaN    NaN    NaN    NaN
所有目标均达成人数       15    NaN    NaN    NaN    NaN
所有目标均未达成人数       0    NaN    NaN    NaN    NaN
2022-06-13 16:47:00.490 | INFO     | src.get_info:operate_sheet:110 - 
 统计数据：static_data_single_odd
考核方式          课程目标1    课程目标2   课程目标3   课程目标4   课程目标5
单项目标超过平均值人数  74.39%   67.07%  37.80%  69.51%  52.44%
单项目标达成人数     96.34%  100.00%  97.56%  69.51%  19.51%
单项目标未达成人数     3.66%    0.00%   2.44%  30.49%  80.49%
2022-06-13 16:47:00.492 | INFO     | src.get_info:operate_sheet:111 - 
 统计数据：static_data_all_odd
所有目标超过平均值人数     3.66%
所有目标均达成人数      18.29%
所有目标均未达成人数      0.00%
dtype: object
2022-06-13 18:04:30.164 | INFO     | __main__:<module>:16 - 
 权重矩阵：df_weight
课程目标达成情况评价报告    作业    报告  教师评价  学生自评
考核方式                                
课程目标1         0.64   0.0  0.16   0.2
课程目标2         0.64   0.0  0.16   0.2
课程目标3         0.64   0.0  0.16   0.2
课程目标4         0.64   0.0  0.16   0.2
课程目标5          0.0  0.64  0.16   0.2
2022-06-13 18:04:30.342 | INFO     | src.get_info:operate_sheet:108 - 
 最终达成度：achieve
          课程目标1  课程目标2  课程目标3  课程目标4  课程目标5
20152516  1.000  0.821  0.768  0.786  0.319
20162503  1.000  0.861  0.848  0.643  0.495
20162504  0.581  1.000  1.000  0.897  0.636
20162505  1.000  0.861  0.848  0.572  0.572
20162506  0.581  0.893  0.928  0.897  0.628
20162507  0.705  0.861  0.848  0.786  0.485
20162508  0.581  0.968  0.920  0.897  0.600
20162509  0.705  0.893  0.928  0.786  0.581
20162511  0.876  0.821  0.768  0.897  0.781
20162512  0.876  0.861  0.848  0.897  0.696
20162513  1.000  0.821  0.768  0.643  0.319
20162514  1.000  0.821  0.768  0.786  0.428
20162515  0.876  0.787  0.856  0.643  0.485
20162516  0.876  0.861  0.848  0.643  0.428
20162517  1.000  0.861  0.848  0.786  0.705
20162518  0.705  0.893  0.928  0.643  0.504
20162519  1.000  0.787  0.856  0.643  0.319
20162520  0.876  0.861  0.848  0.786  0.628
20162522  0.876  0.861  0.848  0.643  0.572
20162523  0.876  0.893  0.928  0.786  0.781
20162524  1.000  0.755  0.776  0.786  0.328
20162526  1.000  0.755  0.776  0.643  0.504
20162527  0.876  0.861  0.848  0.786  0.495
20162528  1.000  0.755  0.776  0.786  0.495
20162529  0.876  0.861  0.848  0.897  0.705
20162530  1.000  0.755  0.776  0.786  0.581
20162531  0.876  0.968  0.920  0.786  0.600
20162532  1.000  0.893  0.928  0.786  0.645
20162533  0.705  0.893  0.928  0.897  0.705
20162534  0.876  0.928  0.840  0.786  0.581
20162536  1.000  0.893  0.928  0.643  0.828
20162538  0.876  0.968  0.920  0.643  0.319
20162539  0.876  0.893  0.928  0.572  0.319
20162540  0.705  0.856  0.760  0.897  0.485
20162541  1.000  0.821  0.768  0.786  0.705
20162542  0.876  0.755  0.776  0.786  0.485
20162543  0.705  1.000  1.000  0.786  0.781
20162544  0.876  0.968  0.920  0.643  0.428
20162525  1.000  0.861  0.848  0.786  0.705
20162521  0.705  0.893  0.928  0.643  0.504
20162537  0.876  0.968  0.920  0.643  0.428
20162535  0.705  0.893  0.928  0.643  0.495
20162545  0.876  0.787  0.856  0.643  0.485
20162546  1.000  0.861  0.848  0.786  0.828
20162547  1.000  0.787  0.856  0.786  0.636
20162549  0.705  0.893  0.928  0.786  0.628
20162550  0.876  0.861  0.848  0.786  0.581
20162551  1.000  0.861  0.848  0.786  0.800
20162552  0.705  0.893  0.928  0.897  0.781
20162553  1.000  0.715  0.696  0.786  0.591
20162554  0.876  0.861  0.848  0.786  0.645
20162555  0.705  0.893  0.928  0.643  0.619
20162556  0.876  0.861  0.848  0.786  0.495
20162557  0.876  0.928  0.840  0.786  0.319
20162558  0.876  0.893  0.928  0.786  0.485
20162559  1.000  0.861  0.848  0.572  0.319
20162560  1.000  0.893  0.928  0.643  0.609
20162561  0.876  0.928  0.840  0.786  0.428
20162562  0.876  0.928  0.840  0.786  0.428
20162564  0.876  0.821  0.768  0.897  0.319
20162566  1.000  0.755  0.776  0.643  0.319
20162567  0.705  0.928  0.840  0.897  0.581
20162568  0.705  0.893  0.928  0.786  0.328
20162569  0.876  0.928  0.840  0.897  0.828
20162570  1.000  0.755  0.776  0.786  0.581
20162571  0.876  0.928  0.840  0.897  0.572
20162572  0.705  0.893  0.928  0.786  0.309
20162574  1.000  0.755  0.776  0.643  0.328
20162575  1.000  0.755  0.776  0.786  0.495
20162576  1.000  0.715  0.696  0.786  0.485
20162577  0.705  0.893  0.928  0.786  0.628
20162578  0.876  0.928  0.840  0.897  0.600
20162579  1.000  0.755  0.776  0.643  0.485
20162580  1.000  0.755  0.776  0.786  0.495
20162581  1.000  0.755  0.776  0.786  0.428
20162582  0.876  0.928  0.840  0.897  0.828
20162583  0.705  0.928  0.840  0.897  0.609
20162584  0.705  0.893  0.928  0.786  0.705
20162585  0.705  1.000  1.000  0.643  0.581
20162548  0.876  0.821  0.768  0.897  0.955
20162573  1.000  0.755  0.776  0.643  0.336
20162563  0.876  0.861  0.848  0.786  0.581
平均值       0.873  0.861  0.853  0.763  0.550
2022-06-13 18:04:30.350 | INFO     | src.get_info:operate_sheet:109 - 
 统计数据：static_final_data
考核方式         课程目标1  课程目标2  课程目标3  课程目标4  课程目标5
单项目标超过平均值人数     61   55.0   31.0   57.0   43.0
单项目标达成人数        79   82.0   80.0   57.0   16.0
单项目标未达成人数        3    0.0    2.0   25.0   66.0
所有目标超过平均值人数      3    NaN    NaN    NaN    NaN
所有目标均达成人数       15    NaN    NaN    NaN    NaN
所有目标均未达成人数       0    NaN    NaN    NaN    NaN
2022-06-13 18:04:30.351 | INFO     | src.get_info:operate_sheet:110 - 
 统计数据：static_data_single_odd
考核方式          课程目标1    课程目标2   课程目标3   课程目标4   课程目标5
单项目标超过平均值人数  74.39%   67.07%  37.80%  69.51%  52.44%
单项目标达成人数     96.34%  100.00%  97.56%  69.51%  19.51%
单项目标未达成人数     3.66%    0.00%   2.44%  30.49%  80.49%
2022-06-13 18:04:30.353 | INFO     | src.get_info:operate_sheet:111 - 
 统计数据：static_data_all_odd
所有目标超过平均值人数     3.66%
所有目标均达成人数      18.29%
所有目标均未达成人数      0.00%
dtype: object
2022-06-13 18:06:31.261 | INFO     | __main__:<module>:16 - 
 权重矩阵：df_weight
课程目标达成情况评价报告    作业    报告  教师评价  学生自评
考核方式                                
课程目标1         0.64   0.0  0.16   0.2
课程目标2         0.64   0.0  0.16   0.2
课程目标3         0.64   0.0  0.16   0.2
课程目标4         0.64   0.0  0.16   0.2
课程目标5          0.0  0.64  0.16   0.2
2022-06-13 18:06:31.439 | INFO     | src.get_info:operate_sheet:108 - 
 最终达成度：achieve
          课程目标1  课程目标2  课程目标3  课程目标4  课程目标5
20152516  1.000  0.821  0.768  0.786  0.319
20162503  1.000  0.861  0.848  0.643  0.495
20162504  0.581  1.000  1.000  0.897  0.636
20162505  1.000  0.861  0.848  0.572  0.572
20162506  0.581  0.893  0.928  0.897  0.628
20162507  0.705  0.861  0.848  0.786  0.485
20162508  0.581  0.968  0.920  0.897  0.600
20162509  0.705  0.893  0.928  0.786  0.581
20162511  0.876  0.821  0.768  0.897  0.781
20162512  0.876  0.861  0.848  0.897  0.696
20162513  1.000  0.821  0.768  0.643  0.319
20162514  1.000  0.821  0.768  0.786  0.428
20162515  0.876  0.787  0.856  0.643  0.485
20162516  0.876  0.861  0.848  0.643  0.428
20162517  1.000  0.861  0.848  0.786  0.705
20162518  0.705  0.893  0.928  0.643  0.504
20162519  1.000  0.787  0.856  0.643  0.319
20162520  0.876  0.861  0.848  0.786  0.628
20162522  0.876  0.861  0.848  0.643  0.572
20162523  0.876  0.893  0.928  0.786  0.781
20162524  1.000  0.755  0.776  0.786  0.328
20162526  1.000  0.755  0.776  0.643  0.504
20162527  0.876  0.861  0.848  0.786  0.495
20162528  1.000  0.755  0.776  0.786  0.495
20162529  0.876  0.861  0.848  0.897  0.705
20162530  1.000  0.755  0.776  0.786  0.581
20162531  0.876  0.968  0.920  0.786  0.600
20162532  1.000  0.893  0.928  0.786  0.645
20162533  0.705  0.893  0.928  0.897  0.705
20162534  0.876  0.928  0.840  0.786  0.581
20162536  1.000  0.893  0.928  0.643  0.828
20162538  0.876  0.968  0.920  0.643  0.319
20162539  0.876  0.893  0.928  0.572  0.319
20162540  0.705  0.856  0.760  0.897  0.485
20162541  1.000  0.821  0.768  0.786  0.705
20162542  0.876  0.755  0.776  0.786  0.485
20162543  0.705  1.000  1.000  0.786  0.781
20162544  0.876  0.968  0.920  0.643  0.428
20162525  1.000  0.861  0.848  0.786  0.705
20162521  0.705  0.893  0.928  0.643  0.504
20162537  0.876  0.968  0.920  0.643  0.428
20162535  0.705  0.893  0.928  0.643  0.495
20162545  0.876  0.787  0.856  0.643  0.485
20162546  1.000  0.861  0.848  0.786  0.828
20162547  1.000  0.787  0.856  0.786  0.636
20162549  0.705  0.893  0.928  0.786  0.628
20162550  0.876  0.861  0.848  0.786  0.581
20162551  1.000  0.861  0.848  0.786  0.800
20162552  0.705  0.893  0.928  0.897  0.781
20162553  1.000  0.715  0.696  0.786  0.591
20162554  0.876  0.861  0.848  0.786  0.645
20162555  0.705  0.893  0.928  0.643  0.619
20162556  0.876  0.861  0.848  0.786  0.495
20162557  0.876  0.928  0.840  0.786  0.319
20162558  0.876  0.893  0.928  0.786  0.485
20162559  1.000  0.861  0.848  0.572  0.319
20162560  1.000  0.893  0.928  0.643  0.609
20162561  0.876  0.928  0.840  0.786  0.428
20162562  0.876  0.928  0.840  0.786  0.428
20162564  0.876  0.821  0.768  0.897  0.319
20162566  1.000  0.755  0.776  0.643  0.319
20162567  0.705  0.928  0.840  0.897  0.581
20162568  0.705  0.893  0.928  0.786  0.328
20162569  0.876  0.928  0.840  0.897  0.828
20162570  1.000  0.755  0.776  0.786  0.581
20162571  0.876  0.928  0.840  0.897  0.572
20162572  0.705  0.893  0.928  0.786  0.309
20162574  1.000  0.755  0.776  0.643  0.328
20162575  1.000  0.755  0.776  0.786  0.495
20162576  1.000  0.715  0.696  0.786  0.485
20162577  0.705  0.893  0.928  0.786  0.628
20162578  0.876  0.928  0.840  0.897  0.600
20162579  1.000  0.755  0.776  0.643  0.485
20162580  1.000  0.755  0.776  0.786  0.495
20162581  1.000  0.755  0.776  0.786  0.428
20162582  0.876  0.928  0.840  0.897  0.828
20162583  0.705  0.928  0.840  0.897  0.609
20162584  0.705  0.893  0.928  0.786  0.705
20162585  0.705  1.000  1.000  0.643  0.581
20162548  0.876  0.821  0.768  0.897  0.955
20162573  1.000  0.755  0.776  0.643  0.336
20162563  0.876  0.861  0.848  0.786  0.581
平均值       0.873  0.861  0.853  0.763  0.550
2022-06-13 18:06:31.446 | INFO     | src.get_info:operate_sheet:109 - 
 统计数据：static_final_data
考核方式         课程目标1  课程目标2  课程目标3  课程目标4  课程目标5
单项目标超过平均值人数     61   55.0   31.0   57.0   43.0
单项目标达成人数        79   82.0   80.0   57.0   16.0
单项目标未达成人数        3    0.0    2.0   25.0   66.0
所有目标超过平均值人数      3    NaN    NaN    NaN    NaN
所有目标均达成人数       15    NaN    NaN    NaN    NaN
所有目标均未达成人数       0    NaN    NaN    NaN    NaN
2022-06-13 18:06:31.448 | INFO     | src.get_info:operate_sheet:110 - 
 统计数据：static_data_single_odd
考核方式          课程目标1    课程目标2   课程目标3   课程目标4   课程目标5
单项目标超过平均值人数  74.39%   67.07%  37.80%  69.51%  52.44%
单项目标达成人数     96.34%  100.00%  97.56%  69.51%  19.51%
单项目标未达成人数     3.66%    0.00%   2.44%  30.49%  80.49%
2022-06-13 18:06:31.449 | INFO     | src.get_info:operate_sheet:111 - 
 统计数据：static_data_all_odd
所有目标超过平均值人数     3.66%
所有目标均达成人数      18.29%
所有目标均未达成人数      0.00%
dtype: object
2022-06-13 18:17:59.406 | INFO     | __main__:<module>:16 - 
 权重矩阵：df_weight
课程目标达成情况评价报告    作业    报告  教师评价  学生自评
考核方式                                
课程目标1         0.64   0.0  0.16   0.2
课程目标2         0.64   0.0  0.16   0.2
课程目标3         0.64   0.0  0.16   0.2
课程目标4         0.64   0.0  0.16   0.2
课程目标5          0.0  0.64  0.16   0.2
2022-06-13 18:17:59.586 | INFO     | src.get_info:operate_sheet:108 - 
 最终达成度：achieve
          课程目标1  课程目标2  课程目标3  课程目标4  课程目标5
20152516  1.000  0.821  0.768  0.786  0.319
20162503  1.000  0.861  0.848  0.643  0.495
20162504  0.581  1.000  1.000  0.897  0.636
20162505  1.000  0.861  0.848  0.572  0.572
20162506  0.581  0.893  0.928  0.897  0.628
20162507  0.705  0.861  0.848  0.786  0.485
20162508  0.581  0.968  0.920  0.897  0.600
20162509  0.705  0.893  0.928  0.786  0.581
20162511  0.876  0.821  0.768  0.897  0.781
20162512  0.876  0.861  0.848  0.897  0.696
20162513  1.000  0.821  0.768  0.643  0.319
20162514  1.000  0.821  0.768  0.786  0.428
20162515  0.876  0.787  0.856  0.643  0.485
20162516  0.876  0.861  0.848  0.643  0.428
20162517  1.000  0.861  0.848  0.786  0.705
20162518  0.705  0.893  0.928  0.643  0.504
20162519  1.000  0.787  0.856  0.643  0.319
20162520  0.876  0.861  0.848  0.786  0.628
20162522  0.876  0.861  0.848  0.643  0.572
20162523  0.876  0.893  0.928  0.786  0.781
20162524  1.000  0.755  0.776  0.786  0.328
20162526  1.000  0.755  0.776  0.643  0.504
20162527  0.876  0.861  0.848  0.786  0.495
20162528  1.000  0.755  0.776  0.786  0.495
20162529  0.876  0.861  0.848  0.897  0.705
20162530  1.000  0.755  0.776  0.786  0.581
20162531  0.876  0.968  0.920  0.786  0.600
20162532  1.000  0.893  0.928  0.786  0.645
20162533  0.705  0.893  0.928  0.897  0.705
20162534  0.876  0.928  0.840  0.786  0.581
20162536  1.000  0.893  0.928  0.643  0.828
20162538  0.876  0.968  0.920  0.643  0.319
20162539  0.876  0.893  0.928  0.572  0.319
20162540  0.705  0.856  0.760  0.897  0.485
20162541  1.000  0.821  0.768  0.786  0.705
20162542  0.876  0.755  0.776  0.786  0.485
20162543  0.705  1.000  1.000  0.786  0.781
20162544  0.876  0.968  0.920  0.643  0.428
20162525  1.000  0.861  0.848  0.786  0.705
20162521  0.705  0.893  0.928  0.643  0.504
20162537  0.876  0.968  0.920  0.643  0.428
20162535  0.705  0.893  0.928  0.643  0.495
20162545  0.876  0.787  0.856  0.643  0.485
20162546  1.000  0.861  0.848  0.786  0.828
20162547  1.000  0.787  0.856  0.786  0.636
20162549  0.705  0.893  0.928  0.786  0.628
20162550  0.876  0.861  0.848  0.786  0.581
20162551  1.000  0.861  0.848  0.786  0.800
20162552  0.705  0.893  0.928  0.897  0.781
20162553  1.000  0.715  0.696  0.786  0.591
20162554  0.876  0.861  0.848  0.786  0.645
20162555  0.705  0.893  0.928  0.643  0.619
20162556  0.876  0.861  0.848  0.786  0.495
20162557  0.876  0.928  0.840  0.786  0.319
20162558  0.876  0.893  0.928  0.786  0.485
20162559  1.000  0.861  0.848  0.572  0.319
20162560  1.000  0.893  0.928  0.643  0.609
20162561  0.876  0.928  0.840  0.786  0.428
20162562  0.876  0.928  0.840  0.786  0.428
20162564  0.876  0.821  0.768  0.897  0.319
20162566  1.000  0.755  0.776  0.643  0.319
20162567  0.705  0.928  0.840  0.897  0.581
20162568  0.705  0.893  0.928  0.786  0.328
20162569  0.876  0.928  0.840  0.897  0.828
20162570  1.000  0.755  0.776  0.786  0.581
20162571  0.876  0.928  0.840  0.897  0.572
20162572  0.705  0.893  0.928  0.786  0.309
20162574  1.000  0.755  0.776  0.643  0.328
20162575  1.000  0.755  0.776  0.786  0.495
20162576  1.000  0.715  0.696  0.786  0.485
20162577  0.705  0.893  0.928  0.786  0.628
20162578  0.876  0.928  0.840  0.897  0.600
20162579  1.000  0.755  0.776  0.643  0.485
20162580  1.000  0.755  0.776  0.786  0.495
20162581  1.000  0.755  0.776  0.786  0.428
20162582  0.876  0.928  0.840  0.897  0.828
20162583  0.705  0.928  0.840  0.897  0.609
20162584  0.705  0.893  0.928  0.786  0.705
20162585  0.705  1.000  1.000  0.643  0.581
20162548  0.876  0.821  0.768  0.897  0.955
20162573  1.000  0.755  0.776  0.643  0.336
20162563  0.876  0.861  0.848  0.786  0.581
平均值       0.873  0.861  0.853  0.763  0.550
2022-06-13 18:17:59.594 | INFO     | src.get_info:operate_sheet:109 - 
 统计数据：static_final_data
考核方式         课程目标1  课程目标2  课程目标3  课程目标4  课程目标5
单项目标超过平均值人数     61   55.0   31.0   57.0   43.0
单项目标达成人数        79   82.0   80.0   57.0   16.0
单项目标未达成人数        3    0.0    2.0   25.0   66.0
所有目标超过平均值人数      3    NaN    NaN    NaN    NaN
所有目标均达成人数       15    NaN    NaN    NaN    NaN
所有目标均未达成人数       0    NaN    NaN    NaN    NaN
2022-06-13 18:17:59.595 | INFO     | src.get_info:operate_sheet:110 - 
 统计数据：static_data_single_odd
考核方式          课程目标1    课程目标2   课程目标3   课程目标4   课程目标5
单项目标超过平均值人数  74.39%   67.07%  37.80%  69.51%  52.44%
单项目标达成人数     96.34%  100.00%  97.56%  69.51%  19.51%
单项目标未达成人数     3.66%    0.00%   2.44%  30.49%  80.49%
2022-06-13 18:17:59.597 | INFO     | src.get_info:operate_sheet:111 - 
 统计数据：static_data_all_odd
所有目标超过平均值人数     3.66%
所有目标均达成人数      18.29%
所有目标均未达成人数      0.00%
dtype: object
2022-06-13 18:22:37.649 | INFO     | __main__:<module>:16 - 
 权重矩阵：df_weight
课程目标达成情况评价报告    作业    报告  教师评价  学生自评
考核方式                                
课程目标1         0.64   0.0  0.16   0.2
课程目标2         0.64   0.0  0.16   0.2
课程目标3         0.64   0.0  0.16   0.2
课程目标4         0.64   0.0  0.16   0.2
课程目标5          0.0  0.64  0.16   0.2
2022-06-13 18:22:37.828 | INFO     | src.get_info:operate_sheet:108 - 
 最终达成度：achieve
          课程目标1  课程目标2  课程目标3  课程目标4  课程目标5
20152516  1.000  0.821  0.768  0.786  0.319
20162503  1.000  0.861  0.848  0.643  0.495
20162504  0.581  1.000  1.000  0.897  0.636
20162505  1.000  0.861  0.848  0.572  0.572
20162506  0.581  0.893  0.928  0.897  0.628
20162507  0.705  0.861  0.848  0.786  0.485
20162508  0.581  0.968  0.920  0.897  0.600
20162509  0.705  0.893  0.928  0.786  0.581
20162511  0.876  0.821  0.768  0.897  0.781
20162512  0.876  0.861  0.848  0.897  0.696
20162513  1.000  0.821  0.768  0.643  0.319
20162514  1.000  0.821  0.768  0.786  0.428
20162515  0.876  0.787  0.856  0.643  0.485
20162516  0.876  0.861  0.848  0.643  0.428
20162517  1.000  0.861  0.848  0.786  0.705
20162518  0.705  0.893  0.928  0.643  0.504
20162519  1.000  0.787  0.856  0.643  0.319
20162520  0.876  0.861  0.848  0.786  0.628
20162522  0.876  0.861  0.848  0.643  0.572
20162523  0.876  0.893  0.928  0.786  0.781
20162524  1.000  0.755  0.776  0.786  0.328
20162526  1.000  0.755  0.776  0.643  0.504
20162527  0.876  0.861  0.848  0.786  0.495
20162528  1.000  0.755  0.776  0.786  0.495
20162529  0.876  0.861  0.848  0.897  0.705
20162530  1.000  0.755  0.776  0.786  0.581
20162531  0.876  0.968  0.920  0.786  0.600
20162532  1.000  0.893  0.928  0.786  0.645
20162533  0.705  0.893  0.928  0.897  0.705
20162534  0.876  0.928  0.840  0.786  0.581
20162536  1.000  0.893  0.928  0.643  0.828
20162538  0.876  0.968  0.920  0.643  0.319
20162539  0.876  0.893  0.928  0.572  0.319
20162540  0.705  0.856  0.760  0.897  0.485
20162541  1.000  0.821  0.768  0.786  0.705
20162542  0.876  0.755  0.776  0.786  0.485
20162543  0.705  1.000  1.000  0.786  0.781
20162544  0.876  0.968  0.920  0.643  0.428
20162525  1.000  0.861  0.848  0.786  0.705
20162521  0.705  0.893  0.928  0.643  0.504
20162537  0.876  0.968  0.920  0.643  0.428
20162535  0.705  0.893  0.928  0.643  0.495
20162545  0.876  0.787  0.856  0.643  0.485
20162546  1.000  0.861  0.848  0.786  0.828
20162547  1.000  0.787  0.856  0.786  0.636
20162549  0.705  0.893  0.928  0.786  0.628
20162550  0.876  0.861  0.848  0.786  0.581
20162551  1.000  0.861  0.848  0.786  0.800
20162552  0.705  0.893  0.928  0.897  0.781
20162553  1.000  0.715  0.696  0.786  0.591
20162554  0.876  0.861  0.848  0.786  0.645
20162555  0.705  0.893  0.928  0.643  0.619
20162556  0.876  0.861  0.848  0.786  0.495
20162557  0.876  0.928  0.840  0.786  0.319
20162558  0.876  0.893  0.928  0.786  0.485
20162559  1.000  0.861  0.848  0.572  0.319
20162560  1.000  0.893  0.928  0.643  0.609
20162561  0.876  0.928  0.840  0.786  0.428
20162562  0.876  0.928  0.840  0.786  0.428
20162564  0.876  0.821  0.768  0.897  0.319
20162566  1.000  0.755  0.776  0.643  0.319
20162567  0.705  0.928  0.840  0.897  0.581
20162568  0.705  0.893  0.928  0.786  0.328
20162569  0.876  0.928  0.840  0.897  0.828
20162570  1.000  0.755  0.776  0.786  0.581
20162571  0.876  0.928  0.840  0.897  0.572
20162572  0.705  0.893  0.928  0.786  0.309
20162574  1.000  0.755  0.776  0.643  0.328
20162575  1.000  0.755  0.776  0.786  0.495
20162576  1.000  0.715  0.696  0.786  0.485
20162577  0.705  0.893  0.928  0.786  0.628
20162578  0.876  0.928  0.840  0.897  0.600
20162579  1.000  0.755  0.776  0.643  0.485
20162580  1.000  0.755  0.776  0.786  0.495
20162581  1.000  0.755  0.776  0.786  0.428
20162582  0.876  0.928  0.840  0.897  0.828
20162583  0.705  0.928  0.840  0.897  0.609
20162584  0.705  0.893  0.928  0.786  0.705
20162585  0.705  1.000  1.000  0.643  0.581
20162548  0.876  0.821  0.768  0.897  0.955
20162573  1.000  0.755  0.776  0.643  0.336
20162563  0.876  0.861  0.848  0.786  0.581
平均值       0.873  0.861  0.853  0.763  0.550
2022-06-13 18:22:37.836 | INFO     | src.get_info:operate_sheet:109 - 
 统计数据：static_final_data
考核方式         课程目标1  课程目标2  课程目标3  课程目标4  课程目标5
单项目标超过平均值人数     61   55.0   31.0   57.0   43.0
单项目标达成人数        79   82.0   80.0   57.0   16.0
单项目标未达成人数        3    0.0    2.0   25.0   66.0
所有目标超过平均值人数      3    NaN    NaN    NaN    NaN
所有目标均达成人数       15    NaN    NaN    NaN    NaN
所有目标均未达成人数       0    NaN    NaN    NaN    NaN
2022-06-13 18:22:37.837 | INFO     | src.get_info:operate_sheet:110 - 
 统计数据：static_data_single_odd
考核方式          课程目标1    课程目标2   课程目标3   课程目标4   课程目标5
单项目标超过平均值人数  74.39%   67.07%  37.80%  69.51%  52.44%
单项目标达成人数     96.34%  100.00%  97.56%  69.51%  19.51%
单项目标未达成人数     3.66%    0.00%   2.44%  30.49%  80.49%
2022-06-13 18:22:37.839 | INFO     | src.get_info:operate_sheet:111 - 
 统计数据：static_data_all_odd
所有目标超过平均值人数     3.66%
所有目标均达成人数      18.29%
所有目标均未达成人数      0.00%
dtype: object
2022-06-13 18:22:39.924 | ERROR    | src.to_excel:write_reporter:273 - '160408'
Traceback (most recent call last):

  File "D:\anaconda3-5.3.0\envs\py38\lib\site-packages\pandas\core\indexes\base.py", line 3080, in get_loc
    return self._engine.get_loc(casted_key)
           │    │               └ '160408'
           │    └ <pandas._libs.properties.CachedProperty object at 0x000001EDE8F482C0>
           └ Int64Index([160408, 160409], dtype='int64')

  File "pandas\_libs\index.pyx", line 70, in pandas._libs.index.IndexEngine.get_loc
  File "pandas\_libs\index.pyx", line 98, in pandas._libs.index.IndexEngine.get_loc
  File "pandas\_libs\index_class_helper.pxi", line 89, in pandas._libs.index.Int64Engine._check_type

KeyError: '160408'


The above exception was the direct cause of the following exception:


Traceback (most recent call last):

  File "E:/python/2021.9.17/pandas_excel/src/main.py", line 18, in <module>
    final_target_achieve, new_path, student_id, k, object_all_out = get_info.operate_sheet(df_test_weight, file, df_index_values, df_weight, data_weight)
                                                                    │        │             │               │     │                │          └ 课程目标达成情况评价报告
                                                                    │        │             │               │     │                │            考核成绩法    0.64
                                                                    │        │             │               │     │                │            教师评价     0.16
                                                                    │        │             │               │     │                │            学生自评      0.2
                                                                    │        │             │               │     │                │            Name: 权重值, dtype: object
                                                                    │        │             │               │     │                └ 课程目标达成情况评价报告    作业    报告  教师评价  学生自评
                                                                    │        │             │               │     │                  考核方式                                
                                                                    │        │             │               │     │                  课程目标1         0.64   0.0  0.16   0.2
                                                                    │        │             │               │     │                  课程目标2         ...
                                                                    │        │             │               │     └ ['教师评价', '学生自评']
                                                                    │        │             │               └ '..\\data\\6_new_data.xls'
                                                                    │        │             └ 考核方式         课程目标1 课程目标2 课程目标3 课程目标4 课程目标5
                                                                    │        │               课程目标达成情况评价报告                              
                                                                    │        │               作业               1     1     1     1   ...
                                                                    │        └ <function operate_sheet at 0x000001EDEBE7E670>
                                                                    └ <module 'src.get_info' from 'E:\\python\\2021.9.17\\pandas_excel\\src\\get_info.py'>

  File "E:\python\2021.9.17\pandas_excel\src\get_info.py", line 113, in operate_sheet
    start_col, new_path, object_all_out = to_excel.write_excel(object_all_params, object_all_scores, object_evaluation_achieve,
                                          │        │           │                  │                  └ [题号          课程目标1  课程目标2  课程目标3  课程目标4 课程目标5
                                          │        │           │                  │                    学生学号                                        
                                          │        │           │                  │                    20152516.0  1.000  0.833  0.750  0...
                                          │        │           │                  └ [            1    2    3    4
                                          │        │           │                    学生学号                        
                                          │        │           │                    20152516.0  7  6.0  5.0  7.0
                                          │        │           │                    20162503.0  7  7.0  5.0  6.0
                                          │        │           │                    20162504...
                                          │        │           └ [       1    2    3    4
                                          │        │             题号                     
                                          │        │             小题分数   7  8.0  6.0  9.0
                                          │        │             课程目标1  1  0.0  0.0  0.0
                                          │        │             课程目标2  0  0.0  1.0  0.0
                                          │        │             课程目标...
                                          │        └ <function write_excel at 0x000001EDE92A1940>
                                          └ <module 'src.to_excel' from 'E:\\python\\2021.9.17\\pandas_excel\\src\\to_excel.py'>

  File "E:\python\2021.9.17\pandas_excel\src\to_excel.py", line 32, in write_excel
    write_reporter(wb, sheet, df_test_weight, class_ach, class_id, df_index_values, data_weight)
    │              │   │      │               │          │         │                └ 课程目标达成情况评价报告
    │              │   │      │               │          │         │                  考核成绩法    0.64
    │              │   │      │               │          │         │                  教师评价     0.16
    │              │   │      │               │          │         │                  学生自评      0.2
    │              │   │      │               │          │         │                  Name: 权重值, dtype: object
    │              │   │      │               │          │         └ ['教师评价', '学生自评']
    │              │   │      │               │          └ [160408, 160409]
    │              │   │      │               └ [        课程目标1  课程目标2  课程目标3  课程目标4  课程目标5
    │              │   │      │                 160408  0.861  0.841  0.893  0.751    NaN
    │              │   │      │                 160409  0.875  0.825  0.872  0.775    Na...
    │              │   │      └ 考核方式         课程目标1 课程目标2 课程目标3 课程目标4 课程目标5
    │              │   │        课程目标达成情况评价报告                              
    │              │   │        作业               1     1     1     1   ...
    │              │   └ '..\\data\\6_new_data.xls'
    │              └ <Book [6_new_data.xls]>
    └ <function write_reporter at 0x000001EDEBE7A700>

> File "E:\python\2021.9.17\pandas_excel\src\to_excel.py", line 227, in write_reporter
    ach = single_ach.loc[class_id, :]
          │          │   └ '160408'
          │          └ <property object at 0x000001EDE910AAE0>
          └         课程目标1  课程目标2  课程目标3  课程目标4  课程目标5
            160408  0.861  0.841  0.893  0.751    NaN
            160409  0.875  0.825  0.872  0.775    NaN

  File "D:\anaconda3-5.3.0\envs\py38\lib\site-packages\pandas\core\indexing.py", line 889, in __getitem__
    return self._getitem_tuple(key)
           │    │              └ ('160408', slice(None, None, None))
           │    └ <function _LocIndexer._getitem_tuple at 0x000001EDE9112310>
           └ <pandas.core.indexing._LocIndexer object at 0x000001EDEBFF8220>

  File "D:\anaconda3-5.3.0\envs\py38\lib\site-packages\pandas\core\indexing.py", line 1060, in _getitem_tuple
    return self._getitem_lowerdim(tup)
           │    │                 └ ('160408', slice(None, None, None))
           │    └ <function _LocationIndexer._getitem_lowerdim at 0x000001EDE910E9D0>
           └ <pandas.core.indexing._LocIndexer object at 0x000001EDEBFF8220>

  File "D:\anaconda3-5.3.0\envs\py38\lib\site-packages\pandas\core\indexing.py", line 807, in _getitem_lowerdim
    section = self._getitem_axis(key, axis=i)
              │    │             │         └ 0
              │    │             └ '160408'
              │    └ <function _LocIndexer._getitem_axis at 0x000001EDE91124C0>
              └ <pandas.core.indexing._LocIndexer object at 0x000001EDEBFF8220>

  File "D:\anaconda3-5.3.0\envs\py38\lib\site-packages\pandas\core\indexing.py", line 1124, in _getitem_axis
    return self._get_label(key, axis=axis)
           │    │          │         └ 0
           │    │          └ '160408'
           │    └ <function _LocIndexer._get_label at 0x000001EDE91123A0>
           └ <pandas.core.indexing._LocIndexer object at 0x000001EDEBFF8220>

  File "D:\anaconda3-5.3.0\envs\py38\lib\site-packages\pandas\core\indexing.py", line 1073, in _get_label
    return self.obj.xs(label, axis=axis)
           │    │      │           └ 0
           │    │      └ '160408'
           │    └ <attribute 'obj' of 'pandas._libs.indexing.NDFrameIndexerBase' objects>
           └ <pandas.core.indexing._LocIndexer object at 0x000001EDEBFF8220>

  File "D:\anaconda3-5.3.0\envs\py38\lib\site-packages\pandas\core\generic.py", line 3739, in xs
    loc = index.get_loc(key)
          │     │       └ '160408'
          │     └ <function Index.get_loc at 0x000001EDE8F4E040>
          └ Int64Index([160408, 160409], dtype='int64')

  File "D:\anaconda3-5.3.0\envs\py38\lib\site-packages\pandas\core\indexes\base.py", line 3082, in get_loc
    raise KeyError(key) from err
                   └ '160408'

KeyError: '160408'
2022-06-13 18:28:07.965 | INFO     | __main__:<module>:16 - 
 权重矩阵：df_weight
课程目标达成情况评价报告    作业    报告  教师评价  学生自评
考核方式                                
课程目标1         0.64   0.0  0.16   0.2
课程目标2         0.64   0.0  0.16   0.2
课程目标3         0.64   0.0  0.16   0.2
课程目标4         0.64   0.0  0.16   0.2
课程目标5          0.0  0.64  0.16   0.2
2022-06-13 18:28:08.144 | INFO     | src.get_info:operate_sheet:108 - 
 最终达成度：achieve
          课程目标1  课程目标2  课程目标3  课程目标4  课程目标5
20152516  1.000  0.821  0.768  0.786  0.319
20162503  1.000  0.861  0.848  0.643  0.495
20162504  0.581  1.000  1.000  0.897  0.636
20162505  1.000  0.861  0.848  0.572  0.572
20162506  0.581  0.893  0.928  0.897  0.628
20162507  0.705  0.861  0.848  0.786  0.485
20162508  0.581  0.968  0.920  0.897  0.600
20162509  0.705  0.893  0.928  0.786  0.581
20162511  0.876  0.821  0.768  0.897  0.781
20162512  0.876  0.861  0.848  0.897  0.696
20162513  1.000  0.821  0.768  0.643  0.319
20162514  1.000  0.821  0.768  0.786  0.428
20162515  0.876  0.787  0.856  0.643  0.485
20162516  0.876  0.861  0.848  0.643  0.428
20162517  1.000  0.861  0.848  0.786  0.705
20162518  0.705  0.893  0.928  0.643  0.504
20162519  1.000  0.787  0.856  0.643  0.319
20162520  0.876  0.861  0.848  0.786  0.628
20162522  0.876  0.861  0.848  0.643  0.572
20162523  0.876  0.893  0.928  0.786  0.781
20162524  1.000  0.755  0.776  0.786  0.328
20162526  1.000  0.755  0.776  0.643  0.504
20162527  0.876  0.861  0.848  0.786  0.495
20162528  1.000  0.755  0.776  0.786  0.495
20162529  0.876  0.861  0.848  0.897  0.705
20162530  1.000  0.755  0.776  0.786  0.581
20162531  0.876  0.968  0.920  0.786  0.600
20162532  1.000  0.893  0.928  0.786  0.645
20162533  0.705  0.893  0.928  0.897  0.705
20162534  0.876  0.928  0.840  0.786  0.581
20162536  1.000  0.893  0.928  0.643  0.828
20162538  0.876  0.968  0.920  0.643  0.319
20162539  0.876  0.893  0.928  0.572  0.319
20162540  0.705  0.856  0.760  0.897  0.485
20162541  1.000  0.821  0.768  0.786  0.705
20162542  0.876  0.755  0.776  0.786  0.485
20162543  0.705  1.000  1.000  0.786  0.781
20162544  0.876  0.968  0.920  0.643  0.428
20162525  1.000  0.861  0.848  0.786  0.705
20162521  0.705  0.893  0.928  0.643  0.504
20162537  0.876  0.968  0.920  0.643  0.428
20162535  0.705  0.893  0.928  0.643  0.495
20162545  0.876  0.787  0.856  0.643  0.485
20162546  1.000  0.861  0.848  0.786  0.828
20162547  1.000  0.787  0.856  0.786  0.636
20162549  0.705  0.893  0.928  0.786  0.628
20162550  0.876  0.861  0.848  0.786  0.581
20162551  1.000  0.861  0.848  0.786  0.800
20162552  0.705  0.893  0.928  0.897  0.781
20162553  1.000  0.715  0.696  0.786  0.591
20162554  0.876  0.861  0.848  0.786  0.645
20162555  0.705  0.893  0.928  0.643  0.619
20162556  0.876  0.861  0.848  0.786  0.495
20162557  0.876  0.928  0.840  0.786  0.319
20162558  0.876  0.893  0.928  0.786  0.485
20162559  1.000  0.861  0.848  0.572  0.319
20162560  1.000  0.893  0.928  0.643  0.609
20162561  0.876  0.928  0.840  0.786  0.428
20162562  0.876  0.928  0.840  0.786  0.428
20162564  0.876  0.821  0.768  0.897  0.319
20162566  1.000  0.755  0.776  0.643  0.319
20162567  0.705  0.928  0.840  0.897  0.581
20162568  0.705  0.893  0.928  0.786  0.328
20162569  0.876  0.928  0.840  0.897  0.828
20162570  1.000  0.755  0.776  0.786  0.581
20162571  0.876  0.928  0.840  0.897  0.572
20162572  0.705  0.893  0.928  0.786  0.309
20162574  1.000  0.755  0.776  0.643  0.328
20162575  1.000  0.755  0.776  0.786  0.495
20162576  1.000  0.715  0.696  0.786  0.485
20162577  0.705  0.893  0.928  0.786  0.628
20162578  0.876  0.928  0.840  0.897  0.600
20162579  1.000  0.755  0.776  0.643  0.485
20162580  1.000  0.755  0.776  0.786  0.495
20162581  1.000  0.755  0.776  0.786  0.428
20162582  0.876  0.928  0.840  0.897  0.828
20162583  0.705  0.928  0.840  0.897  0.609
20162584  0.705  0.893  0.928  0.786  0.705
20162585  0.705  1.000  1.000  0.643  0.581
20162548  0.876  0.821  0.768  0.897  0.955
20162573  1.000  0.755  0.776  0.643  0.336
20162563  0.876  0.861  0.848  0.786  0.581
平均值       0.873  0.861  0.853  0.763  0.550
2022-06-13 18:28:08.152 | INFO     | src.get_info:operate_sheet:109 - 
 统计数据：static_final_data
考核方式         课程目标1  课程目标2  课程目标3  课程目标4  课程目标5
单项目标超过平均值人数     61   55.0   31.0   57.0   43.0
单项目标达成人数        79   82.0   80.0   57.0   16.0
单项目标未达成人数        3    0.0    2.0   25.0   66.0
所有目标超过平均值人数      3    NaN    NaN    NaN    NaN
所有目标均达成人数       15    NaN    NaN    NaN    NaN
所有目标均未达成人数       0    NaN    NaN    NaN    NaN
2022-06-13 18:28:08.153 | INFO     | src.get_info:operate_sheet:110 - 
 统计数据：static_data_single_odd
考核方式          课程目标1    课程目标2   课程目标3   课程目标4   课程目标5
单项目标超过平均值人数  74.39%   67.07%  37.80%  69.51%  52.44%
单项目标达成人数     96.34%  100.00%  97.56%  69.51%  19.51%
单项目标未达成人数     3.66%    0.00%   2.44%  30.49%  80.49%
2022-06-13 18:28:08.155 | INFO     | src.get_info:operate_sheet:111 - 
 统计数据：static_data_all_odd
所有目标超过平均值人数     3.66%
所有目标均达成人数      18.29%
所有目标均未达成人数      0.00%
dtype: object
2022-06-13 19:07:19.003 | INFO     | __main__:<module>:16 - 
 权重矩阵：df_weight
课程目标达成情况评价报告    作业    报告  教师评价  学生自评
考核方式                                
课程目标1         0.64   0.0  0.16   0.2
课程目标2         0.64   0.0  0.16   0.2
课程目标3         0.64   0.0  0.16   0.2
课程目标4         0.64   0.0  0.16   0.2
课程目标5          0.0  0.64  0.16   0.2
2022-06-13 19:07:19.182 | INFO     | src.get_info:operate_sheet:108 - 
 最终达成度：achieve
          课程目标1  课程目标2  课程目标3  课程目标4  课程目标5
20152516  1.000  0.821  0.768  0.786  0.319
20162503  1.000  0.861  0.848  0.643  0.495
20162504  0.581  1.000  1.000  0.897  0.636
20162505  1.000  0.861  0.848  0.572  0.572
20162506  0.581  0.893  0.928  0.897  0.628
20162507  0.705  0.861  0.848  0.786  0.485
20162508  0.581  0.968  0.920  0.897  0.600
20162509  0.705  0.893  0.928  0.786  0.581
20162511  0.876  0.821  0.768  0.897  0.781
20162512  0.876  0.861  0.848  0.897  0.696
20162513  1.000  0.821  0.768  0.643  0.319
20162514  1.000  0.821  0.768  0.786  0.428
20162515  0.876  0.787  0.856  0.643  0.485
20162516  0.876  0.861  0.848  0.643  0.428
20162517  1.000  0.861  0.848  0.786  0.705
20162518  0.705  0.893  0.928  0.643  0.504
20162519  1.000  0.787  0.856  0.643  0.319
20162520  0.876  0.861  0.848  0.786  0.628
20162522  0.876  0.861  0.848  0.643  0.572
20162523  0.876  0.893  0.928  0.786  0.781
20162524  1.000  0.755  0.776  0.786  0.328
20162526  1.000  0.755  0.776  0.643  0.504
20162527  0.876  0.861  0.848  0.786  0.495
20162528  1.000  0.755  0.776  0.786  0.495
20162529  0.876  0.861  0.848  0.897  0.705
20162530  1.000  0.755  0.776  0.786  0.581
20162531  0.876  0.968  0.920  0.786  0.600
20162532  1.000  0.893  0.928  0.786  0.645
20162533  0.705  0.893  0.928  0.897  0.705
20162534  0.876  0.928  0.840  0.786  0.581
20162536  1.000  0.893  0.928  0.643  0.828
20162538  0.876  0.968  0.920  0.643  0.319
20162539  0.876  0.893  0.928  0.572  0.319
20162540  0.705  0.856  0.760  0.897  0.485
20162541  1.000  0.821  0.768  0.786  0.705
20162542  0.876  0.755  0.776  0.786  0.485
20162543  0.705  1.000  1.000  0.786  0.781
20162544  0.876  0.968  0.920  0.643  0.428
20162525  1.000  0.861  0.848  0.786  0.705
20162521  0.705  0.893  0.928  0.643  0.504
20162537  0.876  0.968  0.920  0.643  0.428
20162535  0.705  0.893  0.928  0.643  0.495
20162545  0.876  0.787  0.856  0.643  0.485
20162546  1.000  0.861  0.848  0.786  0.828
20162547  1.000  0.787  0.856  0.786  0.636
20162549  0.705  0.893  0.928  0.786  0.628
20162550  0.876  0.861  0.848  0.786  0.581
20162551  1.000  0.861  0.848  0.786  0.800
20162552  0.705  0.893  0.928  0.897  0.781
20162553  1.000  0.715  0.696  0.786  0.591
20162554  0.876  0.861  0.848  0.786  0.645
20162555  0.705  0.893  0.928  0.643  0.619
20162556  0.876  0.861  0.848  0.786  0.495
20162557  0.876  0.928  0.840  0.786  0.319
20162558  0.876  0.893  0.928  0.786  0.485
20162559  1.000  0.861  0.848  0.572  0.319
20162560  1.000  0.893  0.928  0.643  0.609
20162561  0.876  0.928  0.840  0.786  0.428
20162562  0.876  0.928  0.840  0.786  0.428
20162564  0.876  0.821  0.768  0.897  0.319
20162566  1.000  0.755  0.776  0.643  0.319
20162567  0.705  0.928  0.840  0.897  0.581
20162568  0.705  0.893  0.928  0.786  0.328
20162569  0.876  0.928  0.840  0.897  0.828
20162570  1.000  0.755  0.776  0.786  0.581
20162571  0.876  0.928  0.840  0.897  0.572
20162572  0.705  0.893  0.928  0.786  0.309
20162574  1.000  0.755  0.776  0.643  0.328
20162575  1.000  0.755  0.776  0.786  0.495
20162576  1.000  0.715  0.696  0.786  0.485
20162577  0.705  0.893  0.928  0.786  0.628
20162578  0.876  0.928  0.840  0.897  0.600
20162579  1.000  0.755  0.776  0.643  0.485
20162580  1.000  0.755  0.776  0.786  0.495
20162581  1.000  0.755  0.776  0.786  0.428
20162582  0.876  0.928  0.840  0.897  0.828
20162583  0.705  0.928  0.840  0.897  0.609
20162584  0.705  0.893  0.928  0.786  0.705
20162585  0.705  1.000  1.000  0.643  0.581
20162548  0.876  0.821  0.768  0.897  0.955
20162573  1.000  0.755  0.776  0.643  0.336
20162563  0.876  0.861  0.848  0.786  0.581
平均值       0.873  0.861  0.853  0.763  0.550
2022-06-13 19:07:19.190 | INFO     | src.get_info:operate_sheet:109 - 
 统计数据：static_final_data
考核方式         课程目标1  课程目标2  课程目标3  课程目标4  课程目标5
单项目标超过平均值人数     61   55.0   31.0   57.0   43.0
单项目标达成人数        79   82.0   80.0   57.0   16.0
单项目标未达成人数        3    0.0    2.0   25.0   66.0
所有目标超过平均值人数      3    NaN    NaN    NaN    NaN
所有目标均达成人数       15    NaN    NaN    NaN    NaN
所有目标均未达成人数       0    NaN    NaN    NaN    NaN
2022-06-13 19:07:19.191 | INFO     | src.get_info:operate_sheet:110 - 
 统计数据：static_data_single_odd
考核方式          课程目标1    课程目标2   课程目标3   课程目标4   课程目标5
单项目标超过平均值人数  74.39%   67.07%  37.80%  69.51%  52.44%
单项目标达成人数     96.34%  100.00%  97.56%  69.51%  19.51%
单项目标未达成人数     3.66%    0.00%   2.44%  30.49%  80.49%
2022-06-13 19:07:19.193 | INFO     | src.get_info:operate_sheet:111 - 
 统计数据：static_data_all_odd
所有目标超过平均值人数     3.66%
所有目标均达成人数      18.29%
所有目标均未达成人数      0.00%
dtype: object
2022-06-13 20:27:46.861 | INFO     | __main__:<module>:16 - 
 权重矩阵：df_weight
课程目标达成情况评价报告    作业    报告  教师评价  学生自评
考核方式                                
课程目标1         0.64   0.0  0.16   0.2
课程目标2         0.64   0.0  0.16   0.2
课程目标3         0.64   0.0  0.16   0.2
课程目标4         0.64   0.0  0.16   0.2
课程目标5          0.0  0.64  0.16   0.2
2022-06-13 20:27:47.036 | INFO     | src.get_info:operate_sheet:108 - 
 最终达成度：achieve
          课程目标1  课程目标2  课程目标3  课程目标4  课程目标5
20152516  1.000  0.821  0.768  0.786  0.319
20162503  1.000  0.861  0.848  0.643  0.495
20162504  0.581  1.000  1.000  0.897  0.636
20162505  1.000  0.861  0.848  0.572  0.572
20162506  0.581  0.893  0.928  0.897  0.628
20162507  0.705  0.861  0.848  0.786  0.485
20162508  0.581  0.968  0.920  0.897  0.600
20162509  0.705  0.893  0.928  0.786  0.581
20162511  0.876  0.821  0.768  0.897  0.781
20162512  0.876  0.861  0.848  0.897  0.696
20162513  1.000  0.821  0.768  0.643  0.319
20162514  1.000  0.821  0.768  0.786  0.428
20162515  0.876  0.787  0.856  0.643  0.485
20162516  0.876  0.861  0.848  0.643  0.428
20162517  1.000  0.861  0.848  0.786  0.705
20162518  0.705  0.893  0.928  0.643  0.504
20162519  1.000  0.787  0.856  0.643  0.319
20162520  0.876  0.861  0.848  0.786  0.628
20162522  0.876  0.861  0.848  0.643  0.572
20162523  0.876  0.893  0.928  0.786  0.781
20162524  1.000  0.755  0.776  0.786  0.328
20162526  1.000  0.755  0.776  0.643  0.504
20162527  0.876  0.861  0.848  0.786  0.495
20162528  1.000  0.755  0.776  0.786  0.495
20162529  0.876  0.861  0.848  0.897  0.705
20162530  1.000  0.755  0.776  0.786  0.581
20162531  0.876  0.968  0.920  0.786  0.600
20162532  1.000  0.893  0.928  0.786  0.645
20162533  0.705  0.893  0.928  0.897  0.705
20162534  0.876  0.928  0.840  0.786  0.581
20162536  1.000  0.893  0.928  0.643  0.828
20162538  0.876  0.968  0.920  0.643  0.319
20162539  0.876  0.893  0.928  0.572  0.319
20162540  0.705  0.856  0.760  0.897  0.485
20162541  1.000  0.821  0.768  0.786  0.705
20162542  0.876  0.755  0.776  0.786  0.485
20162543  0.705  1.000  1.000  0.786  0.781
20162544  0.876  0.968  0.920  0.643  0.428
20162525  1.000  0.861  0.848  0.786  0.705
20162521  0.705  0.893  0.928  0.643  0.504
20162537  0.876  0.968  0.920  0.643  0.428
20162535  0.705  0.893  0.928  0.643  0.495
20162545  0.876  0.787  0.856  0.643  0.485
20162546  1.000  0.861  0.848  0.786  0.828
20162547  1.000  0.787  0.856  0.786  0.636
20162549  0.705  0.893  0.928  0.786  0.628
20162550  0.876  0.861  0.848  0.786  0.581
20162551  1.000  0.861  0.848  0.786  0.800
20162552  0.705  0.893  0.928  0.897  0.781
20162553  1.000  0.715  0.696  0.786  0.591
20162554  0.876  0.861  0.848  0.786  0.645
20162555  0.705  0.893  0.928  0.643  0.619
20162556  0.876  0.861  0.848  0.786  0.495
20162557  0.876  0.928  0.840  0.786  0.319
20162558  0.876  0.893  0.928  0.786  0.485
20162559  1.000  0.861  0.848  0.572  0.319
20162560  1.000  0.893  0.928  0.643  0.609
20162561  0.876  0.928  0.840  0.786  0.428
20162562  0.876  0.928  0.840  0.786  0.428
20162564  0.876  0.821  0.768  0.897  0.319
20162566  1.000  0.755  0.776  0.643  0.319
20162567  0.705  0.928  0.840  0.897  0.581
20162568  0.705  0.893  0.928  0.786  0.328
20162569  0.876  0.928  0.840  0.897  0.828
20162570  1.000  0.755  0.776  0.786  0.581
20162571  0.876  0.928  0.840  0.897  0.572
20162572  0.705  0.893  0.928  0.786  0.309
20162574  1.000  0.755  0.776  0.643  0.328
20162575  1.000  0.755  0.776  0.786  0.495
20162576  1.000  0.715  0.696  0.786  0.485
20162577  0.705  0.893  0.928  0.786  0.628
20162578  0.876  0.928  0.840  0.897  0.600
20162579  1.000  0.755  0.776  0.643  0.485
20162580  1.000  0.755  0.776  0.786  0.495
20162581  1.000  0.755  0.776  0.786  0.428
20162582  0.876  0.928  0.840  0.897  0.828
20162583  0.705  0.928  0.840  0.897  0.609
20162584  0.705  0.893  0.928  0.786  0.705
20162585  0.705  1.000  1.000  0.643  0.581
20162548  0.876  0.821  0.768  0.897  0.955
20162573  1.000  0.755  0.776  0.643  0.336
20162563  0.876  0.861  0.848  0.786  0.581
平均值       0.873  0.861  0.853  0.763  0.550
2022-06-13 20:27:47.043 | INFO     | src.get_info:operate_sheet:109 - 
 统计数据：static_final_data
考核方式         课程目标1  课程目标2  课程目标3  课程目标4  课程目标5
单项目标超过平均值人数     61   55.0   31.0   57.0   43.0
单项目标达成人数        79   82.0   80.0   57.0   16.0
单项目标未达成人数        3    0.0    2.0   25.0   66.0
所有目标超过平均值人数      3    NaN    NaN    NaN    NaN
所有目标均达成人数       15    NaN    NaN    NaN    NaN
所有目标均未达成人数       0    NaN    NaN    NaN    NaN
2022-06-13 20:27:47.044 | INFO     | src.get_info:operate_sheet:110 - 
 统计数据：static_data_single_odd
考核方式          课程目标1    课程目标2   课程目标3   课程目标4   课程目标5
单项目标超过平均值人数  74.39%   67.07%  37.80%  69.51%  52.44%
单项目标达成人数     96.34%  100.00%  97.56%  69.51%  19.51%
单项目标未达成人数     3.66%    0.00%   2.44%  30.49%  80.49%
2022-06-13 20:27:47.046 | INFO     | src.get_info:operate_sheet:111 - 
 统计数据：static_data_all_odd
所有目标超过平均值人数     3.66%
所有目标均达成人数      18.29%
所有目标均未达成人数      0.00%
dtype: object
