2022-06-13 19:55:35.431 | INFO     | __main__:<module>:16 - 
 权重矩阵：df_weight
课程目标达成情况评价报告    作业     测试     报告  教师评价  学生自评
考核方式                                        
课程目标1         0.64    0.0    0.0  0.16   0.2
课程目标2         0.64    0.0    0.0  0.16   0.2
课程目标3         0.64    0.0    0.0  0.16   0.2
课程目标4         0.64    0.0    0.0  0.16   0.2
课程目标5          0.0  0.256  0.384  0.16   0.2
2022-06-13 19:55:35.661 | INFO     | src.get_info:operate_sheet:108 - 
 最终达成度：achieve
          课程目标1  课程目标2  课程目标3  课程目标4  课程目标5
20212535  1.000  0.748  0.600  0.392  0.618
20212536  0.876  0.749  0.688  0.643  0.795
20212537  0.876  0.428  0.428  0.786  0.613
20212538  1.000  0.861  0.848  1.000  0.944
20212539  1.000  0.748  0.680  0.572  0.787
20212540  0.705  0.821  0.768  0.643  0.737
20212541  0.876  1.000  1.000  0.897  0.941
20212542  1.000  0.748  0.600  0.392  0.709
20212543  0.705  0.715  0.696  0.786  0.659
20212544  1.000  0.748  0.680  0.572  0.774
20212545  1.000  0.535  0.536  0.786  0.660
20212546  0.876  0.928  0.840  0.643  0.815
20212547  0.581  0.928  0.840  0.392  0.627
20212548  0.705  0.755  0.776  0.897  0.827
20212549  0.705  0.968  0.920  0.643  0.781
20212550  0.876  0.643  0.616  0.786  0.711
20212552  0.876  0.641  0.608  0.572  0.720
20212553  1.000  0.821  0.768  0.897  0.891
20212554  0.876  0.749  0.688  0.643  0.652
20212555  0.876  0.821  0.768  0.786  0.808
20212556  0.876  0.749  0.688  0.643  0.768
20212557  0.876  0.428  0.348  0.643  0.654
20212558  0.705  1.000  1.000  0.786  0.827
20212559  0.876  0.715  0.696  0.897  0.806
20212560  1.000  0.748  0.600  0.392  0.767
20212561  0.705  0.856  0.760  0.392  0.702
20212562  0.705  0.755  0.776  0.897  0.891
20212563  0.876  0.749  0.688  0.643  0.795
20212564  0.876  0.893  0.928  1.000  0.885
20212565  0.705  0.928  0.840  0.572  0.719
20212566  1.000  0.821  0.768  0.897  0.801
20212567  0.705  0.893  0.928  0.897  0.872
20212568  0.876  0.928  0.840  0.643  0.813
20212569  0.705  0.968  0.920  0.643  0.800
20212570  1.000  0.748  0.680  0.572  0.641
20212571  0.876  1.000  1.000  0.897  0.941
20212572  0.876  0.893  0.928  1.000  0.944
20212573  1.000  0.928  0.840  0.786  0.885
20212574  0.876  0.428  0.348  0.643  0.711
20212575  0.581  0.715  0.696  0.643  0.632
20212576  0.876  0.856  0.760  0.572  0.711
20212577  0.705  0.755  0.776  0.897  0.806
20212578  0.705  0.928  0.840  0.572  0.716
20212579  0.876  0.821  0.768  0.786  0.872
20212580  0.876  0.968  0.920  0.786  0.899
20212581  1.000  0.968  0.920  0.897  0.949
20212582  0.581  0.968  0.920  0.572  0.696
20212583  0.876  0.749  0.688  0.643  0.723
20212584  1.000  0.748  0.600  0.392  0.696
20212585  0.876  0.715  0.696  0.897  0.806
20212586  1.000  0.688  0.520  0.321  0.638
20212587  0.581  0.643  0.616  0.572  0.600
20212588  0.876  0.968  0.920  0.786  0.827
20212589  0.705  0.755  0.776  0.897  0.819
20212590  0.876  0.928  0.840  0.643  0.734
20212591  0.876  0.821  0.768  0.786  0.819
20212592  0.581  0.536  0.508  0.643  0.600
20212593  0.876  0.928  0.840  0.643  0.813
20212594  1.000  0.641  0.608  0.643  0.655
20212595  1.000  0.748  0.600  0.392  0.645
20212596  1.000  0.861  0.848  1.000  0.936
20212597  1.000  0.968  0.920  0.897  0.900
20212598  0.876  0.643  0.616  0.786  0.715
20212599  0.876  0.928  0.840  0.643  0.800
20212600  0.705  0.715  0.696  0.786  0.709
20212601  0.876  0.715  0.696  0.897  0.814
20212602  0.705  0.715  0.696  0.786  0.715
20212603  0.876  0.641  0.608  0.572  0.705
20212604  0.876  0.749  0.688  0.643  0.715
20212605  0.705  0.856  0.760  0.392  0.658
20212606  1.000  0.748  0.680  0.572  0.868
20212607  1.000  0.861  0.848  1.000  0.944
20212608  0.876  1.000  1.000  0.897  0.951
20212609  0.705  1.000  1.000  0.786  0.872
平均值       0.850  0.798  0.749  0.706  0.774
2022-06-13 19:55:35.671 | INFO     | src.get_info:operate_sheet:109 - 
 统计数据：static_final_data
考核方式         课程目标1  课程目标2  课程目标3  课程目标4  课程目标5
单项目标超过平均值人数     52   36.0   40.0   35.0   39.0
单项目标达成人数        69   62.0   40.0   35.0   57.0
单项目标未达成人数        5   12.0   34.0   39.0   17.0
所有目标超过平均值人数     18    NaN    NaN    NaN    NaN
所有目标均达成人数       25    NaN    NaN    NaN    NaN
所有目标均未达成人数       2    NaN    NaN    NaN    NaN
2022-06-13 19:55:35.673 | INFO     | src.get_info:operate_sheet:110 - 
 统计数据：static_data_single_odd
考核方式          课程目标1   课程目标2   课程目标3   课程目标4   课程目标5
单项目标超过平均值人数  70.27%  48.65%  54.05%  47.30%  52.70%
单项目标达成人数     93.24%  83.78%  54.05%  47.30%  77.03%
单项目标未达成人数     6.76%  16.22%  45.95%  52.70%  22.97%
2022-06-13 19:55:35.674 | INFO     | src.get_info:operate_sheet:111 - 
 统计数据：static_data_all_odd
所有目标超过平均值人数    24.32%
所有目标均达成人数      33.78%
所有目标均未达成人数      2.70%
dtype: object
2022-06-13 20:05:07.508 | INFO     | __main__:<module>:16 - 
 权重矩阵：df_weight
课程目标达成情况评价报告    作业     测试     报告  教师评价  学生自评
考核方式                                        
课程目标1         0.64    0.0    0.0  0.16   0.2
课程目标2         0.64    0.0    0.0  0.16   0.2
课程目标3         0.64    0.0    0.0  0.16   0.2
课程目标4         0.64    0.0    0.0  0.16   0.2
课程目标5          0.0  0.256  0.384  0.16   0.2
2022-06-13 20:05:07.738 | INFO     | src.get_info:operate_sheet:108 - 
 最终达成度：achieve
          课程目标1  课程目标2  课程目标3  课程目标4  课程目标5
20212535  1.000  0.748  0.600  0.392  0.618
20212536  0.876  0.749  0.688  0.643  0.795
20212537  0.876  0.428  0.428  0.786  0.613
20212538  1.000  0.861  0.848  1.000  0.944
20212539  1.000  0.748  0.680  0.572  0.787
20212540  0.705  0.821  0.768  0.643  0.737
20212541  0.876  1.000  1.000  0.897  0.941
20212542  1.000  0.748  0.600  0.392  0.709
20212543  0.705  0.715  0.696  0.786  0.659
20212544  1.000  0.748  0.680  0.572  0.774
20212545  1.000  0.535  0.536  0.786  0.660
20212546  0.876  0.928  0.840  0.643  0.815
20212547  0.581  0.928  0.840  0.392  0.627
20212548  0.705  0.755  0.776  0.897  0.827
20212549  0.705  0.968  0.920  0.643  0.781
20212550  0.876  0.643  0.616  0.786  0.711
20212552  0.876  0.641  0.608  0.572  0.720
20212553  1.000  0.821  0.768  0.897  0.891
20212554  0.876  0.749  0.688  0.643  0.652
20212555  0.876  0.821  0.768  0.786  0.808
20212556  0.876  0.749  0.688  0.643  0.768
20212557  0.876  0.428  0.348  0.643  0.654
20212558  0.705  1.000  1.000  0.786  0.827
20212559  0.876  0.715  0.696  0.897  0.806
20212560  1.000  0.748  0.600  0.392  0.767
20212561  0.705  0.856  0.760  0.392  0.702
20212562  0.705  0.755  0.776  0.897  0.891
20212563  0.876  0.749  0.688  0.643  0.795
20212564  0.876  0.893  0.928  1.000  0.885
20212565  0.705  0.928  0.840  0.572  0.719
20212566  1.000  0.821  0.768  0.897  0.801
20212567  0.705  0.893  0.928  0.897  0.872
20212568  0.876  0.928  0.840  0.643  0.813
20212569  0.705  0.968  0.920  0.643  0.800
20212570  1.000  0.748  0.680  0.572  0.641
20212571  0.876  1.000  1.000  0.897  0.941
20212572  0.876  0.893  0.928  1.000  0.944
20212573  1.000  0.928  0.840  0.786  0.885
20212574  0.876  0.428  0.348  0.643  0.711
20212575  0.581  0.715  0.696  0.643  0.632
20212576  0.876  0.856  0.760  0.572  0.711
20212577  0.705  0.755  0.776  0.897  0.806
20212578  0.705  0.928  0.840  0.572  0.716
20212579  0.876  0.821  0.768  0.786  0.872
20212580  0.876  0.968  0.920  0.786  0.899
20212581  1.000  0.968  0.920  0.897  0.949
20212582  0.581  0.968  0.920  0.572  0.696
20212583  0.876  0.749  0.688  0.643  0.723
20212584  1.000  0.748  0.600  0.392  0.696
20212585  0.876  0.715  0.696  0.897  0.806
20212586  1.000  0.688  0.520  0.321  0.638
20212587  0.581  0.643  0.616  0.572  0.600
20212588  0.876  0.968  0.920  0.786  0.827
20212589  0.705  0.755  0.776  0.897  0.819
20212590  0.876  0.928  0.840  0.643  0.734
20212591  0.876  0.821  0.768  0.786  0.819
20212592  0.581  0.536  0.508  0.643  0.600
20212593  0.876  0.928  0.840  0.643  0.813
20212594  1.000  0.641  0.608  0.643  0.655
20212595  1.000  0.748  0.600  0.392  0.645
20212596  1.000  0.861  0.848  1.000  0.936
20212597  1.000  0.968  0.920  0.897  0.900
20212598  0.876  0.643  0.616  0.786  0.715
20212599  0.876  0.928  0.840  0.643  0.800
20212600  0.705  0.715  0.696  0.786  0.709
20212601  0.876  0.715  0.696  0.897  0.814
20212602  0.705  0.715  0.696  0.786  0.715
20212603  0.876  0.641  0.608  0.572  0.705
20212604  0.876  0.749  0.688  0.643  0.715
20212605  0.705  0.856  0.760  0.392  0.658
20212606  1.000  0.748  0.680  0.572  0.868
20212607  1.000  0.861  0.848  1.000  0.944
20212608  0.876  1.000  1.000  0.897  0.951
20212609  0.705  1.000  1.000  0.786  0.872
平均值       0.850  0.798  0.749  0.706  0.774
2022-06-13 20:05:07.745 | INFO     | src.get_info:operate_sheet:109 - 
 统计数据：static_final_data
考核方式         课程目标1  课程目标2  课程目标3  课程目标4  课程目标5
单项目标超过平均值人数     52   36.0   40.0   35.0   39.0
单项目标达成人数        69   62.0   40.0   35.0   57.0
单项目标未达成人数        5   12.0   34.0   39.0   17.0
所有目标超过平均值人数     18    NaN    NaN    NaN    NaN
所有目标均达成人数       25    NaN    NaN    NaN    NaN
所有目标均未达成人数       2    NaN    NaN    NaN    NaN
2022-06-13 20:05:07.747 | INFO     | src.get_info:operate_sheet:110 - 
 统计数据：static_data_single_odd
考核方式          课程目标1   课程目标2   课程目标3   课程目标4   课程目标5
单项目标超过平均值人数  70.27%  48.65%  54.05%  47.30%  52.70%
单项目标达成人数     93.24%  83.78%  54.05%  47.30%  77.03%
单项目标未达成人数     6.76%  16.22%  45.95%  52.70%  22.97%
2022-06-13 20:05:07.748 | INFO     | src.get_info:operate_sheet:111 - 
 统计数据：static_data_all_odd
所有目标超过平均值人数    24.32%
所有目标均达成人数      33.78%
所有目标均未达成人数      2.70%
dtype: object
2022-06-13 20:10:54.156 | INFO     | __main__:<module>:16 - 
 权重矩阵：df_weight
课程目标达成情况评价报告    作业     测试     报告  教师评价  学生自评
考核方式                                        
课程目标1         0.64    0.0    0.0  0.16   0.2
课程目标2         0.64    0.0    0.0  0.16   0.2
课程目标3         0.64    0.0    0.0  0.16   0.2
课程目标4         0.64    0.0    0.0  0.16   0.2
课程目标5          0.0  0.256  0.384  0.16   0.2
2022-06-13 20:10:54.382 | INFO     | src.get_info:operate_sheet:108 - 
 最终达成度：achieve
          课程目标1  课程目标2  课程目标3  课程目标4  课程目标5
20212535  1.000  0.748  0.600  0.392  0.618
20212536  0.876  0.749  0.688  0.643  0.795
20212537  0.876  0.428  0.428  0.786  0.613
20212538  1.000  0.861  0.848  1.000  0.944
20212539  1.000  0.748  0.680  0.572  0.787
20212540  0.705  0.821  0.768  0.643  0.737
20212541  0.876  1.000  1.000  0.897  0.941
20212542  1.000  0.748  0.600  0.392  0.709
20212543  0.705  0.715  0.696  0.786  0.659
20212544  1.000  0.748  0.680  0.572  0.774
20212545  1.000  0.535  0.536  0.786  0.660
20212546  0.876  0.928  0.840  0.643  0.815
20212547  0.581  0.928  0.840  0.392  0.627
20212548  0.705  0.755  0.776  0.897  0.827
20212549  0.705  0.968  0.920  0.643  0.781
20212550  0.876  0.643  0.616  0.786  0.711
20212552  0.876  0.641  0.608  0.572  0.720
20212553  1.000  0.821  0.768  0.897  0.891
20212554  0.876  0.749  0.688  0.643  0.652
20212555  0.876  0.821  0.768  0.786  0.808
20212556  0.876  0.749  0.688  0.643  0.768
20212557  0.876  0.428  0.348  0.643  0.654
20212558  0.705  1.000  1.000  0.786  0.827
20212559  0.876  0.715  0.696  0.897  0.806
20212560  1.000  0.748  0.600  0.392  0.767
20212561  0.705  0.856  0.760  0.392  0.702
20212562  0.705  0.755  0.776  0.897  0.891
20212563  0.876  0.749  0.688  0.643  0.795
20212564  0.876  0.893  0.928  1.000  0.885
20212565  0.705  0.928  0.840  0.572  0.719
20212566  1.000  0.821  0.768  0.897  0.801
20212567  0.705  0.893  0.928  0.897  0.872
20212568  0.876  0.928  0.840  0.643  0.813
20212569  0.705  0.968  0.920  0.643  0.800
20212570  1.000  0.748  0.680  0.572  0.641
20212571  0.876  1.000  1.000  0.897  0.941
20212572  0.876  0.893  0.928  1.000  0.944
20212573  1.000  0.928  0.840  0.786  0.885
20212574  0.876  0.428  0.348  0.643  0.711
20212575  0.581  0.715  0.696  0.643  0.632
20212576  0.876  0.856  0.760  0.572  0.711
20212577  0.705  0.755  0.776  0.897  0.806
20212578  0.705  0.928  0.840  0.572  0.716
20212579  0.876  0.821  0.768  0.786  0.872
20212580  0.876  0.968  0.920  0.786  0.899
20212581  1.000  0.968  0.920  0.897  0.949
20212582  0.581  0.968  0.920  0.572  0.696
20212583  0.876  0.749  0.688  0.643  0.723
20212584  1.000  0.748  0.600  0.392  0.696
20212585  0.876  0.715  0.696  0.897  0.806
20212586  1.000  0.688  0.520  0.321  0.638
20212587  0.581  0.643  0.616  0.572  0.600
20212588  0.876  0.968  0.920  0.786  0.827
20212589  0.705  0.755  0.776  0.897  0.819
20212590  0.876  0.928  0.840  0.643  0.734
20212591  0.876  0.821  0.768  0.786  0.819
20212592  0.581  0.536  0.508  0.643  0.600
20212593  0.876  0.928  0.840  0.643  0.813
20212594  1.000  0.641  0.608  0.643  0.655
20212595  1.000  0.748  0.600  0.392  0.645
20212596  1.000  0.861  0.848  1.000  0.936
20212597  1.000  0.968  0.920  0.897  0.900
20212598  0.876  0.643  0.616  0.786  0.715
20212599  0.876  0.928  0.840  0.643  0.800
20212600  0.705  0.715  0.696  0.786  0.709
20212601  0.876  0.715  0.696  0.897  0.814
20212602  0.705  0.715  0.696  0.786  0.715
20212603  0.876  0.641  0.608  0.572  0.705
20212604  0.876  0.749  0.688  0.643  0.715
20212605  0.705  0.856  0.760  0.392  0.658
20212606  1.000  0.748  0.680  0.572  0.868
20212607  1.000  0.861  0.848  1.000  0.944
20212608  0.876  1.000  1.000  0.897  0.951
20212609  0.705  1.000  1.000  0.786  0.872
平均值       0.850  0.798  0.749  0.706  0.774
2022-06-13 20:10:54.389 | INFO     | src.get_info:operate_sheet:109 - 
 统计数据：static_final_data
考核方式         课程目标1  课程目标2  课程目标3  课程目标4  课程目标5
单项目标超过平均值人数     52   36.0   40.0   35.0   39.0
单项目标达成人数        69   62.0   40.0   35.0   57.0
单项目标未达成人数        5   12.0   34.0   39.0   17.0
所有目标超过平均值人数     18    NaN    NaN    NaN    NaN
所有目标均达成人数       25    NaN    NaN    NaN    NaN
所有目标均未达成人数       2    NaN    NaN    NaN    NaN
2022-06-13 20:10:54.390 | INFO     | src.get_info:operate_sheet:110 - 
 统计数据：static_data_single_odd
考核方式          课程目标1   课程目标2   课程目标3   课程目标4   课程目标5
单项目标超过平均值人数  70.27%  48.65%  54.05%  47.30%  52.70%
单项目标达成人数     93.24%  83.78%  54.05%  47.30%  77.03%
单项目标未达成人数     6.76%  16.22%  45.95%  52.70%  22.97%
2022-06-13 20:10:54.392 | INFO     | src.get_info:operate_sheet:111 - 
 统计数据：static_data_all_odd
所有目标超过平均值人数    24.32%
所有目标均达成人数      33.78%
所有目标均未达成人数      2.70%
dtype: object
2022-06-13 20:35:01.646 | INFO     | __main__:<module>:16 - 
 权重矩阵：df_weight
课程目标达成情况评价报告    作业     测试     报告  教师评价  学生自评
考核方式                                        
课程目标1         0.64    0.0    0.0  0.16   0.2
课程目标2         0.64    0.0    0.0  0.16   0.2
课程目标3         0.64    0.0    0.0  0.16   0.2
课程目标4         0.64    0.0    0.0  0.16   0.2
课程目标5          0.0  0.256  0.384  0.16   0.2
2022-06-13 20:35:01.867 | INFO     | src.get_info:operate_sheet:108 - 
 最终达成度：achieve
          课程目标1  课程目标2  课程目标3  课程目标4  课程目标5
20212535  1.000  0.748  0.600  0.392  0.618
20212536  0.876  0.749  0.688  0.643  0.795
20212537  0.876  0.428  0.428  0.786  0.613
20212538  1.000  0.861  0.848  1.000  0.944
20212539  1.000  0.748  0.680  0.572  0.787
20212540  0.705  0.821  0.768  0.643  0.737
20212541  0.876  1.000  1.000  0.897  0.941
20212542  1.000  0.748  0.600  0.392  0.709
20212543  0.705  0.715  0.696  0.786  0.659
20212544  1.000  0.748  0.680  0.572  0.774
20212545  1.000  0.535  0.536  0.786  0.660
20212546  0.876  0.928  0.840  0.643  0.815
20212547  0.581  0.928  0.840  0.392  0.627
20212548  0.705  0.755  0.776  0.897  0.827
20212549  0.705  0.968  0.920  0.643  0.781
20212550  0.876  0.643  0.616  0.786  0.711
20212552  0.876  0.641  0.608  0.572  0.720
20212553  1.000  0.821  0.768  0.897  0.891
20212554  0.876  0.749  0.688  0.643  0.652
20212555  0.876  0.821  0.768  0.786  0.808
20212556  0.876  0.749  0.688  0.643  0.768
20212557  0.876  0.428  0.348  0.643  0.654
20212558  0.705  1.000  1.000  0.786  0.827
20212559  0.876  0.715  0.696  0.897  0.806
20212560  1.000  0.748  0.600  0.392  0.767
20212561  0.705  0.856  0.760  0.392  0.702
20212562  0.705  0.755  0.776  0.897  0.891
20212563  0.876  0.749  0.688  0.643  0.795
20212564  0.876  0.893  0.928  1.000  0.885
20212565  0.705  0.928  0.840  0.572  0.719
20212566  1.000  0.821  0.768  0.897  0.801
20212567  0.705  0.893  0.928  0.897  0.872
20212568  0.876  0.928  0.840  0.643  0.813
20212569  0.705  0.968  0.920  0.643  0.800
20212570  1.000  0.748  0.680  0.572  0.641
20212571  0.876  1.000  1.000  0.897  0.941
20212572  0.876  0.893  0.928  1.000  0.944
20212573  1.000  0.928  0.840  0.786  0.885
20212574  0.876  0.428  0.348  0.643  0.711
20212575  0.581  0.715  0.696  0.643  0.632
20212576  0.876  0.856  0.760  0.572  0.711
20212577  0.705  0.755  0.776  0.897  0.806
20212578  0.705  0.928  0.840  0.572  0.716
20212579  0.876  0.821  0.768  0.786  0.872
20212580  0.876  0.968  0.920  0.786  0.899
20212581  1.000  0.968  0.920  0.897  0.949
20212582  0.581  0.968  0.920  0.572  0.696
20212583  0.876  0.749  0.688  0.643  0.723
20212584  1.000  0.748  0.600  0.392  0.696
20212585  0.876  0.715  0.696  0.897  0.806
20212586  1.000  0.688  0.520  0.321  0.638
20212587  0.581  0.643  0.616  0.572  0.600
20212588  0.876  0.968  0.920  0.786  0.827
20212589  0.705  0.755  0.776  0.897  0.819
20212590  0.876  0.928  0.840  0.643  0.734
20212591  0.876  0.821  0.768  0.786  0.819
20212592  0.581  0.536  0.508  0.643  0.600
20212593  0.876  0.928  0.840  0.643  0.813
20212594  1.000  0.641  0.608  0.643  0.655
20212595  1.000  0.748  0.600  0.392  0.645
20212596  1.000  0.861  0.848  1.000  0.936
20212597  1.000  0.968  0.920  0.897  0.900
20212598  0.876  0.643  0.616  0.786  0.715
20212599  0.876  0.928  0.840  0.643  0.800
20212600  0.705  0.715  0.696  0.786  0.709
20212601  0.876  0.715  0.696  0.897  0.814
20212602  0.705  0.715  0.696  0.786  0.715
20212603  0.876  0.641  0.608  0.572  0.705
20212604  0.876  0.749  0.688  0.643  0.715
20212605  0.705  0.856  0.760  0.392  0.658
20212606  1.000  0.748  0.680  0.572  0.868
20212607  1.000  0.861  0.848  1.000  0.944
20212608  0.876  1.000  1.000  0.897  0.951
20212609  0.705  1.000  1.000  0.786  0.872
平均值       0.850  0.798  0.749  0.706  0.774
2022-06-13 20:35:01.874 | INFO     | src.get_info:operate_sheet:109 - 
 统计数据：static_final_data
考核方式         课程目标1  课程目标2  课程目标3  课程目标4  课程目标5
单项目标超过平均值人数     52   36.0   40.0   35.0   39.0
单项目标达成人数        69   62.0   40.0   35.0   57.0
单项目标未达成人数        5   12.0   34.0   39.0   17.0
所有目标超过平均值人数     18    NaN    NaN    NaN    NaN
所有目标均达成人数       25    NaN    NaN    NaN    NaN
所有目标均未达成人数       2    NaN    NaN    NaN    NaN
2022-06-13 20:35:01.876 | INFO     | src.get_info:operate_sheet:110 - 
 统计数据：static_data_single_odd
考核方式          课程目标1   课程目标2   课程目标3   课程目标4   课程目标5
单项目标超过平均值人数  70.27%  48.65%  54.05%  47.30%  52.70%
单项目标达成人数     93.24%  83.78%  54.05%  47.30%  77.03%
单项目标未达成人数     6.76%  16.22%  45.95%  52.70%  22.97%
2022-06-13 20:35:01.877 | INFO     | src.get_info:operate_sheet:111 - 
 统计数据：static_data_all_odd
所有目标超过平均值人数    24.32%
所有目标均达成人数      33.78%
所有目标均未达成人数      2.70%
dtype: object
