2022-06-13 17:38:32.800 | INFO     | __main__:<module>:16 - 
 权重矩阵：df_weight
课程目标达成情况评价报告    作业    报告  教师评价  学生自评
考核方式                                
课程目标1         0.64   0.0  0.16   0.2
课程目标2         0.64   0.0  0.16   0.2
课程目标3         0.64   0.0  0.16   0.2
课程目标4         0.64   0.0  0.16   0.2
课程目标5          0.0  0.64  0.16   0.2
2022-06-13 17:38:32.996 | INFO     | src.get_info:operate_sheet:108 - 
 最终达成度：achieve
          课程目标1  课程目标2  课程目标3  课程目标4  课程目标5
20192456  0.705  0.861  0.848  0.786  0.800
20192457  1.000  0.928  0.840  0.786  0.809
20192458  0.876  0.968  0.920  0.786  0.876
20192459  1.000  0.928  0.840  0.786  0.809
20192460  1.000  0.821  0.768  0.897  0.828
20192461  0.876  0.968  0.920  0.786  0.936
20192462  1.000  0.749  0.688  0.786  0.828
20192463  0.581  0.968  0.920  0.572  0.724
20192464  0.876  0.861  0.848  0.897  0.800
20192465  1.000  0.821  0.768  0.897  0.936
20192466  0.876  0.861  0.848  0.897  0.800
20192467  0.876  0.715  0.696  0.897  0.876
20192468  1.000  0.861  0.848  1.000  0.895
20192469  1.000  0.821  0.768  0.897  0.876
20192470  0.876  0.893  0.928  1.000  0.955
20192471  0.876  0.821  0.768  0.786  0.819
20192472  0.876  0.821  0.768  0.786  0.828
20192473  0.876  0.856  0.760  0.572  0.715
20192474  1.000  0.861  0.848  1.000  0.981
20192475  0.876  0.643  0.616  0.786  0.655
20192476  1.000  0.856  0.760  0.643  0.772
20192477  0.876  0.821  0.768  0.786  0.800
20192478  1.000  0.749  0.688  0.786  0.936
20192479  0.876  0.861  0.848  0.897  0.876
20192481  1.000  0.643  0.616  0.897  0.936
20192482  1.000  0.856  0.760  0.643  0.936
20192483  0.876  0.861  0.848  0.897  0.895
20192484  0.876  1.000  1.000  0.897  0.936
20192485  0.705  0.861  0.848  0.786  0.828
20192486  0.876  0.856  0.760  0.572  0.696
20192487  1.000  0.856  0.760  0.643  0.791
20192488  0.876  0.749  0.688  0.643  0.772
20192489  0.876  0.821  0.768  0.786  0.936
20192490  1.000  0.968  0.920  0.897  0.895
20192491  0.705  0.821  0.768  0.643  0.696
20192492  1.000  0.856  0.760  0.643  0.772
20192493  1.000  0.821  0.768  0.897  0.895
20192494  0.876  0.856  0.760  0.572  0.705
20192495  0.876  0.861  0.848  0.897  0.809
20192496  0.876  0.861  0.848  0.897  0.819
20192497  0.876  0.968  0.920  0.786  0.936
20192498  0.876  0.643  0.616  0.786  0.715
20192499  1.000  0.643  0.616  0.897  0.781
20192500  0.705  0.928  0.840  0.572  0.715
20192501  1.000  0.821  0.768  0.897  0.895
20192502  0.876  0.861  0.848  0.897  0.800
20192503  0.705  1.000  1.000  0.786  0.876
20192504  1.000  0.821  0.768  0.897  0.800
20192505  0.876  0.928  0.840  0.643  0.819
20192506  0.705  0.968  0.920  0.643  0.819
20192507  0.876  0.893  0.928  1.000  0.964
20192508  0.705  1.000  1.000  0.786  0.809
20192509  0.876  0.749  0.688  0.643  0.696
20192510  1.000  0.928  0.840  0.786  0.895
20192511  1.000  0.928  0.840  0.786  0.819
20192512  1.000  0.749  0.688  0.786  0.819
20192513  0.876  0.861  0.848  0.897  0.895
20192514  1.000  0.928  0.840  0.786  0.885
20192515  1.000  0.968  0.920  0.897  0.936
20192516  0.876  0.861  0.848  0.897  0.819
20192518  0.705  0.755  0.776  0.897  0.819
20192519  0.876  0.968  0.920  0.786  0.819
20192520  1.000  0.748  0.680  0.572  0.705
20192521  0.705  1.000  1.000  0.786  0.885
20192522  0.876  0.968  0.920  0.786  0.800
20192523  0.876  0.928  0.840  0.643  0.772
20192524  0.876  0.821  0.768  0.786  0.828
20192525  1.000  0.968  0.920  0.897  0.981
20192526  0.876  0.861  0.848  0.897  0.809
20192527  0.876  0.968  0.920  0.786  0.828
20192528  0.876  1.000  1.000  0.897  0.972
20192529  0.876  0.928  0.840  0.643  0.819
20192531  0.705  1.000  1.000  0.786  0.800
20192532  0.876  0.749  0.688  0.643  0.655
20192533  1.000  0.856  0.760  0.643  0.876
20192534  1.000  0.928  0.840  0.786  0.828
20192535  0.705  0.861  0.848  0.786  0.828
20192536  1.000  0.821  0.768  0.897  0.828
20192537  0.876  0.861  0.848  0.897  0.800
20192538  0.876  0.715  0.696  0.897  0.809
20192539  1.000  0.928  0.840  0.786  0.819
20192540  0.876  0.715  0.696  0.897  0.819
20192541  0.705  0.821  0.768  0.643  0.705
20192542  0.705  0.861  0.848  0.786  0.885
20192543  0.876  0.861  0.848  0.897  0.809
平均值       0.890  0.861  0.817  0.797  0.831
2022-06-13 17:38:33.007 | INFO     | src.get_info:operate_sheet:109 - 
 统计数据：static_final_data
考核方式         课程目标1  课程目标2  课程目标3  课程目标4  课程目标5
单项目标超过平均值人数     30   48.0   48.0   34.0   30.0
单项目标达成人数        84   81.0   71.0   65.0   80.0
单项目标未达成人数        1    4.0   14.0   20.0    5.0
所有目标超过平均值人数      5    NaN    NaN    NaN    NaN
所有目标均达成人数       55    NaN    NaN    NaN    NaN
所有目标均未达成人数       0    NaN    NaN    NaN    NaN
2022-06-13 17:38:33.009 | INFO     | src.get_info:operate_sheet:110 - 
 统计数据：static_data_single_odd
考核方式          课程目标1   课程目标2   课程目标3   课程目标4   课程目标5
单项目标超过平均值人数  35.29%  56.47%  56.47%  40.00%  35.29%
单项目标达成人数     98.82%  95.29%  83.53%  76.47%  94.12%
单项目标未达成人数     1.18%   4.71%  16.47%  23.53%   5.88%
2022-06-13 17:38:33.010 | INFO     | src.get_info:operate_sheet:111 - 
 统计数据：static_data_all_odd
所有目标超过平均值人数     5.88%
所有目标均达成人数      64.71%
所有目标均未达成人数      0.00%
dtype: object
2022-06-13 17:38:35.615 | ERROR    | src.to_excel:write_reporter:260 - local variable 'class_id' referenced before assignment
Traceback (most recent call last):

  File "E:/python/2021.9.17/pandas_excel/src/main.py", line 18, in <module>
    final_target_achieve, new_path, student_id, k, object_all_out = get_info.operate_sheet(df_test_weight, file, df_index_values, df_weight, data_weight)
                                                                    │        │             │               │     │                │          └ 课程目标达成情况评价报告
                                                                    │        │             │               │     │                │            考核成绩法    0.64
                                                                    │        │             │               │     │                │            教师评价     0.16
                                                                    │        │             │               │     │                │            学生自评      0.2
                                                                    │        │             │               │     │                │            Name: 权重值, dtype: object
                                                                    │        │             │               │     │                └ 课程目标达成情况评价报告    作业    报告  教师评价  学生自评
                                                                    │        │             │               │     │                  考核方式                                
                                                                    │        │             │               │     │                  课程目标1         0.64   0.0  0.16   0.2
                                                                    │        │             │               │     │                  课程目标2         ...
                                                                    │        │             │               │     └ ['教师评价', '学生自评']
                                                                    │        │             │               └ '..\\data\\6_课程目标达成情况评价报告-2019级软工(1).xls'
                                                                    │        │             └ 考核方式         课程目标1 课程目标2 课程目标3 课程目标4 课程目标5
                                                                    │        │               课程目标达成情况评价报告                              
                                                                    │        │               作业               1     1     1     1   ...
                                                                    │        └ <function operate_sheet at 0x00000260CA620430>
                                                                    └ <module 'src.get_info' from 'E:\\python\\2021.9.17\\pandas_excel\\src\\get_info.py'>

  File "E:\python\2021.9.17\pandas_excel\src\get_info.py", line 113, in operate_sheet
    start_col, new_path, object_all_out = to_excel.write_excel(object_all_params, object_all_scores, object_evaluation_achieve,
                                          │        │           │                  │                  └ [题号          课程目标1  课程目标2  课程目标3  课程目标4 课程目标5
                                          │        │           │                  │                    学生学号                                        
                                          │        │           │                  │                    20192456.0  0.714  0.833  0.875  0...
                                          │        │           │                  └ [            1    2    3    4
                                          │        │           │                    学生学号                        
                                          │        │           │                    20192456.0  5  7.0  5.0  7.0
                                          │        │           │                    20192457.0  7  6.0  6.0  7.0
                                          │        │           │                    20192458...
                                          │        │           └ [       1    2    3    4
                                          │        │             题号                     
                                          │        │             小题分数   7  8.0  6.0  9.0
                                          │        │             课程目标1  1  0.0  0.0  0.0
                                          │        │             课程目标2  0  0.0  1.0  0.0
                                          │        │             课程目标...
                                          │        └ <function write_excel at 0x00000260C7A15700>
                                          └ <module 'src.to_excel' from 'E:\\python\\2021.9.17\\pandas_excel\\src\\to_excel.py'>

  File "E:\python\2021.9.17\pandas_excel\src\to_excel.py", line 32, in write_excel
    write_reporter(wb, sheet, df_test_weight, class_ach, class_id, df_index_values, data_weight)
    │              │   │      │               │          │         │                └ 课程目标达成情况评价报告
    │              │   │      │               │          │         │                  考核成绩法    0.64
    │              │   │      │               │          │         │                  教师评价     0.16
    │              │   │      │               │          │         │                  学生自评      0.2
    │              │   │      │               │          │         │                  Name: 权重值, dtype: object
    │              │   │      │               │          │         └ ['教师评价', '学生自评']
    │              │   │      │               │          └ ['190407', '190408']
    │              │   │      │               └ [        课程目标1  课程目标2  课程目标3  课程目标4  课程目标5
    │              │   │      │                 190407  0.897  0.872  0.764  0.796    NaN
    │              │   │      │                 190408  0.867  0.909  0.812  0.791    Na...
    │              │   │      └ 考核方式         课程目标1 课程目标2 课程目标3 课程目标4 课程目标5
    │              │   │        课程目标达成情况评价报告                              
    │              │   │        作业               1     1     1     1   ...
    │              │   └ '..\\data\\6_课程目标达成情况评价报告-2019级软工(1).xls'
    │              └ <Book [6_课程目标达成情况评价报告-2019级软工(1).xls]>
    └ <function write_reporter at 0x00000260CA61E4C0>

> File "E:\python\2021.9.17\pandas_excel\src\to_excel.py", line 215, in write_reporter
    ach = single_ach.loc[class_id, :]
          │          └ <property object at 0x00000260C78BABD0>
          └         课程目标1  课程目标2  课程目标3  课程目标4  课程目标5
            190407  0.897  0.872  0.764  0.796    NaN
            190408  0.867  0.909  0.812  0.791    NaN

UnboundLocalError: local variable 'class_id' referenced before assignment
2022-06-13 17:52:57.507 | INFO     | __main__:<module>:16 - 
 权重矩阵：df_weight
课程目标达成情况评价报告    作业    报告  教师评价  学生自评
考核方式                                
课程目标1         0.64   0.0  0.16   0.2
课程目标2         0.64   0.0  0.16   0.2
课程目标3         0.64   0.0  0.16   0.2
课程目标4         0.64   0.0  0.16   0.2
课程目标5          0.0  0.64  0.16   0.2
2022-06-13 17:52:57.702 | INFO     | src.get_info:operate_sheet:108 - 
 最终达成度：achieve
          课程目标1  课程目标2  课程目标3  课程目标4  课程目标5
20192456  0.705  0.861  0.848  0.786  0.800
20192457  1.000  0.928  0.840  0.786  0.809
20192458  0.876  0.968  0.920  0.786  0.876
20192459  1.000  0.928  0.840  0.786  0.809
20192460  1.000  0.821  0.768  0.897  0.828
20192461  0.876  0.968  0.920  0.786  0.936
20192462  1.000  0.749  0.688  0.786  0.828
20192463  0.581  0.968  0.920  0.572  0.724
20192464  0.876  0.861  0.848  0.897  0.800
20192465  1.000  0.821  0.768  0.897  0.936
20192466  0.876  0.861  0.848  0.897  0.800
20192467  0.876  0.715  0.696  0.897  0.876
20192468  1.000  0.861  0.848  1.000  0.895
20192469  1.000  0.821  0.768  0.897  0.876
20192470  0.876  0.893  0.928  1.000  0.955
20192471  0.876  0.821  0.768  0.786  0.819
20192472  0.876  0.821  0.768  0.786  0.828
20192473  0.876  0.856  0.760  0.572  0.715
20192474  1.000  0.861  0.848  1.000  0.981
20192475  0.876  0.643  0.616  0.786  0.655
20192476  1.000  0.856  0.760  0.643  0.772
20192477  0.876  0.821  0.768  0.786  0.800
20192478  1.000  0.749  0.688  0.786  0.936
20192479  0.876  0.861  0.848  0.897  0.876
20192481  1.000  0.643  0.616  0.897  0.936
20192482  1.000  0.856  0.760  0.643  0.936
20192483  0.876  0.861  0.848  0.897  0.895
20192484  0.876  1.000  1.000  0.897  0.936
20192485  0.705  0.861  0.848  0.786  0.828
20192486  0.876  0.856  0.760  0.572  0.696
20192487  1.000  0.856  0.760  0.643  0.791
20192488  0.876  0.749  0.688  0.643  0.772
20192489  0.876  0.821  0.768  0.786  0.936
20192490  1.000  0.968  0.920  0.897  0.895
20192491  0.705  0.821  0.768  0.643  0.696
20192492  1.000  0.856  0.760  0.643  0.772
20192493  1.000  0.821  0.768  0.897  0.895
20192494  0.876  0.856  0.760  0.572  0.705
20192495  0.876  0.861  0.848  0.897  0.809
20192496  0.876  0.861  0.848  0.897  0.819
20192497  0.876  0.968  0.920  0.786  0.936
20192498  0.876  0.643  0.616  0.786  0.715
20192499  1.000  0.643  0.616  0.897  0.781
20192500  0.705  0.928  0.840  0.572  0.715
20192501  1.000  0.821  0.768  0.897  0.895
20192502  0.876  0.861  0.848  0.897  0.800
20192503  0.705  1.000  1.000  0.786  0.876
20192504  1.000  0.821  0.768  0.897  0.800
20192505  0.876  0.928  0.840  0.643  0.819
20192506  0.705  0.968  0.920  0.643  0.819
20192507  0.876  0.893  0.928  1.000  0.964
20192508  0.705  1.000  1.000  0.786  0.809
20192509  0.876  0.749  0.688  0.643  0.696
20192510  1.000  0.928  0.840  0.786  0.895
20192511  1.000  0.928  0.840  0.786  0.819
20192512  1.000  0.749  0.688  0.786  0.819
20192513  0.876  0.861  0.848  0.897  0.895
20192514  1.000  0.928  0.840  0.786  0.885
20192515  1.000  0.968  0.920  0.897  0.936
20192516  0.876  0.861  0.848  0.897  0.819
20192518  0.705  0.755  0.776  0.897  0.819
20192519  0.876  0.968  0.920  0.786  0.819
20192520  1.000  0.748  0.680  0.572  0.705
20192521  0.705  1.000  1.000  0.786  0.885
20192522  0.876  0.968  0.920  0.786  0.800
20192523  0.876  0.928  0.840  0.643  0.772
20192524  0.876  0.821  0.768  0.786  0.828
20192525  1.000  0.968  0.920  0.897  0.981
20192526  0.876  0.861  0.848  0.897  0.809
20192527  0.876  0.968  0.920  0.786  0.828
20192528  0.876  1.000  1.000  0.897  0.972
20192529  0.876  0.928  0.840  0.643  0.819
20192531  0.705  1.000  1.000  0.786  0.800
20192532  0.876  0.749  0.688  0.643  0.655
20192533  1.000  0.856  0.760  0.643  0.876
20192534  1.000  0.928  0.840  0.786  0.828
20192535  0.705  0.861  0.848  0.786  0.828
20192536  1.000  0.821  0.768  0.897  0.828
20192537  0.876  0.861  0.848  0.897  0.800
20192538  0.876  0.715  0.696  0.897  0.809
20192539  1.000  0.928  0.840  0.786  0.819
20192540  0.876  0.715  0.696  0.897  0.819
20192541  0.705  0.821  0.768  0.643  0.705
20192542  0.705  0.861  0.848  0.786  0.885
20192543  0.876  0.861  0.848  0.897  0.809
平均值       0.890  0.861  0.817  0.797  0.831
2022-06-13 17:52:57.710 | INFO     | src.get_info:operate_sheet:109 - 
 统计数据：static_final_data
考核方式         课程目标1  课程目标2  课程目标3  课程目标4  课程目标5
单项目标超过平均值人数     30   48.0   48.0   34.0   30.0
单项目标达成人数        84   81.0   71.0   65.0   80.0
单项目标未达成人数        1    4.0   14.0   20.0    5.0
所有目标超过平均值人数      5    NaN    NaN    NaN    NaN
所有目标均达成人数       55    NaN    NaN    NaN    NaN
所有目标均未达成人数       0    NaN    NaN    NaN    NaN
2022-06-13 17:52:57.711 | INFO     | src.get_info:operate_sheet:110 - 
 统计数据：static_data_single_odd
考核方式          课程目标1   课程目标2   课程目标3   课程目标4   课程目标5
单项目标超过平均值人数  35.29%  56.47%  56.47%  40.00%  35.29%
单项目标达成人数     98.82%  95.29%  83.53%  76.47%  94.12%
单项目标未达成人数     1.18%   4.71%  16.47%  23.53%   5.88%
2022-06-13 17:52:57.713 | INFO     | src.get_info:operate_sheet:111 - 
 统计数据：static_data_all_odd
所有目标超过平均值人数     5.88%
所有目标均达成人数      64.71%
所有目标均未达成人数      0.00%
dtype: object
2022-06-13 17:53:00.442 | ERROR    | src.to_excel:write_reporter:263 - local variable 'class_id' referenced before assignment
Traceback (most recent call last):

  File "E:/python/2021.9.17/pandas_excel/src/main.py", line 18, in <module>
    final_target_achieve, new_path, student_id, k, object_all_out = get_info.operate_sheet(df_test_weight, file, df_index_values, df_weight, data_weight)
                                                                    │        │             │               │     │                │          └ 课程目标达成情况评价报告
                                                                    │        │             │               │     │                │            考核成绩法    0.64
                                                                    │        │             │               │     │                │            教师评价     0.16
                                                                    │        │             │               │     │                │            学生自评      0.2
                                                                    │        │             │               │     │                │            Name: 权重值, dtype: object
                                                                    │        │             │               │     │                └ 课程目标达成情况评价报告    作业    报告  教师评价  学生自评
                                                                    │        │             │               │     │                  考核方式                                
                                                                    │        │             │               │     │                  课程目标1         0.64   0.0  0.16   0.2
                                                                    │        │             │               │     │                  课程目标2         ...
                                                                    │        │             │               │     └ ['教师评价', '学生自评']
                                                                    │        │             │               └ '..\\data\\6_课程目标达成情况评价报告-2019级软工(1).xls'
                                                                    │        │             └ 考核方式         课程目标1 课程目标2 课程目标3 课程目标4 课程目标5
                                                                    │        │               课程目标达成情况评价报告                              
                                                                    │        │               作业               1     1     1     1   ...
                                                                    │        └ <function operate_sheet at 0x00000251706EF670>
                                                                    └ <module 'src.get_info' from 'E:\\python\\2021.9.17\\pandas_excel\\src\\get_info.py'>

  File "E:\python\2021.9.17\pandas_excel\src\get_info.py", line 113, in operate_sheet
    start_col, new_path, object_all_out = to_excel.write_excel(object_all_params, object_all_scores, object_evaluation_achieve,
                                          │        │           │                  │                  └ [题号          课程目标1  课程目标2  课程目标3  课程目标4 课程目标5
                                          │        │           │                  │                    学生学号                                        
                                          │        │           │                  │                    20192456.0  0.714  0.833  0.875  0...
                                          │        │           │                  └ [            1    2    3    4
                                          │        │           │                    学生学号                        
                                          │        │           │                    20192456.0  5  7.0  5.0  7.0
                                          │        │           │                    20192457.0  7  6.0  6.0  7.0
                                          │        │           │                    20192458...
                                          │        │           └ [       1    2    3    4
                                          │        │             题号                     
                                          │        │             小题分数   7  8.0  6.0  9.0
                                          │        │             课程目标1  1  0.0  0.0  0.0
                                          │        │             课程目标2  0  0.0  1.0  0.0
                                          │        │             课程目标...
                                          │        └ <function write_excel at 0x000002516DB40940>
                                          └ <module 'src.to_excel' from 'E:\\python\\2021.9.17\\pandas_excel\\src\\to_excel.py'>

  File "E:\python\2021.9.17\pandas_excel\src\to_excel.py", line 32, in write_excel
    write_reporter(wb, sheet, df_test_weight, class_ach, class_id, df_index_values, data_weight)
    │              │   │      │               │          │         │                └ 课程目标达成情况评价报告
    │              │   │      │               │          │         │                  考核成绩法    0.64
    │              │   │      │               │          │         │                  教师评价     0.16
    │              │   │      │               │          │         │                  学生自评      0.2
    │              │   │      │               │          │         │                  Name: 权重值, dtype: object
    │              │   │      │               │          │         └ ['教师评价', '学生自评']
    │              │   │      │               │          └ ['190407', '190408']
    │              │   │      │               └ [        课程目标1  课程目标2  课程目标3  课程目标4  课程目标5
    │              │   │      │                 190407  0.897  0.872  0.764  0.796    NaN
    │              │   │      │                 190408  0.867  0.909  0.812  0.791    Na...
    │              │   │      └ 考核方式         课程目标1 课程目标2 课程目标3 课程目标4 课程目标5
    │              │   │        课程目标达成情况评价报告                              
    │              │   │        作业               1     1     1     1   ...
    │              │   └ '..\\data\\6_课程目标达成情况评价报告-2019级软工(1).xls'
    │              └ <Book [6_课程目标达成情况评价报告-2019级软工(1).xls]>
    └ <function write_reporter at 0x00000251706EB700>

> File "E:\python\2021.9.17\pandas_excel\src\to_excel.py", line 217, in write_reporter
    ach = single_ach.loc[class_id, :]
          │          └ <property object at 0x000002516D96ABD0>
          └         课程目标1  课程目标2  课程目标3  课程目标4  课程目标5
            190407  0.897  0.872  0.764  0.796    NaN
            190408  0.867  0.909  0.812  0.791    NaN

UnboundLocalError: local variable 'class_id' referenced before assignment
2022-06-13 17:53:14.856 | INFO     | __main__:<module>:16 - 
 权重矩阵：df_weight
课程目标达成情况评价报告    作业    报告  教师评价  学生自评
考核方式                                
课程目标1         0.64   0.0  0.16   0.2
课程目标2         0.64   0.0  0.16   0.2
课程目标3         0.64   0.0  0.16   0.2
课程目标4         0.64   0.0  0.16   0.2
课程目标5          0.0  0.64  0.16   0.2
2022-06-13 17:53:15.052 | INFO     | src.get_info:operate_sheet:108 - 
 最终达成度：achieve
          课程目标1  课程目标2  课程目标3  课程目标4  课程目标5
20192456  0.705  0.861  0.848  0.786  0.800
20192457  1.000  0.928  0.840  0.786  0.809
20192458  0.876  0.968  0.920  0.786  0.876
20192459  1.000  0.928  0.840  0.786  0.809
20192460  1.000  0.821  0.768  0.897  0.828
20192461  0.876  0.968  0.920  0.786  0.936
20192462  1.000  0.749  0.688  0.786  0.828
20192463  0.581  0.968  0.920  0.572  0.724
20192464  0.876  0.861  0.848  0.897  0.800
20192465  1.000  0.821  0.768  0.897  0.936
20192466  0.876  0.861  0.848  0.897  0.800
20192467  0.876  0.715  0.696  0.897  0.876
20192468  1.000  0.861  0.848  1.000  0.895
20192469  1.000  0.821  0.768  0.897  0.876
20192470  0.876  0.893  0.928  1.000  0.955
20192471  0.876  0.821  0.768  0.786  0.819
20192472  0.876  0.821  0.768  0.786  0.828
20192473  0.876  0.856  0.760  0.572  0.715
20192474  1.000  0.861  0.848  1.000  0.981
20192475  0.876  0.643  0.616  0.786  0.655
20192476  1.000  0.856  0.760  0.643  0.772
20192477  0.876  0.821  0.768  0.786  0.800
20192478  1.000  0.749  0.688  0.786  0.936
20192479  0.876  0.861  0.848  0.897  0.876
20192481  1.000  0.643  0.616  0.897  0.936
20192482  1.000  0.856  0.760  0.643  0.936
20192483  0.876  0.861  0.848  0.897  0.895
20192484  0.876  1.000  1.000  0.897  0.936
20192485  0.705  0.861  0.848  0.786  0.828
20192486  0.876  0.856  0.760  0.572  0.696
20192487  1.000  0.856  0.760  0.643  0.791
20192488  0.876  0.749  0.688  0.643  0.772
20192489  0.876  0.821  0.768  0.786  0.936
20192490  1.000  0.968  0.920  0.897  0.895
20192491  0.705  0.821  0.768  0.643  0.696
20192492  1.000  0.856  0.760  0.643  0.772
20192493  1.000  0.821  0.768  0.897  0.895
20192494  0.876  0.856  0.760  0.572  0.705
20192495  0.876  0.861  0.848  0.897  0.809
20192496  0.876  0.861  0.848  0.897  0.819
20192497  0.876  0.968  0.920  0.786  0.936
20192498  0.876  0.643  0.616  0.786  0.715
20192499  1.000  0.643  0.616  0.897  0.781
20192500  0.705  0.928  0.840  0.572  0.715
20192501  1.000  0.821  0.768  0.897  0.895
20192502  0.876  0.861  0.848  0.897  0.800
20192503  0.705  1.000  1.000  0.786  0.876
20192504  1.000  0.821  0.768  0.897  0.800
20192505  0.876  0.928  0.840  0.643  0.819
20192506  0.705  0.968  0.920  0.643  0.819
20192507  0.876  0.893  0.928  1.000  0.964
20192508  0.705  1.000  1.000  0.786  0.809
20192509  0.876  0.749  0.688  0.643  0.696
20192510  1.000  0.928  0.840  0.786  0.895
20192511  1.000  0.928  0.840  0.786  0.819
20192512  1.000  0.749  0.688  0.786  0.819
20192513  0.876  0.861  0.848  0.897  0.895
20192514  1.000  0.928  0.840  0.786  0.885
20192515  1.000  0.968  0.920  0.897  0.936
20192516  0.876  0.861  0.848  0.897  0.819
20192518  0.705  0.755  0.776  0.897  0.819
20192519  0.876  0.968  0.920  0.786  0.819
20192520  1.000  0.748  0.680  0.572  0.705
20192521  0.705  1.000  1.000  0.786  0.885
20192522  0.876  0.968  0.920  0.786  0.800
20192523  0.876  0.928  0.840  0.643  0.772
20192524  0.876  0.821  0.768  0.786  0.828
20192525  1.000  0.968  0.920  0.897  0.981
20192526  0.876  0.861  0.848  0.897  0.809
20192527  0.876  0.968  0.920  0.786  0.828
20192528  0.876  1.000  1.000  0.897  0.972
20192529  0.876  0.928  0.840  0.643  0.819
20192531  0.705  1.000  1.000  0.786  0.800
20192532  0.876  0.749  0.688  0.643  0.655
20192533  1.000  0.856  0.760  0.643  0.876
20192534  1.000  0.928  0.840  0.786  0.828
20192535  0.705  0.861  0.848  0.786  0.828
20192536  1.000  0.821  0.768  0.897  0.828
20192537  0.876  0.861  0.848  0.897  0.800
20192538  0.876  0.715  0.696  0.897  0.809
20192539  1.000  0.928  0.840  0.786  0.819
20192540  0.876  0.715  0.696  0.897  0.819
20192541  0.705  0.821  0.768  0.643  0.705
20192542  0.705  0.861  0.848  0.786  0.885
20192543  0.876  0.861  0.848  0.897  0.809
平均值       0.890  0.861  0.817  0.797  0.831
2022-06-13 17:53:15.060 | INFO     | src.get_info:operate_sheet:109 - 
 统计数据：static_final_data
考核方式         课程目标1  课程目标2  课程目标3  课程目标4  课程目标5
单项目标超过平均值人数     30   48.0   48.0   34.0   30.0
单项目标达成人数        84   81.0   71.0   65.0   80.0
单项目标未达成人数        1    4.0   14.0   20.0    5.0
所有目标超过平均值人数      5    NaN    NaN    NaN    NaN
所有目标均达成人数       55    NaN    NaN    NaN    NaN
所有目标均未达成人数       0    NaN    NaN    NaN    NaN
2022-06-13 17:53:15.062 | INFO     | src.get_info:operate_sheet:110 - 
 统计数据：static_data_single_odd
考核方式          课程目标1   课程目标2   课程目标3   课程目标4   课程目标5
单项目标超过平均值人数  35.29%  56.47%  56.47%  40.00%  35.29%
单项目标达成人数     98.82%  95.29%  83.53%  76.47%  94.12%
单项目标未达成人数     1.18%   4.71%  16.47%  23.53%   5.88%
2022-06-13 17:53:15.063 | INFO     | src.get_info:operate_sheet:111 - 
 统计数据：static_data_all_odd
所有目标超过平均值人数     5.88%
所有目标均达成人数      64.71%
所有目标均未达成人数      0.00%
dtype: object
2022-06-13 17:53:17.672 | ERROR    | src.to_excel:write_reporter:263 - local variable 'class_id' referenced before assignment
Traceback (most recent call last):

  File "E:/python/2021.9.17/pandas_excel/src/main.py", line 18, in <module>
    final_target_achieve, new_path, student_id, k, object_all_out = get_info.operate_sheet(df_test_weight, file, df_index_values, df_weight, data_weight)
                                                                    │        │             │               │     │                │          └ 课程目标达成情况评价报告
                                                                    │        │             │               │     │                │            考核成绩法    0.64
                                                                    │        │             │               │     │                │            教师评价     0.16
                                                                    │        │             │               │     │                │            学生自评      0.2
                                                                    │        │             │               │     │                │            Name: 权重值, dtype: object
                                                                    │        │             │               │     │                └ 课程目标达成情况评价报告    作业    报告  教师评价  学生自评
                                                                    │        │             │               │     │                  考核方式                                
                                                                    │        │             │               │     │                  课程目标1         0.64   0.0  0.16   0.2
                                                                    │        │             │               │     │                  课程目标2         ...
                                                                    │        │             │               │     └ ['教师评价', '学生自评']
                                                                    │        │             │               └ '..\\data\\6_课程目标达成情况评价报告-2019级软工(1).xls'
                                                                    │        │             └ 考核方式         课程目标1 课程目标2 课程目标3 课程目标4 课程目标5
                                                                    │        │               课程目标达成情况评价报告                              
                                                                    │        │               作业               1     1     1     1   ...
                                                                    │        └ <function operate_sheet at 0x0000021A7EC30670>
                                                                    └ <module 'src.get_info' from 'E:\\python\\2021.9.17\\pandas_excel\\src\\get_info.py'>

  File "E:\python\2021.9.17\pandas_excel\src\get_info.py", line 113, in operate_sheet
    start_col, new_path, object_all_out = to_excel.write_excel(object_all_params, object_all_scores, object_evaluation_achieve,
                                          │        │           │                  │                  └ [题号          课程目标1  课程目标2  课程目标3  课程目标4 课程目标5
                                          │        │           │                  │                    学生学号                                        
                                          │        │           │                  │                    20192456.0  0.714  0.833  0.875  0...
                                          │        │           │                  └ [            1    2    3    4
                                          │        │           │                    学生学号                        
                                          │        │           │                    20192456.0  5  7.0  5.0  7.0
                                          │        │           │                    20192457.0  7  6.0  6.0  7.0
                                          │        │           │                    20192458...
                                          │        │           └ [       1    2    3    4
                                          │        │             题号                     
                                          │        │             小题分数   7  8.0  6.0  9.0
                                          │        │             课程目标1  1  0.0  0.0  0.0
                                          │        │             课程目标2  0  0.0  1.0  0.0
                                          │        │             课程目标...
                                          │        └ <function write_excel at 0x0000021A7C051940>
                                          └ <module 'src.to_excel' from 'E:\\python\\2021.9.17\\pandas_excel\\src\\to_excel.py'>

  File "E:\python\2021.9.17\pandas_excel\src\to_excel.py", line 32, in write_excel
    write_reporter(wb, sheet, df_test_weight, class_ach, class_id, df_index_values, data_weight)
    │              │   │      │               │          │         │                └ 课程目标达成情况评价报告
    │              │   │      │               │          │         │                  考核成绩法    0.64
    │              │   │      │               │          │         │                  教师评价     0.16
    │              │   │      │               │          │         │                  学生自评      0.2
    │              │   │      │               │          │         │                  Name: 权重值, dtype: object
    │              │   │      │               │          │         └ ['教师评价', '学生自评']
    │              │   │      │               │          └ ['190407', '190408']
    │              │   │      │               └ [        课程目标1  课程目标2  课程目标3  课程目标4  课程目标5
    │              │   │      │                 190407  0.897  0.872  0.764  0.796    NaN
    │              │   │      │                 190408  0.867  0.909  0.812  0.791    Na...
    │              │   │      └ 考核方式         课程目标1 课程目标2 课程目标3 课程目标4 课程目标5
    │              │   │        课程目标达成情况评价报告                              
    │              │   │        作业               1     1     1     1   ...
    │              │   └ '..\\data\\6_课程目标达成情况评价报告-2019级软工(1).xls'
    │              └ <Book [6_课程目标达成情况评价报告-2019级软工(1).xls]>
    └ <function write_reporter at 0x0000021A7EC2D700>

> File "E:\python\2021.9.17\pandas_excel\src\to_excel.py", line 217, in write_reporter
    ach = single_ach.loc[class_id, :]
          │          └ <property object at 0x0000021A7BEBAB30>
          └         课程目标1  课程目标2  课程目标3  课程目标4  课程目标5
            190407  0.897  0.872  0.764  0.796    NaN
            190408  0.867  0.909  0.812  0.791    NaN

UnboundLocalError: local variable 'class_id' referenced before assignment
2022-06-13 18:02:42.994 | INFO     | __main__:<module>:16 - 
 权重矩阵：df_weight
课程目标达成情况评价报告    作业    报告  教师评价  学生自评
考核方式                                
课程目标1         0.64   0.0  0.16   0.2
课程目标2         0.64   0.0  0.16   0.2
课程目标3         0.64   0.0  0.16   0.2
课程目标4         0.64   0.0  0.16   0.2
课程目标5          0.0  0.64  0.16   0.2
2022-06-13 18:02:43.190 | INFO     | src.get_info:operate_sheet:108 - 
 最终达成度：achieve
          课程目标1  课程目标2  课程目标3  课程目标4  课程目标5
20192456  0.705  0.861  0.848  0.786  0.800
20192457  1.000  0.928  0.840  0.786  0.809
20192458  0.876  0.968  0.920  0.786  0.876
20192459  1.000  0.928  0.840  0.786  0.809
20192460  1.000  0.821  0.768  0.897  0.828
20192461  0.876  0.968  0.920  0.786  0.936
20192462  1.000  0.749  0.688  0.786  0.828
20192463  0.581  0.968  0.920  0.572  0.724
20192464  0.876  0.861  0.848  0.897  0.800
20192465  1.000  0.821  0.768  0.897  0.936
20192466  0.876  0.861  0.848  0.897  0.800
20192467  0.876  0.715  0.696  0.897  0.876
20192468  1.000  0.861  0.848  1.000  0.895
20192469  1.000  0.821  0.768  0.897  0.876
20192470  0.876  0.893  0.928  1.000  0.955
20192471  0.876  0.821  0.768  0.786  0.819
20192472  0.876  0.821  0.768  0.786  0.828
20192473  0.876  0.856  0.760  0.572  0.715
20192474  1.000  0.861  0.848  1.000  0.981
20192475  0.876  0.643  0.616  0.786  0.655
20192476  1.000  0.856  0.760  0.643  0.772
20192477  0.876  0.821  0.768  0.786  0.800
20192478  1.000  0.749  0.688  0.786  0.936
20192479  0.876  0.861  0.848  0.897  0.876
20192481  1.000  0.643  0.616  0.897  0.936
20192482  1.000  0.856  0.760  0.643  0.936
20192483  0.876  0.861  0.848  0.897  0.895
20192484  0.876  1.000  1.000  0.897  0.936
20192485  0.705  0.861  0.848  0.786  0.828
20192486  0.876  0.856  0.760  0.572  0.696
20192487  1.000  0.856  0.760  0.643  0.791
20192488  0.876  0.749  0.688  0.643  0.772
20192489  0.876  0.821  0.768  0.786  0.936
20192490  1.000  0.968  0.920  0.897  0.895
20192491  0.705  0.821  0.768  0.643  0.696
20192492  1.000  0.856  0.760  0.643  0.772
20192493  1.000  0.821  0.768  0.897  0.895
20192494  0.876  0.856  0.760  0.572  0.705
20192495  0.876  0.861  0.848  0.897  0.809
20192496  0.876  0.861  0.848  0.897  0.819
20192497  0.876  0.968  0.920  0.786  0.936
20192498  0.876  0.643  0.616  0.786  0.715
20192499  1.000  0.643  0.616  0.897  0.781
20192500  0.705  0.928  0.840  0.572  0.715
20192501  1.000  0.821  0.768  0.897  0.895
20192502  0.876  0.861  0.848  0.897  0.800
20192503  0.705  1.000  1.000  0.786  0.876
20192504  1.000  0.821  0.768  0.897  0.800
20192505  0.876  0.928  0.840  0.643  0.819
20192506  0.705  0.968  0.920  0.643  0.819
20192507  0.876  0.893  0.928  1.000  0.964
20192508  0.705  1.000  1.000  0.786  0.809
20192509  0.876  0.749  0.688  0.643  0.696
20192510  1.000  0.928  0.840  0.786  0.895
20192511  1.000  0.928  0.840  0.786  0.819
20192512  1.000  0.749  0.688  0.786  0.819
20192513  0.876  0.861  0.848  0.897  0.895
20192514  1.000  0.928  0.840  0.786  0.885
20192515  1.000  0.968  0.920  0.897  0.936
20192516  0.876  0.861  0.848  0.897  0.819
20192518  0.705  0.755  0.776  0.897  0.819
20192519  0.876  0.968  0.920  0.786  0.819
20192520  1.000  0.748  0.680  0.572  0.705
20192521  0.705  1.000  1.000  0.786  0.885
20192522  0.876  0.968  0.920  0.786  0.800
20192523  0.876  0.928  0.840  0.643  0.772
20192524  0.876  0.821  0.768  0.786  0.828
20192525  1.000  0.968  0.920  0.897  0.981
20192526  0.876  0.861  0.848  0.897  0.809
20192527  0.876  0.968  0.920  0.786  0.828
20192528  0.876  1.000  1.000  0.897  0.972
20192529  0.876  0.928  0.840  0.643  0.819
20192531  0.705  1.000  1.000  0.786  0.800
20192532  0.876  0.749  0.688  0.643  0.655
20192533  1.000  0.856  0.760  0.643  0.876
20192534  1.000  0.928  0.840  0.786  0.828
20192535  0.705  0.861  0.848  0.786  0.828
20192536  1.000  0.821  0.768  0.897  0.828
20192537  0.876  0.861  0.848  0.897  0.800
20192538  0.876  0.715  0.696  0.897  0.809
20192539  1.000  0.928  0.840  0.786  0.819
20192540  0.876  0.715  0.696  0.897  0.819
20192541  0.705  0.821  0.768  0.643  0.705
20192542  0.705  0.861  0.848  0.786  0.885
20192543  0.876  0.861  0.848  0.897  0.809
平均值       0.890  0.861  0.817  0.797  0.831
2022-06-13 18:02:43.197 | INFO     | src.get_info:operate_sheet:109 - 
 统计数据：static_final_data
考核方式         课程目标1  课程目标2  课程目标3  课程目标4  课程目标5
单项目标超过平均值人数     30   48.0   48.0   34.0   30.0
单项目标达成人数        84   81.0   71.0   65.0   80.0
单项目标未达成人数        1    4.0   14.0   20.0    5.0
所有目标超过平均值人数      5    NaN    NaN    NaN    NaN
所有目标均达成人数       55    NaN    NaN    NaN    NaN
所有目标均未达成人数       0    NaN    NaN    NaN    NaN
2022-06-13 18:02:43.199 | INFO     | src.get_info:operate_sheet:110 - 
 统计数据：static_data_single_odd
考核方式          课程目标1   课程目标2   课程目标3   课程目标4   课程目标5
单项目标超过平均值人数  35.29%  56.47%  56.47%  40.00%  35.29%
单项目标达成人数     98.82%  95.29%  83.53%  76.47%  94.12%
单项目标未达成人数     1.18%   4.71%  16.47%  23.53%   5.88%
2022-06-13 18:02:43.200 | INFO     | src.get_info:operate_sheet:111 - 
 统计数据：static_data_all_odd
所有目标超过平均值人数     5.88%
所有目标均达成人数      64.71%
所有目标均未达成人数      0.00%
dtype: object
2022-06-13 18:02:45.889 | ERROR    | src.to_excel:write_reporter:264 - local variable 'class_id' referenced before assignment
Traceback (most recent call last):

  File "E:/python/2021.9.17/pandas_excel/src/main.py", line 18, in <module>
    final_target_achieve, new_path, student_id, k, object_all_out = get_info.operate_sheet(df_test_weight, file, df_index_values, df_weight, data_weight)
                                                                    │        │             │               │     │                │          └ 课程目标达成情况评价报告
                                                                    │        │             │               │     │                │            考核成绩法    0.64
                                                                    │        │             │               │     │                │            教师评价     0.16
                                                                    │        │             │               │     │                │            学生自评      0.2
                                                                    │        │             │               │     │                │            Name: 权重值, dtype: object
                                                                    │        │             │               │     │                └ 课程目标达成情况评价报告    作业    报告  教师评价  学生自评
                                                                    │        │             │               │     │                  考核方式                                
                                                                    │        │             │               │     │                  课程目标1         0.64   0.0  0.16   0.2
                                                                    │        │             │               │     │                  课程目标2         ...
                                                                    │        │             │               │     └ ['教师评价', '学生自评']
                                                                    │        │             │               └ '..\\data\\6_课程目标达成情况评价报告-2019级软工(1).xls'
                                                                    │        │             └ 考核方式         课程目标1 课程目标2 课程目标3 课程目标4 课程目标5
                                                                    │        │               课程目标达成情况评价报告                              
                                                                    │        │               作业               1     1     1     1   ...
                                                                    │        └ <function operate_sheet at 0x0000014DD637F670>
                                                                    └ <module 'src.get_info' from 'E:\\python\\2021.9.17\\pandas_excel\\src\\get_info.py'>

  File "E:\python\2021.9.17\pandas_excel\src\get_info.py", line 113, in operate_sheet
    start_col, new_path, object_all_out = to_excel.write_excel(object_all_params, object_all_scores, object_evaluation_achieve,
                                          │        │           │                  │                  └ [题号          课程目标1  课程目标2  课程目标3  课程目标4 课程目标5
                                          │        │           │                  │                    学生学号                                        
                                          │        │           │                  │                    20192456.0  0.714  0.833  0.875  0...
                                          │        │           │                  └ [            1    2    3    4
                                          │        │           │                    学生学号                        
                                          │        │           │                    20192456.0  5  7.0  5.0  7.0
                                          │        │           │                    20192457.0  7  6.0  6.0  7.0
                                          │        │           │                    20192458...
                                          │        │           └ [       1    2    3    4
                                          │        │             题号                     
                                          │        │             小题分数   7  8.0  6.0  9.0
                                          │        │             课程目标1  1  0.0  0.0  0.0
                                          │        │             课程目标2  0  0.0  1.0  0.0
                                          │        │             课程目标...
                                          │        └ <function write_excel at 0x0000014DD37C0940>
                                          └ <module 'src.to_excel' from 'E:\\python\\2021.9.17\\pandas_excel\\src\\to_excel.py'>

  File "E:\python\2021.9.17\pandas_excel\src\to_excel.py", line 32, in write_excel
    write_reporter(wb, sheet, df_test_weight, class_ach, class_id, df_index_values, data_weight)
    │              │   │      │               │          │         │                └ 课程目标达成情况评价报告
    │              │   │      │               │          │         │                  考核成绩法    0.64
    │              │   │      │               │          │         │                  教师评价     0.16
    │              │   │      │               │          │         │                  学生自评      0.2
    │              │   │      │               │          │         │                  Name: 权重值, dtype: object
    │              │   │      │               │          │         └ ['教师评价', '学生自评']
    │              │   │      │               │          └ ['190407', '190408']
    │              │   │      │               └ [        课程目标1  课程目标2  课程目标3  课程目标4  课程目标5
    │              │   │      │                 190407  0.897  0.872  0.764  0.796    NaN
    │              │   │      │                 190408  0.867  0.909  0.812  0.791    Na...
    │              │   │      └ 考核方式         课程目标1 课程目标2 课程目标3 课程目标4 课程目标5
    │              │   │        课程目标达成情况评价报告                              
    │              │   │        作业               1     1     1     1   ...
    │              │   └ '..\\data\\6_课程目标达成情况评价报告-2019级软工(1).xls'
    │              └ <Book [6_课程目标达成情况评价报告-2019级软工(1).xls]>
    └ <function write_reporter at 0x0000014DD637C700>

> File "E:\python\2021.9.17\pandas_excel\src\to_excel.py", line 213, in write_reporter
    print(class_id)

UnboundLocalError: local variable 'class_id' referenced before assignment
2022-06-13 18:28:19.689 | INFO     | __main__:<module>:16 - 
 权重矩阵：df_weight
课程目标达成情况评价报告    作业    报告  教师评价  学生自评
考核方式                                
课程目标1         0.64   0.0  0.16   0.2
课程目标2         0.64   0.0  0.16   0.2
课程目标3         0.64   0.0  0.16   0.2
课程目标4         0.64   0.0  0.16   0.2
课程目标5          0.0  0.64  0.16   0.2
2022-06-13 18:28:19.883 | INFO     | src.get_info:operate_sheet:108 - 
 最终达成度：achieve
          课程目标1  课程目标2  课程目标3  课程目标4  课程目标5
20192456  0.705  0.861  0.848  0.786  0.800
20192457  1.000  0.928  0.840  0.786  0.809
20192458  0.876  0.968  0.920  0.786  0.876
20192459  1.000  0.928  0.840  0.786  0.809
20192460  1.000  0.821  0.768  0.897  0.828
20192461  0.876  0.968  0.920  0.786  0.936
20192462  1.000  0.749  0.688  0.786  0.828
20192463  0.581  0.968  0.920  0.572  0.724
20192464  0.876  0.861  0.848  0.897  0.800
20192465  1.000  0.821  0.768  0.897  0.936
20192466  0.876  0.861  0.848  0.897  0.800
20192467  0.876  0.715  0.696  0.897  0.876
20192468  1.000  0.861  0.848  1.000  0.895
20192469  1.000  0.821  0.768  0.897  0.876
20192470  0.876  0.893  0.928  1.000  0.955
20192471  0.876  0.821  0.768  0.786  0.819
20192472  0.876  0.821  0.768  0.786  0.828
20192473  0.876  0.856  0.760  0.572  0.715
20192474  1.000  0.861  0.848  1.000  0.981
20192475  0.876  0.643  0.616  0.786  0.655
20192476  1.000  0.856  0.760  0.643  0.772
20192477  0.876  0.821  0.768  0.786  0.800
20192478  1.000  0.749  0.688  0.786  0.936
20192479  0.876  0.861  0.848  0.897  0.876
20192481  1.000  0.643  0.616  0.897  0.936
20192482  1.000  0.856  0.760  0.643  0.936
20192483  0.876  0.861  0.848  0.897  0.895
20192484  0.876  1.000  1.000  0.897  0.936
20192485  0.705  0.861  0.848  0.786  0.828
20192486  0.876  0.856  0.760  0.572  0.696
20192487  1.000  0.856  0.760  0.643  0.791
20192488  0.876  0.749  0.688  0.643  0.772
20192489  0.876  0.821  0.768  0.786  0.936
20192490  1.000  0.968  0.920  0.897  0.895
20192491  0.705  0.821  0.768  0.643  0.696
20192492  1.000  0.856  0.760  0.643  0.772
20192493  1.000  0.821  0.768  0.897  0.895
20192494  0.876  0.856  0.760  0.572  0.705
20192495  0.876  0.861  0.848  0.897  0.809
20192496  0.876  0.861  0.848  0.897  0.819
20192497  0.876  0.968  0.920  0.786  0.936
20192498  0.876  0.643  0.616  0.786  0.715
20192499  1.000  0.643  0.616  0.897  0.781
20192500  0.705  0.928  0.840  0.572  0.715
20192501  1.000  0.821  0.768  0.897  0.895
20192502  0.876  0.861  0.848  0.897  0.800
20192503  0.705  1.000  1.000  0.786  0.876
20192504  1.000  0.821  0.768  0.897  0.800
20192505  0.876  0.928  0.840  0.643  0.819
20192506  0.705  0.968  0.920  0.643  0.819
20192507  0.876  0.893  0.928  1.000  0.964
20192508  0.705  1.000  1.000  0.786  0.809
20192509  0.876  0.749  0.688  0.643  0.696
20192510  1.000  0.928  0.840  0.786  0.895
20192511  1.000  0.928  0.840  0.786  0.819
20192512  1.000  0.749  0.688  0.786  0.819
20192513  0.876  0.861  0.848  0.897  0.895
20192514  1.000  0.928  0.840  0.786  0.885
20192515  1.000  0.968  0.920  0.897  0.936
20192516  0.876  0.861  0.848  0.897  0.819
20192518  0.705  0.755  0.776  0.897  0.819
20192519  0.876  0.968  0.920  0.786  0.819
20192520  1.000  0.748  0.680  0.572  0.705
20192521  0.705  1.000  1.000  0.786  0.885
20192522  0.876  0.968  0.920  0.786  0.800
20192523  0.876  0.928  0.840  0.643  0.772
20192524  0.876  0.821  0.768  0.786  0.828
20192525  1.000  0.968  0.920  0.897  0.981
20192526  0.876  0.861  0.848  0.897  0.809
20192527  0.876  0.968  0.920  0.786  0.828
20192528  0.876  1.000  1.000  0.897  0.972
20192529  0.876  0.928  0.840  0.643  0.819
20192531  0.705  1.000  1.000  0.786  0.800
20192532  0.876  0.749  0.688  0.643  0.655
20192533  1.000  0.856  0.760  0.643  0.876
20192534  1.000  0.928  0.840  0.786  0.828
20192535  0.705  0.861  0.848  0.786  0.828
20192536  1.000  0.821  0.768  0.897  0.828
20192537  0.876  0.861  0.848  0.897  0.800
20192538  0.876  0.715  0.696  0.897  0.809
20192539  1.000  0.928  0.840  0.786  0.819
20192540  0.876  0.715  0.696  0.897  0.819
20192541  0.705  0.821  0.768  0.643  0.705
20192542  0.705  0.861  0.848  0.786  0.885
20192543  0.876  0.861  0.848  0.897  0.809
平均值       0.890  0.861  0.817  0.797  0.831
2022-06-13 18:28:19.890 | INFO     | src.get_info:operate_sheet:109 - 
 统计数据：static_final_data
考核方式         课程目标1  课程目标2  课程目标3  课程目标4  课程目标5
单项目标超过平均值人数     30   48.0   48.0   34.0   30.0
单项目标达成人数        84   81.0   71.0   65.0   80.0
单项目标未达成人数        1    4.0   14.0   20.0    5.0
所有目标超过平均值人数      5    NaN    NaN    NaN    NaN
所有目标均达成人数       55    NaN    NaN    NaN    NaN
所有目标均未达成人数       0    NaN    NaN    NaN    NaN
2022-06-13 18:28:19.892 | INFO     | src.get_info:operate_sheet:110 - 
 统计数据：static_data_single_odd
考核方式          课程目标1   课程目标2   课程目标3   课程目标4   课程目标5
单项目标超过平均值人数  35.29%  56.47%  56.47%  40.00%  35.29%
单项目标达成人数     98.82%  95.29%  83.53%  76.47%  94.12%
单项目标未达成人数     1.18%   4.71%  16.47%  23.53%   5.88%
2022-06-13 18:28:19.893 | INFO     | src.get_info:operate_sheet:111 - 
 统计数据：static_data_all_odd
所有目标超过平均值人数     5.88%
所有目标均达成人数      64.71%
所有目标均未达成人数      0.00%
dtype: object
2022-06-13 19:01:18.156 | INFO     | __main__:<module>:16 - 
 权重矩阵：df_weight
课程目标达成情况评价报告    作业    报告  教师评价  学生自评
考核方式                                
课程目标1         0.64   0.0  0.16   0.2
课程目标2         0.64   0.0  0.16   0.2
课程目标3         0.64   0.0  0.16   0.2
课程目标4         0.64   0.0  0.16   0.2
课程目标5          0.0  0.64  0.16   0.2
2022-06-13 19:01:18.349 | INFO     | src.get_info:operate_sheet:108 - 
 最终达成度：achieve
          课程目标1  课程目标2  课程目标3  课程目标4  课程目标5
20192456  0.705  0.861  0.848  0.786  0.800
20192457  1.000  0.928  0.840  0.786  0.809
20192458  0.876  0.968  0.920  0.786  0.876
20192459  1.000  0.928  0.840  0.786  0.809
20192460  1.000  0.821  0.768  0.897  0.828
20192461  0.876  0.968  0.920  0.786  0.936
20192462  1.000  0.749  0.688  0.786  0.828
20192463  0.581  0.968  0.920  0.572  0.724
20192464  0.876  0.861  0.848  0.897  0.800
20192465  1.000  0.821  0.768  0.897  0.936
20192466  0.876  0.861  0.848  0.897  0.800
20192467  0.876  0.715  0.696  0.897  0.876
20192468  1.000  0.861  0.848  1.000  0.895
20192469  1.000  0.821  0.768  0.897  0.876
20192470  0.876  0.893  0.928  1.000  0.955
20192471  0.876  0.821  0.768  0.786  0.819
20192472  0.876  0.821  0.768  0.786  0.828
20192473  0.876  0.856  0.760  0.572  0.715
20192474  1.000  0.861  0.848  1.000  0.981
20192475  0.876  0.643  0.616  0.786  0.655
20192476  1.000  0.856  0.760  0.643  0.772
20192477  0.876  0.821  0.768  0.786  0.800
20192478  1.000  0.749  0.688  0.786  0.936
20192479  0.876  0.861  0.848  0.897  0.876
20192481  1.000  0.643  0.616  0.897  0.936
20192482  1.000  0.856  0.760  0.643  0.936
20192483  0.876  0.861  0.848  0.897  0.895
20192484  0.876  1.000  1.000  0.897  0.936
20192485  0.705  0.861  0.848  0.786  0.828
20192486  0.876  0.856  0.760  0.572  0.696
20192487  1.000  0.856  0.760  0.643  0.791
20192488  0.876  0.749  0.688  0.643  0.772
20192489  0.876  0.821  0.768  0.786  0.936
20192490  1.000  0.968  0.920  0.897  0.895
20192491  0.705  0.821  0.768  0.643  0.696
20192492  1.000  0.856  0.760  0.643  0.772
20192493  1.000  0.821  0.768  0.897  0.895
20192494  0.876  0.856  0.760  0.572  0.705
20192495  0.876  0.861  0.848  0.897  0.809
20192496  0.876  0.861  0.848  0.897  0.819
20192497  0.876  0.968  0.920  0.786  0.936
20192498  0.876  0.643  0.616  0.786  0.715
20192499  1.000  0.643  0.616  0.897  0.781
20192500  0.705  0.928  0.840  0.572  0.715
20192501  1.000  0.821  0.768  0.897  0.895
20192502  0.876  0.861  0.848  0.897  0.800
20192503  0.705  1.000  1.000  0.786  0.876
20192504  1.000  0.821  0.768  0.897  0.800
20192505  0.876  0.928  0.840  0.643  0.819
20192506  0.705  0.968  0.920  0.643  0.819
20192507  0.876  0.893  0.928  1.000  0.964
20192508  0.705  1.000  1.000  0.786  0.809
20192509  0.876  0.749  0.688  0.643  0.696
20192510  1.000  0.928  0.840  0.786  0.895
20192511  1.000  0.928  0.840  0.786  0.819
20192512  1.000  0.749  0.688  0.786  0.819
20192513  0.876  0.861  0.848  0.897  0.895
20192514  1.000  0.928  0.840  0.786  0.885
20192515  1.000  0.968  0.920  0.897  0.936
20192516  0.876  0.861  0.848  0.897  0.819
20192518  0.705  0.755  0.776  0.897  0.819
20192519  0.876  0.968  0.920  0.786  0.819
20192520  1.000  0.748  0.680  0.572  0.705
20192521  0.705  1.000  1.000  0.786  0.885
20192522  0.876  0.968  0.920  0.786  0.800
20192523  0.876  0.928  0.840  0.643  0.772
20192524  0.876  0.821  0.768  0.786  0.828
20192525  1.000  0.968  0.920  0.897  0.981
20192526  0.876  0.861  0.848  0.897  0.809
20192527  0.876  0.968  0.920  0.786  0.828
20192528  0.876  1.000  1.000  0.897  0.972
20192529  0.876  0.928  0.840  0.643  0.819
20192531  0.705  1.000  1.000  0.786  0.800
20192532  0.876  0.749  0.688  0.643  0.655
20192533  1.000  0.856  0.760  0.643  0.876
20192534  1.000  0.928  0.840  0.786  0.828
20192535  0.705  0.861  0.848  0.786  0.828
20192536  1.000  0.821  0.768  0.897  0.828
20192537  0.876  0.861  0.848  0.897  0.800
20192538  0.876  0.715  0.696  0.897  0.809
20192539  1.000  0.928  0.840  0.786  0.819
20192540  0.876  0.715  0.696  0.897  0.819
20192541  0.705  0.821  0.768  0.643  0.705
20192542  0.705  0.861  0.848  0.786  0.885
20192543  0.876  0.861  0.848  0.897  0.809
平均值       0.890  0.861  0.817  0.797  0.831
2022-06-13 19:01:18.356 | INFO     | src.get_info:operate_sheet:109 - 
 统计数据：static_final_data
考核方式         课程目标1  课程目标2  课程目标3  课程目标4  课程目标5
单项目标超过平均值人数     30   48.0   48.0   34.0   30.0
单项目标达成人数        84   81.0   71.0   65.0   80.0
单项目标未达成人数        1    4.0   14.0   20.0    5.0
所有目标超过平均值人数      5    NaN    NaN    NaN    NaN
所有目标均达成人数       55    NaN    NaN    NaN    NaN
所有目标均未达成人数       0    NaN    NaN    NaN    NaN
2022-06-13 19:01:18.358 | INFO     | src.get_info:operate_sheet:110 - 
 统计数据：static_data_single_odd
考核方式          课程目标1   课程目标2   课程目标3   课程目标4   课程目标5
单项目标超过平均值人数  35.29%  56.47%  56.47%  40.00%  35.29%
单项目标达成人数     98.82%  95.29%  83.53%  76.47%  94.12%
单项目标未达成人数     1.18%   4.71%  16.47%  23.53%   5.88%
2022-06-13 19:01:18.359 | INFO     | src.get_info:operate_sheet:111 - 
 统计数据：static_data_all_odd
所有目标超过平均值人数     5.88%
所有目标均达成人数      64.71%
所有目标均未达成人数      0.00%
dtype: object
2022-06-13 20:30:33.785 | INFO     | __main__:<module>:16 - 
 权重矩阵：df_weight
课程目标达成情况评价报告    作业    报告  教师评价  学生自评
考核方式                                
课程目标1         0.64   0.0  0.16   0.2
课程目标2         0.64   0.0  0.16   0.2
课程目标3         0.64   0.0  0.16   0.2
课程目标4         0.64   0.0  0.16   0.2
课程目标5          0.0  0.64  0.16   0.2
2022-06-13 20:30:33.975 | INFO     | src.get_info:operate_sheet:108 - 
 最终达成度：achieve
          课程目标1  课程目标2  课程目标3  课程目标4  课程目标5
20192456  0.705  0.861  0.848  0.786  0.800
20192457  1.000  0.928  0.840  0.786  0.809
20192458  0.876  0.968  0.920  0.786  0.876
20192459  1.000  0.928  0.840  0.786  0.809
20192460  1.000  0.821  0.768  0.897  0.828
20192461  0.876  0.968  0.920  0.786  0.936
20192462  1.000  0.749  0.688  0.786  0.828
20192463  0.581  0.968  0.920  0.572  0.724
20192464  0.876  0.861  0.848  0.897  0.800
20192465  1.000  0.821  0.768  0.897  0.936
20192466  0.876  0.861  0.848  0.897  0.800
20192467  0.876  0.715  0.696  0.897  0.876
20192468  1.000  0.861  0.848  1.000  0.895
20192469  1.000  0.821  0.768  0.897  0.876
20192470  0.876  0.893  0.928  1.000  0.955
20192471  0.876  0.821  0.768  0.786  0.819
20192472  0.876  0.821  0.768  0.786  0.828
20192473  0.876  0.856  0.760  0.572  0.715
20192474  1.000  0.861  0.848  1.000  0.981
20192475  0.876  0.643  0.616  0.786  0.655
20192476  1.000  0.856  0.760  0.643  0.772
20192477  0.876  0.821  0.768  0.786  0.800
20192478  1.000  0.749  0.688  0.786  0.936
20192479  0.876  0.861  0.848  0.897  0.876
20192481  1.000  0.643  0.616  0.897  0.936
20192482  1.000  0.856  0.760  0.643  0.936
20192483  0.876  0.861  0.848  0.897  0.895
20192484  0.876  1.000  1.000  0.897  0.936
20192485  0.705  0.861  0.848  0.786  0.828
20192486  0.876  0.856  0.760  0.572  0.696
20192487  1.000  0.856  0.760  0.643  0.791
20192488  0.876  0.749  0.688  0.643  0.772
20192489  0.876  0.821  0.768  0.786  0.936
20192490  1.000  0.968  0.920  0.897  0.895
20192491  0.705  0.821  0.768  0.643  0.696
20192492  1.000  0.856  0.760  0.643  0.772
20192493  1.000  0.821  0.768  0.897  0.895
20192494  0.876  0.856  0.760  0.572  0.705
20192495  0.876  0.861  0.848  0.897  0.809
20192496  0.876  0.861  0.848  0.897  0.819
20192497  0.876  0.968  0.920  0.786  0.936
20192498  0.876  0.643  0.616  0.786  0.715
20192499  1.000  0.643  0.616  0.897  0.781
20192500  0.705  0.928  0.840  0.572  0.715
20192501  1.000  0.821  0.768  0.897  0.895
20192502  0.876  0.861  0.848  0.897  0.800
20192503  0.705  1.000  1.000  0.786  0.876
20192504  1.000  0.821  0.768  0.897  0.800
20192505  0.876  0.928  0.840  0.643  0.819
20192506  0.705  0.968  0.920  0.643  0.819
20192507  0.876  0.893  0.928  1.000  0.964
20192508  0.705  1.000  1.000  0.786  0.809
20192509  0.876  0.749  0.688  0.643  0.696
20192510  1.000  0.928  0.840  0.786  0.895
20192511  1.000  0.928  0.840  0.786  0.819
20192512  1.000  0.749  0.688  0.786  0.819
20192513  0.876  0.861  0.848  0.897  0.895
20192514  1.000  0.928  0.840  0.786  0.885
20192515  1.000  0.968  0.920  0.897  0.936
20192516  0.876  0.861  0.848  0.897  0.819
20192518  0.705  0.755  0.776  0.897  0.819
20192519  0.876  0.968  0.920  0.786  0.819
20192520  1.000  0.748  0.680  0.572  0.705
20192521  0.705  1.000  1.000  0.786  0.885
20192522  0.876  0.968  0.920  0.786  0.800
20192523  0.876  0.928  0.840  0.643  0.772
20192524  0.876  0.821  0.768  0.786  0.828
20192525  1.000  0.968  0.920  0.897  0.981
20192526  0.876  0.861  0.848  0.897  0.809
20192527  0.876  0.968  0.920  0.786  0.828
20192528  0.876  1.000  1.000  0.897  0.972
20192529  0.876  0.928  0.840  0.643  0.819
20192531  0.705  1.000  1.000  0.786  0.800
20192532  0.876  0.749  0.688  0.643  0.655
20192533  1.000  0.856  0.760  0.643  0.876
20192534  1.000  0.928  0.840  0.786  0.828
20192535  0.705  0.861  0.848  0.786  0.828
20192536  1.000  0.821  0.768  0.897  0.828
20192537  0.876  0.861  0.848  0.897  0.800
20192538  0.876  0.715  0.696  0.897  0.809
20192539  1.000  0.928  0.840  0.786  0.819
20192540  0.876  0.715  0.696  0.897  0.819
20192541  0.705  0.821  0.768  0.643  0.705
20192542  0.705  0.861  0.848  0.786  0.885
20192543  0.876  0.861  0.848  0.897  0.809
平均值       0.890  0.861  0.817  0.797  0.831
2022-06-13 20:30:33.983 | INFO     | src.get_info:operate_sheet:109 - 
 统计数据：static_final_data
考核方式         课程目标1  课程目标2  课程目标3  课程目标4  课程目标5
单项目标超过平均值人数     30   48.0   48.0   34.0   30.0
单项目标达成人数        84   81.0   71.0   65.0   80.0
单项目标未达成人数        1    4.0   14.0   20.0    5.0
所有目标超过平均值人数      5    NaN    NaN    NaN    NaN
所有目标均达成人数       55    NaN    NaN    NaN    NaN
所有目标均未达成人数       0    NaN    NaN    NaN    NaN
2022-06-13 20:30:33.984 | INFO     | src.get_info:operate_sheet:110 - 
 统计数据：static_data_single_odd
考核方式          课程目标1   课程目标2   课程目标3   课程目标4   课程目标5
单项目标超过平均值人数  35.29%  56.47%  56.47%  40.00%  35.29%
单项目标达成人数     98.82%  95.29%  83.53%  76.47%  94.12%
单项目标未达成人数     1.18%   4.71%  16.47%  23.53%   5.88%
2022-06-13 20:30:33.986 | INFO     | src.get_info:operate_sheet:111 - 
 统计数据：static_data_all_odd
所有目标超过平均值人数     5.88%
所有目标均达成人数      64.71%
所有目标均未达成人数      0.00%
dtype: object
