2022-06-13 18:59:27.868 | INFO     | __main__:<module>:16 - 
 权重矩阵：df_weight
课程目标达成情况评价报告    作业     测试     报告  教师评价  学生自评
考核方式                                        
课程目标1         0.64    0.0    0.0  0.16   0.2
课程目标2         0.64    0.0    0.0  0.16   0.2
课程目标3         0.64    0.0    0.0  0.16   0.2
课程目标4         0.64    0.0    0.0  0.16   0.2
课程目标5          0.0  0.256  0.384  0.16   0.2
2022-06-13 18:59:28.095 | INFO     | src.get_info:operate_sheet:108 - 
 最终达成度：achieve
          课程目标1  课程目标2  课程目标3  课程目标4  课程目标5
20212535  1.000  0.748  0.600  0.392  1.534
20212536  0.876  0.749  0.688  0.643  1.901
20212537  0.876  0.428  0.428  0.786  1.509
20212538  1.000  0.861  0.848  1.000  2.242
20212539  1.000  0.748  0.680  0.572  1.862
20212540  0.705  0.821  0.768  0.643  1.886
20212541  0.876  1.000  1.000  0.897  2.229
20212542  1.000  0.748  0.600  0.392  1.746
20212543  0.705  0.715  0.696  0.786  1.624
20212544  1.000  0.748  0.680  0.572  1.798
20212545  1.000  0.535  0.536  0.786  1.688
20212546  0.876  0.928  0.840  0.643  2.003
20212547  0.581  0.928  0.840  0.392  1.522
20212548  0.705  0.755  0.776  0.897  2.003
20212549  0.705  0.968  0.920  0.643  1.888
20212550  0.876  0.643  0.616  0.786  1.758
20212552  0.876  0.641  0.608  0.572  1.746
20212553  1.000  0.821  0.768  0.897  2.107
20212554  0.876  0.749  0.688  0.643  1.650
20212555  0.876  0.821  0.768  0.786  1.965
20212556  0.876  0.749  0.688  0.643  1.824
20212557  0.876  0.428  0.348  0.643  1.598
20212558  0.705  1.000  1.000  0.786  2.003
20212559  0.876  0.715  0.696  0.897  1.901
20212560  1.000  0.748  0.600  0.392  1.760
20212561  0.705  0.856  0.760  0.392  1.656
20212562  0.705  0.755  0.776  0.897  2.107
20212563  0.876  0.749  0.688  0.643  1.901
20212564  0.876  0.893  0.928  1.000  2.133
20212565  0.705  0.928  0.840  0.572  1.797
20212566  1.000  0.821  0.768  0.897  1.990
20212567  0.705  0.893  0.928  0.897  2.069
20212568  0.876  0.928  0.840  0.643  1.990
20212569  0.705  0.968  0.920  0.643  1.926
20212570  1.000  0.748  0.680  0.572  1.650
20212571  0.876  1.000  1.000  0.897  2.229
20212572  0.876  0.893  0.928  1.000  2.242
20212573  1.000  0.928  0.840  0.786  2.133
20212574  0.876  0.428  0.348  0.643  1.758
20212575  0.581  0.715  0.696  0.643  1.547
20212576  0.876  0.856  0.760  0.572  1.758
20212577  0.705  0.755  0.776  0.897  1.901
20212578  0.705  0.928  0.840  0.572  1.784
20212579  0.876  0.821  0.768  0.786  2.069
20212580  0.876  0.968  0.920  0.786  2.146
20212581  1.000  0.968  0.920  0.897  2.267
20212582  0.581  0.968  0.920  0.572  1.682
20212583  0.876  0.749  0.688  0.643  1.758
20212584  1.000  0.748  0.600  0.392  1.682
20212585  0.876  0.715  0.696  0.897  1.901
20212586  1.000  0.688  0.520  0.321  1.522
20212587  0.581  0.643  0.616  0.572  1.445
20212588  0.876  0.968  0.920  0.786  2.003
20212589  0.705  0.755  0.776  0.897  1.965
20212590  0.876  0.928  0.840  0.643  1.874
20212591  0.876  0.821  0.768  0.786  1.965
20212592  0.581  0.536  0.508  0.643  1.445
20212593  0.876  0.928  0.840  0.643  1.990
20212594  1.000  0.641  0.608  0.643  1.662
20212595  1.000  0.748  0.600  0.392  1.611
20212596  1.000  0.861  0.848  1.000  2.203
20212597  1.000  0.968  0.920  0.897  2.210
20212598  0.876  0.643  0.616  0.786  1.720
20212599  0.876  0.928  0.840  0.643  1.926
20212600  0.705  0.715  0.696  0.786  1.746
20212601  0.876  0.715  0.696  0.897  1.939
20212602  0.705  0.715  0.696  0.786  1.720
20212603  0.876  0.641  0.608  0.572  1.669
20212604  0.876  0.749  0.688  0.643  1.720
20212605  0.705  0.856  0.760  0.392  1.629
20212606  1.000  0.748  0.680  0.572  1.992
20212607  1.000  0.861  0.848  1.000  2.242
20212608  0.876  1.000  1.000  0.897  2.280
20212609  0.705  1.000  1.000  0.786  2.069
平均值       0.850  0.798  0.749  0.706  1.870
2022-06-13 18:59:28.106 | INFO     | src.get_info:operate_sheet:109 - 
 统计数据：static_final_data
考核方式         课程目标1  课程目标2  课程目标3  课程目标4  课程目标5
单项目标超过平均值人数     52   36.0   40.0   35.0   39.0
单项目标达成人数        69   62.0   40.0   35.0   74.0
单项目标未达成人数        5   12.0   34.0   39.0    0.0
所有目标超过平均值人数     18    NaN    NaN    NaN    NaN
所有目标均达成人数       25    NaN    NaN    NaN    NaN
所有目标均未达成人数       0    NaN    NaN    NaN    NaN
2022-06-13 18:59:28.107 | INFO     | src.get_info:operate_sheet:110 - 
 统计数据：static_data_single_odd
考核方式          课程目标1   课程目标2   课程目标3   课程目标4    课程目标5
单项目标超过平均值人数  70.27%  48.65%  54.05%  47.30%   52.70%
单项目标达成人数     93.24%  83.78%  54.05%  47.30%  100.00%
单项目标未达成人数     6.76%  16.22%  45.95%  52.70%    0.00%
2022-06-13 18:59:28.108 | INFO     | src.get_info:operate_sheet:111 - 
 统计数据：static_data_all_odd
所有目标超过平均值人数    24.32%
所有目标均达成人数      33.78%
所有目标均未达成人数      0.00%
dtype: object
2022-06-13 19:02:11.833 | INFO     | __main__:<module>:16 - 
 权重矩阵：df_weight
课程目标达成情况评价报告    作业     测试     报告  教师评价  学生自评
考核方式                                        
课程目标1         0.64    0.0    0.0  0.16   0.2
课程目标2         0.64    0.0    0.0  0.16   0.2
课程目标3         0.64    0.0    0.0  0.16   0.2
课程目标4         0.64    0.0    0.0  0.16   0.2
课程目标5          0.0  0.256  0.384  0.16   0.2
2022-06-13 19:02:12.058 | INFO     | src.get_info:operate_sheet:108 - 
 最终达成度：achieve
          课程目标1  课程目标2  课程目标3  课程目标4  课程目标5
20212535  1.000  0.748  0.600  0.392  1.534
20212536  0.876  0.749  0.688  0.643  1.901
20212537  0.876  0.428  0.428  0.786  1.509
20212538  1.000  0.861  0.848  1.000  2.242
20212539  1.000  0.748  0.680  0.572  1.862
20212540  0.705  0.821  0.768  0.643  1.886
20212541  0.876  1.000  1.000  0.897  2.229
20212542  1.000  0.748  0.600  0.392  1.746
20212543  0.705  0.715  0.696  0.786  1.624
20212544  1.000  0.748  0.680  0.572  1.798
20212545  1.000  0.535  0.536  0.786  1.688
20212546  0.876  0.928  0.840  0.643  2.003
20212547  0.581  0.928  0.840  0.392  1.522
20212548  0.705  0.755  0.776  0.897  2.003
20212549  0.705  0.968  0.920  0.643  1.888
20212550  0.876  0.643  0.616  0.786  1.758
20212552  0.876  0.641  0.608  0.572  1.746
20212553  1.000  0.821  0.768  0.897  2.107
20212554  0.876  0.749  0.688  0.643  1.650
20212555  0.876  0.821  0.768  0.786  1.965
20212556  0.876  0.749  0.688  0.643  1.824
20212557  0.876  0.428  0.348  0.643  1.598
20212558  0.705  1.000  1.000  0.786  2.003
20212559  0.876  0.715  0.696  0.897  1.901
20212560  1.000  0.748  0.600  0.392  1.760
20212561  0.705  0.856  0.760  0.392  1.656
20212562  0.705  0.755  0.776  0.897  2.107
20212563  0.876  0.749  0.688  0.643  1.901
20212564  0.876  0.893  0.928  1.000  2.133
20212565  0.705  0.928  0.840  0.572  1.797
20212566  1.000  0.821  0.768  0.897  1.990
20212567  0.705  0.893  0.928  0.897  2.069
20212568  0.876  0.928  0.840  0.643  1.990
20212569  0.705  0.968  0.920  0.643  1.926
20212570  1.000  0.748  0.680  0.572  1.650
20212571  0.876  1.000  1.000  0.897  2.229
20212572  0.876  0.893  0.928  1.000  2.242
20212573  1.000  0.928  0.840  0.786  2.133
20212574  0.876  0.428  0.348  0.643  1.758
20212575  0.581  0.715  0.696  0.643  1.547
20212576  0.876  0.856  0.760  0.572  1.758
20212577  0.705  0.755  0.776  0.897  1.901
20212578  0.705  0.928  0.840  0.572  1.784
20212579  0.876  0.821  0.768  0.786  2.069
20212580  0.876  0.968  0.920  0.786  2.146
20212581  1.000  0.968  0.920  0.897  2.267
20212582  0.581  0.968  0.920  0.572  1.682
20212583  0.876  0.749  0.688  0.643  1.758
20212584  1.000  0.748  0.600  0.392  1.682
20212585  0.876  0.715  0.696  0.897  1.901
20212586  1.000  0.688  0.520  0.321  1.522
20212587  0.581  0.643  0.616  0.572  1.445
20212588  0.876  0.968  0.920  0.786  2.003
20212589  0.705  0.755  0.776  0.897  1.965
20212590  0.876  0.928  0.840  0.643  1.874
20212591  0.876  0.821  0.768  0.786  1.965
20212592  0.581  0.536  0.508  0.643  1.445
20212593  0.876  0.928  0.840  0.643  1.990
20212594  1.000  0.641  0.608  0.643  1.662
20212595  1.000  0.748  0.600  0.392  1.611
20212596  1.000  0.861  0.848  1.000  2.203
20212597  1.000  0.968  0.920  0.897  2.210
20212598  0.876  0.643  0.616  0.786  1.720
20212599  0.876  0.928  0.840  0.643  1.926
20212600  0.705  0.715  0.696  0.786  1.746
20212601  0.876  0.715  0.696  0.897  1.939
20212602  0.705  0.715  0.696  0.786  1.720
20212603  0.876  0.641  0.608  0.572  1.669
20212604  0.876  0.749  0.688  0.643  1.720
20212605  0.705  0.856  0.760  0.392  1.629
20212606  1.000  0.748  0.680  0.572  1.992
20212607  1.000  0.861  0.848  1.000  2.242
20212608  0.876  1.000  1.000  0.897  2.280
20212609  0.705  1.000  1.000  0.786  2.069
平均值       0.850  0.798  0.749  0.706  1.870
2022-06-13 19:02:12.064 | INFO     | src.get_info:operate_sheet:109 - 
 统计数据：static_final_data
考核方式         课程目标1  课程目标2  课程目标3  课程目标4  课程目标5
单项目标超过平均值人数     52   36.0   40.0   35.0   39.0
单项目标达成人数        69   62.0   40.0   35.0   74.0
单项目标未达成人数        5   12.0   34.0   39.0    0.0
所有目标超过平均值人数     18    NaN    NaN    NaN    NaN
所有目标均达成人数       25    NaN    NaN    NaN    NaN
所有目标均未达成人数       0    NaN    NaN    NaN    NaN
2022-06-13 19:02:12.066 | INFO     | src.get_info:operate_sheet:110 - 
 统计数据：static_data_single_odd
考核方式          课程目标1   课程目标2   课程目标3   课程目标4    课程目标5
单项目标超过平均值人数  70.27%  48.65%  54.05%  47.30%   52.70%
单项目标达成人数     93.24%  83.78%  54.05%  47.30%  100.00%
单项目标未达成人数     6.76%  16.22%  45.95%  52.70%    0.00%
2022-06-13 19:02:12.067 | INFO     | src.get_info:operate_sheet:111 - 
 统计数据：static_data_all_odd
所有目标超过平均值人数    24.32%
所有目标均达成人数      33.78%
所有目标均未达成人数      0.00%
dtype: object
2022-06-13 19:02:40.341 | INFO     | __main__:<module>:16 - 
 权重矩阵：df_weight
课程目标达成情况评价报告    作业     测试     报告  教师评价  学生自评
考核方式                                        
课程目标1         0.64    0.0    0.0  0.16   0.2
课程目标2         0.64    0.0    0.0  0.16   0.2
课程目标3         0.64    0.0    0.0  0.16   0.2
课程目标4         0.64    0.0    0.0  0.16   0.2
课程目标5          0.0  0.256  0.384  0.16   0.2
2022-06-13 19:02:40.566 | INFO     | src.get_info:operate_sheet:108 - 
 最终达成度：achieve
          课程目标1  课程目标2  课程目标3  课程目标4  课程目标5
20212535  1.000  0.748  0.600  0.392  1.534
20212536  0.876  0.749  0.688  0.643  1.901
20212537  0.876  0.428  0.428  0.786  1.509
20212538  1.000  0.861  0.848  1.000  2.242
20212539  1.000  0.748  0.680  0.572  1.862
20212540  0.705  0.821  0.768  0.643  1.886
20212541  0.876  1.000  1.000  0.897  2.229
20212542  1.000  0.748  0.600  0.392  1.746
20212543  0.705  0.715  0.696  0.786  1.624
20212544  1.000  0.748  0.680  0.572  1.798
20212545  1.000  0.535  0.536  0.786  1.688
20212546  0.876  0.928  0.840  0.643  2.003
20212547  0.581  0.928  0.840  0.392  1.522
20212548  0.705  0.755  0.776  0.897  2.003
20212549  0.705  0.968  0.920  0.643  1.888
20212550  0.876  0.643  0.616  0.786  1.758
20212552  0.876  0.641  0.608  0.572  1.746
20212553  1.000  0.821  0.768  0.897  2.107
20212554  0.876  0.749  0.688  0.643  1.650
20212555  0.876  0.821  0.768  0.786  1.965
20212556  0.876  0.749  0.688  0.643  1.824
20212557  0.876  0.428  0.348  0.643  1.598
20212558  0.705  1.000  1.000  0.786  2.003
20212559  0.876  0.715  0.696  0.897  1.901
20212560  1.000  0.748  0.600  0.392  1.760
20212561  0.705  0.856  0.760  0.392  1.656
20212562  0.705  0.755  0.776  0.897  2.107
20212563  0.876  0.749  0.688  0.643  1.901
20212564  0.876  0.893  0.928  1.000  2.133
20212565  0.705  0.928  0.840  0.572  1.797
20212566  1.000  0.821  0.768  0.897  1.990
20212567  0.705  0.893  0.928  0.897  2.069
20212568  0.876  0.928  0.840  0.643  1.990
20212569  0.705  0.968  0.920  0.643  1.926
20212570  1.000  0.748  0.680  0.572  1.650
20212571  0.876  1.000  1.000  0.897  2.229
20212572  0.876  0.893  0.928  1.000  2.242
20212573  1.000  0.928  0.840  0.786  2.133
20212574  0.876  0.428  0.348  0.643  1.758
20212575  0.581  0.715  0.696  0.643  1.547
20212576  0.876  0.856  0.760  0.572  1.758
20212577  0.705  0.755  0.776  0.897  1.901
20212578  0.705  0.928  0.840  0.572  1.784
20212579  0.876  0.821  0.768  0.786  2.069
20212580  0.876  0.968  0.920  0.786  2.146
20212581  1.000  0.968  0.920  0.897  2.267
20212582  0.581  0.968  0.920  0.572  1.682
20212583  0.876  0.749  0.688  0.643  1.758
20212584  1.000  0.748  0.600  0.392  1.682
20212585  0.876  0.715  0.696  0.897  1.901
20212586  1.000  0.688  0.520  0.321  1.522
20212587  0.581  0.643  0.616  0.572  1.445
20212588  0.876  0.968  0.920  0.786  2.003
20212589  0.705  0.755  0.776  0.897  1.965
20212590  0.876  0.928  0.840  0.643  1.874
20212591  0.876  0.821  0.768  0.786  1.965
20212592  0.581  0.536  0.508  0.643  1.445
20212593  0.876  0.928  0.840  0.643  1.990
20212594  1.000  0.641  0.608  0.643  1.662
20212595  1.000  0.748  0.600  0.392  1.611
20212596  1.000  0.861  0.848  1.000  2.203
20212597  1.000  0.968  0.920  0.897  2.210
20212598  0.876  0.643  0.616  0.786  1.720
20212599  0.876  0.928  0.840  0.643  1.926
20212600  0.705  0.715  0.696  0.786  1.746
20212601  0.876  0.715  0.696  0.897  1.939
20212602  0.705  0.715  0.696  0.786  1.720
20212603  0.876  0.641  0.608  0.572  1.669
20212604  0.876  0.749  0.688  0.643  1.720
20212605  0.705  0.856  0.760  0.392  1.629
20212606  1.000  0.748  0.680  0.572  1.992
20212607  1.000  0.861  0.848  1.000  2.242
20212608  0.876  1.000  1.000  0.897  2.280
20212609  0.705  1.000  1.000  0.786  2.069
平均值       0.850  0.798  0.749  0.706  1.870
2022-06-13 19:02:40.573 | INFO     | src.get_info:operate_sheet:109 - 
 统计数据：static_final_data
考核方式         课程目标1  课程目标2  课程目标3  课程目标4  课程目标5
单项目标超过平均值人数     52   36.0   40.0   35.0   39.0
单项目标达成人数        69   62.0   40.0   35.0   74.0
单项目标未达成人数        5   12.0   34.0   39.0    0.0
所有目标超过平均值人数     18    NaN    NaN    NaN    NaN
所有目标均达成人数       25    NaN    NaN    NaN    NaN
所有目标均未达成人数       0    NaN    NaN    NaN    NaN
2022-06-13 19:02:40.574 | INFO     | src.get_info:operate_sheet:110 - 
 统计数据：static_data_single_odd
考核方式          课程目标1   课程目标2   课程目标3   课程目标4    课程目标5
单项目标超过平均值人数  70.27%  48.65%  54.05%  47.30%   52.70%
单项目标达成人数     93.24%  83.78%  54.05%  47.30%  100.00%
单项目标未达成人数     6.76%  16.22%  45.95%  52.70%    0.00%
2022-06-13 19:02:40.576 | INFO     | src.get_info:operate_sheet:111 - 
 统计数据：static_data_all_odd
所有目标超过平均值人数    24.32%
所有目标均达成人数      33.78%
所有目标均未达成人数      0.00%
dtype: object
2022-06-13 19:05:37.203 | INFO     | __main__:<module>:16 - 
 权重矩阵：df_weight
课程目标达成情况评价报告    作业     测试     报告  教师评价  学生自评
考核方式                                        
课程目标1         0.64    0.0    0.0  0.16   0.2
课程目标2         0.64    0.0    0.0  0.16   0.2
课程目标3         0.64    0.0    0.0  0.16   0.2
课程目标4         0.64    0.0    0.0  0.16   0.2
课程目标5          0.0  0.256  0.384  0.16   0.2
2022-06-13 19:05:37.427 | INFO     | src.get_info:operate_sheet:108 - 
 最终达成度：achieve
          课程目标1  课程目标2  课程目标3  课程目标4  课程目标5
20212535  1.000  0.748  0.600  0.392  1.534
20212536  0.876  0.749  0.688  0.643  1.901
20212537  0.876  0.428  0.428  0.786  1.509
20212538  1.000  0.861  0.848  1.000  2.242
20212539  1.000  0.748  0.680  0.572  1.862
20212540  0.705  0.821  0.768  0.643  1.886
20212541  0.876  1.000  1.000  0.897  2.229
20212542  1.000  0.748  0.600  0.392  1.746
20212543  0.705  0.715  0.696  0.786  1.624
20212544  1.000  0.748  0.680  0.572  1.798
20212545  1.000  0.535  0.536  0.786  1.688
20212546  0.876  0.928  0.840  0.643  2.003
20212547  0.581  0.928  0.840  0.392  1.522
20212548  0.705  0.755  0.776  0.897  2.003
20212549  0.705  0.968  0.920  0.643  1.888
20212550  0.876  0.643  0.616  0.786  1.758
20212552  0.876  0.641  0.608  0.572  1.746
20212553  1.000  0.821  0.768  0.897  2.107
20212554  0.876  0.749  0.688  0.643  1.650
20212555  0.876  0.821  0.768  0.786  1.965
20212556  0.876  0.749  0.688  0.643  1.824
20212557  0.876  0.428  0.348  0.643  1.598
20212558  0.705  1.000  1.000  0.786  2.003
20212559  0.876  0.715  0.696  0.897  1.901
20212560  1.000  0.748  0.600  0.392  1.760
20212561  0.705  0.856  0.760  0.392  1.656
20212562  0.705  0.755  0.776  0.897  2.107
20212563  0.876  0.749  0.688  0.643  1.901
20212564  0.876  0.893  0.928  1.000  2.133
20212565  0.705  0.928  0.840  0.572  1.797
20212566  1.000  0.821  0.768  0.897  1.990
20212567  0.705  0.893  0.928  0.897  2.069
20212568  0.876  0.928  0.840  0.643  1.990
20212569  0.705  0.968  0.920  0.643  1.926
20212570  1.000  0.748  0.680  0.572  1.650
20212571  0.876  1.000  1.000  0.897  2.229
20212572  0.876  0.893  0.928  1.000  2.242
20212573  1.000  0.928  0.840  0.786  2.133
20212574  0.876  0.428  0.348  0.643  1.758
20212575  0.581  0.715  0.696  0.643  1.547
20212576  0.876  0.856  0.760  0.572  1.758
20212577  0.705  0.755  0.776  0.897  1.901
20212578  0.705  0.928  0.840  0.572  1.784
20212579  0.876  0.821  0.768  0.786  2.069
20212580  0.876  0.968  0.920  0.786  2.146
20212581  1.000  0.968  0.920  0.897  2.267
20212582  0.581  0.968  0.920  0.572  1.682
20212583  0.876  0.749  0.688  0.643  1.758
20212584  1.000  0.748  0.600  0.392  1.682
20212585  0.876  0.715  0.696  0.897  1.901
20212586  1.000  0.688  0.520  0.321  1.522
20212587  0.581  0.643  0.616  0.572  1.445
20212588  0.876  0.968  0.920  0.786  2.003
20212589  0.705  0.755  0.776  0.897  1.965
20212590  0.876  0.928  0.840  0.643  1.874
20212591  0.876  0.821  0.768  0.786  1.965
20212592  0.581  0.536  0.508  0.643  1.445
20212593  0.876  0.928  0.840  0.643  1.990
20212594  1.000  0.641  0.608  0.643  1.662
20212595  1.000  0.748  0.600  0.392  1.611
20212596  1.000  0.861  0.848  1.000  2.203
20212597  1.000  0.968  0.920  0.897  2.210
20212598  0.876  0.643  0.616  0.786  1.720
20212599  0.876  0.928  0.840  0.643  1.926
20212600  0.705  0.715  0.696  0.786  1.746
20212601  0.876  0.715  0.696  0.897  1.939
20212602  0.705  0.715  0.696  0.786  1.720
20212603  0.876  0.641  0.608  0.572  1.669
20212604  0.876  0.749  0.688  0.643  1.720
20212605  0.705  0.856  0.760  0.392  1.629
20212606  1.000  0.748  0.680  0.572  1.992
20212607  1.000  0.861  0.848  1.000  2.242
20212608  0.876  1.000  1.000  0.897  2.280
20212609  0.705  1.000  1.000  0.786  2.069
平均值       0.850  0.798  0.749  0.706  1.870
2022-06-13 19:05:37.433 | INFO     | src.get_info:operate_sheet:109 - 
 统计数据：static_final_data
考核方式         课程目标1  课程目标2  课程目标3  课程目标4  课程目标5
单项目标超过平均值人数     52   36.0   40.0   35.0   39.0
单项目标达成人数        69   62.0   40.0   35.0   74.0
单项目标未达成人数        5   12.0   34.0   39.0    0.0
所有目标超过平均值人数     18    NaN    NaN    NaN    NaN
所有目标均达成人数       25    NaN    NaN    NaN    NaN
所有目标均未达成人数       0    NaN    NaN    NaN    NaN
2022-06-13 19:05:37.435 | INFO     | src.get_info:operate_sheet:110 - 
 统计数据：static_data_single_odd
考核方式          课程目标1   课程目标2   课程目标3   课程目标4    课程目标5
单项目标超过平均值人数  70.27%  48.65%  54.05%  47.30%   52.70%
单项目标达成人数     93.24%  83.78%  54.05%  47.30%  100.00%
单项目标未达成人数     6.76%  16.22%  45.95%  52.70%    0.00%
2022-06-13 19:05:37.436 | INFO     | src.get_info:operate_sheet:111 - 
 统计数据：static_data_all_odd
所有目标超过平均值人数    24.32%
所有目标均达成人数      33.78%
所有目标均未达成人数      0.00%
dtype: object
2022-06-13 19:06:13.671 | INFO     | __main__:<module>:16 - 
 权重矩阵：df_weight
课程目标达成情况评价报告    作业     测试     报告  教师评价  学生自评
考核方式                                        
课程目标1         0.64    0.0    0.0  0.16   0.2
课程目标2         0.64    0.0    0.0  0.16   0.2
课程目标3         0.64    0.0    0.0  0.16   0.2
课程目标4         0.64    0.0    0.0  0.16   0.2
课程目标5          0.0  0.256  0.384  0.16   0.2
2022-06-13 19:06:13.897 | INFO     | src.get_info:operate_sheet:108 - 
 最终达成度：achieve
          课程目标1  课程目标2  课程目标3  课程目标4  课程目标5
20212535  1.000  0.748  0.600  0.392  1.534
20212536  0.876  0.749  0.688  0.643  1.901
20212537  0.876  0.428  0.428  0.786  1.509
20212538  1.000  0.861  0.848  1.000  2.242
20212539  1.000  0.748  0.680  0.572  1.862
20212540  0.705  0.821  0.768  0.643  1.886
20212541  0.876  1.000  1.000  0.897  2.229
20212542  1.000  0.748  0.600  0.392  1.746
20212543  0.705  0.715  0.696  0.786  1.624
20212544  1.000  0.748  0.680  0.572  1.798
20212545  1.000  0.535  0.536  0.786  1.688
20212546  0.876  0.928  0.840  0.643  2.003
20212547  0.581  0.928  0.840  0.392  1.522
20212548  0.705  0.755  0.776  0.897  2.003
20212549  0.705  0.968  0.920  0.643  1.888
20212550  0.876  0.643  0.616  0.786  1.758
20212552  0.876  0.641  0.608  0.572  1.746
20212553  1.000  0.821  0.768  0.897  2.107
20212554  0.876  0.749  0.688  0.643  1.650
20212555  0.876  0.821  0.768  0.786  1.965
20212556  0.876  0.749  0.688  0.643  1.824
20212557  0.876  0.428  0.348  0.643  1.598
20212558  0.705  1.000  1.000  0.786  2.003
20212559  0.876  0.715  0.696  0.897  1.901
20212560  1.000  0.748  0.600  0.392  1.760
20212561  0.705  0.856  0.760  0.392  1.656
20212562  0.705  0.755  0.776  0.897  2.107
20212563  0.876  0.749  0.688  0.643  1.901
20212564  0.876  0.893  0.928  1.000  2.133
20212565  0.705  0.928  0.840  0.572  1.797
20212566  1.000  0.821  0.768  0.897  1.990
20212567  0.705  0.893  0.928  0.897  2.069
20212568  0.876  0.928  0.840  0.643  1.990
20212569  0.705  0.968  0.920  0.643  1.926
20212570  1.000  0.748  0.680  0.572  1.650
20212571  0.876  1.000  1.000  0.897  2.229
20212572  0.876  0.893  0.928  1.000  2.242
20212573  1.000  0.928  0.840  0.786  2.133
20212574  0.876  0.428  0.348  0.643  1.758
20212575  0.581  0.715  0.696  0.643  1.547
20212576  0.876  0.856  0.760  0.572  1.758
20212577  0.705  0.755  0.776  0.897  1.901
20212578  0.705  0.928  0.840  0.572  1.784
20212579  0.876  0.821  0.768  0.786  2.069
20212580  0.876  0.968  0.920  0.786  2.146
20212581  1.000  0.968  0.920  0.897  2.267
20212582  0.581  0.968  0.920  0.572  1.682
20212583  0.876  0.749  0.688  0.643  1.758
20212584  1.000  0.748  0.600  0.392  1.682
20212585  0.876  0.715  0.696  0.897  1.901
20212586  1.000  0.688  0.520  0.321  1.522
20212587  0.581  0.643  0.616  0.572  1.445
20212588  0.876  0.968  0.920  0.786  2.003
20212589  0.705  0.755  0.776  0.897  1.965
20212590  0.876  0.928  0.840  0.643  1.874
20212591  0.876  0.821  0.768  0.786  1.965
20212592  0.581  0.536  0.508  0.643  1.445
20212593  0.876  0.928  0.840  0.643  1.990
20212594  1.000  0.641  0.608  0.643  1.662
20212595  1.000  0.748  0.600  0.392  1.611
20212596  1.000  0.861  0.848  1.000  2.203
20212597  1.000  0.968  0.920  0.897  2.210
20212598  0.876  0.643  0.616  0.786  1.720
20212599  0.876  0.928  0.840  0.643  1.926
20212600  0.705  0.715  0.696  0.786  1.746
20212601  0.876  0.715  0.696  0.897  1.939
20212602  0.705  0.715  0.696  0.786  1.720
20212603  0.876  0.641  0.608  0.572  1.669
20212604  0.876  0.749  0.688  0.643  1.720
20212605  0.705  0.856  0.760  0.392  1.629
20212606  1.000  0.748  0.680  0.572  1.992
20212607  1.000  0.861  0.848  1.000  2.242
20212608  0.876  1.000  1.000  0.897  2.280
20212609  0.705  1.000  1.000  0.786  2.069
平均值       0.850  0.798  0.749  0.706  1.870
2022-06-13 19:06:13.903 | INFO     | src.get_info:operate_sheet:109 - 
 统计数据：static_final_data
考核方式         课程目标1  课程目标2  课程目标3  课程目标4  课程目标5
单项目标超过平均值人数     52   36.0   40.0   35.0   39.0
单项目标达成人数        69   62.0   40.0   35.0   74.0
单项目标未达成人数        5   12.0   34.0   39.0    0.0
所有目标超过平均值人数     18    NaN    NaN    NaN    NaN
所有目标均达成人数       25    NaN    NaN    NaN    NaN
所有目标均未达成人数       0    NaN    NaN    NaN    NaN
2022-06-13 19:06:13.905 | INFO     | src.get_info:operate_sheet:110 - 
 统计数据：static_data_single_odd
考核方式          课程目标1   课程目标2   课程目标3   课程目标4    课程目标5
单项目标超过平均值人数  70.27%  48.65%  54.05%  47.30%   52.70%
单项目标达成人数     93.24%  83.78%  54.05%  47.30%  100.00%
单项目标未达成人数     6.76%  16.22%  45.95%  52.70%    0.00%
2022-06-13 19:06:13.907 | INFO     | src.get_info:operate_sheet:111 - 
 统计数据：static_data_all_odd
所有目标超过平均值人数    24.32%
所有目标均达成人数      33.78%
所有目标均未达成人数      0.00%
dtype: object
2022-06-13 19:06:49.157 | INFO     | __main__:<module>:16 - 
 权重矩阵：df_weight
课程目标达成情况评价报告    作业     测试     报告  教师评价  学生自评
考核方式                                        
课程目标1         0.64    0.0    0.0  0.16   0.2
课程目标2         0.64    0.0    0.0  0.16   0.2
课程目标3         0.64    0.0    0.0  0.16   0.2
课程目标4         0.64    0.0    0.0  0.16   0.2
课程目标5          0.0  0.256  0.384  0.16   0.2
2022-06-13 19:06:49.382 | INFO     | src.get_info:operate_sheet:108 - 
 最终达成度：achieve
          课程目标1  课程目标2  课程目标3  课程目标4  课程目标5
20212535  1.000  0.748  0.600  0.392  1.534
20212536  0.876  0.749  0.688  0.643  1.901
20212537  0.876  0.428  0.428  0.786  1.509
20212538  1.000  0.861  0.848  1.000  2.242
20212539  1.000  0.748  0.680  0.572  1.862
20212540  0.705  0.821  0.768  0.643  1.886
20212541  0.876  1.000  1.000  0.897  2.229
20212542  1.000  0.748  0.600  0.392  1.746
20212543  0.705  0.715  0.696  0.786  1.624
20212544  1.000  0.748  0.680  0.572  1.798
20212545  1.000  0.535  0.536  0.786  1.688
20212546  0.876  0.928  0.840  0.643  2.003
20212547  0.581  0.928  0.840  0.392  1.522
20212548  0.705  0.755  0.776  0.897  2.003
20212549  0.705  0.968  0.920  0.643  1.888
20212550  0.876  0.643  0.616  0.786  1.758
20212552  0.876  0.641  0.608  0.572  1.746
20212553  1.000  0.821  0.768  0.897  2.107
20212554  0.876  0.749  0.688  0.643  1.650
20212555  0.876  0.821  0.768  0.786  1.965
20212556  0.876  0.749  0.688  0.643  1.824
20212557  0.876  0.428  0.348  0.643  1.598
20212558  0.705  1.000  1.000  0.786  2.003
20212559  0.876  0.715  0.696  0.897  1.901
20212560  1.000  0.748  0.600  0.392  1.760
20212561  0.705  0.856  0.760  0.392  1.656
20212562  0.705  0.755  0.776  0.897  2.107
20212563  0.876  0.749  0.688  0.643  1.901
20212564  0.876  0.893  0.928  1.000  2.133
20212565  0.705  0.928  0.840  0.572  1.797
20212566  1.000  0.821  0.768  0.897  1.990
20212567  0.705  0.893  0.928  0.897  2.069
20212568  0.876  0.928  0.840  0.643  1.990
20212569  0.705  0.968  0.920  0.643  1.926
20212570  1.000  0.748  0.680  0.572  1.650
20212571  0.876  1.000  1.000  0.897  2.229
20212572  0.876  0.893  0.928  1.000  2.242
20212573  1.000  0.928  0.840  0.786  2.133
20212574  0.876  0.428  0.348  0.643  1.758
20212575  0.581  0.715  0.696  0.643  1.547
20212576  0.876  0.856  0.760  0.572  1.758
20212577  0.705  0.755  0.776  0.897  1.901
20212578  0.705  0.928  0.840  0.572  1.784
20212579  0.876  0.821  0.768  0.786  2.069
20212580  0.876  0.968  0.920  0.786  2.146
20212581  1.000  0.968  0.920  0.897  2.267
20212582  0.581  0.968  0.920  0.572  1.682
20212583  0.876  0.749  0.688  0.643  1.758
20212584  1.000  0.748  0.600  0.392  1.682
20212585  0.876  0.715  0.696  0.897  1.901
20212586  1.000  0.688  0.520  0.321  1.522
20212587  0.581  0.643  0.616  0.572  1.445
20212588  0.876  0.968  0.920  0.786  2.003
20212589  0.705  0.755  0.776  0.897  1.965
20212590  0.876  0.928  0.840  0.643  1.874
20212591  0.876  0.821  0.768  0.786  1.965
20212592  0.581  0.536  0.508  0.643  1.445
20212593  0.876  0.928  0.840  0.643  1.990
20212594  1.000  0.641  0.608  0.643  1.662
20212595  1.000  0.748  0.600  0.392  1.611
20212596  1.000  0.861  0.848  1.000  2.203
20212597  1.000  0.968  0.920  0.897  2.210
20212598  0.876  0.643  0.616  0.786  1.720
20212599  0.876  0.928  0.840  0.643  1.926
20212600  0.705  0.715  0.696  0.786  1.746
20212601  0.876  0.715  0.696  0.897  1.939
20212602  0.705  0.715  0.696  0.786  1.720
20212603  0.876  0.641  0.608  0.572  1.669
20212604  0.876  0.749  0.688  0.643  1.720
20212605  0.705  0.856  0.760  0.392  1.629
20212606  1.000  0.748  0.680  0.572  1.992
20212607  1.000  0.861  0.848  1.000  2.242
20212608  0.876  1.000  1.000  0.897  2.280
20212609  0.705  1.000  1.000  0.786  2.069
平均值       0.850  0.798  0.749  0.706  1.870
2022-06-13 19:06:49.389 | INFO     | src.get_info:operate_sheet:109 - 
 统计数据：static_final_data
考核方式         课程目标1  课程目标2  课程目标3  课程目标4  课程目标5
单项目标超过平均值人数     52   36.0   40.0   35.0   39.0
单项目标达成人数        69   62.0   40.0   35.0   74.0
单项目标未达成人数        5   12.0   34.0   39.0    0.0
所有目标超过平均值人数     18    NaN    NaN    NaN    NaN
所有目标均达成人数       25    NaN    NaN    NaN    NaN
所有目标均未达成人数       0    NaN    NaN    NaN    NaN
2022-06-13 19:06:49.391 | INFO     | src.get_info:operate_sheet:110 - 
 统计数据：static_data_single_odd
考核方式          课程目标1   课程目标2   课程目标3   课程目标4    课程目标5
单项目标超过平均值人数  70.27%  48.65%  54.05%  47.30%   52.70%
单项目标达成人数     93.24%  83.78%  54.05%  47.30%  100.00%
单项目标未达成人数     6.76%  16.22%  45.95%  52.70%    0.00%
2022-06-13 19:06:49.392 | INFO     | src.get_info:operate_sheet:111 - 
 统计数据：static_data_all_odd
所有目标超过平均值人数    24.32%
所有目标均达成人数      33.78%
所有目标均未达成人数      0.00%
dtype: object
2022-06-13 19:07:01.164 | INFO     | __main__:<module>:16 - 
 权重矩阵：df_weight
课程目标达成情况评价报告    作业     测试     报告  教师评价  学生自评
考核方式                                        
课程目标1         0.64    0.0    0.0  0.16   0.2
课程目标2         0.64    0.0    0.0  0.16   0.2
课程目标3         0.64    0.0    0.0  0.16   0.2
课程目标4         0.64    0.0    0.0  0.16   0.2
课程目标5          0.0  0.256  0.384  0.16   0.2
2022-06-13 19:07:01.389 | INFO     | src.get_info:operate_sheet:108 - 
 最终达成度：achieve
          课程目标1  课程目标2  课程目标3  课程目标4  课程目标5
20212535  1.000  0.748  0.600  0.392  1.534
20212536  0.876  0.749  0.688  0.643  1.901
20212537  0.876  0.428  0.428  0.786  1.509
20212538  1.000  0.861  0.848  1.000  2.242
20212539  1.000  0.748  0.680  0.572  1.862
20212540  0.705  0.821  0.768  0.643  1.886
20212541  0.876  1.000  1.000  0.897  2.229
20212542  1.000  0.748  0.600  0.392  1.746
20212543  0.705  0.715  0.696  0.786  1.624
20212544  1.000  0.748  0.680  0.572  1.798
20212545  1.000  0.535  0.536  0.786  1.688
20212546  0.876  0.928  0.840  0.643  2.003
20212547  0.581  0.928  0.840  0.392  1.522
20212548  0.705  0.755  0.776  0.897  2.003
20212549  0.705  0.968  0.920  0.643  1.888
20212550  0.876  0.643  0.616  0.786  1.758
20212552  0.876  0.641  0.608  0.572  1.746
20212553  1.000  0.821  0.768  0.897  2.107
20212554  0.876  0.749  0.688  0.643  1.650
20212555  0.876  0.821  0.768  0.786  1.965
20212556  0.876  0.749  0.688  0.643  1.824
20212557  0.876  0.428  0.348  0.643  1.598
20212558  0.705  1.000  1.000  0.786  2.003
20212559  0.876  0.715  0.696  0.897  1.901
20212560  1.000  0.748  0.600  0.392  1.760
20212561  0.705  0.856  0.760  0.392  1.656
20212562  0.705  0.755  0.776  0.897  2.107
20212563  0.876  0.749  0.688  0.643  1.901
20212564  0.876  0.893  0.928  1.000  2.133
20212565  0.705  0.928  0.840  0.572  1.797
20212566  1.000  0.821  0.768  0.897  1.990
20212567  0.705  0.893  0.928  0.897  2.069
20212568  0.876  0.928  0.840  0.643  1.990
20212569  0.705  0.968  0.920  0.643  1.926
20212570  1.000  0.748  0.680  0.572  1.650
20212571  0.876  1.000  1.000  0.897  2.229
20212572  0.876  0.893  0.928  1.000  2.242
20212573  1.000  0.928  0.840  0.786  2.133
20212574  0.876  0.428  0.348  0.643  1.758
20212575  0.581  0.715  0.696  0.643  1.547
20212576  0.876  0.856  0.760  0.572  1.758
20212577  0.705  0.755  0.776  0.897  1.901
20212578  0.705  0.928  0.840  0.572  1.784
20212579  0.876  0.821  0.768  0.786  2.069
20212580  0.876  0.968  0.920  0.786  2.146
20212581  1.000  0.968  0.920  0.897  2.267
20212582  0.581  0.968  0.920  0.572  1.682
20212583  0.876  0.749  0.688  0.643  1.758
20212584  1.000  0.748  0.600  0.392  1.682
20212585  0.876  0.715  0.696  0.897  1.901
20212586  1.000  0.688  0.520  0.321  1.522
20212587  0.581  0.643  0.616  0.572  1.445
20212588  0.876  0.968  0.920  0.786  2.003
20212589  0.705  0.755  0.776  0.897  1.965
20212590  0.876  0.928  0.840  0.643  1.874
20212591  0.876  0.821  0.768  0.786  1.965
20212592  0.581  0.536  0.508  0.643  1.445
20212593  0.876  0.928  0.840  0.643  1.990
20212594  1.000  0.641  0.608  0.643  1.662
20212595  1.000  0.748  0.600  0.392  1.611
20212596  1.000  0.861  0.848  1.000  2.203
20212597  1.000  0.968  0.920  0.897  2.210
20212598  0.876  0.643  0.616  0.786  1.720
20212599  0.876  0.928  0.840  0.643  1.926
20212600  0.705  0.715  0.696  0.786  1.746
20212601  0.876  0.715  0.696  0.897  1.939
20212602  0.705  0.715  0.696  0.786  1.720
20212603  0.876  0.641  0.608  0.572  1.669
20212604  0.876  0.749  0.688  0.643  1.720
20212605  0.705  0.856  0.760  0.392  1.629
20212606  1.000  0.748  0.680  0.572  1.992
20212607  1.000  0.861  0.848  1.000  2.242
20212608  0.876  1.000  1.000  0.897  2.280
20212609  0.705  1.000  1.000  0.786  2.069
平均值       0.850  0.798  0.749  0.706  1.870
2022-06-13 19:07:01.396 | INFO     | src.get_info:operate_sheet:109 - 
 统计数据：static_final_data
考核方式         课程目标1  课程目标2  课程目标3  课程目标4  课程目标5
单项目标超过平均值人数     52   36.0   40.0   35.0   39.0
单项目标达成人数        69   62.0   40.0   35.0   74.0
单项目标未达成人数        5   12.0   34.0   39.0    0.0
所有目标超过平均值人数     18    NaN    NaN    NaN    NaN
所有目标均达成人数       25    NaN    NaN    NaN    NaN
所有目标均未达成人数       0    NaN    NaN    NaN    NaN
2022-06-13 19:07:01.398 | INFO     | src.get_info:operate_sheet:110 - 
 统计数据：static_data_single_odd
考核方式          课程目标1   课程目标2   课程目标3   课程目标4    课程目标5
单项目标超过平均值人数  70.27%  48.65%  54.05%  47.30%   52.70%
单项目标达成人数     93.24%  83.78%  54.05%  47.30%  100.00%
单项目标未达成人数     6.76%  16.22%  45.95%  52.70%    0.00%
2022-06-13 19:07:01.399 | INFO     | src.get_info:operate_sheet:111 - 
 统计数据：static_data_all_odd
所有目标超过平均值人数    24.32%
所有目标均达成人数      33.78%
所有目标均未达成人数      0.00%
dtype: object
2022-06-13 19:09:29.882 | INFO     | __main__:<module>:16 - 
 权重矩阵：df_weight
课程目标达成情况评价报告    作业     测试     报告  教师评价  学生自评
考核方式                                        
课程目标1         0.64    0.0    0.0  0.16   0.2
课程目标2         0.64    0.0    0.0  0.16   0.2
课程目标3         0.64    0.0    0.0  0.16   0.2
课程目标4         0.64    0.0    0.0  0.16   0.2
课程目标5          0.0  0.256  0.384  0.16   0.2
2022-06-13 19:09:30.108 | INFO     | src.get_info:operate_sheet:108 - 
 最终达成度：achieve
          课程目标1  课程目标2  课程目标3  课程目标4  课程目标5
20212535  1.000  0.748  0.600  0.392  1.534
20212536  0.876  0.749  0.688  0.643  1.901
20212537  0.876  0.428  0.428  0.786  1.509
20212538  1.000  0.861  0.848  1.000  2.242
20212539  1.000  0.748  0.680  0.572  1.862
20212540  0.705  0.821  0.768  0.643  1.886
20212541  0.876  1.000  1.000  0.897  2.229
20212542  1.000  0.748  0.600  0.392  1.746
20212543  0.705  0.715  0.696  0.786  1.624
20212544  1.000  0.748  0.680  0.572  1.798
20212545  1.000  0.535  0.536  0.786  1.688
20212546  0.876  0.928  0.840  0.643  2.003
20212547  0.581  0.928  0.840  0.392  1.522
20212548  0.705  0.755  0.776  0.897  2.003
20212549  0.705  0.968  0.920  0.643  1.888
20212550  0.876  0.643  0.616  0.786  1.758
20212552  0.876  0.641  0.608  0.572  1.746
20212553  1.000  0.821  0.768  0.897  2.107
20212554  0.876  0.749  0.688  0.643  1.650
20212555  0.876  0.821  0.768  0.786  1.965
20212556  0.876  0.749  0.688  0.643  1.824
20212557  0.876  0.428  0.348  0.643  1.598
20212558  0.705  1.000  1.000  0.786  2.003
20212559  0.876  0.715  0.696  0.897  1.901
20212560  1.000  0.748  0.600  0.392  1.760
20212561  0.705  0.856  0.760  0.392  1.656
20212562  0.705  0.755  0.776  0.897  2.107
20212563  0.876  0.749  0.688  0.643  1.901
20212564  0.876  0.893  0.928  1.000  2.133
20212565  0.705  0.928  0.840  0.572  1.797
20212566  1.000  0.821  0.768  0.897  1.990
20212567  0.705  0.893  0.928  0.897  2.069
20212568  0.876  0.928  0.840  0.643  1.990
20212569  0.705  0.968  0.920  0.643  1.926
20212570  1.000  0.748  0.680  0.572  1.650
20212571  0.876  1.000  1.000  0.897  2.229
20212572  0.876  0.893  0.928  1.000  2.242
20212573  1.000  0.928  0.840  0.786  2.133
20212574  0.876  0.428  0.348  0.643  1.758
20212575  0.581  0.715  0.696  0.643  1.547
20212576  0.876  0.856  0.760  0.572  1.758
20212577  0.705  0.755  0.776  0.897  1.901
20212578  0.705  0.928  0.840  0.572  1.784
20212579  0.876  0.821  0.768  0.786  2.069
20212580  0.876  0.968  0.920  0.786  2.146
20212581  1.000  0.968  0.920  0.897  2.267
20212582  0.581  0.968  0.920  0.572  1.682
20212583  0.876  0.749  0.688  0.643  1.758
20212584  1.000  0.748  0.600  0.392  1.682
20212585  0.876  0.715  0.696  0.897  1.901
20212586  1.000  0.688  0.520  0.321  1.522
20212587  0.581  0.643  0.616  0.572  1.445
20212588  0.876  0.968  0.920  0.786  2.003
20212589  0.705  0.755  0.776  0.897  1.965
20212590  0.876  0.928  0.840  0.643  1.874
20212591  0.876  0.821  0.768  0.786  1.965
20212592  0.581  0.536  0.508  0.643  1.445
20212593  0.876  0.928  0.840  0.643  1.990
20212594  1.000  0.641  0.608  0.643  1.662
20212595  1.000  0.748  0.600  0.392  1.611
20212596  1.000  0.861  0.848  1.000  2.203
20212597  1.000  0.968  0.920  0.897  2.210
20212598  0.876  0.643  0.616  0.786  1.720
20212599  0.876  0.928  0.840  0.643  1.926
20212600  0.705  0.715  0.696  0.786  1.746
20212601  0.876  0.715  0.696  0.897  1.939
20212602  0.705  0.715  0.696  0.786  1.720
20212603  0.876  0.641  0.608  0.572  1.669
20212604  0.876  0.749  0.688  0.643  1.720
20212605  0.705  0.856  0.760  0.392  1.629
20212606  1.000  0.748  0.680  0.572  1.992
20212607  1.000  0.861  0.848  1.000  2.242
20212608  0.876  1.000  1.000  0.897  2.280
20212609  0.705  1.000  1.000  0.786  2.069
平均值       0.850  0.798  0.749  0.706  1.870
2022-06-13 19:09:30.115 | INFO     | src.get_info:operate_sheet:109 - 
 统计数据：static_final_data
考核方式         课程目标1  课程目标2  课程目标3  课程目标4  课程目标5
单项目标超过平均值人数     52   36.0   40.0   35.0   39.0
单项目标达成人数        69   62.0   40.0   35.0   74.0
单项目标未达成人数        5   12.0   34.0   39.0    0.0
所有目标超过平均值人数     18    NaN    NaN    NaN    NaN
所有目标均达成人数       25    NaN    NaN    NaN    NaN
所有目标均未达成人数       0    NaN    NaN    NaN    NaN
2022-06-13 19:09:30.116 | INFO     | src.get_info:operate_sheet:110 - 
 统计数据：static_data_single_odd
考核方式          课程目标1   课程目标2   课程目标3   课程目标4    课程目标5
单项目标超过平均值人数  70.27%  48.65%  54.05%  47.30%   52.70%
单项目标达成人数     93.24%  83.78%  54.05%  47.30%  100.00%
单项目标未达成人数     6.76%  16.22%  45.95%  52.70%    0.00%
2022-06-13 19:09:30.118 | INFO     | src.get_info:operate_sheet:111 - 
 统计数据：static_data_all_odd
所有目标超过平均值人数    24.32%
所有目标均达成人数      33.78%
所有目标均未达成人数      0.00%
dtype: object
2022-06-13 19:11:26.373 | INFO     | __main__:<module>:16 - 
 权重矩阵：df_weight
课程目标达成情况评价报告    作业     测试     报告  教师评价  学生自评
考核方式                                        
课程目标1         0.64    0.0    0.0  0.16   0.2
课程目标2         0.64    0.0    0.0  0.16   0.2
课程目标3         0.64    0.0    0.0  0.16   0.2
课程目标4         0.64    0.0    0.0  0.16   0.2
课程目标5          0.0  0.256  0.384  0.16   0.2
2022-06-13 19:11:26.600 | INFO     | src.get_info:operate_sheet:108 - 
 最终达成度：achieve
          课程目标1  课程目标2  课程目标3  课程目标4  课程目标5
20212535  1.000  0.748  0.600  0.392  1.534
20212536  0.876  0.749  0.688  0.643  1.901
20212537  0.876  0.428  0.428  0.786  1.509
20212538  1.000  0.861  0.848  1.000  2.242
20212539  1.000  0.748  0.680  0.572  1.862
20212540  0.705  0.821  0.768  0.643  1.886
20212541  0.876  1.000  1.000  0.897  2.229
20212542  1.000  0.748  0.600  0.392  1.746
20212543  0.705  0.715  0.696  0.786  1.624
20212544  1.000  0.748  0.680  0.572  1.798
20212545  1.000  0.535  0.536  0.786  1.688
20212546  0.876  0.928  0.840  0.643  2.003
20212547  0.581  0.928  0.840  0.392  1.522
20212548  0.705  0.755  0.776  0.897  2.003
20212549  0.705  0.968  0.920  0.643  1.888
20212550  0.876  0.643  0.616  0.786  1.758
20212552  0.876  0.641  0.608  0.572  1.746
20212553  1.000  0.821  0.768  0.897  2.107
20212554  0.876  0.749  0.688  0.643  1.650
20212555  0.876  0.821  0.768  0.786  1.965
20212556  0.876  0.749  0.688  0.643  1.824
20212557  0.876  0.428  0.348  0.643  1.598
20212558  0.705  1.000  1.000  0.786  2.003
20212559  0.876  0.715  0.696  0.897  1.901
20212560  1.000  0.748  0.600  0.392  1.760
20212561  0.705  0.856  0.760  0.392  1.656
20212562  0.705  0.755  0.776  0.897  2.107
20212563  0.876  0.749  0.688  0.643  1.901
20212564  0.876  0.893  0.928  1.000  2.133
20212565  0.705  0.928  0.840  0.572  1.797
20212566  1.000  0.821  0.768  0.897  1.990
20212567  0.705  0.893  0.928  0.897  2.069
20212568  0.876  0.928  0.840  0.643  1.990
20212569  0.705  0.968  0.920  0.643  1.926
20212570  1.000  0.748  0.680  0.572  1.650
20212571  0.876  1.000  1.000  0.897  2.229
20212572  0.876  0.893  0.928  1.000  2.242
20212573  1.000  0.928  0.840  0.786  2.133
20212574  0.876  0.428  0.348  0.643  1.758
20212575  0.581  0.715  0.696  0.643  1.547
20212576  0.876  0.856  0.760  0.572  1.758
20212577  0.705  0.755  0.776  0.897  1.901
20212578  0.705  0.928  0.840  0.572  1.784
20212579  0.876  0.821  0.768  0.786  2.069
20212580  0.876  0.968  0.920  0.786  2.146
20212581  1.000  0.968  0.920  0.897  2.267
20212582  0.581  0.968  0.920  0.572  1.682
20212583  0.876  0.749  0.688  0.643  1.758
20212584  1.000  0.748  0.600  0.392  1.682
20212585  0.876  0.715  0.696  0.897  1.901
20212586  1.000  0.688  0.520  0.321  1.522
20212587  0.581  0.643  0.616  0.572  1.445
20212588  0.876  0.968  0.920  0.786  2.003
20212589  0.705  0.755  0.776  0.897  1.965
20212590  0.876  0.928  0.840  0.643  1.874
20212591  0.876  0.821  0.768  0.786  1.965
20212592  0.581  0.536  0.508  0.643  1.445
20212593  0.876  0.928  0.840  0.643  1.990
20212594  1.000  0.641  0.608  0.643  1.662
20212595  1.000  0.748  0.600  0.392  1.611
20212596  1.000  0.861  0.848  1.000  2.203
20212597  1.000  0.968  0.920  0.897  2.210
20212598  0.876  0.643  0.616  0.786  1.720
20212599  0.876  0.928  0.840  0.643  1.926
20212600  0.705  0.715  0.696  0.786  1.746
20212601  0.876  0.715  0.696  0.897  1.939
20212602  0.705  0.715  0.696  0.786  1.720
20212603  0.876  0.641  0.608  0.572  1.669
20212604  0.876  0.749  0.688  0.643  1.720
20212605  0.705  0.856  0.760  0.392  1.629
20212606  1.000  0.748  0.680  0.572  1.992
20212607  1.000  0.861  0.848  1.000  2.242
20212608  0.876  1.000  1.000  0.897  2.280
20212609  0.705  1.000  1.000  0.786  2.069
平均值       0.850  0.798  0.749  0.706  1.870
2022-06-13 19:11:26.606 | INFO     | src.get_info:operate_sheet:109 - 
 统计数据：static_final_data
考核方式         课程目标1  课程目标2  课程目标3  课程目标4  课程目标5
单项目标超过平均值人数     52   36.0   40.0   35.0   39.0
单项目标达成人数        69   62.0   40.0   35.0   74.0
单项目标未达成人数        5   12.0   34.0   39.0    0.0
所有目标超过平均值人数     18    NaN    NaN    NaN    NaN
所有目标均达成人数       25    NaN    NaN    NaN    NaN
所有目标均未达成人数       0    NaN    NaN    NaN    NaN
2022-06-13 19:11:26.608 | INFO     | src.get_info:operate_sheet:110 - 
 统计数据：static_data_single_odd
考核方式          课程目标1   课程目标2   课程目标3   课程目标4    课程目标5
单项目标超过平均值人数  70.27%  48.65%  54.05%  47.30%   52.70%
单项目标达成人数     93.24%  83.78%  54.05%  47.30%  100.00%
单项目标未达成人数     6.76%  16.22%  45.95%  52.70%    0.00%
2022-06-13 19:11:26.609 | INFO     | src.get_info:operate_sheet:111 - 
 统计数据：static_data_all_odd
所有目标超过平均值人数    24.32%
所有目标均达成人数      33.78%
所有目标均未达成人数      0.00%
dtype: object
2022-06-13 19:15:38.606 | INFO     | __main__:<module>:16 - 
 权重矩阵：df_weight
课程目标达成情况评价报告    作业     测试     报告  教师评价  学生自评
考核方式                                        
课程目标1         0.64    0.0    0.0  0.16   0.2
课程目标2         0.64    0.0    0.0  0.16   0.2
课程目标3         0.64    0.0    0.0  0.16   0.2
课程目标4         0.64    0.0    0.0  0.16   0.2
课程目标5          0.0  0.256  0.384  0.16   0.2
2022-06-13 19:15:38.834 | INFO     | src.get_info:operate_sheet:108 - 
 最终达成度：achieve
          课程目标1  课程目标2  课程目标3  课程目标4  课程目标5
20212535  1.000  0.748  0.600  0.392  1.534
20212536  0.876  0.749  0.688  0.643  1.901
20212537  0.876  0.428  0.428  0.786  1.509
20212538  1.000  0.861  0.848  1.000  2.242
20212539  1.000  0.748  0.680  0.572  1.862
20212540  0.705  0.821  0.768  0.643  1.886
20212541  0.876  1.000  1.000  0.897  2.229
20212542  1.000  0.748  0.600  0.392  1.746
20212543  0.705  0.715  0.696  0.786  1.624
20212544  1.000  0.748  0.680  0.572  1.798
20212545  1.000  0.535  0.536  0.786  1.688
20212546  0.876  0.928  0.840  0.643  2.003
20212547  0.581  0.928  0.840  0.392  1.522
20212548  0.705  0.755  0.776  0.897  2.003
20212549  0.705  0.968  0.920  0.643  1.888
20212550  0.876  0.643  0.616  0.786  1.758
20212552  0.876  0.641  0.608  0.572  1.746
20212553  1.000  0.821  0.768  0.897  2.107
20212554  0.876  0.749  0.688  0.643  1.650
20212555  0.876  0.821  0.768  0.786  1.965
20212556  0.876  0.749  0.688  0.643  1.824
20212557  0.876  0.428  0.348  0.643  1.598
20212558  0.705  1.000  1.000  0.786  2.003
20212559  0.876  0.715  0.696  0.897  1.901
20212560  1.000  0.748  0.600  0.392  1.760
20212561  0.705  0.856  0.760  0.392  1.656
20212562  0.705  0.755  0.776  0.897  2.107
20212563  0.876  0.749  0.688  0.643  1.901
20212564  0.876  0.893  0.928  1.000  2.133
20212565  0.705  0.928  0.840  0.572  1.797
20212566  1.000  0.821  0.768  0.897  1.990
20212567  0.705  0.893  0.928  0.897  2.069
20212568  0.876  0.928  0.840  0.643  1.990
20212569  0.705  0.968  0.920  0.643  1.926
20212570  1.000  0.748  0.680  0.572  1.650
20212571  0.876  1.000  1.000  0.897  2.229
20212572  0.876  0.893  0.928  1.000  2.242
20212573  1.000  0.928  0.840  0.786  2.133
20212574  0.876  0.428  0.348  0.643  1.758
20212575  0.581  0.715  0.696  0.643  1.547
20212576  0.876  0.856  0.760  0.572  1.758
20212577  0.705  0.755  0.776  0.897  1.901
20212578  0.705  0.928  0.840  0.572  1.784
20212579  0.876  0.821  0.768  0.786  2.069
20212580  0.876  0.968  0.920  0.786  2.146
20212581  1.000  0.968  0.920  0.897  2.267
20212582  0.581  0.968  0.920  0.572  1.682
20212583  0.876  0.749  0.688  0.643  1.758
20212584  1.000  0.748  0.600  0.392  1.682
20212585  0.876  0.715  0.696  0.897  1.901
20212586  1.000  0.688  0.520  0.321  1.522
20212587  0.581  0.643  0.616  0.572  1.445
20212588  0.876  0.968  0.920  0.786  2.003
20212589  0.705  0.755  0.776  0.897  1.965
20212590  0.876  0.928  0.840  0.643  1.874
20212591  0.876  0.821  0.768  0.786  1.965
20212592  0.581  0.536  0.508  0.643  1.445
20212593  0.876  0.928  0.840  0.643  1.990
20212594  1.000  0.641  0.608  0.643  1.662
20212595  1.000  0.748  0.600  0.392  1.611
20212596  1.000  0.861  0.848  1.000  2.203
20212597  1.000  0.968  0.920  0.897  2.210
20212598  0.876  0.643  0.616  0.786  1.720
20212599  0.876  0.928  0.840  0.643  1.926
20212600  0.705  0.715  0.696  0.786  1.746
20212601  0.876  0.715  0.696  0.897  1.939
20212602  0.705  0.715  0.696  0.786  1.720
20212603  0.876  0.641  0.608  0.572  1.669
20212604  0.876  0.749  0.688  0.643  1.720
20212605  0.705  0.856  0.760  0.392  1.629
20212606  1.000  0.748  0.680  0.572  1.992
20212607  1.000  0.861  0.848  1.000  2.242
20212608  0.876  1.000  1.000  0.897  2.280
20212609  0.705  1.000  1.000  0.786  2.069
平均值       0.850  0.798  0.749  0.706  1.870
2022-06-13 19:15:38.840 | INFO     | src.get_info:operate_sheet:109 - 
 统计数据：static_final_data
考核方式         课程目标1  课程目标2  课程目标3  课程目标4  课程目标5
单项目标超过平均值人数     52   36.0   40.0   35.0   39.0
单项目标达成人数        69   62.0   40.0   35.0   74.0
单项目标未达成人数        5   12.0   34.0   39.0    0.0
所有目标超过平均值人数     18    NaN    NaN    NaN    NaN
所有目标均达成人数       25    NaN    NaN    NaN    NaN
所有目标均未达成人数       0    NaN    NaN    NaN    NaN
2022-06-13 19:15:38.842 | INFO     | src.get_info:operate_sheet:110 - 
 统计数据：static_data_single_odd
考核方式          课程目标1   课程目标2   课程目标3   课程目标4    课程目标5
单项目标超过平均值人数  70.27%  48.65%  54.05%  47.30%   52.70%
单项目标达成人数     93.24%  83.78%  54.05%  47.30%  100.00%
单项目标未达成人数     6.76%  16.22%  45.95%  52.70%    0.00%
2022-06-13 19:15:38.843 | INFO     | src.get_info:operate_sheet:111 - 
 统计数据：static_data_all_odd
所有目标超过平均值人数    24.32%
所有目标均达成人数      33.78%
所有目标均未达成人数      0.00%
dtype: object
2022-06-13 19:16:46.267 | INFO     | __main__:<module>:16 - 
 权重矩阵：df_weight
课程目标达成情况评价报告    作业     测试     报告  教师评价  学生自评
考核方式                                        
课程目标1         0.64    0.0    0.0  0.16   0.2
课程目标2         0.64    0.0    0.0  0.16   0.2
课程目标3         0.64    0.0    0.0  0.16   0.2
课程目标4         0.64    0.0    0.0  0.16   0.2
课程目标5          0.0  0.256  0.384  0.16   0.2
2022-06-13 19:16:46.493 | INFO     | src.get_info:operate_sheet:108 - 
 最终达成度：achieve
          课程目标1  课程目标2  课程目标3  课程目标4  课程目标5
20212535  1.000  0.748  0.600  0.392  1.534
20212536  0.876  0.749  0.688  0.643  1.901
20212537  0.876  0.428  0.428  0.786  1.509
20212538  1.000  0.861  0.848  1.000  2.242
20212539  1.000  0.748  0.680  0.572  1.862
20212540  0.705  0.821  0.768  0.643  1.886
20212541  0.876  1.000  1.000  0.897  2.229
20212542  1.000  0.748  0.600  0.392  1.746
20212543  0.705  0.715  0.696  0.786  1.624
20212544  1.000  0.748  0.680  0.572  1.798
20212545  1.000  0.535  0.536  0.786  1.688
20212546  0.876  0.928  0.840  0.643  2.003
20212547  0.581  0.928  0.840  0.392  1.522
20212548  0.705  0.755  0.776  0.897  2.003
20212549  0.705  0.968  0.920  0.643  1.888
20212550  0.876  0.643  0.616  0.786  1.758
20212552  0.876  0.641  0.608  0.572  1.746
20212553  1.000  0.821  0.768  0.897  2.107
20212554  0.876  0.749  0.688  0.643  1.650
20212555  0.876  0.821  0.768  0.786  1.965
20212556  0.876  0.749  0.688  0.643  1.824
20212557  0.876  0.428  0.348  0.643  1.598
20212558  0.705  1.000  1.000  0.786  2.003
20212559  0.876  0.715  0.696  0.897  1.901
20212560  1.000  0.748  0.600  0.392  1.760
20212561  0.705  0.856  0.760  0.392  1.656
20212562  0.705  0.755  0.776  0.897  2.107
20212563  0.876  0.749  0.688  0.643  1.901
20212564  0.876  0.893  0.928  1.000  2.133
20212565  0.705  0.928  0.840  0.572  1.797
20212566  1.000  0.821  0.768  0.897  1.990
20212567  0.705  0.893  0.928  0.897  2.069
20212568  0.876  0.928  0.840  0.643  1.990
20212569  0.705  0.968  0.920  0.643  1.926
20212570  1.000  0.748  0.680  0.572  1.650
20212571  0.876  1.000  1.000  0.897  2.229
20212572  0.876  0.893  0.928  1.000  2.242
20212573  1.000  0.928  0.840  0.786  2.133
20212574  0.876  0.428  0.348  0.643  1.758
20212575  0.581  0.715  0.696  0.643  1.547
20212576  0.876  0.856  0.760  0.572  1.758
20212577  0.705  0.755  0.776  0.897  1.901
20212578  0.705  0.928  0.840  0.572  1.784
20212579  0.876  0.821  0.768  0.786  2.069
20212580  0.876  0.968  0.920  0.786  2.146
20212581  1.000  0.968  0.920  0.897  2.267
20212582  0.581  0.968  0.920  0.572  1.682
20212583  0.876  0.749  0.688  0.643  1.758
20212584  1.000  0.748  0.600  0.392  1.682
20212585  0.876  0.715  0.696  0.897  1.901
20212586  1.000  0.688  0.520  0.321  1.522
20212587  0.581  0.643  0.616  0.572  1.445
20212588  0.876  0.968  0.920  0.786  2.003
20212589  0.705  0.755  0.776  0.897  1.965
20212590  0.876  0.928  0.840  0.643  1.874
20212591  0.876  0.821  0.768  0.786  1.965
20212592  0.581  0.536  0.508  0.643  1.445
20212593  0.876  0.928  0.840  0.643  1.990
20212594  1.000  0.641  0.608  0.643  1.662
20212595  1.000  0.748  0.600  0.392  1.611
20212596  1.000  0.861  0.848  1.000  2.203
20212597  1.000  0.968  0.920  0.897  2.210
20212598  0.876  0.643  0.616  0.786  1.720
20212599  0.876  0.928  0.840  0.643  1.926
20212600  0.705  0.715  0.696  0.786  1.746
20212601  0.876  0.715  0.696  0.897  1.939
20212602  0.705  0.715  0.696  0.786  1.720
20212603  0.876  0.641  0.608  0.572  1.669
20212604  0.876  0.749  0.688  0.643  1.720
20212605  0.705  0.856  0.760  0.392  1.629
20212606  1.000  0.748  0.680  0.572  1.992
20212607  1.000  0.861  0.848  1.000  2.242
20212608  0.876  1.000  1.000  0.897  2.280
20212609  0.705  1.000  1.000  0.786  2.069
平均值       0.850  0.798  0.749  0.706  1.870
2022-06-13 19:16:46.500 | INFO     | src.get_info:operate_sheet:109 - 
 统计数据：static_final_data
考核方式         课程目标1  课程目标2  课程目标3  课程目标4  课程目标5
单项目标超过平均值人数     52   36.0   40.0   35.0   39.0
单项目标达成人数        69   62.0   40.0   35.0   74.0
单项目标未达成人数        5   12.0   34.0   39.0    0.0
所有目标超过平均值人数     18    NaN    NaN    NaN    NaN
所有目标均达成人数       25    NaN    NaN    NaN    NaN
所有目标均未达成人数       0    NaN    NaN    NaN    NaN
2022-06-13 19:16:46.501 | INFO     | src.get_info:operate_sheet:110 - 
 统计数据：static_data_single_odd
考核方式          课程目标1   课程目标2   课程目标3   课程目标4    课程目标5
单项目标超过平均值人数  70.27%  48.65%  54.05%  47.30%   52.70%
单项目标达成人数     93.24%  83.78%  54.05%  47.30%  100.00%
单项目标未达成人数     6.76%  16.22%  45.95%  52.70%    0.00%
2022-06-13 19:16:46.503 | INFO     | src.get_info:operate_sheet:111 - 
 统计数据：static_data_all_odd
所有目标超过平均值人数    24.32%
所有目标均达成人数      33.78%
所有目标均未达成人数      0.00%
dtype: object
2022-06-13 19:47:48.414 | INFO     | __main__:<module>:16 - 
 权重矩阵：df_weight
课程目标达成情况评价报告    作业     测试     报告  教师评价  学生自评
考核方式                                        
课程目标1         0.64    0.0    0.0  0.16   0.2
课程目标2         0.64    0.0    0.0  0.16   0.2
课程目标3         0.64    0.0    0.0  0.16   0.2
课程目标4         0.64    0.0    0.0  0.16   0.2
课程目标5          0.0  0.256  0.384  0.16   0.2
2022-06-13 19:47:48.638 | INFO     | src.get_info:operate_sheet:108 - 
 最终达成度：achieve
          课程目标1  课程目标2  课程目标3  课程目标4  课程目标5
20212535  1.000  0.748  0.600  0.392  1.534
20212536  0.876  0.749  0.688  0.643  1.901
20212537  0.876  0.428  0.428  0.786  1.509
20212538  1.000  0.861  0.848  1.000  2.242
20212539  1.000  0.748  0.680  0.572  1.862
20212540  0.705  0.821  0.768  0.643  1.886
20212541  0.876  1.000  1.000  0.897  2.229
20212542  1.000  0.748  0.600  0.392  1.746
20212543  0.705  0.715  0.696  0.786  1.624
20212544  1.000  0.748  0.680  0.572  1.798
20212545  1.000  0.535  0.536  0.786  1.688
20212546  0.876  0.928  0.840  0.643  2.003
20212547  0.581  0.928  0.840  0.392  1.522
20212548  0.705  0.755  0.776  0.897  2.003
20212549  0.705  0.968  0.920  0.643  1.888
20212550  0.876  0.643  0.616  0.786  1.758
20212552  0.876  0.641  0.608  0.572  1.746
20212553  1.000  0.821  0.768  0.897  2.107
20212554  0.876  0.749  0.688  0.643  1.650
20212555  0.876  0.821  0.768  0.786  1.965
20212556  0.876  0.749  0.688  0.643  1.824
20212557  0.876  0.428  0.348  0.643  1.598
20212558  0.705  1.000  1.000  0.786  2.003
20212559  0.876  0.715  0.696  0.897  1.901
20212560  1.000  0.748  0.600  0.392  1.760
20212561  0.705  0.856  0.760  0.392  1.656
20212562  0.705  0.755  0.776  0.897  2.107
20212563  0.876  0.749  0.688  0.643  1.901
20212564  0.876  0.893  0.928  1.000  2.133
20212565  0.705  0.928  0.840  0.572  1.797
20212566  1.000  0.821  0.768  0.897  1.990
20212567  0.705  0.893  0.928  0.897  2.069
20212568  0.876  0.928  0.840  0.643  1.990
20212569  0.705  0.968  0.920  0.643  1.926
20212570  1.000  0.748  0.680  0.572  1.650
20212571  0.876  1.000  1.000  0.897  2.229
20212572  0.876  0.893  0.928  1.000  2.242
20212573  1.000  0.928  0.840  0.786  2.133
20212574  0.876  0.428  0.348  0.643  1.758
20212575  0.581  0.715  0.696  0.643  1.547
20212576  0.876  0.856  0.760  0.572  1.758
20212577  0.705  0.755  0.776  0.897  1.901
20212578  0.705  0.928  0.840  0.572  1.784
20212579  0.876  0.821  0.768  0.786  2.069
20212580  0.876  0.968  0.920  0.786  2.146
20212581  1.000  0.968  0.920  0.897  2.267
20212582  0.581  0.968  0.920  0.572  1.682
20212583  0.876  0.749  0.688  0.643  1.758
20212584  1.000  0.748  0.600  0.392  1.682
20212585  0.876  0.715  0.696  0.897  1.901
20212586  1.000  0.688  0.520  0.321  1.522
20212587  0.581  0.643  0.616  0.572  1.445
20212588  0.876  0.968  0.920  0.786  2.003
20212589  0.705  0.755  0.776  0.897  1.965
20212590  0.876  0.928  0.840  0.643  1.874
20212591  0.876  0.821  0.768  0.786  1.965
20212592  0.581  0.536  0.508  0.643  1.445
20212593  0.876  0.928  0.840  0.643  1.990
20212594  1.000  0.641  0.608  0.643  1.662
20212595  1.000  0.748  0.600  0.392  1.611
20212596  1.000  0.861  0.848  1.000  2.203
20212597  1.000  0.968  0.920  0.897  2.210
20212598  0.876  0.643  0.616  0.786  1.720
20212599  0.876  0.928  0.840  0.643  1.926
20212600  0.705  0.715  0.696  0.786  1.746
20212601  0.876  0.715  0.696  0.897  1.939
20212602  0.705  0.715  0.696  0.786  1.720
20212603  0.876  0.641  0.608  0.572  1.669
20212604  0.876  0.749  0.688  0.643  1.720
20212605  0.705  0.856  0.760  0.392  1.629
20212606  1.000  0.748  0.680  0.572  1.992
20212607  1.000  0.861  0.848  1.000  2.242
20212608  0.876  1.000  1.000  0.897  2.280
20212609  0.705  1.000  1.000  0.786  2.069
平均值       0.850  0.798  0.749  0.706  1.870
2022-06-13 19:47:48.645 | INFO     | src.get_info:operate_sheet:109 - 
 统计数据：static_final_data
考核方式         课程目标1  课程目标2  课程目标3  课程目标4  课程目标5
单项目标超过平均值人数     52   36.0   40.0   35.0   39.0
单项目标达成人数        69   62.0   40.0   35.0   74.0
单项目标未达成人数        5   12.0   34.0   39.0    0.0
所有目标超过平均值人数     18    NaN    NaN    NaN    NaN
所有目标均达成人数       25    NaN    NaN    NaN    NaN
所有目标均未达成人数       0    NaN    NaN    NaN    NaN
2022-06-13 19:47:48.647 | INFO     | src.get_info:operate_sheet:110 - 
 统计数据：static_data_single_odd
考核方式          课程目标1   课程目标2   课程目标3   课程目标4    课程目标5
单项目标超过平均值人数  70.27%  48.65%  54.05%  47.30%   52.70%
单项目标达成人数     93.24%  83.78%  54.05%  47.30%  100.00%
单项目标未达成人数     6.76%  16.22%  45.95%  52.70%    0.00%
2022-06-13 19:47:48.648 | INFO     | src.get_info:operate_sheet:111 - 
 统计数据：static_data_all_odd
所有目标超过平均值人数    24.32%
所有目标均达成人数      33.78%
所有目标均未达成人数      0.00%
dtype: object
